#
# A fatal error has been detected by the Java Runtime Environment:
#
#  SIGSEGV (0xb) at pc=0x00007f67e94e99c4, pid=44906, tid=44912
#
# JRE version: OpenJDK Runtime Environment GraalVM CE 22.3.1 (17.0.6+10) (build 17.0.6+10-jvmci-22.3-b13)
# Java VM: OpenJDK 64-Bit Server VM GraalVM CE 22.3.1 (17.0.6+10-jvmci-22.3-b13, mixed mode, sharing, tiered, jvmci, jvmci compiler, compressed oops, compressed class ptrs, g1 gc, linux-amd64)
# Problematic frame:
# C  [libX11.so+0x299c4]  XDefaultRootWindow+0x4
#
# Core dump will be written. Default location: Core dumps may be processed with "/usr/share/apport/apport -p%p -s%s -c%c -d%d -P%P -u%u -g%g -- %E" (or dumping to /home/yst/IdeaProjects/core.44906)
#
# If you would like to submit a bug report, please visit:
#   https://github.com/oracle/graal/issues
# The crash happened outside the Java Virtual Machine in native code.
# See problematic frame for where to report the bug.
#

---------------  S U M M A R Y ------------

Command Line: -XX:ThreadPriorityPolicy=1 -XX:+UnlockExperimentalVMOptions -XX:+EnableJVMCIProduct -XX:JVMCIThreadsPerNativeLibraryRuntime=1 -XX:-UnlockExperimentalVMOptions -Dfile.encoding=UTF-8 -Duser.country=US -Duser.language=en -Duser.variant cf.thdisstudio.afioaos.compositor.Main

Host: AMD Ryzen 7 2700X Eight-Core Processor, 8 cores, 3G, Ubuntu 22.04.1 LTS
Time: Tue Jan 31 08:27:45 2023 UTC elapsed time: 0.238478 seconds (0d 0h 0m 0s)

---------------  T H R E A D  ---------------

Current thread (0x00007f6850025d40):  JavaThread "main" [_thread_in_native, id=44912, stack(0x00007f6857ee1000,0x00007f6857fe1000)]

Stack: [0x00007f6857ee1000,0x00007f6857fe1000],  sp=0x00007f6857fdedb8,  free space=1015k
Native frames: (J=compiled Java code, j=interpreted, Vv=VM code, C=native code)
C  [libX11.so+0x299c4]  XDefaultRootWindow+0x4

Java frames: (J=compiled Java code, j=interpreted, Vv=VM code)
j  com.sun.jna.Native.invokeLong(Lcom/sun/jna/Function;JI[Ljava/lang/Object;)J+0
j  com.sun.jna.Function.invoke([Ljava/lang/Object;Ljava/lang/Class;ZI)Ljava/lang/Object;+243
j  com.sun.jna.Function.invoke(Ljava/lang/reflect/Method;[Ljava/lang/Class;Ljava/lang/Class;[Ljava/lang/Object;Ljava/util/Map;)Ljava/lang/Object;+271
j  com.sun.jna.Library$Handler.invoke(Ljava/lang/Object;Ljava/lang/reflect/Method;[Ljava/lang/Object;)Ljava/lang/Object;+390
j  jdk.proxy1.$Proxy0.XDefaultRootWindow(Lcom/sun/jna/platform/unix/X11$Display;)Lcom/sun/jna/platform/unix/X11$Window;+16 jdk.proxy1
j  cf.thdisstudio.afioaos.compositor.WindowManager.<init>(Ljava/lang/String;)V+95
j  cf.thdisstudio.afioaos.compositor.Main.main([Ljava/lang/String;)V+6
v  ~StubRoutines::call_stub

siginfo: si_signo: 11 (SIGSEGV), si_code: 1 (SEGV_MAPERR), si_addr: 0x00000000000000e0

Register to memory mapping:

RAX=0x0 is NULL
RBX=0x0000000000000008 is an unknown value
RCX=0x0 is NULL
RDX=0x0 is NULL
RSP=0x00007f6857fdedb8 is pointing into the stack for thread: 0x00007f6850025d40
RBP=0x00007f6857fdedc0 is pointing into the stack for thread: 0x00007f6850025d40
RSI=0x00007f68594a0cf3: _dl_catch_error+0x0000000000000033 in /lib/x86_64-linux-gnu/libc.so.6 at 0x00007f685932c000
RDI=0x0 is NULL
R8 =0x0 is NULL
R9 =0xf562f7ee00f8e800 is an unknown value
R10=0x0 is NULL
R11=0x00007f67e94e99c0: XDefaultRootWindow+0x0000000000000000 in /lib/x86_64-linux-gnu/libX11.so at 0x00007f67e94c0000
R12=0x00007f6857fdef70 is pointing into the stack for thread: 0x00007f6850025d40
R13=0x0000000000000008 is an unknown value
R14=0x0000000000000001 is an unknown value
R15=0x00007f6857fdef50 is pointing into the stack for thread: 0x00007f6850025d40


Registers:
RAX=0x0000000000000000, RBX=0x0000000000000008, RCX=0x0000000000000000, RDX=0x0000000000000000
RSP=0x00007f6857fdedb8, RBP=0x00007f6857fdedc0, RSI=0x00007f68594a0cf3, RDI=0x0000000000000000
R8 =0x0000000000000000, R9 =0xf562f7ee00f8e800, R10=0x0000000000000000, R11=0x00007f67e94e99c0
R12=0x00007f6857fdef70, R13=0x0000000000000008, R14=0x0000000000000001, R15=0x00007f6857fdef50
RIP=0x00007f67e94e99c4, EFLAGS=0x0000000000010246, CSGSFS=0x002b000000000033, ERR=0x0000000000000004
  TRAPNO=0x000000000000000e

Top of Stack: (sp=0x00007f6857fdedb8)
0x00007f6857fdedb8:   00007f67e9216052 0000000000000007
0x00007f6857fdedc8:   00007f6857fdf4f0 00007f6857fdeed0
0x00007f6857fdedd8:   00007f67e921514c 0000000000000002
0x00007f6857fdede8:   00007f6850025fe8 00007f6800000000 

Instructions: (pc=0x00007f67e94e99c4)
0x00007f67e94e98c4:   10 48 8b 05 6c 26 11 00 48 8d 15 bd d9 ff ff 48
0x00007f67e94e98d4:   89 08 48 8b 05 73 26 11 00 48 8d 0d 0c dd ff ff
0x00007f67e94e98e4:   48 89 30 48 8b 05 c2 25 11 00 48 8d 35 fb db ff
0x00007f67e94e98f4:   ff 48 89 10 48 8b 05 29 26 11 00 48 8d 15 1a d8
0x00007f67e94e9904:   ff ff 48 89 08 48 8b 05 f0 25 11 00 48 89 30 48
0x00007f67e94e9914:   8b 05 46 26 11 00 48 89 10 48 83 c4 08 44 89 e0
0x00007f67e94e9924:   5b 5d 41 5c 41 5d c3 45 31 e4 e9 be fe ff ff 48
0x00007f67e94e9934:   89 ef 45 31 e4 e8 92 ff fe ff 48 c7 05 af 5d 11
0x00007f67e94e9944:   00 00 00 00 00 e9 a3 fe ff ff 48 89 ef 45 31 e4
0x00007f67e94e9954:   e8 77 ff fe ff 4c 89 ef 48 c7 05 91 5d 11 00 00
0x00007f67e94e9964:   00 00 00 e8 64 ff fe ff 48 c7 05 79 5d 11 00 00
0x00007f67e94e9974:   00 00 00 e9 75 fe ff ff 0f 1f 40 00 f3 0f 1e fa
0x00007f67e94e9984:   8b 47 10 c3 0f 1f 84 00 00 00 00 00 f3 0f 1e fa
0x00007f67e94e9994:   48 63 f6 48 c1 e6 07 48 03 b7 e8 00 00 00 48 8b
0x00007f67e94e99a4:   46 10 c3 66 0f 1f 84 00 00 00 00 00 f3 0f 1e fa
0x00007f67e94e99b4:   8b 87 e0 00 00 00 c3 0f 1f 44 00 00 f3 0f 1e fa
0x00007f67e94e99c4:   48 63 87 e0 00 00 00 48 c1 e0 07 48 03 87 e8 00
0x00007f67e94e99d4:   00 00 48 8b 40 10 c3 0f 1f 44 00 00 f3 0f 1e fa
0x00007f67e94e99e4:   48 63 f6 48 c1 e6 07 48 03 b7 e8 00 00 00 48 8b
0x00007f67e94e99f4:   46 40 c3 66 0f 1f 84 00 00 00 00 00 f3 0f 1e fa
0x00007f67e94e9a04:   48 63 f6 48 c1 e6 07 48 03 b7 e8 00 00 00 48 8b
0x00007f67e94e9a14:   46 48 c3 66 0f 1f 84 00 00 00 00 00 f3 0f 1e fa
0x00007f67e94e9a24:   48 63 f6 48 c1 e6 07 48 03 b7 e8 00 00 00 48 8b
0x00007f67e94e9a34:   46 60 c3 66 0f 1f 84 00 00 00 00 00 f3 0f 1e fa
0x00007f67e94e9a44:   48 63 f6 48 c1 e6 07 48 03 b7 e8 00 00 00 48 8b
0x00007f67e94e9a54:   46 58 c3 66 0f 1f 84 00 00 00 00 00 f3 0f 1e fa
0x00007f67e94e9a64:   48 c7 c0 ff ff ff ff c3 0f 1f 40 00 f3 0f 1e fa
0x00007f67e94e9a74:   8b 87 88 00 00 00 c3 0f 1f 44 00 00 f3 0f 1e fa
0x00007f67e94e9a84:   48 63 f6 48 c1 e6 07 48 03 b7 e8 00 00 00 8b 46
0x00007f67e94e9a94:   18 c3 66 2e 0f 1f 84 00 00 00 00 00 f3 0f 1e fa
0x00007f67e94e9aa4:   48 63 f6 48 c1 e6 07 48 03 b7 e8 00 00 00 8b 46
0x00007f67e94e9ab4:   1c c3 66 2e 0f 1f 84 00 00 00 00 00 f3 0f 1e fa 


Stack slot to memory mapping:
stack at sp + 0 slots: 0x00007f67e9216052: <offset 0x0000000000016052> in /home/yst/.cache/JNA/temp/jna14757632839740690656.tmp at 0x00007f67e9200000
stack at sp + 1 slots: 0x0000000000000007 is an unknown value
stack at sp + 2 slots: 0x00007f6857fdf4f0 is pointing into the stack for thread: 0x00007f6850025d40
stack at sp + 3 slots: 0x00007f6857fdeed0 is pointing into the stack for thread: 0x00007f6850025d40
stack at sp + 4 slots: 0x00007f67e921514c: <offset 0x000000000001514c> in /home/yst/.cache/JNA/temp/jna14757632839740690656.tmp at 0x00007f67e9200000
stack at sp + 5 slots: 0x0000000000000002 is an unknown value
stack at sp + 6 slots: 0x00007f6850025fe8 points into unknown readable memory: 0x00007f68592a1320 | 20 13 2a 59 68 7f 00 00
stack at sp + 7 slots: 0x00007f6800000000 points into unknown readable memory: 0x00007f6800000030 | 30 00 00 00 68 7f 00 00


---------------  P R O C E S S  ---------------

Threads class SMR info:
_java_thread_list=0x00007f68501f8d00, length=13, elements={
0x00007f6850025d40, 0x00007f68500e6ca0, 0x00007f68500e80d0, 0x00007f68500ed4f0,
0x00007f68500ee8b0, 0x00007f68500efcd0, 0x00007f68500f16f0, 0x00007f68500f2c30,
0x00007f68500fc0a0, 0x00007f685010a390, 0x00007f6850152990, 0x00007f68501f2a20,
0x00007f68501f73c0
}

Java Threads: ( => current thread )
=>0x00007f6850025d40 JavaThread "main" [_thread_in_native, id=44912, stack(0x00007f6857ee1000,0x00007f6857fe1000)]
  0x00007f68500e6ca0 JavaThread "Reference Handler" daemon [_thread_blocked, id=44919, stack(0x00007f68349fe000,0x00007f6834afe000)]
  0x00007f68500e80d0 JavaThread "Finalizer" daemon [_thread_blocked, id=44920, stack(0x00007f68348fe000,0x00007f68349fe000)]
  0x00007f68500ed4f0 JavaThread "Signal Dispatcher" daemon [_thread_blocked, id=44921, stack(0x00007f6834515000,0x00007f6834615000)]
  0x00007f68500ee8b0 JavaThread "Service Thread" daemon [_thread_blocked, id=44922, stack(0x00007f6834415000,0x00007f6834515000)]
  0x00007f68500efcd0 JavaThread "Monitor Deflation Thread" daemon [_thread_blocked, id=44923, stack(0x00007f6834315000,0x00007f6834415000)]
  0x00007f68500f16f0 JavaThread "JVMCI-native CompilerThread0" daemon [_thread_in_native, id=44924, stack(0x00007f6834115000,0x00007f6834315000)]
  0x00007f68500f2c30 JavaThread "C1 CompilerThread0" daemon [_thread_blocked, id=44925, stack(0x00007f6807e00000,0x00007f6808000000)]
  0x00007f68500fc0a0 JavaThread "Sweeper thread" daemon [_thread_blocked, id=44926, stack(0x00007f6834015000,0x00007f6834115000)]
  0x00007f685010a390 JavaThread "Common-Cleaner" daemon [_thread_blocked, id=44927, stack(0x00007f6807d00000,0x00007f6807e00000)]
  0x00007f6850152990 JavaThread "Notification Thread" daemon [_thread_blocked, id=44928, stack(0x00007f6807c00000,0x00007f6807d00000)]
  0x00007f68501f2a20 JavaThread "process reaper" daemon [_thread_blocked, id=44933, stack(0x00007f685403d000,0x00007f685405f000)]
  0x00007f68501f73c0 JavaThread "JNA Cleaner" daemon [_thread_blocked, id=44934, stack(0x00007f68079fe000,0x00007f6807afe000)]

Other Threads:
  0x00007f68500e29c0 VMThread "VM Thread" [stack: 0x00007f6834b00000,0x00007f6834c00000] [id=44918]
  0x00007f6850154350 WatcherThread [stack: 0x00007f6807b00000,0x00007f6807c00000] [id=44929]
  0x00007f6850062b70 GCTaskThread "GC Thread#0" [stack: 0x00007f6854ef7000,0x00007f6854ff7000] [id=44913]
  0x00007f685006bc30 ConcurrentGCThread "G1 Main Marker" [stack: 0x00007f6854df5000,0x00007f6854ef5000] [id=44914]
  0x00007f685006cb90 ConcurrentGCThread "G1 Conc#0" [stack: 0x00007f6854cf3000,0x00007f6854df3000] [id=44915]
  0x00007f68500b9260 ConcurrentGCThread "G1 Refine#0" [stack: 0x00007f68543e9000,0x00007f68544e9000] [id=44916]
  0x00007f68500ba150 ConcurrentGCThread "G1 Service" [stack: 0x00007f68542e7000,0x00007f68543e7000] [id=44917]

Threads with active compile tasks:
JVMCI-native CompilerThread0      240  530       4       jdk.internal.org.objectweb.asm.ByteVector::putUTF8 (144 bytes)

VM state: not at safepoint (normal execution)

VM Mutex/Monitor currently owned by a thread: None

Heap address: 0x00000000c2a00000, size: 982 MB, Compressed Oops mode: 32-bit

CDS archive(s) mapped at: [0x0000000800000000-0x0000000800bc9000-0x0000000800bc9000), size 12357632, SharedBaseAddress: 0x0000000800000000, ArchiveRelocationMode: 0.
Compressed class space mapped at: 0x0000000800c00000-0x0000000840c00000, reserved size: 1073741824
Narrow klass base: 0x0000000800000000, Narrow klass shift: 0, Narrow klass range: 0x100000000

GC Precious Log:
 CPUs: 8 total, 8 available
 Memory: 3922M
 Large Page Support: Disabled
 NUMA Support: Disabled
 Compressed Oops: Enabled (32-bit)
 Heap Region Size: 1M
 Heap Min Capacity: 8M
 Heap Initial Capacity: 62M
 Heap Max Capacity: 982M
 Pre-touch: Disabled
 Parallel Workers: 8
 Concurrent Workers: 2
 Concurrent Refinement Workers: 8
 Periodic GC: Disabled

Heap:
 garbage-first heap   total 65536K, used 6988K [0x00000000c2a00000, 0x0000000100000000)
  region size 1024K, 7 young (7168K), 0 survivors (0K)
 Metaspace       used 2651K, committed 2816K, reserved 1056768K
  class space    used 244K, committed 320K, reserved 1048576K

Heap Regions: E=young(eden), S=young(survivor), O=old, HS=humongous(starts), HC=humongous(continues), CS=collection set, F=free, OA=open archive, CA=closed archive, TAMS=top-at-mark-start (previous, next)
|   0|0x00000000c2a00000, 0x00000000c2a00000, 0x00000000c2b00000|  0%| F|  |TAMS 0x00000000c2a00000, 0x00000000c2a00000| Untracked 
|   1|0x00000000c2b00000, 0x00000000c2b00000, 0x00000000c2c00000|  0%| F|  |TAMS 0x00000000c2b00000, 0x00000000c2b00000| Untracked 
|   2|0x00000000c2c00000, 0x00000000c2c00000, 0x00000000c2d00000|  0%| F|  |TAMS 0x00000000c2c00000, 0x00000000c2c00000| Untracked 
|   3|0x00000000c2d00000, 0x00000000c2d00000, 0x00000000c2e00000|  0%| F|  |TAMS 0x00000000c2d00000, 0x00000000c2d00000| Untracked 
|   4|0x00000000c2e00000, 0x00000000c2e00000, 0x00000000c2f00000|  0%| F|  |TAMS 0x00000000c2e00000, 0x00000000c2e00000| Untracked 
|   5|0x00000000c2f00000, 0x00000000c2f00000, 0x00000000c3000000|  0%| F|  |TAMS 0x00000000c2f00000, 0x00000000c2f00000| Untracked 
|   6|0x00000000c3000000, 0x00000000c3000000, 0x00000000c3100000|  0%| F|  |TAMS 0x00000000c3000000, 0x00000000c3000000| Untracked 
|   7|0x00000000c3100000, 0x00000000c3100000, 0x00000000c3200000|  0%| F|  |TAMS 0x00000000c3100000, 0x00000000c3100000| Untracked 
|   8|0x00000000c3200000, 0x00000000c3200000, 0x00000000c3300000|  0%| F|  |TAMS 0x00000000c3200000, 0x00000000c3200000| Untracked 
|   9|0x00000000c3300000, 0x00000000c3300000, 0x00000000c3400000|  0%| F|  |TAMS 0x00000000c3300000, 0x00000000c3300000| Untracked 
|  10|0x00000000c3400000, 0x00000000c3400000, 0x00000000c3500000|  0%| F|  |TAMS 0x00000000c3400000, 0x00000000c3400000| Untracked 
|  11|0x00000000c3500000, 0x00000000c3500000, 0x00000000c3600000|  0%| F|  |TAMS 0x00000000c3500000, 0x00000000c3500000| Untracked 
|  12|0x00000000c3600000, 0x00000000c3600000, 0x00000000c3700000|  0%| F|  |TAMS 0x00000000c3600000, 0x00000000c3600000| Untracked 
|  13|0x00000000c3700000, 0x00000000c3700000, 0x00000000c3800000|  0%| F|  |TAMS 0x00000000c3700000, 0x00000000c3700000| Untracked 
|  14|0x00000000c3800000, 0x00000000c3800000, 0x00000000c3900000|  0%| F|  |TAMS 0x00000000c3800000, 0x00000000c3800000| Untracked 
|  15|0x00000000c3900000, 0x00000000c3900000, 0x00000000c3a00000|  0%| F|  |TAMS 0x00000000c3900000, 0x00000000c3900000| Untracked 
|  16|0x00000000c3a00000, 0x00000000c3a00000, 0x00000000c3b00000|  0%| F|  |TAMS 0x00000000c3a00000, 0x00000000c3a00000| Untracked 
|  17|0x00000000c3b00000, 0x00000000c3b00000, 0x00000000c3c00000|  0%| F|  |TAMS 0x00000000c3b00000, 0x00000000c3b00000| Untracked 
|  18|0x00000000c3c00000, 0x00000000c3c00000, 0x00000000c3d00000|  0%| F|  |TAMS 0x00000000c3c00000, 0x00000000c3c00000| Untracked 
|  19|0x00000000c3d00000, 0x00000000c3d00000, 0x00000000c3e00000|  0%| F|  |TAMS 0x00000000c3d00000, 0x00000000c3d00000| Untracked 
|  20|0x00000000c3e00000, 0x00000000c3e00000, 0x00000000c3f00000|  0%| F|  |TAMS 0x00000000c3e00000, 0x00000000c3e00000| Untracked 
|  21|0x00000000c3f00000, 0x00000000c3f00000, 0x00000000c4000000|  0%| F|  |TAMS 0x00000000c3f00000, 0x00000000c3f00000| Untracked 
|  22|0x00000000c4000000, 0x00000000c4000000, 0x00000000c4100000|  0%| F|  |TAMS 0x00000000c4000000, 0x00000000c4000000| Untracked 
|  23|0x00000000c4100000, 0x00000000c4100000, 0x00000000c4200000|  0%| F|  |TAMS 0x00000000c4100000, 0x00000000c4100000| Untracked 
|  24|0x00000000c4200000, 0x00000000c4200000, 0x00000000c4300000|  0%| F|  |TAMS 0x00000000c4200000, 0x00000000c4200000| Untracked 
|  25|0x00000000c4300000, 0x00000000c4300000, 0x00000000c4400000|  0%| F|  |TAMS 0x00000000c4300000, 0x00000000c4300000| Untracked 
|  26|0x00000000c4400000, 0x00000000c4400000, 0x00000000c4500000|  0%| F|  |TAMS 0x00000000c4400000, 0x00000000c4400000| Untracked 
|  27|0x00000000c4500000, 0x00000000c4500000, 0x00000000c4600000|  0%| F|  |TAMS 0x00000000c4500000, 0x00000000c4500000| Untracked 
|  28|0x00000000c4600000, 0x00000000c4600000, 0x00000000c4700000|  0%| F|  |TAMS 0x00000000c4600000, 0x00000000c4600000| Untracked 
|  29|0x00000000c4700000, 0x00000000c4700000, 0x00000000c4800000|  0%| F|  |TAMS 0x00000000c4700000, 0x00000000c4700000| Untracked 
|  30|0x00000000c4800000, 0x00000000c4800000, 0x00000000c4900000|  0%| F|  |TAMS 0x00000000c4800000, 0x00000000c4800000| Untracked 
|  31|0x00000000c4900000, 0x00000000c4900000, 0x00000000c4a00000|  0%| F|  |TAMS 0x00000000c4900000, 0x00000000c4900000| Untracked 
|  32|0x00000000c4a00000, 0x00000000c4a00000, 0x00000000c4b00000|  0%| F|  |TAMS 0x00000000c4a00000, 0x00000000c4a00000| Untracked 
|  33|0x00000000c4b00000, 0x00000000c4b00000, 0x00000000c4c00000|  0%| F|  |TAMS 0x00000000c4b00000, 0x00000000c4b00000| Untracked 
|  34|0x00000000c4c00000, 0x00000000c4c00000, 0x00000000c4d00000|  0%| F|  |TAMS 0x00000000c4c00000, 0x00000000c4c00000| Untracked 
|  35|0x00000000c4d00000, 0x00000000c4d00000, 0x00000000c4e00000|  0%| F|  |TAMS 0x00000000c4d00000, 0x00000000c4d00000| Untracked 
|  36|0x00000000c4e00000, 0x00000000c4e00000, 0x00000000c4f00000|  0%| F|  |TAMS 0x00000000c4e00000, 0x00000000c4e00000| Untracked 
|  37|0x00000000c4f00000, 0x00000000c4f00000, 0x00000000c5000000|  0%| F|  |TAMS 0x00000000c4f00000, 0x00000000c4f00000| Untracked 
|  38|0x00000000c5000000, 0x00000000c5000000, 0x00000000c5100000|  0%| F|  |TAMS 0x00000000c5000000, 0x00000000c5000000| Untracked 
|  39|0x00000000c5100000, 0x00000000c5100000, 0x00000000c5200000|  0%| F|  |TAMS 0x00000000c5100000, 0x00000000c5100000| Untracked 
|  40|0x00000000c5200000, 0x00000000c5200000, 0x00000000c5300000|  0%| F|  |TAMS 0x00000000c5200000, 0x00000000c5200000| Untracked 
|  41|0x00000000c5300000, 0x00000000c5300000, 0x00000000c5400000|  0%| F|  |TAMS 0x00000000c5300000, 0x00000000c5300000| Untracked 
|  42|0x00000000c5400000, 0x00000000c5400000, 0x00000000c5500000|  0%| F|  |TAMS 0x00000000c5400000, 0x00000000c5400000| Untracked 
|  43|0x00000000c5500000, 0x00000000c5500000, 0x00000000c5600000|  0%| F|  |TAMS 0x00000000c5500000, 0x00000000c5500000| Untracked 
|  44|0x00000000c5600000, 0x00000000c5600000, 0x00000000c5700000|  0%| F|  |TAMS 0x00000000c5600000, 0x00000000c5600000| Untracked 
|  45|0x00000000c5700000, 0x00000000c5700000, 0x00000000c5800000|  0%| F|  |TAMS 0x00000000c5700000, 0x00000000c5700000| Untracked 
|  46|0x00000000c5800000, 0x00000000c5800000, 0x00000000c5900000|  0%| F|  |TAMS 0x00000000c5800000, 0x00000000c5800000| Untracked 
|  47|0x00000000c5900000, 0x00000000c5900000, 0x00000000c5a00000|  0%| F|  |TAMS 0x00000000c5900000, 0x00000000c5900000| Untracked 
|  48|0x00000000c5a00000, 0x00000000c5a00000, 0x00000000c5b00000|  0%| F|  |TAMS 0x00000000c5a00000, 0x00000000c5a00000| Untracked 
|  49|0x00000000c5b00000, 0x00000000c5b00000, 0x00000000c5c00000|  0%| F|  |TAMS 0x00000000c5b00000, 0x00000000c5b00000| Untracked 
|  50|0x00000000c5c00000, 0x00000000c5c00000, 0x00000000c5d00000|  0%| F|  |TAMS 0x00000000c5c00000, 0x00000000c5c00000| Untracked 
|  51|0x00000000c5d00000, 0x00000000c5d00000, 0x00000000c5e00000|  0%| F|  |TAMS 0x00000000c5d00000, 0x00000000c5d00000| Untracked 
|  52|0x00000000c5e00000, 0x00000000c5e00000, 0x00000000c5f00000|  0%| F|  |TAMS 0x00000000c5e00000, 0x00000000c5e00000| Untracked 
|  53|0x00000000c5f00000, 0x00000000c5f00000, 0x00000000c6000000|  0%| F|  |TAMS 0x00000000c5f00000, 0x00000000c5f00000| Untracked 
|  54|0x00000000c6000000, 0x00000000c6000000, 0x00000000c6100000|  0%| F|  |TAMS 0x00000000c6000000, 0x00000000c6000000| Untracked 
|  55|0x00000000c6100000, 0x00000000c61ec0d8, 0x00000000c6200000| 92%| E|  |TAMS 0x00000000c6100000, 0x00000000c6100000| Complete 
|  56|0x00000000c6200000, 0x00000000c6300000, 0x00000000c6300000|100%| E|CS|TAMS 0x00000000c6200000, 0x00000000c6200000| Complete 
|  57|0x00000000c6300000, 0x00000000c6400000, 0x00000000c6400000|100%| E|CS|TAMS 0x00000000c6300000, 0x00000000c6300000| Complete 
|  58|0x00000000c6400000, 0x00000000c6500000, 0x00000000c6500000|100%| E|CS|TAMS 0x00000000c6400000, 0x00000000c6400000| Complete 
|  59|0x00000000c6500000, 0x00000000c6600000, 0x00000000c6600000|100%| E|CS|TAMS 0x00000000c6500000, 0x00000000c6500000| Complete 
|  60|0x00000000c6600000, 0x00000000c6700000, 0x00000000c6700000|100%| E|CS|TAMS 0x00000000c6600000, 0x00000000c6600000| Complete 
|  61|0x00000000c6700000, 0x00000000c6800000, 0x00000000c6800000|100%| E|CS|TAMS 0x00000000c6700000, 0x00000000c6700000| Complete 
| 980|0x00000000ffe00000, 0x00000000ffe46000, 0x00000000fff00000| 27%|OA|  |TAMS 0x00000000ffe00000, 0x00000000ffe00000| Untracked 
| 981|0x00000000fff00000, 0x00000000fff8d000, 0x0000000100000000| 55%|CA|  |TAMS 0x00000000fff00000, 0x00000000fff00000| Untracked 

Card table byte_map: [0x00007f68570d2000,0x00007f68572bd000] _byte_map_base: 0x00007f6856abd000

Marking Bits (Prev, Next): (CMBitMap*) 0x00007f68500635f0, (CMBitMap*) 0x00007f6850063630
 Prev Bits: [0x00007f6855f8f000, 0x00007f6856ee7000)
 Next Bits: [0x00007f6855037000, 0x00007f6855f8f000)

Polling page: 0x00007f6859590000

Metaspace:

Usage:
  Non-class:      2.35 MB used.
      Class:    244.34 KB used.
       Both:      2.59 MB used.

Virtual space:
  Non-class space:        8.00 MB reserved,       2.44 MB ( 30%) committed,  1 nodes.
      Class space:        1.00 GB reserved,     320.00 KB ( <1%) committed,  1 nodes.
             Both:        1.01 GB reserved,       2.75 MB ( <1%) committed. 

Chunk freelists:
   Non-Class:  3.42 MB
       Class:  3.66 MB
        Both:  7.08 MB

MaxMetaspaceSize: unlimited
CompressedClassSpaceSize: 1.00 GB
Initial GC threshold: 21.00 MB
Current GC threshold: 21.00 MB
CDS: on
MetaspaceReclaimPolicy: balanced
 - commit_granule_bytes: 65536.
 - commit_granule_words: 8192.
 - virtual_space_node_default_size: 1048576.
 - enlarge_chunks_in_place: 1.
 - new_chunks_are_fully_committed: 0.
 - uncommit_free_chunks: 1.
 - use_allocation_guard: 0.
 - handle_deallocations: 1.


Internal statistics:

num_allocs_failed_limit: 0.
num_arena_births: 24.
num_arena_deaths: 0.
num_vsnodes_births: 2.
num_vsnodes_deaths: 0.
num_space_committed: 44.
num_space_uncommitted: 0.
num_chunks_returned_to_freelist: 0.
num_chunks_taken_from_freelist: 59.
num_chunk_merges: 0.
num_chunk_splits: 38.
num_chunks_enlarged: 28.
num_purges: 0.
num_inconsistent_stats: 0.

CodeHeap 'non-profiled nmethods': size=119472Kb used=146Kb max_used=146Kb free=119325Kb
 bounds [0x00007f683effd000, 0x00007f683f26d000, 0x00007f68464a9000]
CodeHeap 'profiled nmethods': size=119468Kb used=1001Kb max_used=1001Kb free=118466Kb
 bounds [0x00007f68374a9000, 0x00007f6837719000, 0x00007f683e954000]
CodeHeap 'non-nmethods': size=6820Kb used=1131Kb max_used=1135Kb free=5688Kb
 bounds [0x00007f683e954000, 0x00007f683ebc4000, 0x00007f683effd000]
 total_blobs=987 nmethods=571 adapters=338
 compilation: enabled
              stopped_count=0, restarted_count=0
 full_count=0

JVMCI Events (15 events):
Event: 0.006 Thread 0x00007f6850025d40 created new Java JVMCI runtime -1 (0x00007f68500dde40)
Event: 0.070 Thread 0x00007f68500f16f0 created new CompileBroker JVMCI runtime 0 (0x00007f68000217f0)
Event: 0.070 Thread 0x00007f68500f16f0 attached to JVMCI runtime 0
Event: 0.079 Thread 0x00007f68500f16f0 loaded JVMCI shared library from /home/yst/.jdks/graalvm-ce-17/lib/libjvmcicompiler.so
Event: 0.081 Thread 0x00007f68500f16f0 created JavaVM[1]@0x00007f68050aaa08 for JVMCI runtime 0
Event: 0.081 Thread 0x00007f68500f16f0 initializing JVMCI runtime 0
Event: 0.081 Thread 0x00007f68500f16f0 initializing JavaVM references in JVMCI runtime 0
Event: 0.091 Thread 0x00007f68500f16f0 initialized JavaVM references in JVMCI runtime 0
Event: 0.093 Thread 0x00007f68500f16f0 initialized JVMCI runtime 0
Event: 0.121 Thread 0x00007f68500f16f0 compacted oop handles in JVMCI runtime 0 from 52 to 51
Event: 0.133 Thread 0x00007f68500f16f0 compacted oop handles in JVMCI runtime 0 from 56 to 55
Event: 0.136 Thread 0x00007f68500f16f0 compacted oop handles in JVMCI runtime 0 from 57 to 56
Event: 0.140 Thread 0x00007f68500f16f0 compacted oop handles in JVMCI runtime 0 from 57 to 56
Event: 0.140 Thread 0x00007f68500f16f0 compacted oop handles in JVMCI runtime 0 from 56 to 37
Event: 0.212 Thread 0x00007f68500f16f0 compacted oop handles in JVMCI runtime 0 from 45 to 41

Compilation events (20 events):
Event: 0.231 Thread 0x00007f68500f2c30  566       3       java.lang.Class::privateGetDeclaredMethods (64 bytes)
Event: 0.231 Thread 0x00007f68500f2c30 nmethod 566 0x00007f6837598f10 code [0x00007f6837599140, 0x00007f6837599d30]
Event: 0.231 Thread 0x00007f68500f2c30  567       3       java.lang.Class::getMethodsRecursive (99 bytes)
Event: 0.231 Thread 0x00007f68500f2c30 nmethod 567 0x00007f6837599f90 code [0x00007f683759a1c0, 0x00007f683759a760]
Event: 0.231 Thread 0x00007f68500f2c30  568       3       java.lang.Class::getReflectionFactory (26 bytes)
Event: 0.232 Thread 0x00007f68500f2c30 nmethod 568 0x00007f683759aa90 code [0x00007f683759acc0, 0x00007f683759b5f0]
Event: 0.232 Thread 0x00007f68500f2c30  569       3       java.lang.String::concat (15 bytes)
Event: 0.232 Thread 0x00007f68500f16f0 nmethod 518 0x00007f683f01fa10 code [0x00007f683f01fc60, 0x00007f683f020940]
Event: 0.232 Thread 0x00007f68500f16f0  543       4       java.lang.StringLatin1::replace (198 bytes)
Event: 0.232 Thread 0x00007f68500f2c30 nmethod 569 0x00007f683759b910 code [0x00007f683759bc60, 0x00007f683759d300]
Event: 0.232 Thread 0x00007f68500f2c30  570       3       java.util.jar.JarFile::maybeInstantiateVerifier (42 bytes)
Event: 0.233 Thread 0x00007f68500f2c30 nmethod 570 0x00007f683759da90 code [0x00007f683759dc60, 0x00007f683759e150]
Event: 0.234 Thread 0x00007f68500f2c30  571       3       java.util.zip.ZipFile::ensureOpen (40 bytes)
Event: 0.234 Thread 0x00007f68500f2c30 nmethod 571 0x00007f683759e290 code [0x00007f683759e460, 0x00007f683759e7b0]
Event: 0.235 Thread 0x00007f68500f2c30  572  s!   3       jdk.internal.loader.URLClassPath::getLoader (194 bytes)
Event: 0.236 Thread 0x00007f68500f2c30 nmethod 572 0x00007f683759e910 code [0x00007f683759ec20, 0x00007f68375a0800]
Event: 0.236 Thread 0x00007f68500f2c30  573   !   3       java.util.jar.JarFile::checkForSpecialAttributes (163 bytes)
Event: 0.237 Thread 0x00007f68500f2c30 nmethod 573 0x00007f68375a1010 code [0x00007f68375a1340, 0x00007f68375a28d0]
Event: 0.237 Thread 0x00007f68500f2c30  574   !   3       java.util.jar.JarFile::isMultiRelease (33 bytes)
Event: 0.237 Thread 0x00007f68500f2c30 nmethod 574 0x00007f68375a3110 code [0x00007f68375a32c0, 0x00007f68375a34c0]

GC Heap History (0 events):
No events

Dll operation events (7 events):
Event: 0.001 Loaded shared library /home/yst/.jdks/graalvm-ce-17/lib/libjava.so
Event: 0.007 Loaded shared library /home/yst/.jdks/graalvm-ce-17/lib/libjsvml.so
Event: 0.067 Loaded shared library /home/yst/.jdks/graalvm-ce-17/lib/libnio.so
Event: 0.074 Loaded shared library /home/yst/.jdks/graalvm-ce-17/lib/libzip.so
Event: 0.079 Loaded shared library /home/yst/.jdks/graalvm-ce-17/lib/libjvmcicompiler.so
Event: 0.116 Loaded shared library /home/yst/.jdks/graalvm-ce-17/lib/libjimage.so
Event: 0.147 Loaded shared library /home/yst/.cache/JNA/temp/jna14757632839740690656.tmp

Deoptimization events (14 events):
Event: 0.199 Thread 0x00007f6850025d40 DEOPT PACKING pc=0x00007f68374eb9da sp=0x00007f6857fde6f0
Event: 0.199 Thread 0x00007f6850025d40 DEOPT UNPACKING pc=0x00007f683e9aac25 sp=0x00007f6857fddb30 mode 0
Event: 0.202 Thread 0x00007f6850025d40 DEOPT PACKING pc=0x00007f68374bb2ce sp=0x00007f6857fde5b0
Event: 0.202 Thread 0x00007f6850025d40 DEOPT UNPACKING pc=0x00007f683e9aac25 sp=0x00007f6857fdda48 mode 0
Event: 0.204 Thread 0x00007f6850025d40 DEOPT PACKING pc=0x00007f68374bb2ce sp=0x00007f6857fde6b0
Event: 0.204 Thread 0x00007f6850025d40 DEOPT UNPACKING pc=0x00007f683e9aac25 sp=0x00007f6857fddb48 mode 0
Event: 0.206 Thread 0x00007f6850025d40 DEOPT PACKING pc=0x00007f68374bb2ce sp=0x00007f6857fde6b0
Event: 0.206 Thread 0x00007f6850025d40 DEOPT UNPACKING pc=0x00007f683e9aac25 sp=0x00007f6857fddb48 mode 0
Event: 0.208 Thread 0x00007f6850025d40 DEOPT PACKING pc=0x00007f68374bb2ce sp=0x00007f6857fde720
Event: 0.208 Thread 0x00007f6850025d40 DEOPT UNPACKING pc=0x00007f683e9aac25 sp=0x00007f6857fddbb8 mode 0
Event: 0.210 Thread 0x00007f6850025d40 DEOPT PACKING pc=0x00007f68374bb2ce sp=0x00007f6857fde4c0
Event: 0.210 Thread 0x00007f6850025d40 DEOPT UNPACKING pc=0x00007f683e9aac25 sp=0x00007f6857fdd958 mode 0
Event: 0.211 Thread 0x00007f6850025d40 DEOPT PACKING pc=0x00007f68374bb2ce sp=0x00007f6857fde550
Event: 0.211 Thread 0x00007f6850025d40 DEOPT UNPACKING pc=0x00007f683e9aac25 sp=0x00007f6857fdd9e8 mode 0

Classes unloaded (0 events):
No events

Classes redefined (0 events):
No events

Internal exceptions (7 events):
Event: 0.166 Thread 0x00007f6850025d40 Exception <a 'java/lang/NoSuchMethodError'{0x00000000c64d7b00}: 'java.lang.Object java.lang.invoke.DirectMethodHandle$Holder.invokeStaticInit(java.lang.Object)'> (0x00000000c64d7b00) 
thrown [src/hotspot/share/interpreter/linkResolver.cpp, line 758]
Event: 0.167 Thread 0x00007f6850025d40 Exception <a 'java/lang/NoSuchMethodError'{0x00000000c64e1490}: 'java.lang.Object java.lang.invoke.DirectMethodHandle$Holder.invokeStaticInit(java.lang.Object, java.lang.Object, long, java.lang.Object)'> (0x00000000c64e1490) 
thrown [src/hotspot/share/interpreter/linkResolver.cpp, line 758]
Event: 0.168 Thread 0x00007f6850025d40 Exception <a 'java/lang/NoSuchMethodError'{0x00000000c64e7d98}: 'java.lang.Object java.lang.invoke.DirectMethodHandle$Holder.newInvokeSpecial(java.lang.Object, java.lang.Object, long)'> (0x00000000c64e7d98) 
thrown [src/hotspot/share/interpreter/linkResolver.cpp, line 758]
Event: 0.168 Thread 0x00007f6850025d40 Exception <a 'java/lang/NoSuchMethodError'{0x00000000c64ec088}: 'java.lang.Object java.lang.invoke.Invokers$Holder.linkToTargetMethod(java.lang.Object, long, java.lang.Object)'> (0x00000000c64ec088) 
thrown [src/hotspot/share/interpreter/linkResolver.cpp, line 758]
Event: 0.171 Thread 0x00007f6850025d40 Exception <a 'java/lang/NoSuchMethodError'{0x00000000c64f4568}: 'java.lang.Object java.lang.invoke.DirectMethodHandle$Holder.newInvokeSpecial(java.lang.Object, java.lang.Object, java.lang.Object, int)'> (0x00000000c64f4568) 
thrown [src/hotspot/share/interpreter/linkResolver.cpp, line 758]
Event: 0.171 Thread 0x00007f6850025d40 Exception <a 'java/lang/NoSuchMethodError'{0x00000000c64f8948}: 'java.lang.Object java.lang.invoke.DirectMethodHandle$Holder.invokeSpecial(java.lang.Object, java.lang.Object, java.lang.Object, java.lang.Object, int)'> (0x00000000c64f8948) 
thrown [src/hotspot/share/interpreter/linkResolver.cpp, line 758]
Event: 0.171 Thread 0x00007f6850025d40 Exception <a 'java/lang/NoSuchMethodError'{0x00000000c64fc510}: 'java.lang.Object java.lang.invoke.Invokers$Holder.linkToTargetMethod(java.lang.Object, java.lang.Object, int, java.lang.Object)'> (0x00000000c64fc510) 
thrown [src/hotspot/share/interpreter/linkResolver.cpp, line 758]

VM Operations (4 events):
Event: 0.038 Executing VM operation: HandshakeAllThreads
Event: 0.038 Executing VM operation: HandshakeAllThreads done
Event: 0.159 Executing VM operation: HandshakeAllThreads
Event: 0.159 Executing VM operation: HandshakeAllThreads done

Events (20 events):
Event: 0.194 loading class java/lang/reflect/ProxyGenerator
Event: 0.194 loading class java/lang/reflect/ProxyGenerator done
Event: 0.194 loading class java/lang/reflect/ProxyGenerator$ProxyMethod
Event: 0.194 loading class java/lang/reflect/ProxyGenerator$ProxyMethod done
Event: 0.197 loading class java/lang/reflect/ProxyGenerator$PrimitiveTypeInfo
Event: 0.197 loading class java/lang/reflect/ProxyGenerator$PrimitiveTypeInfo done
Event: 0.197 loading class jdk/internal/org/objectweb/asm/Edge
Event: 0.197 loading class jdk/internal/org/objectweb/asm/Edge done
Event: 0.214 loading class java/lang/reflect/UndeclaredThrowableException
Event: 0.214 loading class java/lang/reflect/UndeclaredThrowableException done
Event: 0.215 loading class java/lang/reflect/Proxy$ProxyBuilder$1
Event: 0.216 loading class java/lang/reflect/Proxy$ProxyBuilder$1 done
Event: 0.232 loading class java/lang/AssertionError
Event: 0.232 loading class java/lang/AssertionError done
Event: 0.232 loading class java/lang/reflect/TypeVariable
Event: 0.233 loading class java/lang/reflect/TypeVariable done
Event: 0.233 loading class java/lang/reflect/AnnotatedType
Event: 0.233 loading class java/lang/reflect/AnnotatedType done
Event: 0.233 loading class java/lang/TypeNotPresentException
Event: 0.233 loading class java/lang/TypeNotPresentException done


Dynamic libraries:
c2a00000-c6800000 rw-p 00000000 00:00 0 
c6800000-ffe00000 ---p 00000000 00:00 0 
ffe00000-ffe46000 rw-p 00c8d000 fd:00 665708                             /home/yst/.jdks/graalvm-ce-17/lib/server/classes.jsa
ffe46000-fff00000 rw-p 00000000 00:00 0 
fff00000-fff8d000 rw-p 00c00000 fd:00 665708                             /home/yst/.jdks/graalvm-ce-17/lib/server/classes.jsa
fff8d000-100000000 rw-p 00000000 00:00 0 
800000000-800449000 rw-p 00001000 fd:00 665708                           /home/yst/.jdks/graalvm-ce-17/lib/server/classes.jsa
800449000-800bc9000 r--p 0044a000 fd:00 665708                           /home/yst/.jdks/graalvm-ce-17/lib/server/classes.jsa
800bc9000-800c00000 ---p 00000000 00:00 0 
800c00000-800c20000 rw-p 00000000 00:00 0 
800c20000-800c40000 ---p 00000000 00:00 0 
800c40000-800c70000 rw-p 00000000 00:00 0 
800c70000-840c00000 ---p 00000000 00:00 0 
558e0fef4000-558e0fef5000 r-xp 00000000 fd:00 665744                     /home/yst/.jdks/graalvm-ce-17/bin/java
558e0fef6000-558e0fef7000 r--p 00001000 fd:00 665744                     /home/yst/.jdks/graalvm-ce-17/bin/java
558e0fef7000-558e0fef8000 rw-p 00002000 fd:00 665744                     /home/yst/.jdks/graalvm-ce-17/bin/java
558e11621000-558e11669000 rw-p 00000000 00:00 0                          [heap]
7f67dc000000-7f67dc021000 rw-p 00000000 00:00 0 
7f67dc021000-7f67e0000000 ---p 00000000 00:00 0 
7f67e4000000-7f67e4021000 rw-p 00000000 00:00 0 
7f67e4021000-7f67e8000000 ---p 00000000 00:00 0 
7f67e8e00000-7f67e8f00000 rw-p 00000000 00:00 0 
7f67e9000000-7f67e9100000 rw-p 00000000 00:00 0 
7f67e9200000-7f67e921e000 r-xp 00000000 fd:00 667612                     /home/yst/.cache/JNA/temp/jna14757632839740690656.tmp (deleted)
7f67e921e000-7f67e941d000 ---p 0001e000 fd:00 667612                     /home/yst/.cache/JNA/temp/jna14757632839740690656.tmp (deleted)
7f67e941d000-7f67e941e000 rw-p 0001d000 fd:00 667612                     /home/yst/.cache/JNA/temp/jna14757632839740690656.tmp (deleted)
7f67e941e000-7f67e941f000 rw-p 00000000 00:00 0 
7f67e94c0000-7f67e94d9000 r--p 00000000 fd:00 793108                     /usr/lib/x86_64-linux-gnu/libX11.so.6.4.0
7f67e94d9000-7f67e9565000 r-xp 00019000 fd:00 793108                     /usr/lib/x86_64-linux-gnu/libX11.so.6.4.0
7f67e9565000-7f67e95fa000 r--p 000a5000 fd:00 793108                     /usr/lib/x86_64-linux-gnu/libX11.so.6.4.0
7f67e95fa000-7f67e95fb000 ---p 0013a000 fd:00 793108                     /usr/lib/x86_64-linux-gnu/libX11.so.6.4.0
7f67e95fb000-7f67e95fc000 r--p 0013a000 fd:00 793108                     /usr/lib/x86_64-linux-gnu/libX11.so.6.4.0
7f67e95fc000-7f67e9600000 rw-p 0013b000 fd:00 793108                     /usr/lib/x86_64-linux-gnu/libX11.so.6.4.0
7f67e9600000-7f67e9700000 rw-p 00000000 00:00 0 
7f67e9800000-7f67e9900000 rw-p 00000000 00:00 0 
7f67e9a00000-7f67e9b00000 rw-p 00000000 00:00 0 
7f67e9c00000-7f67e9d00000 rw-p 00000000 00:00 0 
7f67e9e00000-7f67e9f00000 rw-p 00000000 00:00 0 
7f67ea000000-7f67ea100000 rw-p 00000000 00:00 0 
7f67ea200000-7f67ea300000 rw-p 00000000 00:00 0 
7f67ea400000-7f67ea500000 rw-p 00000000 00:00 0 
7f67ea600000-7f67ea700000 rw-p 00000000 00:00 0 
7f67ea800000-7f67ea900000 rw-p 00000000 00:00 0 
7f67eaa00000-7f67eab00000 rw-p 00000000 00:00 0 
7f67eac00000-7f67ead00000 rw-p 00000000 00:00 0 
7f67eae00000-7f67eaf00000 rw-p 00000000 00:00 0 
7f67eb000000-7f67eb100000 rw-p 00000000 00:00 0 
7f67eb200000-7f67eb300000 rw-p 00000000 00:00 0 
7f67eb400000-7f67eb500000 rw-p 00000000 00:00 0 
7f67eb600000-7f67eb700000 rw-p 00000000 00:00 0 
7f67eb800000-7f67eb900000 rw-p 00000000 00:00 0 
7f67eba00000-7f67ebb00000 rw-p 00000000 00:00 0 
7f67ebc00000-7f67ebd00000 rw-p 00000000 00:00 0 
7f67ebe00000-7f67ebf00000 rw-p 00000000 00:00 0 
7f67ec000000-7f67ec021000 rw-p 00000000 00:00 0 
7f67ec021000-7f67f0000000 ---p 00000000 00:00 0 
7f67f0000000-7f67f0021000 rw-p 00000000 00:00 0 
7f67f0021000-7f67f4000000 ---p 00000000 00:00 0 
7f67f4000000-7f67f4021000 rw-p 00000000 00:00 0 
7f67f4021000-7f67f8000000 ---p 00000000 00:00 0 
7f67f8000000-7f67f8021000 rw-p 00000000 00:00 0 
7f67f8021000-7f67fc000000 ---p 00000000 00:00 0 
7f67fc000000-7f67fc212000 rw-p 00000000 00:00 0 
7f67fc212000-7f6800000000 ---p 00000000 00:00 0 
7f6800000000-7f6800032000 rw-p 00000000 00:00 0 
7f6800032000-7f6804000000 ---p 00000000 00:00 0 
7f6804000000-7f6804100000 rw-p 00000000 00:00 0 
7f6804200000-7f6804300000 rw-p 00000000 00:00 0 
7f6804400000-7f6804500000 ---p 00000000 00:00 0 
7f6804500000-7f6804ab2000 r--p 01183000 fd:00 665569                     /home/yst/.jdks/graalvm-ce-17/lib/libjvmcicompiler.so
7f6804ab2000-7f6804c00000 r--p 00000000 00:00 0 
7f6804c00000-7f6804c41000 rw-p 00000000 00:00 0 
7f6804c41000-7f680515d000 rw-p 018c4000 fd:00 665569                     /home/yst/.jdks/graalvm-ce-17/lib/libjvmcicompiler.so
7f680515d000-7f680554e000 r--p 01de0000 fd:00 665569                     /home/yst/.jdks/graalvm-ce-17/lib/libjvmcicompiler.so
7f6805600000-7f68077d5000 r-xp 00000000 fd:00 665569                     /home/yst/.jdks/graalvm-ce-17/lib/libjvmcicompiler.so
7f68077d5000-7f68079d4000 ---p 021d5000 fd:00 665569                     /home/yst/.jdks/graalvm-ce-17/lib/libjvmcicompiler.so
7f68079d4000-7f68079d5000 r--p 021d4000 fd:00 665569                     /home/yst/.jdks/graalvm-ce-17/lib/libjvmcicompiler.so
7f68079d5000-7f68079d8000 rw-p 021d5000 fd:00 665569                     /home/yst/.jdks/graalvm-ce-17/lib/libjvmcicompiler.so
7f68079fe000-7f6807a02000 ---p 00000000 00:00 0 
7f6807a02000-7f6807afe000 rw-p 00000000 00:00 0 
7f6807afe000-7f6807aff000 ---p 00000000 00:00 0 
7f6807aff000-7f6807c00000 rw-p 00000000 00:00 0 
7f6807c00000-7f6807c04000 ---p 00000000 00:00 0 
7f6807c04000-7f6807d00000 rw-p 00000000 00:00 0 
7f6807d00000-7f6807d04000 ---p 00000000 00:00 0 
7f6807d04000-7f6807e00000 rw-p 00000000 00:00 0 
7f6807e00000-7f6807e04000 ---p 00000000 00:00 0 
7f6807e04000-7f6808000000 rw-p 00000000 00:00 0 
7f6808000000-7f6808021000 rw-p 00000000 00:00 0 
7f6808021000-7f680c000000 ---p 00000000 00:00 0 
7f680c000000-7f680c021000 rw-p 00000000 00:00 0 
7f680c021000-7f6810000000 ---p 00000000 00:00 0 
7f6810000000-7f6810021000 rw-p 00000000 00:00 0 
7f6810021000-7f6814000000 ---p 00000000 00:00 0 
7f6814000000-7f6814021000 rw-p 00000000 00:00 0 
7f6814021000-7f6818000000 ---p 00000000 00:00 0 
7f6818000000-7f6818021000 rw-p 00000000 00:00 0 
7f6818021000-7f681c000000 ---p 00000000 00:00 0 
7f681c000000-7f681c021000 rw-p 00000000 00:00 0 
7f681c021000-7f6820000000 ---p 00000000 00:00 0 
7f6820000000-7f6820021000 rw-p 00000000 00:00 0 
7f6820021000-7f6824000000 ---p 00000000 00:00 0 
7f6824000000-7f6824021000 rw-p 00000000 00:00 0 
7f6824021000-7f6828000000 ---p 00000000 00:00 0 
7f6828000000-7f6828021000 rw-p 00000000 00:00 0 
7f6828021000-7f682c000000 ---p 00000000 00:00 0 
7f682c000000-7f682c021000 rw-p 00000000 00:00 0 
7f682c021000-7f6830000000 ---p 00000000 00:00 0 
7f6830000000-7f6830021000 rw-p 00000000 00:00 0 
7f6830021000-7f6834000000 ---p 00000000 00:00 0 
7f6834015000-7f6834019000 ---p 00000000 00:00 0 
7f6834019000-7f6834115000 rw-p 00000000 00:00 0 
7f6834115000-7f6834119000 ---p 00000000 00:00 0 
7f6834119000-7f6834315000 rw-p 00000000 00:00 0 
7f6834315000-7f6834319000 ---p 00000000 00:00 0 
7f6834319000-7f6834415000 rw-p 00000000 00:00 0 
7f6834415000-7f6834419000 ---p 00000000 00:00 0 
7f6834419000-7f6834515000 rw-p 00000000 00:00 0 
7f6834515000-7f6834519000 ---p 00000000 00:00 0 
7f6834519000-7f6834615000 rw-p 00000000 00:00 0 
7f6834615000-7f68348fe000 r--p 00000000 fd:00 786433                     /usr/lib/locale/locale-archive
7f68348fe000-7f6834902000 ---p 00000000 00:00 0 
7f6834902000-7f68349fe000 rw-p 00000000 00:00 0 
7f68349fe000-7f6834a02000 ---p 00000000 00:00 0 
7f6834a02000-7f6834afe000 rw-p 00000000 00:00 0 
7f6834afe000-7f6834aff000 ---p 00000000 00:00 0 
7f6834aff000-7f6834dd0000 rw-p 00000000 00:00 0 
7f6834dd0000-7f6835000000 ---p 00000000 00:00 0 
7f6835000000-7f68350a0000 rw-p 00000000 00:00 0 
7f68350a0000-7f6835400000 ---p 00000000 00:00 0 
7f683547c000-7f683547e000 r--p 00000000 fd:00 793258                     /usr/lib/x86_64-linux-gnu/libmd.so.0.0.5
7f683547e000-7f6835485000 r-xp 00002000 fd:00 793258                     /usr/lib/x86_64-linux-gnu/libmd.so.0.0.5
7f6835485000-7f6835487000 r--p 00009000 fd:00 793258                     /usr/lib/x86_64-linux-gnu/libmd.so.0.0.5
7f6835487000-7f6835488000 r--p 0000a000 fd:00 793258                     /usr/lib/x86_64-linux-gnu/libmd.so.0.0.5
7f6835488000-7f6835489000 rw-p 0000b000 fd:00 793258                     /usr/lib/x86_64-linux-gnu/libmd.so.0.0.5
7f6835489000-7f683548d000 r--p 00000000 fd:00 793142                     /usr/lib/x86_64-linux-gnu/libbsd.so.0.11.5
7f683548d000-7f683549a000 r-xp 00004000 fd:00 793142                     /usr/lib/x86_64-linux-gnu/libbsd.so.0.11.5
7f683549a000-7f683549d000 r--p 00011000 fd:00 793142                     /usr/lib/x86_64-linux-gnu/libbsd.so.0.11.5
7f683549d000-7f683549e000 ---p 00014000 fd:00 793142                     /usr/lib/x86_64-linux-gnu/libbsd.so.0.11.5
7f683549e000-7f683549f000 r--p 00014000 fd:00 793142                     /usr/lib/x86_64-linux-gnu/libbsd.so.0.11.5
7f683549f000-7f68354a0000 rw-p 00015000 fd:00 793142                     /usr/lib/x86_64-linux-gnu/libbsd.so.0.11.5
7f68354a0000-7f68354a1000 rw-p 00000000 00:00 0 
7f68354a1000-7f68354a3000 r--p 00000000 fd:00 793110                     /usr/lib/x86_64-linux-gnu/libXdmcp.so.6.0.0
7f68354a3000-7f68354a5000 r-xp 00002000 fd:00 793110                     /usr/lib/x86_64-linux-gnu/libXdmcp.so.6.0.0
7f68354a5000-7f68354a7000 r--p 00004000 fd:00 793110                     /usr/lib/x86_64-linux-gnu/libXdmcp.so.6.0.0
7f68354a7000-7f68354a8000 r--p 00005000 fd:00 793110                     /usr/lib/x86_64-linux-gnu/libXdmcp.so.6.0.0
7f68354a8000-7f68354a9000 rw-p 00006000 fd:00 793110                     /usr/lib/x86_64-linux-gnu/libXdmcp.so.6.0.0
7f68354a9000-7f68374a9000 rw-p 00000000 00:00 0 
7f68374a9000-7f6837719000 rwxp 00000000 00:00 0 
7f6837719000-7f683e954000 ---p 00000000 00:00 0 
7f683e954000-7f683ebc4000 rwxp 00000000 00:00 0 
7f683ebc4000-7f683effd000 ---p 00000000 00:00 0 
7f683effd000-7f683f26d000 rwxp 00000000 00:00 0 
7f683f26d000-7f68464a9000 ---p 00000000 00:00 0 
7f68464a9000-7f6850000000 r--s 00000000 fd:00 665619                     /home/yst/.jdks/graalvm-ce-17/lib/modules
7f6850000000-7f6850223000 rw-p 00000000 00:00 0 
7f6850223000-7f6854000000 ---p 00000000 00:00 0 
7f6854006000-7f6854007000 r--p 00000000 fd:00 793109                     /usr/lib/x86_64-linux-gnu/libXau.so.6.0.0
7f6854007000-7f6854009000 r-xp 00001000 fd:00 793109                     /usr/lib/x86_64-linux-gnu/libXau.so.6.0.0
7f6854009000-7f685400a000 r--p 00003000 fd:00 793109                     /usr/lib/x86_64-linux-gnu/libXau.so.6.0.0
7f685400a000-7f685400b000 r--p 00003000 fd:00 793109                     /usr/lib/x86_64-linux-gnu/libXau.so.6.0.0
7f685400b000-7f685400c000 rw-p 00004000 fd:00 793109                     /usr/lib/x86_64-linux-gnu/libXau.so.6.0.0
7f685400c000-7f6854017000 r--p 00000000 fd:00 793392                     /usr/lib/x86_64-linux-gnu/libxcb.so.1.1.0
7f6854017000-7f685402b000 r-xp 0000b000 fd:00 793392                     /usr/lib/x86_64-linux-gnu/libxcb.so.1.1.0
7f685402b000-7f6854034000 r--p 0001f000 fd:00 793392                     /usr/lib/x86_64-linux-gnu/libxcb.so.1.1.0
7f6854034000-7f6854035000 r--p 00027000 fd:00 793392                     /usr/lib/x86_64-linux-gnu/libxcb.so.1.1.0
7f6854035000-7f6854036000 rw-p 00028000 fd:00 793392                     /usr/lib/x86_64-linux-gnu/libxcb.so.1.1.0
7f6854036000-7f685403d000 r--s 00000000 fd:00 922089                     /usr/lib/x86_64-linux-gnu/gconv/gconv-modules.cache
7f685403d000-7f6854041000 ---p 00000000 00:00 0 
7f6854041000-7f6854090000 rw-p 00000000 00:00 0 
7f6854090000-7f6854097000 r-xp 00000000 fd:00 665631                     /home/yst/.jdks/graalvm-ce-17/lib/libzip.so
7f6854097000-7f6854098000 ---p 00007000 fd:00 665631                     /home/yst/.jdks/graalvm-ce-17/lib/libzip.so
7f6854098000-7f6854099000 r--p 00007000 fd:00 665631                     /home/yst/.jdks/graalvm-ce-17/lib/libzip.so
7f6854099000-7f685409a000 rw-p 00008000 fd:00 665631                     /home/yst/.jdks/graalvm-ce-17/lib/libzip.so
7f685409a000-7f68540cb000 rw-p 00000000 00:00 0 
7f68540cb000-7f68540e0000 r-xp 00000000 fd:00 665628                     /home/yst/.jdks/graalvm-ce-17/lib/libnet.so
7f68540e0000-7f68540e1000 ---p 00015000 fd:00 665628                     /home/yst/.jdks/graalvm-ce-17/lib/libnet.so
7f68540e1000-7f68540e2000 r--p 00015000 fd:00 665628                     /home/yst/.jdks/graalvm-ce-17/lib/libnet.so
7f68540e2000-7f68540e3000 rw-p 00016000 fd:00 665628                     /home/yst/.jdks/graalvm-ce-17/lib/libnet.so
7f68540e3000-7f68540f6000 r-xp 00000000 fd:00 665629                     /home/yst/.jdks/graalvm-ce-17/lib/libnio.so
7f68540f6000-7f68540f7000 r--p 00012000 fd:00 665629                     /home/yst/.jdks/graalvm-ce-17/lib/libnio.so
7f68540f7000-7f68540f8000 rw-p 00013000 fd:00 665629                     /home/yst/.jdks/graalvm-ce-17/lib/libnio.so
7f68540f8000-7f68541c6000 r-xp 00000000 fd:00 665692                     /home/yst/.jdks/graalvm-ce-17/lib/libjsvml.so
7f68541c6000-7f68541c7000 r--p 000cd000 fd:00 665692                     /home/yst/.jdks/graalvm-ce-17/lib/libjsvml.so
7f68541c7000-7f68541c8000 rw-p 000ce000 fd:00 665692                     /home/yst/.jdks/graalvm-ce-17/lib/libjsvml.so
7f68541c8000-7f68542e5000 rw-p 00000000 00:00 0 
7f68542e5000-7f68542e6000 ---p 00000000 00:00 0 
7f68542e6000-7f68543e7000 rw-p 00000000 00:00 0 
7f68543e7000-7f68543e8000 ---p 00000000 00:00 0 
7f68543e8000-7f6854cf1000 rw-p 00000000 00:00 0 
7f6854cf1000-7f6854cf2000 ---p 00000000 00:00 0 
7f6854cf2000-7f6854df3000 rw-p 00000000 00:00 0 
7f6854df3000-7f6854df4000 ---p 00000000 00:00 0 
7f6854df4000-7f6854ef5000 rw-p 00000000 00:00 0 
7f6854ef5000-7f6854ef6000 ---p 00000000 00:00 0 
7f6854ef6000-7f685512f000 rw-p 00000000 00:00 0 
7f685512f000-7f6855f87000 ---p 00000000 00:00 0 
7f6855f87000-7f6856087000 rw-p 00000000 00:00 0 
7f6856087000-7f6856edf000 ---p 00000000 00:00 0 
7f6856edf000-7f6856f06000 rw-p 00000000 00:00 0 
7f6856f06000-7f68570d1000 ---p 00000000 00:00 0 
7f68570d1000-7f68570f1000 rw-p 00000000 00:00 0 
7f68570f1000-7f68572bc000 ---p 00000000 00:00 0 
7f68572bc000-7f68572dc000 rw-p 00000000 00:00 0 
7f68572dc000-7f68574a7000 ---p 00000000 00:00 0 
7f68574a7000-7f6857cb5000 rw-p 00000000 00:00 0 
7f6857cb5000-7f6857d9a000 ---p 00000000 00:00 0 
7f6857d9a000-7f6857d9f000 rw-p 00000000 00:00 0 
7f6857d9f000-7f6857e84000 ---p 00000000 00:00 0 
7f6857e84000-7f6857e89000 rw-p 00000000 00:00 0 
7f6857e89000-7f6857e92000 ---p 00000000 00:00 0 
7f6857e92000-7f6857eb6000 r-xp 00000000 fd:00 665624                     /home/yst/.jdks/graalvm-ce-17/lib/libjava.so
7f6857eb6000-7f6857eb7000 ---p 00024000 fd:00 665624                     /home/yst/.jdks/graalvm-ce-17/lib/libjava.so
7f6857eb7000-7f6857eb8000 r--p 00024000 fd:00 665624                     /home/yst/.jdks/graalvm-ce-17/lib/libjava.so
7f6857eb8000-7f6857eb9000 rw-p 00025000 fd:00 665624                     /home/yst/.jdks/graalvm-ce-17/lib/libjava.so
7f6857eb9000-7f6857eba000 rw-p 00000000 00:00 0 
7f6857eba000-7f6857ec2000 rw-s 00000000 fd:00 269408                     /tmp/hsperfdata_yst/44906
7f6857ec2000-7f6857edd000 r-xp 00000000 fd:00 665625                     /home/yst/.jdks/graalvm-ce-17/lib/libjimage.so
7f6857edd000-7f6857ede000 ---p 0001b000 fd:00 665625                     /home/yst/.jdks/graalvm-ce-17/lib/libjimage.so
7f6857ede000-7f6857ee0000 r--p 0001b000 fd:00 665625                     /home/yst/.jdks/graalvm-ce-17/lib/libjimage.so
7f6857ee0000-7f6857ee1000 rw-p 0001d000 fd:00 665625                     /home/yst/.jdks/graalvm-ce-17/lib/libjimage.so
7f6857ee1000-7f6857ee5000 ---p 00000000 00:00 0 
7f6857ee5000-7f6857fe1000 rw-p 00000000 00:00 0 
7f6857fe1000-7f6857fef000 r--p 00000000 fd:00 793254                     /usr/lib/x86_64-linux-gnu/libm.so.6
7f6857fef000-7f685806b000 r-xp 0000e000 fd:00 793254                     /usr/lib/x86_64-linux-gnu/libm.so.6
7f685806b000-7f68580c6000 r--p 0008a000 fd:00 793254                     /usr/lib/x86_64-linux-gnu/libm.so.6
7f68580c6000-7f68580c7000 r--p 000e4000 fd:00 793254                     /usr/lib/x86_64-linux-gnu/libm.so.6
7f68580c7000-7f68580c8000 rw-p 000e5000 fd:00 793254                     /usr/lib/x86_64-linux-gnu/libm.so.6
7f68580c8000-7f68580c9000 r--p 00000000 fd:00 793332                     /usr/lib/x86_64-linux-gnu/librt.so.1
7f68580c9000-7f68580ca000 r-xp 00001000 fd:00 793332                     /usr/lib/x86_64-linux-gnu/librt.so.1
7f68580ca000-7f68580cb000 r--p 00002000 fd:00 793332                     /usr/lib/x86_64-linux-gnu/librt.so.1
7f68580cb000-7f68580cc000 r--p 00002000 fd:00 793332                     /usr/lib/x86_64-linux-gnu/librt.so.1
7f68580cc000-7f68580cd000 rw-p 00003000 fd:00 793332                     /usr/lib/x86_64-linux-gnu/librt.so.1
7f68580cd000-7f68591e5000 r-xp 00000000 fd:00 665707                     /home/yst/.jdks/graalvm-ce-17/lib/server/libjvm.so
7f68591e5000-7f68591e6000 ---p 01118000 fd:00 665707                     /home/yst/.jdks/graalvm-ce-17/lib/server/libjvm.so
7f68591e6000-7f685929b000 r--p 01118000 fd:00 665707                     /home/yst/.jdks/graalvm-ce-17/lib/server/libjvm.so
7f685929b000-7f68592cf000 rw-p 011cd000 fd:00 665707                     /home/yst/.jdks/graalvm-ce-17/lib/server/libjvm.so
7f68592cf000-7f685932c000 rw-p 00000000 00:00 0 
7f685932c000-7f6859354000 r--p 00000000 fd:00 793144                     /usr/lib/x86_64-linux-gnu/libc.so.6
7f6859354000-7f68594e9000 r-xp 00028000 fd:00 793144                     /usr/lib/x86_64-linux-gnu/libc.so.6
7f68594e9000-7f6859541000 r--p 001bd000 fd:00 793144                     /usr/lib/x86_64-linux-gnu/libc.so.6
7f6859541000-7f6859545000 r--p 00214000 fd:00 793144                     /usr/lib/x86_64-linux-gnu/libc.so.6
7f6859545000-7f6859547000 rw-p 00218000 fd:00 793144                     /usr/lib/x86_64-linux-gnu/libc.so.6
7f6859547000-7f6859554000 rw-p 00000000 00:00 0 
7f6859554000-7f6859555000 r--p 00000000 fd:00 793163                     /usr/lib/x86_64-linux-gnu/libdl.so.2
7f6859555000-7f6859556000 r-xp 00001000 fd:00 793163                     /usr/lib/x86_64-linux-gnu/libdl.so.2
7f6859556000-7f6859557000 r--p 00002000 fd:00 793163                     /usr/lib/x86_64-linux-gnu/libdl.so.2
7f6859557000-7f6859558000 r--p 00002000 fd:00 793163                     /usr/lib/x86_64-linux-gnu/libdl.so.2
7f6859558000-7f6859559000 rw-p 00003000 fd:00 793163                     /usr/lib/x86_64-linux-gnu/libdl.so.2
7f6859559000-7f685955a000 r--p 00000000 fd:00 793327                     /usr/lib/x86_64-linux-gnu/libpthread.so.0
7f685955a000-7f685955b000 r-xp 00001000 fd:00 793327                     /usr/lib/x86_64-linux-gnu/libpthread.so.0
7f685955b000-7f685955c000 r--p 00002000 fd:00 793327                     /usr/lib/x86_64-linux-gnu/libpthread.so.0
7f685955c000-7f685955d000 r--p 00002000 fd:00 793327                     /usr/lib/x86_64-linux-gnu/libpthread.so.0
7f685955d000-7f685955e000 rw-p 00003000 fd:00 793327                     /usr/lib/x86_64-linux-gnu/libpthread.so.0
7f685955e000-7f685956c000 r-xp 00000000 fd:00 665626                     /home/yst/.jdks/graalvm-ce-17/lib/libjli.so
7f685956c000-7f685956d000 ---p 0000e000 fd:00 665626                     /home/yst/.jdks/graalvm-ce-17/lib/libjli.so
7f685956d000-7f685956e000 r--p 0000e000 fd:00 665626                     /home/yst/.jdks/graalvm-ce-17/lib/libjli.so
7f685956e000-7f685956f000 rw-p 0000f000 fd:00 665626                     /home/yst/.jdks/graalvm-ce-17/lib/libjli.so
7f685956f000-7f6859571000 r--p 00000000 fd:00 786979                     /usr/lib/x86_64-linux-gnu/libz.so.1.2.11
7f6859571000-7f6859582000 r-xp 00002000 fd:00 786979                     /usr/lib/x86_64-linux-gnu/libz.so.1.2.11
7f6859582000-7f6859588000 r--p 00013000 fd:00 786979                     /usr/lib/x86_64-linux-gnu/libz.so.1.2.11
7f6859588000-7f6859589000 ---p 00019000 fd:00 786979                     /usr/lib/x86_64-linux-gnu/libz.so.1.2.11
7f6859589000-7f685958a000 r--p 00019000 fd:00 786979                     /usr/lib/x86_64-linux-gnu/libz.so.1.2.11
7f685958a000-7f685958b000 rw-p 0001a000 fd:00 786979                     /usr/lib/x86_64-linux-gnu/libz.so.1.2.11
7f6859590000-7f6859591000 ---p 00000000 00:00 0 
7f6859591000-7f6859592000 r--p 00000000 00:00 0 
7f6859592000-7f6859594000 rw-p 00000000 00:00 0 
7f6859594000-7f6859596000 r--p 00000000 fd:00 793105                     /usr/lib/x86_64-linux-gnu/ld-linux-x86-64.so.2
7f6859596000-7f68595c0000 r-xp 00002000 fd:00 793105                     /usr/lib/x86_64-linux-gnu/ld-linux-x86-64.so.2
7f68595c0000-7f68595cb000 r--p 0002c000 fd:00 793105                     /usr/lib/x86_64-linux-gnu/ld-linux-x86-64.so.2
7f68595cb000-7f68595cc000 ---p 00000000 00:00 0 
7f68595cc000-7f68595ce000 r--p 00037000 fd:00 793105                     /usr/lib/x86_64-linux-gnu/ld-linux-x86-64.so.2
7f68595ce000-7f68595d0000 rw-p 00039000 fd:00 793105                     /usr/lib/x86_64-linux-gnu/ld-linux-x86-64.so.2
7fff8b562000-7fff8b583000 rw-p 00000000 00:00 0                          [stack]
7fff8b5ef000-7fff8b5f3000 r--p 00000000 00:00 0                          [vvar]
7fff8b5f3000-7fff8b5f5000 r-xp 00000000 00:00 0                          [vdso]
ffffffffff600000-ffffffffff601000 --xp 00000000 00:00 0                  [vsyscall]


VM Arguments:
jvm_args: -XX:ThreadPriorityPolicy=1 -XX:+UnlockExperimentalVMOptions -XX:+EnableJVMCIProduct -XX:JVMCIThreadsPerNativeLibraryRuntime=1 -XX:-UnlockExperimentalVMOptions -Dfile.encoding=UTF-8 -Duser.country=US -Duser.language=en -Duser.variant 
java_command: cf.thdisstudio.afioaos.compositor.Main
java_class_path (initial): /home/yst/IdeaProjects/WindowManager/build/classes/java/main:/home/yst/IdeaProjects/WindowManager/build/resources/main:/home/yst/.gradle/caches/modules-2/files-2.1/net.java.dev.jna/jna-platform/5.13.0/88e9a306715e9379f3122415ef4ae759a352640d/jna-platform-5.13.0.jar:/home/yst/.gradle/caches/modules-2/files-2.1/net.java.dev.jna/jna/5.13.0/1200e7ebeedbe0d10062093f32925a912020e747/jna-5.13.0.jar
Launcher Type: SUN_STANDARD

[Global flags]
     intx CICompilerCount                          = 4                                         {product} {ergonomic}
     uint ConcGCThreads                            = 2                                         {product} {ergonomic}
     bool EnableJVMCIProduct                       = true                                {JVMCI product} {jimage}
     uint G1ConcRefinementThreads                  = 8                                         {product} {ergonomic}
   size_t G1HeapRegionSize                         = 1048576                                   {product} {ergonomic}
    uintx GCDrainStackTargetSize                   = 64                                        {product} {ergonomic}
   size_t InitialHeapSize                          = 65011712                                  {product} {ergonomic}
     uint JVMCIThreadsPerNativeLibraryRuntime      = 1                                   {JVMCI product} {jimage}
   size_t MarkStackSize                            = 4194304                                   {product} {ergonomic}
   size_t MaxHeapSize                              = 1029701632                                {product} {ergonomic}
   size_t MaxNewSize                               = 617611264                                 {product} {ergonomic}
   size_t MinHeapDeltaBytes                        = 1048576                                   {product} {ergonomic}
   size_t MinHeapSize                              = 8388608                                   {product} {ergonomic}
    uintx NonNMethodCodeHeapSize                   = 6979620                                {pd product} {ergonomic}
    uintx NonProfiledCodeHeapSize                  = 122339310                              {pd product} {ergonomic}
    uintx ProfiledCodeHeapSize                     = 122339310                              {pd product} {ergonomic}
    uintx ReservedCodeCacheSize                    = 251658240                              {pd product} {ergonomic}
     bool SegmentedCodeCache                       = true                                      {product} {ergonomic}
   size_t SoftMaxHeapSize                          = 1029701632                             {manageable} {ergonomic}
     intx ThreadPriorityPolicy                     = 1                                         {product} {jimage}
     bool UseCompressedClassPointers               = true                           {product lp64_product} {ergonomic}
     bool UseCompressedOops                        = true                           {product lp64_product} {ergonomic}
     bool UseG1GC                                  = true                                      {product} {ergonomic}

Logging:
Log output configuration:
 #0: stdout all=warning uptime,level,tags
 #1: stderr all=off uptime,level,tags

Environment Variables:
PATH=/usr/local/sbin:/usr/local/bin:/usr/sbin:/usr/bin:/sbin:/bin:/usr/games:/usr/local/games:/snap/bin
SHELL=/bin/bash
LANG=en_US.UTF-8
TERM=vt100

Signal Handlers:
   SIGSEGV: crash_handler in libjvm.so, mask=11100100010111111101111111111110, flags=SA_RESTART|SA_SIGINFO
    SIGBUS: crash_handler in libjvm.so, mask=11100100010111111101111111111110, flags=SA_RESTART|SA_SIGINFO
    SIGFPE: crash_handler in libjvm.so, mask=11100100010111111101111111111110, flags=SA_RESTART|SA_SIGINFO
   SIGPIPE: IsolateEnterStub_IgnoreSIGPIPEStartupHook_noopSignalHandler_e7f927579b58c552540f032273d7664341ccbaa6_76208cad888c6e1fb3760e66784fb81a9ad004e5 in libjvmcicompiler.so, mask=00000000000000000000000000000000, flags=SA_RESTART
  *** Handler was modified!
  *** Expected: javaSignalHandler in libjvm.so, mask=11100100110111111111111111111110, flags=SA_RESTART|SA_SIGINFO
   SIGXFSZ: javaSignalHandler in libjvm.so, mask=11100100010111111101111111111110, flags=SA_RESTART|SA_SIGINFO
    SIGILL: crash_handler in libjvm.so, mask=11100100010111111101111111111110, flags=SA_RESTART|SA_SIGINFO
   SIGUSR2: SR_handler in libjvm.so, mask=00100000000000000000000000000000, flags=SA_RESTART|SA_SIGINFO
    SIGHUP: SIG_IGN, mask=00000000000000000000000000000000, flags=none
    SIGINT: UserHandler in libjvm.so, mask=11100100010111111101111111111110, flags=SA_RESTART|SA_SIGINFO
   SIGTERM: UserHandler in libjvm.so, mask=11100100010111111101111111111110, flags=SA_RESTART|SA_SIGINFO
   SIGQUIT: UserHandler in libjvm.so, mask=11100100010111111101111111111110, flags=SA_RESTART|SA_SIGINFO
   SIGTRAP: crash_handler in libjvm.so, mask=11100100010111111101111111111110, flags=SA_RESTART|SA_SIGINFO


---------------  S Y S T E M  ---------------

OS:
DISTRIB_ID=Ubuntu
DISTRIB_RELEASE=22.04
DISTRIB_CODENAME=jammy
DISTRIB_DESCRIPTION="Ubuntu 22.04.1 LTS"
uname: Linux 5.15.0-58-generic #64-Ubuntu SMP Thu Jan 5 11:43:13 UTC 2023 x86_64
OS uptime: 0 days 4:48 hours
libc: glibc 2.35 NPTL 2.35 
rlimit (soft/hard): STACK 8192k/infinity , CORE 0k/infinity , NPROC 15246/15246 , NOFILE 1048576/1048576 , AS infinity/infinity , CPU infinity/infinity , DATA infinity/infinity , FSIZE infinity/infinity , MEMLOCK 502096k/502096k
load average: 0.20 0.33 0.41

/proc/meminfo:
MemTotal:        4016768 kB
MemFree:          115804 kB
MemAvailable:     109164 kB
Buffers:            4268 kB
Cached:           180060 kB
SwapCached:        30200 kB
Active:          1318908 kB
Inactive:        2368816 kB
Active(anon):    1222168 kB
Inactive(anon):  2291156 kB
Active(file):      96740 kB
Inactive(file):    77660 kB
Unevictable:       27876 kB
Mlocked:           27876 kB
SwapTotal:       4018172 kB
SwapFree:        3022176 kB
Dirty:              4692 kB
Writeback:             0 kB
AnonPages:       3511856 kB
Mapped:            94148 kB
Shmem:               892 kB
KReclaimable:      42996 kB
Slab:              91128 kB
SReclaimable:      42996 kB
SUnreclaim:        48132 kB
KernelStack:        7484 kB
PageTables:        16708 kB
NFS_Unstable:          0 kB
Bounce:                0 kB
WritebackTmp:          0 kB
CommitLimit:     6026556 kB
Committed_AS:    4793028 kB
VmallocTotal:   34359738367 kB
VmallocUsed:       37904 kB
VmallocChunk:          0 kB
Percpu:             4800 kB
HardwareCorrupted:     0 kB
AnonHugePages:         0 kB
ShmemHugePages:        0 kB
ShmemPmdMapped:        0 kB
FileHugePages:         0 kB
FilePmdMapped:         0 kB
HugePages_Total:       0
HugePages_Free:        0
HugePages_Rsvd:        0
HugePages_Surp:        0
Hugepagesize:       2048 kB
Hugetlb:               0 kB
DirectMap4k:      178112 kB
DirectMap2M:     4016128 kB

/sys/kernel/mm/transparent_hugepage/enabled: always [madvise] never
/sys/kernel/mm/transparent_hugepage/defrag (defrag/compaction efforts parameter): always defer defer+madvise [madvise] never

Process Memory:
Virtual Size: 4019212K (peak: 4076696K)
Resident Set Size: 99956K (peak: 99956K) (anon: 54248K, file: 45708K, shmem: 0K)
Swapped out: 0K
C-Heap outstanding allocations: 28676K, retained: 2351K
glibc malloc tunables: (default)

/proc/sys/kernel/threads-max (system-wide limit on the number of threads): 30493
/proc/sys/vm/max_map_count (maximum number of memory map areas a process may have): 65530
/proc/sys/kernel/pid_max (system-wide limit on number of process identifiers): 4194304

container (cgroup) information:
container_type: cgroupv2
cpu_cpuset_cpus: not supported
cpu_memory_nodes: not supported
active_processor_count: 8
cpu_quota: not supported
cpu_period: not supported
cpu_shares: not supported
memory_limit_in_bytes: unlimited
memory_and_swap_limit_in_bytes: unlimited
memory_soft_limit_in_bytes: unlimited
memory_usage_in_bytes: 3629756 k
memory_max_usage_in_bytes: not supported
memory_swap_current_in_bytes: 950956 k
memory_swap_max_limit_in_bytes: unlimited
maximum number of tasks: unlimited
current number of tasks: 266

KVM virtualization detected
Steal ticks since vm start: 0
Steal ticks percentage since vm start:  0.000

CPU: total 8 (initial active 8) (8 cores per cpu, 8 threads per core) family 23 model 8 stepping 2 microcode 0x0, cx8, cmov, fxsr, ht, mmx, 3dnowpref, sse, sse2, sse3, ssse3, sse4a, sse4.1, sse4.2, popcnt, lzcnt, tsc, tscinvbit, avx, avx2, aes, clmul, bmi1, bmi2, vzeroupper, clflush, clflushopt, hv
CPU Model and flags from /proc/cpuinfo:
model name	: AMD Ryzen 7 2700X Eight-Core Processor
flags		: fpu vme de pse tsc msr pae mce cx8 apic sep mtrr pge mca cmov pat pse36 clflush mmx fxsr sse sse2 ht syscall nx mmxext fxsr_opt rdtscp lm constant_tsc rep_good nopl nonstop_tsc cpuid extd_apicid tsc_known_freq pni pclmulqdq ssse3 cx16 sse4_1 sse4_2 x2apic movbe popcnt aes xsave avx rdrand hypervisor lahf_lm cmp_legacy cr8_legacy abm sse4a misalignsse 3dnowprefetch ssbd vmmcall fsgsbase bmi1 avx2 bmi2 rdseed clflushopt arat

Online cpus: 0-7
Offline cpus: 
BIOS frequency limitation: <Not Available>
Frequency switch latency (ns): <Not Available>
Available cpu frequencies: <Not Available>
Current governor: <Not Available>
Core performance/turbo boost: <Not Available>

Memory: 4k page, physical 4016768k(115804k free), swap 4018172k(3022176k free)
Page Sizes: 4k

vm_info: OpenJDK 64-Bit Server VM (17.0.6+10-jvmci-22.3-b13) for linux-amd64 JRE (17.0.6+10-jvmci-22.3-b13), built on Jan 18 2023 21:35:33 by "buildslave" with gcc 10.3.0

END.
