#
# A fatal error has been detected by the Java Runtime Environment:
#
#  SIGSEGV (0xb) at pc=0x00007fc0d8ee99c4, pid=47095, tid=47097
#
# JRE version: OpenJDK Runtime Environment GraalVM CE 22.3.1 (17.0.6+10) (build 17.0.6+10-jvmci-22.3-b13)
# Java VM: OpenJDK 64-Bit Server VM GraalVM CE 22.3.1 (17.0.6+10-jvmci-22.3-b13, mixed mode, sharing, tiered, jvmci, jvmci compiler, compressed oops, compressed class ptrs, g1 gc, linux-amd64)
# Problematic frame:
# C  [libX11.so+0x299c4]  XDefaultRootWindow+0x4
#
# Core dump will be written. Default location: Core dumps may be processed with "/usr/share/apport/apport -p%p -s%s -c%c -d%d -P%P -u%u -g%g -- %E" (or dumping to /home/yst/IdeaProjects/core.47095)
#
# If you would like to submit a bug report, please visit:
#   https://github.com/oracle/graal/issues
# The crash happened outside the Java Virtual Machine in native code.
# See problematic frame for where to report the bug.
#

---------------  S U M M A R Y ------------

Command Line: -XX:ThreadPriorityPolicy=1 -XX:+UnlockExperimentalVMOptions -XX:+EnableJVMCIProduct -XX:JVMCIThreadsPerNativeLibraryRuntime=1 -XX:-UnlockExperimentalVMOptions -Dfile.encoding=UTF-8 -Duser.country=US -Duser.language=en -Duser.variant cf.thdisstudio.afioaos.compositor.Main

Host: AMD Ryzen 7 2700X Eight-Core Processor, 8 cores, 3G, Ubuntu 22.04.1 LTS
Time: Tue Jan 31 08:33:41 2023 UTC elapsed time: 0.210308 seconds (0d 0h 0m 0s)

---------------  T H R E A D  ---------------

Current thread (0x00007fc140025d40):  JavaThread "main" [_thread_in_native, id=47097, stack(0x00007fc14777c000,0x00007fc14787c000)]

Stack: [0x00007fc14777c000,0x00007fc14787c000],  sp=0x00007fc147879db8,  free space=1015k
Native frames: (J=compiled Java code, j=interpreted, Vv=VM code, C=native code)
C  [libX11.so+0x299c4]  XDefaultRootWindow+0x4

Java frames: (J=compiled Java code, j=interpreted, Vv=VM code)
j  com.sun.jna.Native.invokeLong(Lcom/sun/jna/Function;JI[Ljava/lang/Object;)J+0
j  com.sun.jna.Function.invoke([Ljava/lang/Object;Ljava/lang/Class;ZI)Ljava/lang/Object;+243
j  com.sun.jna.Function.invoke(Ljava/lang/reflect/Method;[Ljava/lang/Class;Ljava/lang/Class;[Ljava/lang/Object;Ljava/util/Map;)Ljava/lang/Object;+271
j  com.sun.jna.Library$Handler.invoke(Ljava/lang/Object;Ljava/lang/reflect/Method;[Ljava/lang/Object;)Ljava/lang/Object;+390
j  jdk.proxy1.$Proxy0.XDefaultRootWindow(Lcom/sun/jna/platform/unix/X11$Display;)Lcom/sun/jna/platform/unix/X11$Window;+16 jdk.proxy1
j  cf.thdisstudio.afioaos.compositor.WindowManager.<init>(Ljava/lang/String;)V+103
j  cf.thdisstudio.afioaos.compositor.Main.main([Ljava/lang/String;)V+6
v  ~StubRoutines::call_stub

siginfo: si_signo: 11 (SIGSEGV), si_code: 1 (SEGV_MAPERR), si_addr: 0x00000000000000e0

Register to memory mapping:

RAX=0x0 is NULL
RBX=0x0000000000000008 is an unknown value
RCX=0x0 is NULL
RDX=0x0 is NULL
RSP=0x00007fc147879db8 is pointing into the stack for thread: 0x00007fc140025d40
RBP=0x00007fc147879dc0 is pointing into the stack for thread: 0x00007fc140025d40
RSI=0x00007fc148d3bcf3: _dl_catch_error+0x0000000000000033 in /lib/x86_64-linux-gnu/libc.so.6 at 0x00007fc148bc7000
RDI=0x0 is NULL
R8 =0x0 is NULL
R9 =0xa36cfc801841d600 is an unknown value
R10=0x0 is NULL
R11=0x00007fc0d8ee99c0: XDefaultRootWindow+0x0000000000000000 in /lib/x86_64-linux-gnu/libX11.so at 0x00007fc0d8ec0000
R12=0x00007fc147879f70 is pointing into the stack for thread: 0x00007fc140025d40
R13=0x0000000000000008 is an unknown value
R14=0x0000000000000001 is an unknown value
R15=0x00007fc147879f50 is pointing into the stack for thread: 0x00007fc140025d40


Registers:
RAX=0x0000000000000000, RBX=0x0000000000000008, RCX=0x0000000000000000, RDX=0x0000000000000000
RSP=0x00007fc147879db8, RBP=0x00007fc147879dc0, RSI=0x00007fc148d3bcf3, RDI=0x0000000000000000
R8 =0x0000000000000000, R9 =0xa36cfc801841d600, R10=0x0000000000000000, R11=0x00007fc0d8ee99c0
R12=0x00007fc147879f70, R13=0x0000000000000008, R14=0x0000000000000001, R15=0x00007fc147879f50
RIP=0x00007fc0d8ee99c4, EFLAGS=0x0000000000010246, CSGSFS=0x002b000000000033, ERR=0x0000000000000004
  TRAPNO=0x000000000000000e

Top of Stack: (sp=0x00007fc147879db8)
0x00007fc147879db8:   00007fc0d8c16052 0000000000000007
0x00007fc147879dc8:   00007fc14787a4f0 00007fc147879ed0
0x00007fc147879dd8:   00007fc0d8c1514c 0000000000000002
0x00007fc147879de8:   00007fc140025fe8 00007fc100000000 

Instructions: (pc=0x00007fc0d8ee99c4)
0x00007fc0d8ee98c4:   10 48 8b 05 6c 26 11 00 48 8d 15 bd d9 ff ff 48
0x00007fc0d8ee98d4:   89 08 48 8b 05 73 26 11 00 48 8d 0d 0c dd ff ff
0x00007fc0d8ee98e4:   48 89 30 48 8b 05 c2 25 11 00 48 8d 35 fb db ff
0x00007fc0d8ee98f4:   ff 48 89 10 48 8b 05 29 26 11 00 48 8d 15 1a d8
0x00007fc0d8ee9904:   ff ff 48 89 08 48 8b 05 f0 25 11 00 48 89 30 48
0x00007fc0d8ee9914:   8b 05 46 26 11 00 48 89 10 48 83 c4 08 44 89 e0
0x00007fc0d8ee9924:   5b 5d 41 5c 41 5d c3 45 31 e4 e9 be fe ff ff 48
0x00007fc0d8ee9934:   89 ef 45 31 e4 e8 92 ff fe ff 48 c7 05 af 5d 11
0x00007fc0d8ee9944:   00 00 00 00 00 e9 a3 fe ff ff 48 89 ef 45 31 e4
0x00007fc0d8ee9954:   e8 77 ff fe ff 4c 89 ef 48 c7 05 91 5d 11 00 00
0x00007fc0d8ee9964:   00 00 00 e8 64 ff fe ff 48 c7 05 79 5d 11 00 00
0x00007fc0d8ee9974:   00 00 00 e9 75 fe ff ff 0f 1f 40 00 f3 0f 1e fa
0x00007fc0d8ee9984:   8b 47 10 c3 0f 1f 84 00 00 00 00 00 f3 0f 1e fa
0x00007fc0d8ee9994:   48 63 f6 48 c1 e6 07 48 03 b7 e8 00 00 00 48 8b
0x00007fc0d8ee99a4:   46 10 c3 66 0f 1f 84 00 00 00 00 00 f3 0f 1e fa
0x00007fc0d8ee99b4:   8b 87 e0 00 00 00 c3 0f 1f 44 00 00 f3 0f 1e fa
0x00007fc0d8ee99c4:   48 63 87 e0 00 00 00 48 c1 e0 07 48 03 87 e8 00
0x00007fc0d8ee99d4:   00 00 48 8b 40 10 c3 0f 1f 44 00 00 f3 0f 1e fa
0x00007fc0d8ee99e4:   48 63 f6 48 c1 e6 07 48 03 b7 e8 00 00 00 48 8b
0x00007fc0d8ee99f4:   46 40 c3 66 0f 1f 84 00 00 00 00 00 f3 0f 1e fa
0x00007fc0d8ee9a04:   48 63 f6 48 c1 e6 07 48 03 b7 e8 00 00 00 48 8b
0x00007fc0d8ee9a14:   46 48 c3 66 0f 1f 84 00 00 00 00 00 f3 0f 1e fa
0x00007fc0d8ee9a24:   48 63 f6 48 c1 e6 07 48 03 b7 e8 00 00 00 48 8b
0x00007fc0d8ee9a34:   46 60 c3 66 0f 1f 84 00 00 00 00 00 f3 0f 1e fa
0x00007fc0d8ee9a44:   48 63 f6 48 c1 e6 07 48 03 b7 e8 00 00 00 48 8b
0x00007fc0d8ee9a54:   46 58 c3 66 0f 1f 84 00 00 00 00 00 f3 0f 1e fa
0x00007fc0d8ee9a64:   48 c7 c0 ff ff ff ff c3 0f 1f 40 00 f3 0f 1e fa
0x00007fc0d8ee9a74:   8b 87 88 00 00 00 c3 0f 1f 44 00 00 f3 0f 1e fa
0x00007fc0d8ee9a84:   48 63 f6 48 c1 e6 07 48 03 b7 e8 00 00 00 8b 46
0x00007fc0d8ee9a94:   18 c3 66 2e 0f 1f 84 00 00 00 00 00 f3 0f 1e fa
0x00007fc0d8ee9aa4:   48 63 f6 48 c1 e6 07 48 03 b7 e8 00 00 00 8b 46
0x00007fc0d8ee9ab4:   1c c3 66 2e 0f 1f 84 00 00 00 00 00 f3 0f 1e fa 


Stack slot to memory mapping:
stack at sp + 0 slots: 0x00007fc0d8c16052: <offset 0x0000000000016052> in /home/yst/.cache/JNA/temp/jna1152449421435975988.tmp at 0x00007fc0d8c00000
stack at sp + 1 slots: 0x0000000000000007 is an unknown value
stack at sp + 2 slots: 0x00007fc14787a4f0 is pointing into the stack for thread: 0x00007fc140025d40
stack at sp + 3 slots: 0x00007fc147879ed0 is pointing into the stack for thread: 0x00007fc140025d40
stack at sp + 4 slots: 0x00007fc0d8c1514c: <offset 0x000000000001514c> in /home/yst/.cache/JNA/temp/jna1152449421435975988.tmp at 0x00007fc0d8c00000
stack at sp + 5 slots: 0x0000000000000002 is an unknown value
stack at sp + 6 slots: 0x00007fc140025fe8 points into unknown readable memory: 0x00007fc148b3c320 | 20 c3 b3 48 c1 7f 00 00
stack at sp + 7 slots: 0x00007fc100000000 points into unknown readable memory: 0x00007fc100000030 | 30 00 00 00 c1 7f 00 00


---------------  P R O C E S S  ---------------

Threads class SMR info:
_java_thread_list=0x00007fc1401f4190, length=13, elements={
0x00007fc140025d40, 0x00007fc1400e6ca0, 0x00007fc1400e80d0, 0x00007fc1400ed4f0,
0x00007fc1400ee8b0, 0x00007fc1400efcd0, 0x00007fc1400f16f0, 0x00007fc1400f2c30,
0x00007fc1400fc0a0, 0x00007fc14010a390, 0x00007fc140152710, 0x00007fc1401edeb0,
0x00007fc1401f2850
}

Java Threads: ( => current thread )
=>0x00007fc140025d40 JavaThread "main" [_thread_in_native, id=47097, stack(0x00007fc14777c000,0x00007fc14787c000)]
  0x00007fc1400e6ca0 JavaThread "Reference Handler" daemon [_thread_blocked, id=47104, stack(0x00007fc124300000,0x00007fc124400000)]
  0x00007fc1400e80d0 JavaThread "Finalizer" daemon [_thread_blocked, id=47105, stack(0x00007fc124200000,0x00007fc124300000)]
  0x00007fc1400ed4f0 JavaThread "Signal Dispatcher" daemon [_thread_blocked, id=47106, stack(0x00007fc124100000,0x00007fc124200000)]
  0x00007fc1400ee8b0 JavaThread "Service Thread" daemon [_thread_blocked, id=47107, stack(0x00007fc124000000,0x00007fc124100000)]
  0x00007fc1400efcd0 JavaThread "Monitor Deflation Thread" daemon [_thread_blocked, id=47108, stack(0x00007fc107c17000,0x00007fc107d17000)]
  0x00007fc1400f16f0 JavaThread "JVMCI-native CompilerThread0" daemon [_thread_in_native, id=47109, stack(0x00007fc107a17000,0x00007fc107c17000)]
  0x00007fc1400f2c30 JavaThread "C1 CompilerThread0" daemon [_thread_blocked, id=47110, stack(0x00007fc107817000,0x00007fc107a17000)]
  0x00007fc1400fc0a0 JavaThread "Sweeper thread" daemon [_thread_blocked, id=47111, stack(0x00007fc107717000,0x00007fc107817000)]
  0x00007fc14010a390 JavaThread "Common-Cleaner" daemon [_thread_blocked, id=47112, stack(0x00007fc107617000,0x00007fc107717000)]
  0x00007fc140152710 JavaThread "Notification Thread" daemon [_thread_blocked, id=47113, stack(0x00007fc107517000,0x00007fc107617000)]
  0x00007fc1401edeb0 JavaThread "process reaper" daemon [_thread_blocked, id=47116, stack(0x00007fc124c7f000,0x00007fc124ca1000)]
  0x00007fc1401f2850 JavaThread "JNA Cleaner" daemon [_thread_blocked, id=47117, stack(0x00007fc104f00000,0x00007fc105000000)]

Other Threads:
  0x00007fc1400e29c0 VMThread "VM Thread" [stack: 0x00007fc124cf6000,0x00007fc124df6000] [id=47103]
  0x00007fc1401540d0 WatcherThread [stack: 0x00007fc107417000,0x00007fc107517000] [id=47114]
  0x00007fc140062b70 GCTaskThread "GC Thread#0" [stack: 0x00007fc144792000,0x00007fc144892000] [id=47098]
  0x00007fc14006bc30 ConcurrentGCThread "G1 Main Marker" [stack: 0x00007fc144690000,0x00007fc144790000] [id=47099]
  0x00007fc14006cb90 ConcurrentGCThread "G1 Conc#0" [stack: 0x00007fc14458e000,0x00007fc14468e000] [id=47100]
  0x00007fc1400b9260 ConcurrentGCThread "G1 Refine#0" [stack: 0x00007fc1250a6000,0x00007fc1251a6000] [id=47101]
  0x00007fc1400ba150 ConcurrentGCThread "G1 Service" [stack: 0x00007fc124fa4000,0x00007fc1250a4000] [id=47102]

Threads with active compile tasks:
JVMCI-native CompilerThread0      212  514       4       java.lang.AbstractStringBuilder::ensureCapacityInternal (39 bytes)

VM state: not at safepoint (normal execution)

VM Mutex/Monitor currently owned by a thread: None

Heap address: 0x00000000c2a00000, size: 982 MB, Compressed Oops mode: 32-bit

CDS archive(s) mapped at: [0x0000000800000000-0x0000000800bc9000-0x0000000800bc9000), size 12357632, SharedBaseAddress: 0x0000000800000000, ArchiveRelocationMode: 0.
Compressed class space mapped at: 0x0000000800c00000-0x0000000840c00000, reserved size: 1073741824
Narrow klass base: 0x0000000800000000, Narrow klass shift: 0, Narrow klass range: 0x100000000

GC Precious Log:
 CPUs: 8 total, 8 available
 Memory: 3922M
 Large Page Support: Disabled
 NUMA Support: Disabled
 Compressed Oops: Enabled (32-bit)
 Heap Region Size: 1M
 Heap Min Capacity: 8M
 Heap Initial Capacity: 62M
 Heap Max Capacity: 982M
 Pre-touch: Disabled
 Parallel Workers: 8
 Concurrent Workers: 2
 Concurrent Refinement Workers: 8
 Periodic GC: Disabled

Heap:
 garbage-first heap   total 65536K, used 5964K [0x00000000c2a00000, 0x0000000100000000)
  region size 1024K, 6 young (6144K), 0 survivors (0K)
 Metaspace       used 2516K, committed 2688K, reserved 1056768K
  class space    used 238K, committed 320K, reserved 1048576K

Heap Regions: E=young(eden), S=young(survivor), O=old, HS=humongous(starts), HC=humongous(continues), CS=collection set, F=free, OA=open archive, CA=closed archive, TAMS=top-at-mark-start (previous, next)
|   0|0x00000000c2a00000, 0x00000000c2a00000, 0x00000000c2b00000|  0%| F|  |TAMS 0x00000000c2a00000, 0x00000000c2a00000| Untracked 
|   1|0x00000000c2b00000, 0x00000000c2b00000, 0x00000000c2c00000|  0%| F|  |TAMS 0x00000000c2b00000, 0x00000000c2b00000| Untracked 
|   2|0x00000000c2c00000, 0x00000000c2c00000, 0x00000000c2d00000|  0%| F|  |TAMS 0x00000000c2c00000, 0x00000000c2c00000| Untracked 
|   3|0x00000000c2d00000, 0x00000000c2d00000, 0x00000000c2e00000|  0%| F|  |TAMS 0x00000000c2d00000, 0x00000000c2d00000| Untracked 
|   4|0x00000000c2e00000, 0x00000000c2e00000, 0x00000000c2f00000|  0%| F|  |TAMS 0x00000000c2e00000, 0x00000000c2e00000| Untracked 
|   5|0x00000000c2f00000, 0x00000000c2f00000, 0x00000000c3000000|  0%| F|  |TAMS 0x00000000c2f00000, 0x00000000c2f00000| Untracked 
|   6|0x00000000c3000000, 0x00000000c3000000, 0x00000000c3100000|  0%| F|  |TAMS 0x00000000c3000000, 0x00000000c3000000| Untracked 
|   7|0x00000000c3100000, 0x00000000c3100000, 0x00000000c3200000|  0%| F|  |TAMS 0x00000000c3100000, 0x00000000c3100000| Untracked 
|   8|0x00000000c3200000, 0x00000000c3200000, 0x00000000c3300000|  0%| F|  |TAMS 0x00000000c3200000, 0x00000000c3200000| Untracked 
|   9|0x00000000c3300000, 0x00000000c3300000, 0x00000000c3400000|  0%| F|  |TAMS 0x00000000c3300000, 0x00000000c3300000| Untracked 
|  10|0x00000000c3400000, 0x00000000c3400000, 0x00000000c3500000|  0%| F|  |TAMS 0x00000000c3400000, 0x00000000c3400000| Untracked 
|  11|0x00000000c3500000, 0x00000000c3500000, 0x00000000c3600000|  0%| F|  |TAMS 0x00000000c3500000, 0x00000000c3500000| Untracked 
|  12|0x00000000c3600000, 0x00000000c3600000, 0x00000000c3700000|  0%| F|  |TAMS 0x00000000c3600000, 0x00000000c3600000| Untracked 
|  13|0x00000000c3700000, 0x00000000c3700000, 0x00000000c3800000|  0%| F|  |TAMS 0x00000000c3700000, 0x00000000c3700000| Untracked 
|  14|0x00000000c3800000, 0x00000000c3800000, 0x00000000c3900000|  0%| F|  |TAMS 0x00000000c3800000, 0x00000000c3800000| Untracked 
|  15|0x00000000c3900000, 0x00000000c3900000, 0x00000000c3a00000|  0%| F|  |TAMS 0x00000000c3900000, 0x00000000c3900000| Untracked 
|  16|0x00000000c3a00000, 0x00000000c3a00000, 0x00000000c3b00000|  0%| F|  |TAMS 0x00000000c3a00000, 0x00000000c3a00000| Untracked 
|  17|0x00000000c3b00000, 0x00000000c3b00000, 0x00000000c3c00000|  0%| F|  |TAMS 0x00000000c3b00000, 0x00000000c3b00000| Untracked 
|  18|0x00000000c3c00000, 0x00000000c3c00000, 0x00000000c3d00000|  0%| F|  |TAMS 0x00000000c3c00000, 0x00000000c3c00000| Untracked 
|  19|0x00000000c3d00000, 0x00000000c3d00000, 0x00000000c3e00000|  0%| F|  |TAMS 0x00000000c3d00000, 0x00000000c3d00000| Untracked 
|  20|0x00000000c3e00000, 0x00000000c3e00000, 0x00000000c3f00000|  0%| F|  |TAMS 0x00000000c3e00000, 0x00000000c3e00000| Untracked 
|  21|0x00000000c3f00000, 0x00000000c3f00000, 0x00000000c4000000|  0%| F|  |TAMS 0x00000000c3f00000, 0x00000000c3f00000| Untracked 
|  22|0x00000000c4000000, 0x00000000c4000000, 0x00000000c4100000|  0%| F|  |TAMS 0x00000000c4000000, 0x00000000c4000000| Untracked 
|  23|0x00000000c4100000, 0x00000000c4100000, 0x00000000c4200000|  0%| F|  |TAMS 0x00000000c4100000, 0x00000000c4100000| Untracked 
|  24|0x00000000c4200000, 0x00000000c4200000, 0x00000000c4300000|  0%| F|  |TAMS 0x00000000c4200000, 0x00000000c4200000| Untracked 
|  25|0x00000000c4300000, 0x00000000c4300000, 0x00000000c4400000|  0%| F|  |TAMS 0x00000000c4300000, 0x00000000c4300000| Untracked 
|  26|0x00000000c4400000, 0x00000000c4400000, 0x00000000c4500000|  0%| F|  |TAMS 0x00000000c4400000, 0x00000000c4400000| Untracked 
|  27|0x00000000c4500000, 0x00000000c4500000, 0x00000000c4600000|  0%| F|  |TAMS 0x00000000c4500000, 0x00000000c4500000| Untracked 
|  28|0x00000000c4600000, 0x00000000c4600000, 0x00000000c4700000|  0%| F|  |TAMS 0x00000000c4600000, 0x00000000c4600000| Untracked 
|  29|0x00000000c4700000, 0x00000000c4700000, 0x00000000c4800000|  0%| F|  |TAMS 0x00000000c4700000, 0x00000000c4700000| Untracked 
|  30|0x00000000c4800000, 0x00000000c4800000, 0x00000000c4900000|  0%| F|  |TAMS 0x00000000c4800000, 0x00000000c4800000| Untracked 
|  31|0x00000000c4900000, 0x00000000c4900000, 0x00000000c4a00000|  0%| F|  |TAMS 0x00000000c4900000, 0x00000000c4900000| Untracked 
|  32|0x00000000c4a00000, 0x00000000c4a00000, 0x00000000c4b00000|  0%| F|  |TAMS 0x00000000c4a00000, 0x00000000c4a00000| Untracked 
|  33|0x00000000c4b00000, 0x00000000c4b00000, 0x00000000c4c00000|  0%| F|  |TAMS 0x00000000c4b00000, 0x00000000c4b00000| Untracked 
|  34|0x00000000c4c00000, 0x00000000c4c00000, 0x00000000c4d00000|  0%| F|  |TAMS 0x00000000c4c00000, 0x00000000c4c00000| Untracked 
|  35|0x00000000c4d00000, 0x00000000c4d00000, 0x00000000c4e00000|  0%| F|  |TAMS 0x00000000c4d00000, 0x00000000c4d00000| Untracked 
|  36|0x00000000c4e00000, 0x00000000c4e00000, 0x00000000c4f00000|  0%| F|  |TAMS 0x00000000c4e00000, 0x00000000c4e00000| Untracked 
|  37|0x00000000c4f00000, 0x00000000c4f00000, 0x00000000c5000000|  0%| F|  |TAMS 0x00000000c4f00000, 0x00000000c4f00000| Untracked 
|  38|0x00000000c5000000, 0x00000000c5000000, 0x00000000c5100000|  0%| F|  |TAMS 0x00000000c5000000, 0x00000000c5000000| Untracked 
|  39|0x00000000c5100000, 0x00000000c5100000, 0x00000000c5200000|  0%| F|  |TAMS 0x00000000c5100000, 0x00000000c5100000| Untracked 
|  40|0x00000000c5200000, 0x00000000c5200000, 0x00000000c5300000|  0%| F|  |TAMS 0x00000000c5200000, 0x00000000c5200000| Untracked 
|  41|0x00000000c5300000, 0x00000000c5300000, 0x00000000c5400000|  0%| F|  |TAMS 0x00000000c5300000, 0x00000000c5300000| Untracked 
|  42|0x00000000c5400000, 0x00000000c5400000, 0x00000000c5500000|  0%| F|  |TAMS 0x00000000c5400000, 0x00000000c5400000| Untracked 
|  43|0x00000000c5500000, 0x00000000c5500000, 0x00000000c5600000|  0%| F|  |TAMS 0x00000000c5500000, 0x00000000c5500000| Untracked 
|  44|0x00000000c5600000, 0x00000000c5600000, 0x00000000c5700000|  0%| F|  |TAMS 0x00000000c5600000, 0x00000000c5600000| Untracked 
|  45|0x00000000c5700000, 0x00000000c5700000, 0x00000000c5800000|  0%| F|  |TAMS 0x00000000c5700000, 0x00000000c5700000| Untracked 
|  46|0x00000000c5800000, 0x00000000c5800000, 0x00000000c5900000|  0%| F|  |TAMS 0x00000000c5800000, 0x00000000c5800000| Untracked 
|  47|0x00000000c5900000, 0x00000000c5900000, 0x00000000c5a00000|  0%| F|  |TAMS 0x00000000c5900000, 0x00000000c5900000| Untracked 
|  48|0x00000000c5a00000, 0x00000000c5a00000, 0x00000000c5b00000|  0%| F|  |TAMS 0x00000000c5a00000, 0x00000000c5a00000| Untracked 
|  49|0x00000000c5b00000, 0x00000000c5b00000, 0x00000000c5c00000|  0%| F|  |TAMS 0x00000000c5b00000, 0x00000000c5b00000| Untracked 
|  50|0x00000000c5c00000, 0x00000000c5c00000, 0x00000000c5d00000|  0%| F|  |TAMS 0x00000000c5c00000, 0x00000000c5c00000| Untracked 
|  51|0x00000000c5d00000, 0x00000000c5d00000, 0x00000000c5e00000|  0%| F|  |TAMS 0x00000000c5d00000, 0x00000000c5d00000| Untracked 
|  52|0x00000000c5e00000, 0x00000000c5e00000, 0x00000000c5f00000|  0%| F|  |TAMS 0x00000000c5e00000, 0x00000000c5e00000| Untracked 
|  53|0x00000000c5f00000, 0x00000000c5f00000, 0x00000000c6000000|  0%| F|  |TAMS 0x00000000c5f00000, 0x00000000c5f00000| Untracked 
|  54|0x00000000c6000000, 0x00000000c6000000, 0x00000000c6100000|  0%| F|  |TAMS 0x00000000c6000000, 0x00000000c6000000| Untracked 
|  55|0x00000000c6100000, 0x00000000c6100000, 0x00000000c6200000|  0%| F|  |TAMS 0x00000000c6100000, 0x00000000c6100000| Untracked 
|  56|0x00000000c6200000, 0x00000000c627dc50, 0x00000000c6300000| 49%| E|  |TAMS 0x00000000c6200000, 0x00000000c6200000| Complete 
|  57|0x00000000c6300000, 0x00000000c6400000, 0x00000000c6400000|100%| E|CS|TAMS 0x00000000c6300000, 0x00000000c6300000| Complete 
|  58|0x00000000c6400000, 0x00000000c6500000, 0x00000000c6500000|100%| E|CS|TAMS 0x00000000c6400000, 0x00000000c6400000| Complete 
|  59|0x00000000c6500000, 0x00000000c6600000, 0x00000000c6600000|100%| E|CS|TAMS 0x00000000c6500000, 0x00000000c6500000| Complete 
|  60|0x00000000c6600000, 0x00000000c6700000, 0x00000000c6700000|100%| E|CS|TAMS 0x00000000c6600000, 0x00000000c6600000| Complete 
|  61|0x00000000c6700000, 0x00000000c6800000, 0x00000000c6800000|100%| E|CS|TAMS 0x00000000c6700000, 0x00000000c6700000| Complete 
| 980|0x00000000ffe00000, 0x00000000ffe46000, 0x00000000fff00000| 27%|OA|  |TAMS 0x00000000ffe00000, 0x00000000ffe00000| Untracked 
| 981|0x00000000fff00000, 0x00000000fff8d000, 0x0000000100000000| 55%|CA|  |TAMS 0x00000000fff00000, 0x00000000fff00000| Untracked 

Card table byte_map: [0x00007fc14696d000,0x00007fc146b58000] _byte_map_base: 0x00007fc146358000

Marking Bits (Prev, Next): (CMBitMap*) 0x00007fc1400635f0, (CMBitMap*) 0x00007fc140063630
 Prev Bits: [0x00007fc14582a000, 0x00007fc146782000)
 Next Bits: [0x00007fc1448d2000, 0x00007fc14582a000)

Polling page: 0x00007fc148e2b000

Metaspace:

Usage:
  Non-class:      2.22 MB used.
      Class:    238.11 KB used.
       Both:      2.46 MB used.

Virtual space:
  Non-class space:        8.00 MB reserved,       2.31 MB ( 29%) committed,  1 nodes.
      Class space:        1.00 GB reserved,     320.00 KB ( <1%) committed,  1 nodes.
             Both:        1.01 GB reserved,       2.62 MB ( <1%) committed. 

Chunk freelists:
   Non-Class:  3.47 MB
       Class:  3.66 MB
        Both:  7.12 MB

MaxMetaspaceSize: unlimited
CompressedClassSpaceSize: 1.00 GB
Initial GC threshold: 21.00 MB
Current GC threshold: 21.00 MB
CDS: on
MetaspaceReclaimPolicy: balanced
 - commit_granule_bytes: 65536.
 - commit_granule_words: 8192.
 - virtual_space_node_default_size: 1048576.
 - enlarge_chunks_in_place: 1.
 - new_chunks_are_fully_committed: 0.
 - uncommit_free_chunks: 1.
 - use_allocation_guard: 0.
 - handle_deallocations: 1.


Internal statistics:

num_allocs_failed_limit: 0.
num_arena_births: 24.
num_arena_deaths: 0.
num_vsnodes_births: 2.
num_vsnodes_deaths: 0.
num_space_committed: 42.
num_space_uncommitted: 0.
num_chunks_returned_to_freelist: 0.
num_chunks_taken_from_freelist: 57.
num_chunk_merges: 0.
num_chunk_splits: 36.
num_chunks_enlarged: 27.
num_purges: 0.
num_inconsistent_stats: 0.

CodeHeap 'non-profiled nmethods': size=119472Kb used=138Kb max_used=138Kb free=119334Kb
 bounds [0x00007fc12effd000, 0x00007fc12f26d000, 0x00007fc1364a9000]
CodeHeap 'profiled nmethods': size=119468Kb used=856Kb max_used=856Kb free=118611Kb
 bounds [0x00007fc1274a9000, 0x00007fc127719000, 0x00007fc12e954000]
CodeHeap 'non-nmethods': size=6820Kb used=1132Kb max_used=1133Kb free=5687Kb
 bounds [0x00007fc12e954000, 0x00007fc12ebc4000, 0x00007fc12effd000]
 total_blobs=936 nmethods=519 adapters=338
 compilation: enabled
              stopped_count=0, restarted_count=0
 full_count=0

JVMCI Events (15 events):
Event: 0.005 Thread 0x00007fc140025d40 created new Java JVMCI runtime -1 (0x00007fc1400dde40)
Event: 0.056 Thread 0x00007fc1400f16f0 created new CompileBroker JVMCI runtime 0 (0x00007fc0ec0217f0)
Event: 0.056 Thread 0x00007fc1400f16f0 attached to JVMCI runtime 0
Event: 0.058 Thread 0x00007fc1400f16f0 loaded JVMCI shared library from /home/yst/.jdks/graalvm-ce-17/lib/libjvmcicompiler.so
Event: 0.060 Thread 0x00007fc1400f16f0 created JavaVM[1]@0x00007fc0dbaaaa08 for JVMCI runtime 0
Event: 0.060 Thread 0x00007fc1400f16f0 initializing JVMCI runtime 0
Event: 0.060 Thread 0x00007fc1400f16f0 initializing JavaVM references in JVMCI runtime 0
Event: 0.060 Thread 0x00007fc1400f16f0 initialized JavaVM references in JVMCI runtime 0
Event: 0.061 Thread 0x00007fc1400f16f0 initialized JVMCI runtime 0
Event: 0.103 Thread 0x00007fc1400f16f0 compacted oop handles in JVMCI runtime 0 from 54 to 53
Event: 0.119 Thread 0x00007fc1400f16f0 compacted oop handles in JVMCI runtime 0 from 58 to 57
Event: 0.120 Thread 0x00007fc1400f16f0 compacted oop handles in JVMCI runtime 0 from 58 to 38
Event: 0.120 Thread 0x00007fc1400f16f0 compacted oop handles in JVMCI runtime 0 from 43 to 42
Event: 0.195 Thread 0x00007fc1400f16f0 compacted oop handles in JVMCI runtime 0 from 49 to 41
Event: 0.205 Thread 0x00007fc1400f16f0 compacted oop handles in JVMCI runtime 0 from 58 to 56

Compilation events (20 events):
Event: 0.205 Thread 0x00007fc1400f2c30  512       3       jdk.internal.org.objectweb.asm.ByteVector::put11 (52 bytes)
Event: 0.205 Thread 0x00007fc1400f2c30 nmethod 512 0x00007fc127576f90 code [0x00007fc127577140, 0x00007fc127577340]
Event: 0.205 Thread 0x00007fc1400f2c30  509       3       java.util.ArrayList::iterator (9 bytes)
Event: 0.205 Thread 0x00007fc1400f2c30 nmethod 509 0x00007fc127577490 code [0x00007fc127577640, 0x00007fc1275778d0]
Event: 0.205 Thread 0x00007fc1400f2c30  510       3       java.util.ArrayList$Itr::<init> (26 bytes)
Event: 0.205 Thread 0x00007fc1400f2c30 nmethod 510 0x00007fc127577a10 code [0x00007fc127577bc0, 0x00007fc127577d90]
Event: 0.205 Thread 0x00007fc1400f2c30  513       3       java.lang.String::concat (15 bytes)
Event: 0.206 Thread 0x00007fc1400f2c30 nmethod 513 0x00007fc127577e90 code [0x00007fc1275781e0, 0x00007fc127579880]
Event: 0.207 Thread 0x00007fc1400f2c30  515       3       java.util.zip.ZipFile::ensureOpen (40 bytes)
Event: 0.207 Thread 0x00007fc1400f2c30 nmethod 515 0x00007fc12757a010 code [0x00007fc12757a1e0, 0x00007fc12757a530]
Event: 0.208 Thread 0x00007fc1400f2c30  516  s!   3       jdk.internal.loader.URLClassPath::getLoader (194 bytes)
Event: 0.209 Thread 0x00007fc1400f2c30 nmethod 516 0x00007fc12757a690 code [0x00007fc12757a9a0, 0x00007fc12757c580]
Event: 0.209 Thread 0x00007fc1400f2c30  517   !   3       java.util.jar.JarFile::checkForSpecialAttributes (163 bytes)
Event: 0.209 Thread 0x00007fc1400f16f0 nmethod 511 0x00007fc12f01ec90 code [0x00007fc12f01ee20, 0x00007fc12f01f0c0]
Event: 0.209 Thread 0x00007fc1400f16f0  519       4       java.lang.String::<init> (15 bytes)
Event: 0.209 Thread 0x00007fc1400f2c30 nmethod 517 0x00007fc12757cd90 code [0x00007fc12757d0c0, 0x00007fc12757e650]
Event: 0.209 Thread 0x00007fc1400f2c30  518   !   3       java.util.jar.JarFile::isMultiRelease (33 bytes)
Event: 0.210 Thread 0x00007fc1400f2c30 nmethod 518 0x00007fc12757ee90 code [0x00007fc12757f040, 0x00007fc12757f240]
Event: 0.210 Thread 0x00007fc1400f2c30  520       1       java.lang.reflect.Method::getDeclaringClass (5 bytes)
Event: 0.210 Thread 0x00007fc1400f2c30 nmethod 520 0x00007fc12f01f210 code [0x00007fc12f01f3a0, 0x00007fc12f01f470]

GC Heap History (0 events):
No events

Dll operation events (7 events):
Event: 0.001 Loaded shared library /home/yst/.jdks/graalvm-ce-17/lib/libjava.so
Event: 0.006 Loaded shared library /home/yst/.jdks/graalvm-ce-17/lib/libjsvml.so
Event: 0.058 Loaded shared library /home/yst/.jdks/graalvm-ce-17/lib/libjvmcicompiler.so
Event: 0.070 Loaded shared library /home/yst/.jdks/graalvm-ce-17/lib/libnio.so
Event: 0.078 Loaded shared library /home/yst/.jdks/graalvm-ce-17/lib/libzip.so
Event: 0.097 Loaded shared library /home/yst/.jdks/graalvm-ce-17/lib/libjimage.so
Event: 0.126 Loaded shared library /home/yst/.cache/JNA/temp/jna1152449421435975988.tmp

Deoptimization events (18 events):
Event: 0.080 Thread 0x00007fc140025d40 Uncommon trap: trap_request=0xffffffed fr.pc=0x00007fc12f008ecf relative=0x000000000000012f
Event: 0.080 Thread 0x00007fc140025d40 Uncommon trap: reason=null_assert_or_unreached0 action=reinterpret pc=0x00007fc12f008ecf method=java.util.zip.ZipCoder$UTF8ZipCoder.checkedHash([BII)I @ 67 jvmci
Event: 0.080 Thread 0x00007fc140025d40 DEOPT PACKING pc=0x00007fc12f008ecf sp=0x00007fc147877980
Event: 0.080 Thread 0x00007fc140025d40 DEOPT UNPACKING pc=0x00007fc12e9aac25 sp=0x00007fc147876df0 mode 3
Event: 0.185 Thread 0x00007fc140025d40 DEOPT PACKING pc=0x00007fc1274ede5a sp=0x00007fc1478796f0
Event: 0.185 Thread 0x00007fc140025d40 DEOPT UNPACKING pc=0x00007fc12e9aac25 sp=0x00007fc147878b30 mode 0
Event: 0.188 Thread 0x00007fc140025d40 DEOPT PACKING pc=0x00007fc1274bb2ce sp=0x00007fc1478795c0
Event: 0.188 Thread 0x00007fc140025d40 DEOPT UNPACKING pc=0x00007fc12e9aac25 sp=0x00007fc147878a58 mode 0
Event: 0.190 Thread 0x00007fc140025d40 DEOPT PACKING pc=0x00007fc1274bb2ce sp=0x00007fc147879750
Event: 0.190 Thread 0x00007fc140025d40 DEOPT UNPACKING pc=0x00007fc12e9aac25 sp=0x00007fc147878be8 mode 0
Event: 0.191 Thread 0x00007fc140025d40 DEOPT PACKING pc=0x00007fc1274bb2ce sp=0x00007fc1478796b0
Event: 0.191 Thread 0x00007fc140025d40 DEOPT UNPACKING pc=0x00007fc12e9aac25 sp=0x00007fc147878b48 mode 0
Event: 0.193 Thread 0x00007fc140025d40 DEOPT PACKING pc=0x00007fc1274bb2ce sp=0x00007fc1478796b0
Event: 0.193 Thread 0x00007fc140025d40 DEOPT UNPACKING pc=0x00007fc12e9aac25 sp=0x00007fc147878b48 mode 0
Event: 0.195 Thread 0x00007fc140025d40 DEOPT PACKING pc=0x00007fc1274bb2ce sp=0x00007fc1478794c0
Event: 0.195 Thread 0x00007fc140025d40 DEOPT UNPACKING pc=0x00007fc12e9aac25 sp=0x00007fc147878958 mode 0
Event: 0.196 Thread 0x00007fc140025d40 DEOPT PACKING pc=0x00007fc1274bb2ce sp=0x00007fc1478794b0
Event: 0.196 Thread 0x00007fc140025d40 DEOPT UNPACKING pc=0x00007fc12e9aac25 sp=0x00007fc147878948 mode 0

Classes unloaded (0 events):
No events

Classes redefined (0 events):
No events

Internal exceptions (7 events):
Event: 0.145 Thread 0x00007fc140025d40 Exception <a 'java/lang/NoSuchMethodError'{0x00000000c6474030}: 'java.lang.Object java.lang.invoke.DirectMethodHandle$Holder.invokeStaticInit(java.lang.Object)'> (0x00000000c6474030) 
thrown [src/hotspot/share/interpreter/linkResolver.cpp, line 758]
Event: 0.146 Thread 0x00007fc140025d40 Exception <a 'java/lang/NoSuchMethodError'{0x00000000c647dac0}: 'java.lang.Object java.lang.invoke.DirectMethodHandle$Holder.invokeStaticInit(java.lang.Object, java.lang.Object, long, java.lang.Object)'> (0x00000000c647dac0) 
thrown [src/hotspot/share/interpreter/linkResolver.cpp, line 758]
Event: 0.147 Thread 0x00007fc140025d40 Exception <a 'java/lang/NoSuchMethodError'{0x00000000c64843c8}: 'java.lang.Object java.lang.invoke.DirectMethodHandle$Holder.newInvokeSpecial(java.lang.Object, java.lang.Object, long)'> (0x00000000c64843c8) 
thrown [src/hotspot/share/interpreter/linkResolver.cpp, line 758]
Event: 0.148 Thread 0x00007fc140025d40 Exception <a 'java/lang/NoSuchMethodError'{0x00000000c6488900}: 'java.lang.Object java.lang.invoke.Invokers$Holder.linkToTargetMethod(java.lang.Object, long, java.lang.Object)'> (0x00000000c6488900) 
thrown [src/hotspot/share/interpreter/linkResolver.cpp, line 758]
Event: 0.150 Thread 0x00007fc140025d40 Exception <a 'java/lang/NoSuchMethodError'{0x00000000c6490b90}: 'java.lang.Object java.lang.invoke.DirectMethodHandle$Holder.newInvokeSpecial(java.lang.Object, java.lang.Object, java.lang.Object, int)'> (0x00000000c6490b90) 
thrown [src/hotspot/share/interpreter/linkResolver.cpp, line 758]
Event: 0.151 Thread 0x00007fc140025d40 Exception <a 'java/lang/NoSuchMethodError'{0x00000000c6494f70}: 'java.lang.Object java.lang.invoke.DirectMethodHandle$Holder.invokeSpecial(java.lang.Object, java.lang.Object, java.lang.Object, java.lang.Object, int)'> (0x00000000c6494f70) 
thrown [src/hotspot/share/interpreter/linkResolver.cpp, line 758]
Event: 0.151 Thread 0x00007fc140025d40 Exception <a 'java/lang/NoSuchMethodError'{0x00000000c6498b38}: 'java.lang.Object java.lang.invoke.Invokers$Holder.linkToTargetMethod(java.lang.Object, java.lang.Object, int, java.lang.Object)'> (0x00000000c6498b38) 
thrown [src/hotspot/share/interpreter/linkResolver.cpp, line 758]

VM Operations (4 events):
Event: 0.041 Executing VM operation: HandshakeAllThreads
Event: 0.041 Executing VM operation: HandshakeAllThreads done
Event: 0.138 Executing VM operation: HandshakeAllThreads
Event: 0.138 Executing VM operation: HandshakeAllThreads done

Events (20 events):
Event: 0.180 loading class java/lang/reflect/ProxyGenerator
Event: 0.180 loading class java/lang/reflect/ProxyGenerator done
Event: 0.180 loading class java/lang/reflect/ProxyGenerator$ProxyMethod
Event: 0.180 loading class java/lang/reflect/ProxyGenerator$ProxyMethod done
Event: 0.182 loading class java/lang/reflect/ProxyGenerator$PrimitiveTypeInfo
Event: 0.183 loading class java/lang/reflect/ProxyGenerator$PrimitiveTypeInfo done
Event: 0.183 loading class jdk/internal/org/objectweb/asm/Edge
Event: 0.183 loading class jdk/internal/org/objectweb/asm/Edge done
Event: 0.198 loading class java/lang/reflect/UndeclaredThrowableException
Event: 0.198 loading class java/lang/reflect/UndeclaredThrowableException done
Event: 0.200 loading class java/lang/reflect/Proxy$ProxyBuilder$1
Event: 0.200 loading class java/lang/reflect/Proxy$ProxyBuilder$1 done
Event: 0.205 loading class java/lang/AssertionError
Event: 0.205 loading class java/lang/AssertionError done
Event: 0.205 loading class java/lang/reflect/TypeVariable
Event: 0.205 loading class java/lang/reflect/TypeVariable done
Event: 0.205 loading class java/lang/reflect/AnnotatedType
Event: 0.205 loading class java/lang/reflect/AnnotatedType done
Event: 0.205 loading class java/lang/TypeNotPresentException
Event: 0.205 loading class java/lang/TypeNotPresentException done


Dynamic libraries:
c2a00000-c6800000 rw-p 00000000 00:00 0 
c6800000-ffe00000 ---p 00000000 00:00 0 
ffe00000-ffe46000 rw-p 00c8d000 fd:00 665708                             /home/yst/.jdks/graalvm-ce-17/lib/server/classes.jsa
ffe46000-fff00000 rw-p 00000000 00:00 0 
fff00000-fff8d000 rw-p 00c00000 fd:00 665708                             /home/yst/.jdks/graalvm-ce-17/lib/server/classes.jsa
fff8d000-100000000 rw-p 00000000 00:00 0 
800000000-800449000 rw-p 00001000 fd:00 665708                           /home/yst/.jdks/graalvm-ce-17/lib/server/classes.jsa
800449000-800bc9000 r--p 0044a000 fd:00 665708                           /home/yst/.jdks/graalvm-ce-17/lib/server/classes.jsa
800bc9000-800c00000 ---p 00000000 00:00 0 
800c00000-800c20000 rw-p 00000000 00:00 0 
800c20000-800c40000 ---p 00000000 00:00 0 
800c40000-800c70000 rw-p 00000000 00:00 0 
800c70000-840c00000 ---p 00000000 00:00 0 
5613436d1000-5613436d2000 r-xp 00000000 fd:00 665744                     /home/yst/.jdks/graalvm-ce-17/bin/java
5613436d3000-5613436d4000 r--p 00001000 fd:00 665744                     /home/yst/.jdks/graalvm-ce-17/bin/java
5613436d4000-5613436d5000 rw-p 00002000 fd:00 665744                     /home/yst/.jdks/graalvm-ce-17/bin/java
5613437fd000-561343845000 rw-p 00000000 00:00 0                          [heap]
7fc0cc000000-7fc0cc021000 rw-p 00000000 00:00 0 
7fc0cc021000-7fc0d0000000 ---p 00000000 00:00 0 
7fc0d4000000-7fc0d4021000 rw-p 00000000 00:00 0 
7fc0d4021000-7fc0d8000000 ---p 00000000 00:00 0 
7fc0d8a00000-7fc0d8b00000 rw-p 00000000 00:00 0 
7fc0d8c00000-7fc0d8c1e000 r-xp 00000000 fd:00 667622                     /home/yst/.cache/JNA/temp/jna1152449421435975988.tmp (deleted)
7fc0d8c1e000-7fc0d8e1d000 ---p 0001e000 fd:00 667622                     /home/yst/.cache/JNA/temp/jna1152449421435975988.tmp (deleted)
7fc0d8e1d000-7fc0d8e1e000 rw-p 0001d000 fd:00 667622                     /home/yst/.cache/JNA/temp/jna1152449421435975988.tmp (deleted)
7fc0d8e1e000-7fc0d8e1f000 rw-p 00000000 00:00 0 
7fc0d8ec0000-7fc0d8ed9000 r--p 00000000 fd:00 793108                     /usr/lib/x86_64-linux-gnu/libX11.so.6.4.0
7fc0d8ed9000-7fc0d8f65000 r-xp 00019000 fd:00 793108                     /usr/lib/x86_64-linux-gnu/libX11.so.6.4.0
7fc0d8f65000-7fc0d8ffa000 r--p 000a5000 fd:00 793108                     /usr/lib/x86_64-linux-gnu/libX11.so.6.4.0
7fc0d8ffa000-7fc0d8ffb000 ---p 0013a000 fd:00 793108                     /usr/lib/x86_64-linux-gnu/libX11.so.6.4.0
7fc0d8ffb000-7fc0d8ffc000 r--p 0013a000 fd:00 793108                     /usr/lib/x86_64-linux-gnu/libX11.so.6.4.0
7fc0d8ffc000-7fc0d9000000 rw-p 0013b000 fd:00 793108                     /usr/lib/x86_64-linux-gnu/libX11.so.6.4.0
7fc0d9000000-7fc0d9100000 rw-p 00000000 00:00 0 
7fc0d9200000-7fc0d9300000 rw-p 00000000 00:00 0 
7fc0d9400000-7fc0d9500000 rw-p 00000000 00:00 0 
7fc0d9600000-7fc0d9700000 rw-p 00000000 00:00 0 
7fc0d9800000-7fc0d9900000 rw-p 00000000 00:00 0 
7fc0d9a00000-7fc0d9b00000 rw-p 00000000 00:00 0 
7fc0d9c00000-7fc0d9d00000 rw-p 00000000 00:00 0 
7fc0d9e00000-7fc0d9f00000 rw-p 00000000 00:00 0 
7fc0da000000-7fc0da100000 rw-p 00000000 00:00 0 
7fc0da200000-7fc0da300000 rw-p 00000000 00:00 0 
7fc0da400000-7fc0da500000 rw-p 00000000 00:00 0 
7fc0da600000-7fc0da700000 rw-p 00000000 00:00 0 
7fc0da800000-7fc0da900000 rw-p 00000000 00:00 0 
7fc0daa00000-7fc0dab00000 rw-p 00000000 00:00 0 
7fc0dac00000-7fc0dad00000 rw-p 00000000 00:00 0 
7fc0dae00000-7fc0daf00000 ---p 00000000 00:00 0 
7fc0daf00000-7fc0db4b2000 r--p 01183000 fd:00 665569                     /home/yst/.jdks/graalvm-ce-17/lib/libjvmcicompiler.so
7fc0db4b2000-7fc0db600000 r--p 00000000 00:00 0 
7fc0db600000-7fc0db641000 rw-p 00000000 00:00 0 
7fc0db641000-7fc0dbb5d000 rw-p 018c4000 fd:00 665569                     /home/yst/.jdks/graalvm-ce-17/lib/libjvmcicompiler.so
7fc0dbb5d000-7fc0dbf4e000 r--p 01de0000 fd:00 665569                     /home/yst/.jdks/graalvm-ce-17/lib/libjvmcicompiler.so
7fc0dc000000-7fc0dc021000 rw-p 00000000 00:00 0 
7fc0dc021000-7fc0e0000000 ---p 00000000 00:00 0 
7fc0e0000000-7fc0e0021000 rw-p 00000000 00:00 0 
7fc0e0021000-7fc0e4000000 ---p 00000000 00:00 0 
7fc0e4000000-7fc0e4021000 rw-p 00000000 00:00 0 
7fc0e4021000-7fc0e8000000 ---p 00000000 00:00 0 
7fc0e8000000-7fc0e8021000 rw-p 00000000 00:00 0 
7fc0e8021000-7fc0ec000000 ---p 00000000 00:00 0 
7fc0ec000000-7fc0ec042000 rw-p 00000000 00:00 0 
7fc0ec042000-7fc0f0000000 ---p 00000000 00:00 0 
7fc0f0000000-7fc0f0206000 rw-p 00000000 00:00 0 
7fc0f0206000-7fc0f4000000 ---p 00000000 00:00 0 
7fc0f4000000-7fc0f4021000 rw-p 00000000 00:00 0 
7fc0f4021000-7fc0f8000000 ---p 00000000 00:00 0 
7fc0f8000000-7fc0f8021000 rw-p 00000000 00:00 0 
7fc0f8021000-7fc0fc000000 ---p 00000000 00:00 0 
7fc0fc000000-7fc0fc021000 rw-p 00000000 00:00 0 
7fc0fc021000-7fc100000000 ---p 00000000 00:00 0 
7fc100000000-7fc100021000 rw-p 00000000 00:00 0 
7fc100021000-7fc104000000 ---p 00000000 00:00 0 
7fc104000000-7fc104100000 rw-p 00000000 00:00 0 
7fc104200000-7fc104300000 rw-p 00000000 00:00 0 
7fc104400000-7fc104500000 rw-p 00000000 00:00 0 
7fc104600000-7fc104700000 rw-p 00000000 00:00 0 
7fc104800000-7fc104900000 rw-p 00000000 00:00 0 
7fc104a00000-7fc104b00000 rw-p 00000000 00:00 0 
7fc104c00000-7fc104d00000 rw-p 00000000 00:00 0 
7fc104e00000-7fc104f00000 rw-p 00000000 00:00 0 
7fc104f00000-7fc104f04000 ---p 00000000 00:00 0 
7fc104f04000-7fc105000000 rw-p 00000000 00:00 0 
7fc105000000-7fc1071d5000 r-xp 00000000 fd:00 665569                     /home/yst/.jdks/graalvm-ce-17/lib/libjvmcicompiler.so
7fc1071d5000-7fc1073d4000 ---p 021d5000 fd:00 665569                     /home/yst/.jdks/graalvm-ce-17/lib/libjvmcicompiler.so
7fc1073d4000-7fc1073d5000 r--p 021d4000 fd:00 665569                     /home/yst/.jdks/graalvm-ce-17/lib/libjvmcicompiler.so
7fc1073d5000-7fc1073d8000 rw-p 021d5000 fd:00 665569                     /home/yst/.jdks/graalvm-ce-17/lib/libjvmcicompiler.so
7fc107415000-7fc107416000 ---p 00000000 00:00 0 
7fc107416000-7fc107517000 rw-p 00000000 00:00 0 
7fc107517000-7fc10751b000 ---p 00000000 00:00 0 
7fc10751b000-7fc107617000 rw-p 00000000 00:00 0 
7fc107617000-7fc10761b000 ---p 00000000 00:00 0 
7fc10761b000-7fc107717000 rw-p 00000000 00:00 0 
7fc107717000-7fc10771b000 ---p 00000000 00:00 0 
7fc10771b000-7fc107817000 rw-p 00000000 00:00 0 
7fc107817000-7fc10781b000 ---p 00000000 00:00 0 
7fc10781b000-7fc107a17000 rw-p 00000000 00:00 0 
7fc107a17000-7fc107a1b000 ---p 00000000 00:00 0 
7fc107a1b000-7fc107c17000 rw-p 00000000 00:00 0 
7fc107c17000-7fc107c1b000 ---p 00000000 00:00 0 
7fc107c1b000-7fc107d17000 rw-p 00000000 00:00 0 
7fc107d17000-7fc108000000 r--p 00000000 fd:00 786433                     /usr/lib/locale/locale-archive
7fc108000000-7fc108021000 rw-p 00000000 00:00 0 
7fc108021000-7fc10c000000 ---p 00000000 00:00 0 
7fc10c000000-7fc10c021000 rw-p 00000000 00:00 0 
7fc10c021000-7fc110000000 ---p 00000000 00:00 0 
7fc110000000-7fc110021000 rw-p 00000000 00:00 0 
7fc110021000-7fc114000000 ---p 00000000 00:00 0 
7fc114000000-7fc114021000 rw-p 00000000 00:00 0 
7fc114021000-7fc118000000 ---p 00000000 00:00 0 
7fc118000000-7fc118021000 rw-p 00000000 00:00 0 
7fc118021000-7fc11c000000 ---p 00000000 00:00 0 
7fc11c000000-7fc11c021000 rw-p 00000000 00:00 0 
7fc11c021000-7fc120000000 ---p 00000000 00:00 0 
7fc120000000-7fc120021000 rw-p 00000000 00:00 0 
7fc120021000-7fc124000000 ---p 00000000 00:00 0 
7fc124000000-7fc124004000 ---p 00000000 00:00 0 
7fc124004000-7fc124100000 rw-p 00000000 00:00 0 
7fc124100000-7fc124104000 ---p 00000000 00:00 0 
7fc124104000-7fc124200000 rw-p 00000000 00:00 0 
7fc124200000-7fc124204000 ---p 00000000 00:00 0 
7fc124204000-7fc124300000 rw-p 00000000 00:00 0 
7fc124300000-7fc124304000 ---p 00000000 00:00 0 
7fc124304000-7fc1245c0000 rw-p 00000000 00:00 0 
7fc1245c0000-7fc124800000 ---p 00000000 00:00 0 
7fc124800000-7fc124890000 rw-p 00000000 00:00 0 
7fc124890000-7fc124c00000 ---p 00000000 00:00 0 
7fc124c1b000-7fc124c1d000 r--p 00000000 fd:00 793258                     /usr/lib/x86_64-linux-gnu/libmd.so.0.0.5
7fc124c1d000-7fc124c24000 r-xp 00002000 fd:00 793258                     /usr/lib/x86_64-linux-gnu/libmd.so.0.0.5
7fc124c24000-7fc124c26000 r--p 00009000 fd:00 793258                     /usr/lib/x86_64-linux-gnu/libmd.so.0.0.5
7fc124c26000-7fc124c27000 r--p 0000a000 fd:00 793258                     /usr/lib/x86_64-linux-gnu/libmd.so.0.0.5
7fc124c27000-7fc124c28000 rw-p 0000b000 fd:00 793258                     /usr/lib/x86_64-linux-gnu/libmd.so.0.0.5
7fc124c28000-7fc124c2c000 r--p 00000000 fd:00 793142                     /usr/lib/x86_64-linux-gnu/libbsd.so.0.11.5
7fc124c2c000-7fc124c39000 r-xp 00004000 fd:00 793142                     /usr/lib/x86_64-linux-gnu/libbsd.so.0.11.5
7fc124c39000-7fc124c3c000 r--p 00011000 fd:00 793142                     /usr/lib/x86_64-linux-gnu/libbsd.so.0.11.5
7fc124c3c000-7fc124c3d000 ---p 00014000 fd:00 793142                     /usr/lib/x86_64-linux-gnu/libbsd.so.0.11.5
7fc124c3d000-7fc124c3e000 r--p 00014000 fd:00 793142                     /usr/lib/x86_64-linux-gnu/libbsd.so.0.11.5
7fc124c3e000-7fc124c3f000 rw-p 00015000 fd:00 793142                     /usr/lib/x86_64-linux-gnu/libbsd.so.0.11.5
7fc124c3f000-7fc124c40000 rw-p 00000000 00:00 0 
7fc124c40000-7fc124c42000 r--p 00000000 fd:00 793110                     /usr/lib/x86_64-linux-gnu/libXdmcp.so.6.0.0
7fc124c42000-7fc124c44000 r-xp 00002000 fd:00 793110                     /usr/lib/x86_64-linux-gnu/libXdmcp.so.6.0.0
7fc124c44000-7fc124c46000 r--p 00004000 fd:00 793110                     /usr/lib/x86_64-linux-gnu/libXdmcp.so.6.0.0
7fc124c46000-7fc124c47000 r--p 00005000 fd:00 793110                     /usr/lib/x86_64-linux-gnu/libXdmcp.so.6.0.0
7fc124c47000-7fc124c48000 rw-p 00006000 fd:00 793110                     /usr/lib/x86_64-linux-gnu/libXdmcp.so.6.0.0
7fc124c48000-7fc124c49000 r--p 00000000 fd:00 793109                     /usr/lib/x86_64-linux-gnu/libXau.so.6.0.0
7fc124c49000-7fc124c4b000 r-xp 00001000 fd:00 793109                     /usr/lib/x86_64-linux-gnu/libXau.so.6.0.0
7fc124c4b000-7fc124c4c000 r--p 00003000 fd:00 793109                     /usr/lib/x86_64-linux-gnu/libXau.so.6.0.0
7fc124c4c000-7fc124c4d000 r--p 00003000 fd:00 793109                     /usr/lib/x86_64-linux-gnu/libXau.so.6.0.0
7fc124c4d000-7fc124c4e000 rw-p 00004000 fd:00 793109                     /usr/lib/x86_64-linux-gnu/libXau.so.6.0.0
7fc124c4e000-7fc124c59000 r--p 00000000 fd:00 793392                     /usr/lib/x86_64-linux-gnu/libxcb.so.1.1.0
7fc124c59000-7fc124c6d000 r-xp 0000b000 fd:00 793392                     /usr/lib/x86_64-linux-gnu/libxcb.so.1.1.0
7fc124c6d000-7fc124c76000 r--p 0001f000 fd:00 793392                     /usr/lib/x86_64-linux-gnu/libxcb.so.1.1.0
7fc124c76000-7fc124c77000 r--p 00027000 fd:00 793392                     /usr/lib/x86_64-linux-gnu/libxcb.so.1.1.0
7fc124c77000-7fc124c78000 rw-p 00028000 fd:00 793392                     /usr/lib/x86_64-linux-gnu/libxcb.so.1.1.0
7fc124c78000-7fc124c7f000 r--s 00000000 fd:00 922089                     /usr/lib/x86_64-linux-gnu/gconv/gconv-modules.cache
7fc124c7f000-7fc124c83000 ---p 00000000 00:00 0 
7fc124c83000-7fc124ca1000 rw-p 00000000 00:00 0 
7fc124ca1000-7fc124ca8000 r-xp 00000000 fd:00 665631                     /home/yst/.jdks/graalvm-ce-17/lib/libzip.so
7fc124ca8000-7fc124ca9000 ---p 00007000 fd:00 665631                     /home/yst/.jdks/graalvm-ce-17/lib/libzip.so
7fc124ca9000-7fc124caa000 r--p 00007000 fd:00 665631                     /home/yst/.jdks/graalvm-ce-17/lib/libzip.so
7fc124caa000-7fc124cab000 rw-p 00008000 fd:00 665631                     /home/yst/.jdks/graalvm-ce-17/lib/libzip.so
7fc124cab000-7fc124cdc000 rw-p 00000000 00:00 0 
7fc124cdc000-7fc124cf1000 r-xp 00000000 fd:00 665628                     /home/yst/.jdks/graalvm-ce-17/lib/libnet.so
7fc124cf1000-7fc124cf2000 ---p 00015000 fd:00 665628                     /home/yst/.jdks/graalvm-ce-17/lib/libnet.so
7fc124cf2000-7fc124cf3000 r--p 00015000 fd:00 665628                     /home/yst/.jdks/graalvm-ce-17/lib/libnet.so
7fc124cf3000-7fc124cf4000 rw-p 00016000 fd:00 665628                     /home/yst/.jdks/graalvm-ce-17/lib/libnet.so
7fc124cf4000-7fc124cf5000 ---p 00000000 00:00 0 
7fc124cf5000-7fc124df6000 rw-p 00000000 00:00 0 
7fc124df6000-7fc124ec4000 r-xp 00000000 fd:00 665692                     /home/yst/.jdks/graalvm-ce-17/lib/libjsvml.so
7fc124ec4000-7fc124ec5000 r--p 000cd000 fd:00 665692                     /home/yst/.jdks/graalvm-ce-17/lib/libjsvml.so
7fc124ec5000-7fc124ec6000 rw-p 000ce000 fd:00 665692                     /home/yst/.jdks/graalvm-ce-17/lib/libjsvml.so
7fc124ec6000-7fc124fa2000 rw-p 00000000 00:00 0 
7fc124fa2000-7fc124fa3000 ---p 00000000 00:00 0 
7fc124fa3000-7fc1250a4000 rw-p 00000000 00:00 0 
7fc1250a4000-7fc1250a5000 ---p 00000000 00:00 0 
7fc1250a5000-7fc1274a9000 rw-p 00000000 00:00 0 
7fc1274a9000-7fc127719000 rwxp 00000000 00:00 0 
7fc127719000-7fc12e954000 ---p 00000000 00:00 0 
7fc12e954000-7fc12ebc4000 rwxp 00000000 00:00 0 
7fc12ebc4000-7fc12effd000 ---p 00000000 00:00 0 
7fc12effd000-7fc12f26d000 rwxp 00000000 00:00 0 
7fc12f26d000-7fc1364a9000 ---p 00000000 00:00 0 
7fc1364a9000-7fc140000000 r--s 00000000 fd:00 665619                     /home/yst/.jdks/graalvm-ce-17/lib/modules
7fc140000000-7fc140218000 rw-p 00000000 00:00 0 
7fc140218000-7fc144000000 ---p 00000000 00:00 0 
7fc144000000-7fc144013000 r-xp 00000000 fd:00 665629                     /home/yst/.jdks/graalvm-ce-17/lib/libnio.so
7fc144013000-7fc144014000 r--p 00012000 fd:00 665629                     /home/yst/.jdks/graalvm-ce-17/lib/libnio.so
7fc144014000-7fc144015000 rw-p 00013000 fd:00 665629                     /home/yst/.jdks/graalvm-ce-17/lib/libnio.so
7fc144015000-7fc14458c000 rw-p 00000000 00:00 0 
7fc14458c000-7fc14458d000 ---p 00000000 00:00 0 
7fc14458d000-7fc14468e000 rw-p 00000000 00:00 0 
7fc14468e000-7fc14468f000 ---p 00000000 00:00 0 
7fc14468f000-7fc144790000 rw-p 00000000 00:00 0 
7fc144790000-7fc144791000 ---p 00000000 00:00 0 
7fc144791000-7fc1449ca000 rw-p 00000000 00:00 0 
7fc1449ca000-7fc145822000 ---p 00000000 00:00 0 
7fc145822000-7fc145922000 rw-p 00000000 00:00 0 
7fc145922000-7fc14677a000 ---p 00000000 00:00 0 
7fc14677a000-7fc1467a1000 rw-p 00000000 00:00 0 
7fc1467a1000-7fc14696c000 ---p 00000000 00:00 0 
7fc14696c000-7fc14698c000 rw-p 00000000 00:00 0 
7fc14698c000-7fc146b57000 ---p 00000000 00:00 0 
7fc146b57000-7fc146b77000 rw-p 00000000 00:00 0 
7fc146b77000-7fc146d42000 ---p 00000000 00:00 0 
7fc146d42000-7fc147550000 rw-p 00000000 00:00 0 
7fc147550000-7fc147635000 ---p 00000000 00:00 0 
7fc147635000-7fc14763a000 rw-p 00000000 00:00 0 
7fc14763a000-7fc14771f000 ---p 00000000 00:00 0 
7fc14771f000-7fc147724000 rw-p 00000000 00:00 0 
7fc147724000-7fc14772d000 ---p 00000000 00:00 0 
7fc14772d000-7fc147751000 r-xp 00000000 fd:00 665624                     /home/yst/.jdks/graalvm-ce-17/lib/libjava.so
7fc147751000-7fc147752000 ---p 00024000 fd:00 665624                     /home/yst/.jdks/graalvm-ce-17/lib/libjava.so
7fc147752000-7fc147753000 r--p 00024000 fd:00 665624                     /home/yst/.jdks/graalvm-ce-17/lib/libjava.so
7fc147753000-7fc147754000 rw-p 00025000 fd:00 665624                     /home/yst/.jdks/graalvm-ce-17/lib/libjava.so
7fc147754000-7fc147755000 rw-p 00000000 00:00 0 
7fc147755000-7fc14775d000 rw-s 00000000 fd:00 269408                     /tmp/hsperfdata_yst/47095
7fc14775d000-7fc147778000 r-xp 00000000 fd:00 665625                     /home/yst/.jdks/graalvm-ce-17/lib/libjimage.so
7fc147778000-7fc147779000 ---p 0001b000 fd:00 665625                     /home/yst/.jdks/graalvm-ce-17/lib/libjimage.so
7fc147779000-7fc14777b000 r--p 0001b000 fd:00 665625                     /home/yst/.jdks/graalvm-ce-17/lib/libjimage.so
7fc14777b000-7fc14777c000 rw-p 0001d000 fd:00 665625                     /home/yst/.jdks/graalvm-ce-17/lib/libjimage.so
7fc14777c000-7fc147780000 ---p 00000000 00:00 0 
7fc147780000-7fc14787c000 rw-p 00000000 00:00 0 
7fc14787c000-7fc14788a000 r--p 00000000 fd:00 793254                     /usr/lib/x86_64-linux-gnu/libm.so.6
7fc14788a000-7fc147906000 r-xp 0000e000 fd:00 793254                     /usr/lib/x86_64-linux-gnu/libm.so.6
7fc147906000-7fc147961000 r--p 0008a000 fd:00 793254                     /usr/lib/x86_64-linux-gnu/libm.so.6
7fc147961000-7fc147962000 r--p 000e4000 fd:00 793254                     /usr/lib/x86_64-linux-gnu/libm.so.6
7fc147962000-7fc147963000 rw-p 000e5000 fd:00 793254                     /usr/lib/x86_64-linux-gnu/libm.so.6
7fc147963000-7fc147964000 r--p 00000000 fd:00 793332                     /usr/lib/x86_64-linux-gnu/librt.so.1
7fc147964000-7fc147965000 r-xp 00001000 fd:00 793332                     /usr/lib/x86_64-linux-gnu/librt.so.1
7fc147965000-7fc147966000 r--p 00002000 fd:00 793332                     /usr/lib/x86_64-linux-gnu/librt.so.1
7fc147966000-7fc147967000 r--p 00002000 fd:00 793332                     /usr/lib/x86_64-linux-gnu/librt.so.1
7fc147967000-7fc147968000 rw-p 00003000 fd:00 793332                     /usr/lib/x86_64-linux-gnu/librt.so.1
7fc147968000-7fc148a80000 r-xp 00000000 fd:00 665707                     /home/yst/.jdks/graalvm-ce-17/lib/server/libjvm.so
7fc148a80000-7fc148a81000 ---p 01118000 fd:00 665707                     /home/yst/.jdks/graalvm-ce-17/lib/server/libjvm.so
7fc148a81000-7fc148b36000 r--p 01118000 fd:00 665707                     /home/yst/.jdks/graalvm-ce-17/lib/server/libjvm.so
7fc148b36000-7fc148b6a000 rw-p 011cd000 fd:00 665707                     /home/yst/.jdks/graalvm-ce-17/lib/server/libjvm.so
7fc148b6a000-7fc148bc7000 rw-p 00000000 00:00 0 
7fc148bc7000-7fc148bef000 r--p 00000000 fd:00 793144                     /usr/lib/x86_64-linux-gnu/libc.so.6
7fc148bef000-7fc148d84000 r-xp 00028000 fd:00 793144                     /usr/lib/x86_64-linux-gnu/libc.so.6
7fc148d84000-7fc148ddc000 r--p 001bd000 fd:00 793144                     /usr/lib/x86_64-linux-gnu/libc.so.6
7fc148ddc000-7fc148de0000 r--p 00214000 fd:00 793144                     /usr/lib/x86_64-linux-gnu/libc.so.6
7fc148de0000-7fc148de2000 rw-p 00218000 fd:00 793144                     /usr/lib/x86_64-linux-gnu/libc.so.6
7fc148de2000-7fc148def000 rw-p 00000000 00:00 0 
7fc148def000-7fc148df0000 r--p 00000000 fd:00 793163                     /usr/lib/x86_64-linux-gnu/libdl.so.2
7fc148df0000-7fc148df1000 r-xp 00001000 fd:00 793163                     /usr/lib/x86_64-linux-gnu/libdl.so.2
7fc148df1000-7fc148df2000 r--p 00002000 fd:00 793163                     /usr/lib/x86_64-linux-gnu/libdl.so.2
7fc148df2000-7fc148df3000 r--p 00002000 fd:00 793163                     /usr/lib/x86_64-linux-gnu/libdl.so.2
7fc148df3000-7fc148df4000 rw-p 00003000 fd:00 793163                     /usr/lib/x86_64-linux-gnu/libdl.so.2
7fc148df4000-7fc148df5000 r--p 00000000 fd:00 793327                     /usr/lib/x86_64-linux-gnu/libpthread.so.0
7fc148df5000-7fc148df6000 r-xp 00001000 fd:00 793327                     /usr/lib/x86_64-linux-gnu/libpthread.so.0
7fc148df6000-7fc148df7000 r--p 00002000 fd:00 793327                     /usr/lib/x86_64-linux-gnu/libpthread.so.0
7fc148df7000-7fc148df8000 r--p 00002000 fd:00 793327                     /usr/lib/x86_64-linux-gnu/libpthread.so.0
7fc148df8000-7fc148df9000 rw-p 00003000 fd:00 793327                     /usr/lib/x86_64-linux-gnu/libpthread.so.0
7fc148df9000-7fc148e07000 r-xp 00000000 fd:00 665626                     /home/yst/.jdks/graalvm-ce-17/lib/libjli.so
7fc148e07000-7fc148e08000 ---p 0000e000 fd:00 665626                     /home/yst/.jdks/graalvm-ce-17/lib/libjli.so
7fc148e08000-7fc148e09000 r--p 0000e000 fd:00 665626                     /home/yst/.jdks/graalvm-ce-17/lib/libjli.so
7fc148e09000-7fc148e0a000 rw-p 0000f000 fd:00 665626                     /home/yst/.jdks/graalvm-ce-17/lib/libjli.so
7fc148e0a000-7fc148e0c000 r--p 00000000 fd:00 786979                     /usr/lib/x86_64-linux-gnu/libz.so.1.2.11
7fc148e0c000-7fc148e1d000 r-xp 00002000 fd:00 786979                     /usr/lib/x86_64-linux-gnu/libz.so.1.2.11
7fc148e1d000-7fc148e23000 r--p 00013000 fd:00 786979                     /usr/lib/x86_64-linux-gnu/libz.so.1.2.11
7fc148e23000-7fc148e24000 ---p 00019000 fd:00 786979                     /usr/lib/x86_64-linux-gnu/libz.so.1.2.11
7fc148e24000-7fc148e25000 r--p 00019000 fd:00 786979                     /usr/lib/x86_64-linux-gnu/libz.so.1.2.11
7fc148e25000-7fc148e26000 rw-p 0001a000 fd:00 786979                     /usr/lib/x86_64-linux-gnu/libz.so.1.2.11
7fc148e2b000-7fc148e2c000 ---p 00000000 00:00 0 
7fc148e2c000-7fc148e2d000 r--p 00000000 00:00 0 
7fc148e2d000-7fc148e2f000 rw-p 00000000 00:00 0 
7fc148e2f000-7fc148e31000 r--p 00000000 fd:00 793105                     /usr/lib/x86_64-linux-gnu/ld-linux-x86-64.so.2
7fc148e31000-7fc148e5b000 r-xp 00002000 fd:00 793105                     /usr/lib/x86_64-linux-gnu/ld-linux-x86-64.so.2
7fc148e5b000-7fc148e66000 r--p 0002c000 fd:00 793105                     /usr/lib/x86_64-linux-gnu/ld-linux-x86-64.so.2
7fc148e66000-7fc148e67000 ---p 00000000 00:00 0 
7fc148e67000-7fc148e69000 r--p 00037000 fd:00 793105                     /usr/lib/x86_64-linux-gnu/ld-linux-x86-64.so.2
7fc148e69000-7fc148e6b000 rw-p 00039000 fd:00 793105                     /usr/lib/x86_64-linux-gnu/ld-linux-x86-64.so.2
7ffc71264000-7ffc71285000 rw-p 00000000 00:00 0                          [stack]
7ffc7130e000-7ffc71312000 r--p 00000000 00:00 0                          [vvar]
7ffc71312000-7ffc71314000 r-xp 00000000 00:00 0                          [vdso]
ffffffffff600000-ffffffffff601000 --xp 00000000 00:00 0                  [vsyscall]


VM Arguments:
jvm_args: -XX:ThreadPriorityPolicy=1 -XX:+UnlockExperimentalVMOptions -XX:+EnableJVMCIProduct -XX:JVMCIThreadsPerNativeLibraryRuntime=1 -XX:-UnlockExperimentalVMOptions -Dfile.encoding=UTF-8 -Duser.country=US -Duser.language=en -Duser.variant 
java_command: cf.thdisstudio.afioaos.compositor.Main
java_class_path (initial): /home/yst/IdeaProjects/WindowManager/build/classes/java/main:/home/yst/IdeaProjects/WindowManager/build/resources/main:/home/yst/.gradle/caches/modules-2/files-2.1/net.java.dev.jna/jna-platform/5.13.0/88e9a306715e9379f3122415ef4ae759a352640d/jna-platform-5.13.0.jar:/home/yst/.gradle/caches/modules-2/files-2.1/net.java.dev.jna/jna/5.13.0/1200e7ebeedbe0d10062093f32925a912020e747/jna-5.13.0.jar
Launcher Type: SUN_STANDARD

[Global flags]
     intx CICompilerCount                          = 4                                         {product} {ergonomic}
     uint ConcGCThreads                            = 2                                         {product} {ergonomic}
     bool EnableJVMCIProduct                       = true                                {JVMCI product} {jimage}
     uint G1ConcRefinementThreads                  = 8                                         {product} {ergonomic}
   size_t G1HeapRegionSize                         = 1048576                                   {product} {ergonomic}
    uintx GCDrainStackTargetSize                   = 64                                        {product} {ergonomic}
   size_t InitialHeapSize                          = 65011712                                  {product} {ergonomic}
     uint JVMCIThreadsPerNativeLibraryRuntime      = 1                                   {JVMCI product} {jimage}
   size_t MarkStackSize                            = 4194304                                   {product} {ergonomic}
   size_t MaxHeapSize                              = 1029701632                                {product} {ergonomic}
   size_t MaxNewSize                               = 617611264                                 {product} {ergonomic}
   size_t MinHeapDeltaBytes                        = 1048576                                   {product} {ergonomic}
   size_t MinHeapSize                              = 8388608                                   {product} {ergonomic}
    uintx NonNMethodCodeHeapSize                   = 6979620                                {pd product} {ergonomic}
    uintx NonProfiledCodeHeapSize                  = 122339310                              {pd product} {ergonomic}
    uintx ProfiledCodeHeapSize                     = 122339310                              {pd product} {ergonomic}
    uintx ReservedCodeCacheSize                    = 251658240                              {pd product} {ergonomic}
     bool SegmentedCodeCache                       = true                                      {product} {ergonomic}
   size_t SoftMaxHeapSize                          = 1029701632                             {manageable} {ergonomic}
     intx ThreadPriorityPolicy                     = 1                                         {product} {jimage}
     bool UseCompressedClassPointers               = true                           {product lp64_product} {ergonomic}
     bool UseCompressedOops                        = true                           {product lp64_product} {ergonomic}
     bool UseG1GC                                  = true                                      {product} {ergonomic}

Logging:
Log output configuration:
 #0: stdout all=warning uptime,level,tags
 #1: stderr all=off uptime,level,tags

Environment Variables:
PATH=/usr/local/sbin:/usr/local/bin:/usr/sbin:/usr/bin:/sbin:/bin:/usr/games:/usr/local/games:/snap/bin
SHELL=/bin/bash
LANG=en_US.UTF-8
TERM=vt100

Signal Handlers:
   SIGSEGV: crash_handler in libjvm.so, mask=11100100010111111101111111111110, flags=SA_RESTART|SA_SIGINFO
    SIGBUS: crash_handler in libjvm.so, mask=11100100010111111101111111111110, flags=SA_RESTART|SA_SIGINFO
    SIGFPE: crash_handler in libjvm.so, mask=11100100010111111101111111111110, flags=SA_RESTART|SA_SIGINFO
   SIGPIPE: IsolateEnterStub_IgnoreSIGPIPEStartupHook_noopSignalHandler_e7f927579b58c552540f032273d7664341ccbaa6_76208cad888c6e1fb3760e66784fb81a9ad004e5 in libjvmcicompiler.so, mask=00000000000000000000000000000000, flags=SA_RESTART
  *** Handler was modified!
  *** Expected: javaSignalHandler in libjvm.so, mask=11100100110111111111111111111110, flags=SA_RESTART|SA_SIGINFO
   SIGXFSZ: javaSignalHandler in libjvm.so, mask=11100100010111111101111111111110, flags=SA_RESTART|SA_SIGINFO
    SIGILL: crash_handler in libjvm.so, mask=11100100010111111101111111111110, flags=SA_RESTART|SA_SIGINFO
   SIGUSR2: SR_handler in libjvm.so, mask=00100000000000000000000000000000, flags=SA_RESTART|SA_SIGINFO
    SIGHUP: SIG_IGN, mask=00000000000000000000000000000000, flags=none
    SIGINT: UserHandler in libjvm.so, mask=11100100010111111101111111111110, flags=SA_RESTART|SA_SIGINFO
   SIGTERM: UserHandler in libjvm.so, mask=11100100010111111101111111111110, flags=SA_RESTART|SA_SIGINFO
   SIGQUIT: UserHandler in libjvm.so, mask=11100100010111111101111111111110, flags=SA_RESTART|SA_SIGINFO
   SIGTRAP: crash_handler in libjvm.so, mask=11100100010111111101111111111110, flags=SA_RESTART|SA_SIGINFO


---------------  S Y S T E M  ---------------

OS:
DISTRIB_ID=Ubuntu
DISTRIB_RELEASE=22.04
DISTRIB_CODENAME=jammy
DISTRIB_DESCRIPTION="Ubuntu 22.04.1 LTS"
uname: Linux 5.15.0-58-generic #64-Ubuntu SMP Thu Jan 5 11:43:13 UTC 2023 x86_64
OS uptime: 0 days 4:54 hours
libc: glibc 2.35 NPTL 2.35 
rlimit (soft/hard): STACK 8192k/infinity , CORE 0k/infinity , NPROC 15246/15246 , NOFILE 1048576/1048576 , AS infinity/infinity , CPU infinity/infinity , DATA infinity/infinity , FSIZE infinity/infinity , MEMLOCK 502096k/502096k
load average: 0.20 0.34 0.39

/proc/meminfo:
MemTotal:        4016768 kB
MemFree:          128068 kB
MemAvailable:     112152 kB
Buffers:            2216 kB
Cached:           169104 kB
SwapCached:        26128 kB
Active:          1557536 kB
Inactive:        2122116 kB
Active(anon):    1463736 kB
Inactive(anon):  2054464 kB
Active(file):      93800 kB
Inactive(file):    67652 kB
Unevictable:       27876 kB
Mlocked:           27876 kB
SwapTotal:       4018172 kB
SwapFree:        2993080 kB
Dirty:             12888 kB
Writeback:             0 kB
AnonPages:       3526328 kB
Mapped:            98348 kB
Shmem:               840 kB
KReclaimable:      42860 kB
Slab:              91144 kB
SReclaimable:      42860 kB
SUnreclaim:        48284 kB
KernelStack:        7616 kB
PageTables:        16924 kB
NFS_Unstable:          0 kB
Bounce:                0 kB
WritebackTmp:          0 kB
CommitLimit:     6026556 kB
Committed_AS:    4820084 kB
VmallocTotal:   34359738367 kB
VmallocUsed:       38032 kB
VmallocChunk:          0 kB
Percpu:             4800 kB
HardwareCorrupted:     0 kB
AnonHugePages:         0 kB
ShmemHugePages:        0 kB
ShmemPmdMapped:        0 kB
FileHugePages:         0 kB
FilePmdMapped:         0 kB
HugePages_Total:       0
HugePages_Free:        0
HugePages_Rsvd:        0
HugePages_Surp:        0
Hugepagesize:       2048 kB
Hugetlb:               0 kB
DirectMap4k:      178112 kB
DirectMap2M:     4016128 kB

/sys/kernel/mm/transparent_hugepage/enabled: always [madvise] never
/sys/kernel/mm/transparent_hugepage/defrag (defrag/compaction efforts parameter): always defer defer+madvise [madvise] never

Process Memory:
Virtual Size: 4018188K (peak: 4076696K)
Resident Set Size: 95864K (peak: 95864K) (anon: 49628K, file: 46236K, shmem: 0K)
Swapped out: 0K
C-Heap outstanding allocations: 28658K, retained: 2349K
glibc malloc tunables: (default)

/proc/sys/kernel/threads-max (system-wide limit on the number of threads): 30493
/proc/sys/vm/max_map_count (maximum number of memory map areas a process may have): 65530
/proc/sys/kernel/pid_max (system-wide limit on number of process identifiers): 4194304

container (cgroup) information:
container_type: cgroupv2
cpu_cpuset_cpus: not supported
cpu_memory_nodes: not supported
active_processor_count: 8
cpu_quota: not supported
cpu_period: not supported
cpu_shares: not supported
memory_limit_in_bytes: unlimited
memory_and_swap_limit_in_bytes: unlimited
memory_soft_limit_in_bytes: unlimited
memory_usage_in_bytes: 3633784 k
memory_max_usage_in_bytes: not supported
memory_swap_current_in_bytes: 978160 k
memory_swap_max_limit_in_bytes: unlimited
maximum number of tasks: unlimited
current number of tasks: 273

KVM virtualization detected
Steal ticks since vm start: 0
Steal ticks percentage since vm start:  0.000

CPU: total 8 (initial active 8) (8 cores per cpu, 8 threads per core) family 23 model 8 stepping 2 microcode 0x0, cx8, cmov, fxsr, ht, mmx, 3dnowpref, sse, sse2, sse3, ssse3, sse4a, sse4.1, sse4.2, popcnt, lzcnt, tsc, tscinvbit, avx, avx2, aes, clmul, bmi1, bmi2, vzeroupper, clflush, clflushopt, hv
CPU Model and flags from /proc/cpuinfo:
model name	: AMD Ryzen 7 2700X Eight-Core Processor
flags		: fpu vme de pse tsc msr pae mce cx8 apic sep mtrr pge mca cmov pat pse36 clflush mmx fxsr sse sse2 ht syscall nx mmxext fxsr_opt rdtscp lm constant_tsc rep_good nopl nonstop_tsc cpuid extd_apicid tsc_known_freq pni pclmulqdq ssse3 cx16 sse4_1 sse4_2 x2apic movbe popcnt aes xsave avx rdrand hypervisor lahf_lm cmp_legacy cr8_legacy abm sse4a misalignsse 3dnowprefetch ssbd vmmcall fsgsbase bmi1 avx2 bmi2 rdseed clflushopt arat

Online cpus: 0-7
Offline cpus: 
BIOS frequency limitation: <Not Available>
Frequency switch latency (ns): <Not Available>
Available cpu frequencies: <Not Available>
Current governor: <Not Available>
Core performance/turbo boost: <Not Available>

Memory: 4k page, physical 4016768k(128068k free), swap 4018172k(2993080k free)
Page Sizes: 4k

vm_info: OpenJDK 64-Bit Server VM (17.0.6+10-jvmci-22.3-b13) for linux-amd64 JRE (17.0.6+10-jvmci-22.3-b13), built on Jan 18 2023 21:35:33 by "buildslave" with gcc 10.3.0

END.
