#
# A fatal error has been detected by the Java Runtime Environment:
#
#  SIGSEGV (0xb) at pc=0x00007fe4798e99c4, pid=45428, tid=45434
#
# JRE version: OpenJDK Runtime Environment GraalVM CE 22.3.1 (17.0.6+10) (build 17.0.6+10-jvmci-22.3-b13)
# Java VM: OpenJDK 64-Bit Server VM GraalVM CE 22.3.1 (17.0.6+10-jvmci-22.3-b13, mixed mode, sharing, tiered, jvmci, jvmci compiler, compressed oops, compressed class ptrs, g1 gc, linux-amd64)
# Problematic frame:
# C  [libX11.so+0x299c4]  XDefaultRootWindow+0x4
#
# Core dump will be written. Default location: Core dumps may be processed with "/usr/share/apport/apport -p%p -s%s -c%c -d%d -P%P -u%u -g%g -- %E" (or dumping to /home/yst/IdeaProjects/core.45428)
#
# If you would like to submit a bug report, please visit:
#   https://github.com/oracle/graal/issues
# The crash happened outside the Java Virtual Machine in native code.
# See problematic frame for where to report the bug.
#

---------------  S U M M A R Y ------------

Command Line: -XX:ThreadPriorityPolicy=1 -XX:+UnlockExperimentalVMOptions -XX:+EnableJVMCIProduct -XX:JVMCIThreadsPerNativeLibraryRuntime=1 -XX:-UnlockExperimentalVMOptions -Dfile.encoding=UTF-8 -Duser.country=US -Duser.language=en -Duser.variant cf.thdisstudio.afioaos.compositor.Main

Host: AMD Ryzen 7 2700X Eight-Core Processor, 8 cores, 3G, Ubuntu 22.04.1 LTS
Time: Tue Jan 31 08:29:20 2023 UTC elapsed time: 0.200889 seconds (0d 0h 0m 0s)

---------------  T H R E A D  ---------------

Current thread (0x00007fe4e4025d40):  JavaThread "main" [_thread_in_native, id=45434, stack(0x00007fe4e81d5000,0x00007fe4e82d5000)]

Stack: [0x00007fe4e81d5000,0x00007fe4e82d5000],  sp=0x00007fe4e82d2db8,  free space=1015k
Native frames: (J=compiled Java code, j=interpreted, Vv=VM code, C=native code)
C  [libX11.so+0x299c4]  XDefaultRootWindow+0x4

Java frames: (J=compiled Java code, j=interpreted, Vv=VM code)
j  com.sun.jna.Native.invokeLong(Lcom/sun/jna/Function;JI[Ljava/lang/Object;)J+0
j  com.sun.jna.Function.invoke([Ljava/lang/Object;Ljava/lang/Class;ZI)Ljava/lang/Object;+243
j  com.sun.jna.Function.invoke(Ljava/lang/reflect/Method;[Ljava/lang/Class;Ljava/lang/Class;[Ljava/lang/Object;Ljava/util/Map;)Ljava/lang/Object;+271
j  com.sun.jna.Library$Handler.invoke(Ljava/lang/Object;Ljava/lang/reflect/Method;[Ljava/lang/Object;)Ljava/lang/Object;+390
j  jdk.proxy1.$Proxy0.XDefaultRootWindow(Lcom/sun/jna/platform/unix/X11$Display;)Lcom/sun/jna/platform/unix/X11$Window;+16 jdk.proxy1
j  cf.thdisstudio.afioaos.compositor.WindowManager.<init>(Ljava/lang/String;)V+95
j  cf.thdisstudio.afioaos.compositor.Main.main([Ljava/lang/String;)V+6
v  ~StubRoutines::call_stub

siginfo: si_signo: 11 (SIGSEGV), si_code: 1 (SEGV_MAPERR), si_addr: 0x00000000000000e0

Register to memory mapping:

RAX=0x0 is NULL
RBX=0x0000000000000008 is an unknown value
RCX=0x0 is NULL
RDX=0x0 is NULL
RSP=0x00007fe4e82d2db8 is pointing into the stack for thread: 0x00007fe4e4025d40
RBP=0x00007fe4e82d2dc0 is pointing into the stack for thread: 0x00007fe4e4025d40
RSI=0x00007fe4e9794cf3: _dl_catch_error+0x0000000000000033 in /lib/x86_64-linux-gnu/libc.so.6 at 0x00007fe4e9620000
RDI=0x0 is NULL
R8 =0x0 is NULL
R9 =0x1acfee55ad669200 is an unknown value
R10=0x0 is NULL
R11=0x00007fe4798e99c0: XDefaultRootWindow+0x0000000000000000 in /lib/x86_64-linux-gnu/libX11.so at 0x00007fe4798c0000
R12=0x00007fe4e82d2f70 is pointing into the stack for thread: 0x00007fe4e4025d40
R13=0x0000000000000008 is an unknown value
R14=0x0000000000000001 is an unknown value
R15=0x00007fe4e82d2f50 is pointing into the stack for thread: 0x00007fe4e4025d40


Registers:
RAX=0x0000000000000000, RBX=0x0000000000000008, RCX=0x0000000000000000, RDX=0x0000000000000000
RSP=0x00007fe4e82d2db8, RBP=0x00007fe4e82d2dc0, RSI=0x00007fe4e9794cf3, RDI=0x0000000000000000
R8 =0x0000000000000000, R9 =0x1acfee55ad669200, R10=0x0000000000000000, R11=0x00007fe4798e99c0
R12=0x00007fe4e82d2f70, R13=0x0000000000000008, R14=0x0000000000000001, R15=0x00007fe4e82d2f50
RIP=0x00007fe4798e99c4, EFLAGS=0x0000000000010246, CSGSFS=0x002b000000000033, ERR=0x0000000000000004
  TRAPNO=0x000000000000000e

Top of Stack: (sp=0x00007fe4e82d2db8)
0x00007fe4e82d2db8:   00007fe479616052 0000000000000007
0x00007fe4e82d2dc8:   00007fe4e82d34f0 00007fe4e82d2ed0
0x00007fe4e82d2dd8:   00007fe47961514c 0000000000000002
0x00007fe4e82d2de8:   00007fe4e4025fe8 00007fe400000000 

Instructions: (pc=0x00007fe4798e99c4)
0x00007fe4798e98c4:   10 48 8b 05 6c 26 11 00 48 8d 15 bd d9 ff ff 48
0x00007fe4798e98d4:   89 08 48 8b 05 73 26 11 00 48 8d 0d 0c dd ff ff
0x00007fe4798e98e4:   48 89 30 48 8b 05 c2 25 11 00 48 8d 35 fb db ff
0x00007fe4798e98f4:   ff 48 89 10 48 8b 05 29 26 11 00 48 8d 15 1a d8
0x00007fe4798e9904:   ff ff 48 89 08 48 8b 05 f0 25 11 00 48 89 30 48
0x00007fe4798e9914:   8b 05 46 26 11 00 48 89 10 48 83 c4 08 44 89 e0
0x00007fe4798e9924:   5b 5d 41 5c 41 5d c3 45 31 e4 e9 be fe ff ff 48
0x00007fe4798e9934:   89 ef 45 31 e4 e8 92 ff fe ff 48 c7 05 af 5d 11
0x00007fe4798e9944:   00 00 00 00 00 e9 a3 fe ff ff 48 89 ef 45 31 e4
0x00007fe4798e9954:   e8 77 ff fe ff 4c 89 ef 48 c7 05 91 5d 11 00 00
0x00007fe4798e9964:   00 00 00 e8 64 ff fe ff 48 c7 05 79 5d 11 00 00
0x00007fe4798e9974:   00 00 00 e9 75 fe ff ff 0f 1f 40 00 f3 0f 1e fa
0x00007fe4798e9984:   8b 47 10 c3 0f 1f 84 00 00 00 00 00 f3 0f 1e fa
0x00007fe4798e9994:   48 63 f6 48 c1 e6 07 48 03 b7 e8 00 00 00 48 8b
0x00007fe4798e99a4:   46 10 c3 66 0f 1f 84 00 00 00 00 00 f3 0f 1e fa
0x00007fe4798e99b4:   8b 87 e0 00 00 00 c3 0f 1f 44 00 00 f3 0f 1e fa
0x00007fe4798e99c4:   48 63 87 e0 00 00 00 48 c1 e0 07 48 03 87 e8 00
0x00007fe4798e99d4:   00 00 48 8b 40 10 c3 0f 1f 44 00 00 f3 0f 1e fa
0x00007fe4798e99e4:   48 63 f6 48 c1 e6 07 48 03 b7 e8 00 00 00 48 8b
0x00007fe4798e99f4:   46 40 c3 66 0f 1f 84 00 00 00 00 00 f3 0f 1e fa
0x00007fe4798e9a04:   48 63 f6 48 c1 e6 07 48 03 b7 e8 00 00 00 48 8b
0x00007fe4798e9a14:   46 48 c3 66 0f 1f 84 00 00 00 00 00 f3 0f 1e fa
0x00007fe4798e9a24:   48 63 f6 48 c1 e6 07 48 03 b7 e8 00 00 00 48 8b
0x00007fe4798e9a34:   46 60 c3 66 0f 1f 84 00 00 00 00 00 f3 0f 1e fa
0x00007fe4798e9a44:   48 63 f6 48 c1 e6 07 48 03 b7 e8 00 00 00 48 8b
0x00007fe4798e9a54:   46 58 c3 66 0f 1f 84 00 00 00 00 00 f3 0f 1e fa
0x00007fe4798e9a64:   48 c7 c0 ff ff ff ff c3 0f 1f 40 00 f3 0f 1e fa
0x00007fe4798e9a74:   8b 87 88 00 00 00 c3 0f 1f 44 00 00 f3 0f 1e fa
0x00007fe4798e9a84:   48 63 f6 48 c1 e6 07 48 03 b7 e8 00 00 00 8b 46
0x00007fe4798e9a94:   18 c3 66 2e 0f 1f 84 00 00 00 00 00 f3 0f 1e fa
0x00007fe4798e9aa4:   48 63 f6 48 c1 e6 07 48 03 b7 e8 00 00 00 8b 46
0x00007fe4798e9ab4:   1c c3 66 2e 0f 1f 84 00 00 00 00 00 f3 0f 1e fa 


Stack slot to memory mapping:
stack at sp + 0 slots: 0x00007fe479616052: <offset 0x0000000000016052> in /home/yst/.cache/JNA/temp/jna16423334118979668649.tmp at 0x00007fe479600000
stack at sp + 1 slots: 0x0000000000000007 is an unknown value
stack at sp + 2 slots: 0x00007fe4e82d34f0 is pointing into the stack for thread: 0x00007fe4e4025d40
stack at sp + 3 slots: 0x00007fe4e82d2ed0 is pointing into the stack for thread: 0x00007fe4e4025d40
stack at sp + 4 slots: 0x00007fe47961514c: <offset 0x000000000001514c> in /home/yst/.cache/JNA/temp/jna16423334118979668649.tmp at 0x00007fe479600000
stack at sp + 5 slots: 0x0000000000000002 is an unknown value
stack at sp + 6 slots: 0x00007fe4e4025fe8 points into unknown readable memory: 0x00007fe4e9595320 | 20 53 59 e9 e4 7f 00 00
stack at sp + 7 slots: 0x00007fe400000000 is an unknown value


---------------  P R O C E S S  ---------------

Threads class SMR info:
_java_thread_list=0x00007fe4e41f0860, length=13, elements={
0x00007fe4e4025d40, 0x00007fe4e40e6ca0, 0x00007fe4e40e80d0, 0x00007fe4e40ed4f0,
0x00007fe4e40ee8b0, 0x00007fe4e40efcd0, 0x00007fe4e40f16f0, 0x00007fe4e40f2c30,
0x00007fe4e40fc0a0, 0x00007fe4e410a3c0, 0x00007fe4e4152790, 0x00007fe4e41ea580,
0x00007fe4e41eef20
}

Java Threads: ( => current thread )
=>0x00007fe4e4025d40 JavaThread "main" [_thread_in_native, id=45434, stack(0x00007fe4e81d5000,0x00007fe4e82d5000)]
  0x00007fe4e40e6ca0 JavaThread "Reference Handler" daemon [_thread_blocked, id=45441, stack(0x00007fe4b8dfe000,0x00007fe4b8efe000)]
  0x00007fe4e40e80d0 JavaThread "Finalizer" daemon [_thread_blocked, id=45442, stack(0x00007fe4b8cfe000,0x00007fe4b8dfe000)]
  0x00007fe4e40ed4f0 JavaThread "Signal Dispatcher" daemon [_thread_blocked, id=45443, stack(0x00007fe4b8915000,0x00007fe4b8a15000)]
  0x00007fe4e40ee8b0 JavaThread "Service Thread" daemon [_thread_blocked, id=45444, stack(0x00007fe4b8815000,0x00007fe4b8915000)]
  0x00007fe4e40efcd0 JavaThread "Monitor Deflation Thread" daemon [_thread_blocked, id=45445, stack(0x00007fe4b8715000,0x00007fe4b8815000)]
  0x00007fe4e40f16f0 JavaThread "JVMCI-native CompilerThread0" daemon [_thread_in_native, id=45446, stack(0x00007fe4b8515000,0x00007fe4b8715000)]
  0x00007fe4e40f2c30 JavaThread "C1 CompilerThread0" daemon [_thread_blocked, id=45447, stack(0x00007fe4b8315000,0x00007fe4b8515000)]
  0x00007fe4e40fc0a0 JavaThread "Sweeper thread" daemon [_thread_blocked, id=45448, stack(0x00007fe4b8215000,0x00007fe4b8315000)]
  0x00007fe4e410a3c0 JavaThread "Common-Cleaner" daemon [_thread_blocked, id=45449, stack(0x00007fe4b8115000,0x00007fe4b8215000)]
  0x00007fe4e4152790 JavaThread "Notification Thread" daemon [_thread_blocked, id=45450, stack(0x00007fe4b8015000,0x00007fe4b8115000)]
  0x00007fe4e41ea580 JavaThread "process reaper" daemon [_thread_blocked, id=45456, stack(0x00007fe483eab000,0x00007fe483ecd000)]
  0x00007fe4e41eef20 JavaThread "JNA Cleaner" daemon [_thread_blocked, id=45457, stack(0x00007fe480700000,0x00007fe480800000)]

Other Threads:
  0x00007fe4e40e29c0 VMThread "VM Thread" [stack: 0x00007fe4b8f00000,0x00007fe4b9000000] [id=45440]
  0x00007fe4e4154150 WatcherThread [stack: 0x00007fe483f00000,0x00007fe484000000] [id=45451]
  0x00007fe4e4062b70 GCTaskThread "GC Thread#0" [stack: 0x00007fe4c8646000,0x00007fe4c8746000] [id=45435]
  0x00007fe4e406bc30 ConcurrentGCThread "G1 Main Marker" [stack: 0x00007fe4c8544000,0x00007fe4c8644000] [id=45436]
  0x00007fe4e406cb90 ConcurrentGCThread "G1 Conc#0" [stack: 0x00007fe4c8442000,0x00007fe4c8542000] [id=45437]
  0x00007fe4e40b9260 ConcurrentGCThread "G1 Refine#0" [stack: 0x00007fe4b9afc000,0x00007fe4b9bfc000] [id=45438]
  0x00007fe4e40ba150 ConcurrentGCThread "G1 Service" [stack: 0x00007fe4b99fa000,0x00007fe4b9afa000] [id=45439]

Threads with active compile tasks:
JVMCI-native CompilerThread0      203  552       4       jdk.internal.org.objectweb.asm.Frame::execute (2305 bytes)

VM state: not at safepoint (normal execution)

VM Mutex/Monitor currently owned by a thread: None

Heap address: 0x00000000c2a00000, size: 982 MB, Compressed Oops mode: 32-bit

CDS archive(s) mapped at: [0x0000000800000000-0x0000000800bc9000-0x0000000800bc9000), size 12357632, SharedBaseAddress: 0x0000000800000000, ArchiveRelocationMode: 0.
Compressed class space mapped at: 0x0000000800c00000-0x0000000840c00000, reserved size: 1073741824
Narrow klass base: 0x0000000800000000, Narrow klass shift: 0, Narrow klass range: 0x100000000

GC Precious Log:
 CPUs: 8 total, 8 available
 Memory: 3922M
 Large Page Support: Disabled
 NUMA Support: Disabled
 Compressed Oops: Enabled (32-bit)
 Heap Region Size: 1M
 Heap Min Capacity: 8M
 Heap Initial Capacity: 62M
 Heap Max Capacity: 982M
 Pre-touch: Disabled
 Parallel Workers: 8
 Concurrent Workers: 2
 Concurrent Refinement Workers: 8
 Periodic GC: Disabled

Heap:
 garbage-first heap   total 65536K, used 6988K [0x00000000c2a00000, 0x0000000100000000)
  region size 1024K, 7 young (7168K), 0 survivors (0K)
 Metaspace       used 2651K, committed 2816K, reserved 1056768K
  class space    used 243K, committed 320K, reserved 1048576K

Heap Regions: E=young(eden), S=young(survivor), O=old, HS=humongous(starts), HC=humongous(continues), CS=collection set, F=free, OA=open archive, CA=closed archive, TAMS=top-at-mark-start (previous, next)
|   0|0x00000000c2a00000, 0x00000000c2a00000, 0x00000000c2b00000|  0%| F|  |TAMS 0x00000000c2a00000, 0x00000000c2a00000| Untracked 
|   1|0x00000000c2b00000, 0x00000000c2b00000, 0x00000000c2c00000|  0%| F|  |TAMS 0x00000000c2b00000, 0x00000000c2b00000| Untracked 
|   2|0x00000000c2c00000, 0x00000000c2c00000, 0x00000000c2d00000|  0%| F|  |TAMS 0x00000000c2c00000, 0x00000000c2c00000| Untracked 
|   3|0x00000000c2d00000, 0x00000000c2d00000, 0x00000000c2e00000|  0%| F|  |TAMS 0x00000000c2d00000, 0x00000000c2d00000| Untracked 
|   4|0x00000000c2e00000, 0x00000000c2e00000, 0x00000000c2f00000|  0%| F|  |TAMS 0x00000000c2e00000, 0x00000000c2e00000| Untracked 
|   5|0x00000000c2f00000, 0x00000000c2f00000, 0x00000000c3000000|  0%| F|  |TAMS 0x00000000c2f00000, 0x00000000c2f00000| Untracked 
|   6|0x00000000c3000000, 0x00000000c3000000, 0x00000000c3100000|  0%| F|  |TAMS 0x00000000c3000000, 0x00000000c3000000| Untracked 
|   7|0x00000000c3100000, 0x00000000c3100000, 0x00000000c3200000|  0%| F|  |TAMS 0x00000000c3100000, 0x00000000c3100000| Untracked 
|   8|0x00000000c3200000, 0x00000000c3200000, 0x00000000c3300000|  0%| F|  |TAMS 0x00000000c3200000, 0x00000000c3200000| Untracked 
|   9|0x00000000c3300000, 0x00000000c3300000, 0x00000000c3400000|  0%| F|  |TAMS 0x00000000c3300000, 0x00000000c3300000| Untracked 
|  10|0x00000000c3400000, 0x00000000c3400000, 0x00000000c3500000|  0%| F|  |TAMS 0x00000000c3400000, 0x00000000c3400000| Untracked 
|  11|0x00000000c3500000, 0x00000000c3500000, 0x00000000c3600000|  0%| F|  |TAMS 0x00000000c3500000, 0x00000000c3500000| Untracked 
|  12|0x00000000c3600000, 0x00000000c3600000, 0x00000000c3700000|  0%| F|  |TAMS 0x00000000c3600000, 0x00000000c3600000| Untracked 
|  13|0x00000000c3700000, 0x00000000c3700000, 0x00000000c3800000|  0%| F|  |TAMS 0x00000000c3700000, 0x00000000c3700000| Untracked 
|  14|0x00000000c3800000, 0x00000000c3800000, 0x00000000c3900000|  0%| F|  |TAMS 0x00000000c3800000, 0x00000000c3800000| Untracked 
|  15|0x00000000c3900000, 0x00000000c3900000, 0x00000000c3a00000|  0%| F|  |TAMS 0x00000000c3900000, 0x00000000c3900000| Untracked 
|  16|0x00000000c3a00000, 0x00000000c3a00000, 0x00000000c3b00000|  0%| F|  |TAMS 0x00000000c3a00000, 0x00000000c3a00000| Untracked 
|  17|0x00000000c3b00000, 0x00000000c3b00000, 0x00000000c3c00000|  0%| F|  |TAMS 0x00000000c3b00000, 0x00000000c3b00000| Untracked 
|  18|0x00000000c3c00000, 0x00000000c3c00000, 0x00000000c3d00000|  0%| F|  |TAMS 0x00000000c3c00000, 0x00000000c3c00000| Untracked 
|  19|0x00000000c3d00000, 0x00000000c3d00000, 0x00000000c3e00000|  0%| F|  |TAMS 0x00000000c3d00000, 0x00000000c3d00000| Untracked 
|  20|0x00000000c3e00000, 0x00000000c3e00000, 0x00000000c3f00000|  0%| F|  |TAMS 0x00000000c3e00000, 0x00000000c3e00000| Untracked 
|  21|0x00000000c3f00000, 0x00000000c3f00000, 0x00000000c4000000|  0%| F|  |TAMS 0x00000000c3f00000, 0x00000000c3f00000| Untracked 
|  22|0x00000000c4000000, 0x00000000c4000000, 0x00000000c4100000|  0%| F|  |TAMS 0x00000000c4000000, 0x00000000c4000000| Untracked 
|  23|0x00000000c4100000, 0x00000000c4100000, 0x00000000c4200000|  0%| F|  |TAMS 0x00000000c4100000, 0x00000000c4100000| Untracked 
|  24|0x00000000c4200000, 0x00000000c4200000, 0x00000000c4300000|  0%| F|  |TAMS 0x00000000c4200000, 0x00000000c4200000| Untracked 
|  25|0x00000000c4300000, 0x00000000c4300000, 0x00000000c4400000|  0%| F|  |TAMS 0x00000000c4300000, 0x00000000c4300000| Untracked 
|  26|0x00000000c4400000, 0x00000000c4400000, 0x00000000c4500000|  0%| F|  |TAMS 0x00000000c4400000, 0x00000000c4400000| Untracked 
|  27|0x00000000c4500000, 0x00000000c4500000, 0x00000000c4600000|  0%| F|  |TAMS 0x00000000c4500000, 0x00000000c4500000| Untracked 
|  28|0x00000000c4600000, 0x00000000c4600000, 0x00000000c4700000|  0%| F|  |TAMS 0x00000000c4600000, 0x00000000c4600000| Untracked 
|  29|0x00000000c4700000, 0x00000000c4700000, 0x00000000c4800000|  0%| F|  |TAMS 0x00000000c4700000, 0x00000000c4700000| Untracked 
|  30|0x00000000c4800000, 0x00000000c4800000, 0x00000000c4900000|  0%| F|  |TAMS 0x00000000c4800000, 0x00000000c4800000| Untracked 
|  31|0x00000000c4900000, 0x00000000c4900000, 0x00000000c4a00000|  0%| F|  |TAMS 0x00000000c4900000, 0x00000000c4900000| Untracked 
|  32|0x00000000c4a00000, 0x00000000c4a00000, 0x00000000c4b00000|  0%| F|  |TAMS 0x00000000c4a00000, 0x00000000c4a00000| Untracked 
|  33|0x00000000c4b00000, 0x00000000c4b00000, 0x00000000c4c00000|  0%| F|  |TAMS 0x00000000c4b00000, 0x00000000c4b00000| Untracked 
|  34|0x00000000c4c00000, 0x00000000c4c00000, 0x00000000c4d00000|  0%| F|  |TAMS 0x00000000c4c00000, 0x00000000c4c00000| Untracked 
|  35|0x00000000c4d00000, 0x00000000c4d00000, 0x00000000c4e00000|  0%| F|  |TAMS 0x00000000c4d00000, 0x00000000c4d00000| Untracked 
|  36|0x00000000c4e00000, 0x00000000c4e00000, 0x00000000c4f00000|  0%| F|  |TAMS 0x00000000c4e00000, 0x00000000c4e00000| Untracked 
|  37|0x00000000c4f00000, 0x00000000c4f00000, 0x00000000c5000000|  0%| F|  |TAMS 0x00000000c4f00000, 0x00000000c4f00000| Untracked 
|  38|0x00000000c5000000, 0x00000000c5000000, 0x00000000c5100000|  0%| F|  |TAMS 0x00000000c5000000, 0x00000000c5000000| Untracked 
|  39|0x00000000c5100000, 0x00000000c5100000, 0x00000000c5200000|  0%| F|  |TAMS 0x00000000c5100000, 0x00000000c5100000| Untracked 
|  40|0x00000000c5200000, 0x00000000c5200000, 0x00000000c5300000|  0%| F|  |TAMS 0x00000000c5200000, 0x00000000c5200000| Untracked 
|  41|0x00000000c5300000, 0x00000000c5300000, 0x00000000c5400000|  0%| F|  |TAMS 0x00000000c5300000, 0x00000000c5300000| Untracked 
|  42|0x00000000c5400000, 0x00000000c5400000, 0x00000000c5500000|  0%| F|  |TAMS 0x00000000c5400000, 0x00000000c5400000| Untracked 
|  43|0x00000000c5500000, 0x00000000c5500000, 0x00000000c5600000|  0%| F|  |TAMS 0x00000000c5500000, 0x00000000c5500000| Untracked 
|  44|0x00000000c5600000, 0x00000000c5600000, 0x00000000c5700000|  0%| F|  |TAMS 0x00000000c5600000, 0x00000000c5600000| Untracked 
|  45|0x00000000c5700000, 0x00000000c5700000, 0x00000000c5800000|  0%| F|  |TAMS 0x00000000c5700000, 0x00000000c5700000| Untracked 
|  46|0x00000000c5800000, 0x00000000c5800000, 0x00000000c5900000|  0%| F|  |TAMS 0x00000000c5800000, 0x00000000c5800000| Untracked 
|  47|0x00000000c5900000, 0x00000000c5900000, 0x00000000c5a00000|  0%| F|  |TAMS 0x00000000c5900000, 0x00000000c5900000| Untracked 
|  48|0x00000000c5a00000, 0x00000000c5a00000, 0x00000000c5b00000|  0%| F|  |TAMS 0x00000000c5a00000, 0x00000000c5a00000| Untracked 
|  49|0x00000000c5b00000, 0x00000000c5b00000, 0x00000000c5c00000|  0%| F|  |TAMS 0x00000000c5b00000, 0x00000000c5b00000| Untracked 
|  50|0x00000000c5c00000, 0x00000000c5c00000, 0x00000000c5d00000|  0%| F|  |TAMS 0x00000000c5c00000, 0x00000000c5c00000| Untracked 
|  51|0x00000000c5d00000, 0x00000000c5d00000, 0x00000000c5e00000|  0%| F|  |TAMS 0x00000000c5d00000, 0x00000000c5d00000| Untracked 
|  52|0x00000000c5e00000, 0x00000000c5e00000, 0x00000000c5f00000|  0%| F|  |TAMS 0x00000000c5e00000, 0x00000000c5e00000| Untracked 
|  53|0x00000000c5f00000, 0x00000000c5f00000, 0x00000000c6000000|  0%| F|  |TAMS 0x00000000c5f00000, 0x00000000c5f00000| Untracked 
|  54|0x00000000c6000000, 0x00000000c6000000, 0x00000000c6100000|  0%| F|  |TAMS 0x00000000c6000000, 0x00000000c6000000| Untracked 
|  55|0x00000000c6100000, 0x00000000c61766a0, 0x00000000c6200000| 46%| E|  |TAMS 0x00000000c6100000, 0x00000000c6100000| Complete 
|  56|0x00000000c6200000, 0x00000000c6300000, 0x00000000c6300000|100%| E|CS|TAMS 0x00000000c6200000, 0x00000000c6200000| Complete 
|  57|0x00000000c6300000, 0x00000000c6400000, 0x00000000c6400000|100%| E|CS|TAMS 0x00000000c6300000, 0x00000000c6300000| Complete 
|  58|0x00000000c6400000, 0x00000000c6500000, 0x00000000c6500000|100%| E|CS|TAMS 0x00000000c6400000, 0x00000000c6400000| Complete 
|  59|0x00000000c6500000, 0x00000000c6600000, 0x00000000c6600000|100%| E|CS|TAMS 0x00000000c6500000, 0x00000000c6500000| Complete 
|  60|0x00000000c6600000, 0x00000000c6700000, 0x00000000c6700000|100%| E|CS|TAMS 0x00000000c6600000, 0x00000000c6600000| Complete 
|  61|0x00000000c6700000, 0x00000000c6800000, 0x00000000c6800000|100%| E|CS|TAMS 0x00000000c6700000, 0x00000000c6700000| Complete 
| 980|0x00000000ffe00000, 0x00000000ffe46000, 0x00000000fff00000| 27%|OA|  |TAMS 0x00000000ffe00000, 0x00000000ffe00000| Untracked 
| 981|0x00000000fff00000, 0x00000000fff8d000, 0x0000000100000000| 55%|CA|  |TAMS 0x00000000fff00000, 0x00000000fff00000| Untracked 

Card table byte_map: [0x00007fe4ca7e1000,0x00007fe4ca9cc000] _byte_map_base: 0x00007fe4ca1cc000

Marking Bits (Prev, Next): (CMBitMap*) 0x00007fe4e40635f0, (CMBitMap*) 0x00007fe4e4063630
 Prev Bits: [0x00007fe4c969e000, 0x00007fe4ca5f6000)
 Next Bits: [0x00007fe4c8746000, 0x00007fe4c969e000)

Polling page: 0x00007fe4e9884000

Metaspace:

Usage:
  Non-class:      2.35 MB used.
      Class:    243.91 KB used.
       Both:      2.59 MB used.

Virtual space:
  Non-class space:        8.00 MB reserved,       2.44 MB ( 30%) committed,  1 nodes.
      Class space:        1.00 GB reserved,     320.00 KB ( <1%) committed,  1 nodes.
             Both:        1.01 GB reserved,       2.75 MB ( <1%) committed. 

Chunk freelists:
   Non-Class:  3.42 MB
       Class:  3.66 MB
        Both:  7.08 MB

MaxMetaspaceSize: unlimited
CompressedClassSpaceSize: 1.00 GB
Initial GC threshold: 21.00 MB
Current GC threshold: 21.00 MB
CDS: on
MetaspaceReclaimPolicy: balanced
 - commit_granule_bytes: 65536.
 - commit_granule_words: 8192.
 - virtual_space_node_default_size: 1048576.
 - enlarge_chunks_in_place: 1.
 - new_chunks_are_fully_committed: 0.
 - uncommit_free_chunks: 1.
 - use_allocation_guard: 0.
 - handle_deallocations: 1.


Internal statistics:

num_allocs_failed_limit: 0.
num_arena_births: 24.
num_arena_deaths: 0.
num_vsnodes_births: 2.
num_vsnodes_deaths: 0.
num_space_committed: 44.
num_space_uncommitted: 0.
num_chunks_returned_to_freelist: 0.
num_chunks_taken_from_freelist: 59.
num_chunk_merges: 0.
num_chunk_splits: 38.
num_chunks_enlarged: 28.
num_purges: 0.
num_inconsistent_stats: 0.

CodeHeap 'non-profiled nmethods': size=119472Kb used=145Kb max_used=145Kb free=119326Kb
 bounds [0x00007fe4d2ffd000, 0x00007fe4d326d000, 0x00007fe4da4a9000]
CodeHeap 'profiled nmethods': size=119468Kb used=1031Kb max_used=1031Kb free=118436Kb
 bounds [0x00007fe4cb4a9000, 0x00007fe4cb719000, 0x00007fe4d2954000]
CodeHeap 'non-nmethods': size=6820Kb used=1132Kb max_used=1135Kb free=5687Kb
 bounds [0x00007fe4d2954000, 0x00007fe4d2bc4000, 0x00007fe4d2ffd000]
 total_blobs=994 nmethods=577 adapters=338
 compilation: enabled
              stopped_count=0, restarted_count=0
 full_count=0

JVMCI Events (16 events):
Event: 0.005 Thread 0x00007fe4e4025d40 created new Java JVMCI runtime -1 (0x00007fe4e40dde40)
Event: 0.052 Thread 0x00007fe4e40f16f0 created new CompileBroker JVMCI runtime 0 (0x00007fe4980217f0)
Event: 0.052 Thread 0x00007fe4e40f16f0 attached to JVMCI runtime 0
Event: 0.054 Thread 0x00007fe4e40f16f0 loaded JVMCI shared library from /home/yst/.jdks/graalvm-ce-17/lib/libjvmcicompiler.so
Event: 0.056 Thread 0x00007fe4e40f16f0 created JavaVM[1]@0x00007fe4814aaa08 for JVMCI runtime 0
Event: 0.056 Thread 0x00007fe4e40f16f0 initializing JVMCI runtime 0
Event: 0.056 Thread 0x00007fe4e40f16f0 initializing JavaVM references in JVMCI runtime 0
Event: 0.056 Thread 0x00007fe4e40f16f0 initialized JavaVM references in JVMCI runtime 0
Event: 0.058 Thread 0x00007fe4e40f16f0 initialized JVMCI runtime 0
Event: 0.087 Thread 0x00007fe4e40f16f0 compacted oop handles in JVMCI runtime 0 from 53 to 52
Event: 0.103 Thread 0x00007fe4e40f16f0 compacted oop handles in JVMCI runtime 0 from 57 to 56
Event: 0.104 Thread 0x00007fe4e40f16f0 compacted oop handles in JVMCI runtime 0 from 57 to 38
Event: 0.104 Thread 0x00007fe4e40f16f0 compacted oop handles in JVMCI runtime 0 from 43 to 42
Event: 0.173 Thread 0x00007fe4e40f16f0 compacted oop handles in JVMCI runtime 0 from 54 to 41
Event: 0.180 Thread 0x00007fe4e40f16f0 compacted oop handles in JVMCI runtime 0 from 47 to 44
Event: 0.183 Thread 0x00007fe4e40f16f0 compacted oop handles in JVMCI runtime 0 from 57 to 55

Compilation events (20 events):
Event: 0.193 Thread 0x00007fe4e40f2c30  572       3       java.lang.Class::getMethodsRecursive (99 bytes)
Event: 0.193 Thread 0x00007fe4e40f2c30 nmethod 572 0x00007fe4cb5a0610 code [0x00007fe4cb5a0840, 0x00007fe4cb5a0de0]
Event: 0.193 Thread 0x00007fe4e40f2c30  571       3       java.lang.Class::privateGetDeclaredMethods (64 bytes)
Event: 0.194 Thread 0x00007fe4e40f2c30 nmethod 571 0x00007fe4cb5a1110 code [0x00007fe4cb5a1340, 0x00007fe4cb5a1f30]
Event: 0.194 Thread 0x00007fe4e40f2c30  573       3       java.lang.Class::getReflectionFactory (26 bytes)
Event: 0.194 Thread 0x00007fe4e40f2c30 nmethod 573 0x00007fe4cb5a2190 code [0x00007fe4cb5a23c0, 0x00007fe4cb5a2cf0]
Event: 0.194 Thread 0x00007fe4e40f2c30  575       3       java.util.jar.JarFile::maybeInstantiateVerifier (42 bytes)
Event: 0.195 Thread 0x00007fe4e40f2c30 nmethod 575 0x00007fe4cb5a3010 code [0x00007fe4cb5a31e0, 0x00007fe4cb5a36d0]
Event: 0.195 Thread 0x00007fe4e40f2c30  574       3       java.lang.String::concat (15 bytes)
Event: 0.196 Thread 0x00007fe4e40f2c30 nmethod 574 0x00007fe4cb5a3810 code [0x00007fe4cb5a3b60, 0x00007fe4cb5a5200]
Event: 0.197 Thread 0x00007fe4e40f2c30  576       3       java.util.zip.ZipFile::ensureOpen (40 bytes)
Event: 0.197 Thread 0x00007fe4e40f2c30 nmethod 576 0x00007fe4cb5a5990 code [0x00007fe4cb5a5b60, 0x00007fe4cb5a5eb0]
Event: 0.197 Thread 0x00007fe4e40f16f0 nmethod 526 0x00007fe4d301f790 code [0x00007fe4d301f9e0, 0x00007fe4d30206a0]
Event: 0.197 Thread 0x00007fe4e40f16f0  538       4       jdk.internal.org.objectweb.asm.ByteVector::putUTF8 (144 bytes)
Event: 0.198 Thread 0x00007fe4e40f2c30  577  s!   3       jdk.internal.loader.URLClassPath::getLoader (194 bytes)
Event: 0.199 Thread 0x00007fe4e40f2c30 nmethod 577 0x00007fe4cb5a6010 code [0x00007fe4cb5a6320, 0x00007fe4cb5a7f00]
Event: 0.199 Thread 0x00007fe4e40f2c30  578   !   3       java.util.jar.JarFile::checkForSpecialAttributes (163 bytes)
Event: 0.199 Thread 0x00007fe4e40f2c30 nmethod 578 0x00007fe4cb5a8710 code [0x00007fe4cb5a8a40, 0x00007fe4cb5a9fd0]
Event: 0.199 Thread 0x00007fe4e40f2c30  579   !   3       java.util.jar.JarFile::isMultiRelease (33 bytes)
Event: 0.200 Thread 0x00007fe4e40f2c30 nmethod 579 0x00007fe4cb5aa810 code [0x00007fe4cb5aa9c0, 0x00007fe4cb5aabc0]

GC Heap History (0 events):
No events

Dll operation events (7 events):
Event: 0.001 Loaded shared library /home/yst/.jdks/graalvm-ce-17/lib/libjava.so
Event: 0.006 Loaded shared library /home/yst/.jdks/graalvm-ce-17/lib/libjsvml.so
Event: 0.054 Loaded shared library /home/yst/.jdks/graalvm-ce-17/lib/libjvmcicompiler.so
Event: 0.059 Loaded shared library /home/yst/.jdks/graalvm-ce-17/lib/libnio.so
Event: 0.065 Loaded shared library /home/yst/.jdks/graalvm-ce-17/lib/libzip.so
Event: 0.083 Loaded shared library /home/yst/.jdks/graalvm-ce-17/lib/libjimage.so
Event: 0.112 Loaded shared library /home/yst/.cache/JNA/temp/jna16423334118979668649.tmp

Deoptimization events (2 events):
Event: 0.162 Thread 0x00007fe4e4025d40 DEOPT PACKING pc=0x00007fe4cb4ecf5a sp=0x00007fe4e82d2790
Event: 0.162 Thread 0x00007fe4e4025d40 DEOPT UNPACKING pc=0x00007fe4d29aac25 sp=0x00007fe4e82d1bd0 mode 0

Classes unloaded (0 events):
No events

Classes redefined (0 events):
No events

Internal exceptions (7 events):
Event: 0.129 Thread 0x00007fe4e4025d40 Exception <a 'java/lang/NoSuchMethodError'{0x00000000c6475368}: 'java.lang.Object java.lang.invoke.DirectMethodHandle$Holder.invokeStaticInit(java.lang.Object)'> (0x00000000c6475368) 
thrown [src/hotspot/share/interpreter/linkResolver.cpp, line 758]
Event: 0.130 Thread 0x00007fe4e4025d40 Exception <a 'java/lang/NoSuchMethodError'{0x00000000c647edf8}: 'java.lang.Object java.lang.invoke.DirectMethodHandle$Holder.invokeStaticInit(java.lang.Object, java.lang.Object, long, java.lang.Object)'> (0x00000000c647edf8) 
thrown [src/hotspot/share/interpreter/linkResolver.cpp, line 758]
Event: 0.131 Thread 0x00007fe4e4025d40 Exception <a 'java/lang/NoSuchMethodError'{0x00000000c6485700}: 'java.lang.Object java.lang.invoke.DirectMethodHandle$Holder.newInvokeSpecial(java.lang.Object, java.lang.Object, long)'> (0x00000000c6485700) 
thrown [src/hotspot/share/interpreter/linkResolver.cpp, line 758]
Event: 0.132 Thread 0x00007fe4e4025d40 Exception <a 'java/lang/NoSuchMethodError'{0x00000000c6489c48}: 'java.lang.Object java.lang.invoke.Invokers$Holder.linkToTargetMethod(java.lang.Object, long, java.lang.Object)'> (0x00000000c6489c48) 
thrown [src/hotspot/share/interpreter/linkResolver.cpp, line 758]
Event: 0.134 Thread 0x00007fe4e4025d40 Exception <a 'java/lang/NoSuchMethodError'{0x00000000c6491ed8}: 'java.lang.Object java.lang.invoke.DirectMethodHandle$Holder.newInvokeSpecial(java.lang.Object, java.lang.Object, java.lang.Object, int)'> (0x00000000c6491ed8) 
thrown [src/hotspot/share/interpreter/linkResolver.cpp, line 758]
Event: 0.134 Thread 0x00007fe4e4025d40 Exception <a 'java/lang/NoSuchMethodError'{0x00000000c64962b8}: 'java.lang.Object java.lang.invoke.DirectMethodHandle$Holder.invokeSpecial(java.lang.Object, java.lang.Object, java.lang.Object, java.lang.Object, int)'> (0x00000000c64962b8) 
thrown [src/hotspot/share/interpreter/linkResolver.cpp, line 758]
Event: 0.134 Thread 0x00007fe4e4025d40 Exception <a 'java/lang/NoSuchMethodError'{0x00000000c6499e80}: 'java.lang.Object java.lang.invoke.Invokers$Holder.linkToTargetMethod(java.lang.Object, java.lang.Object, int, java.lang.Object)'> (0x00000000c6499e80) 
thrown [src/hotspot/share/interpreter/linkResolver.cpp, line 758]

VM Operations (4 events):
Event: 0.038 Executing VM operation: HandshakeAllThreads
Event: 0.038 Executing VM operation: HandshakeAllThreads done
Event: 0.123 Executing VM operation: HandshakeAllThreads
Event: 0.123 Executing VM operation: HandshakeAllThreads done

Events (20 events):
Event: 0.157 loading class java/lang/reflect/ProxyGenerator
Event: 0.157 loading class java/lang/reflect/ProxyGenerator done
Event: 0.157 loading class java/lang/reflect/ProxyGenerator$ProxyMethod
Event: 0.157 loading class java/lang/reflect/ProxyGenerator$ProxyMethod done
Event: 0.160 loading class java/lang/reflect/ProxyGenerator$PrimitiveTypeInfo
Event: 0.160 loading class java/lang/reflect/ProxyGenerator$PrimitiveTypeInfo done
Event: 0.160 loading class jdk/internal/org/objectweb/asm/Edge
Event: 0.160 loading class jdk/internal/org/objectweb/asm/Edge done
Event: 0.176 loading class java/lang/reflect/UndeclaredThrowableException
Event: 0.176 loading class java/lang/reflect/UndeclaredThrowableException done
Event: 0.178 loading class java/lang/reflect/Proxy$ProxyBuilder$1
Event: 0.178 loading class java/lang/reflect/Proxy$ProxyBuilder$1 done
Event: 0.194 loading class java/lang/AssertionError
Event: 0.195 loading class java/lang/AssertionError done
Event: 0.195 loading class java/lang/reflect/TypeVariable
Event: 0.195 loading class java/lang/reflect/TypeVariable done
Event: 0.195 loading class java/lang/reflect/AnnotatedType
Event: 0.195 loading class java/lang/reflect/AnnotatedType done
Event: 0.195 loading class java/lang/TypeNotPresentException
Event: 0.195 loading class java/lang/TypeNotPresentException done


Dynamic libraries:
c2a00000-c6800000 rw-p 00000000 00:00 0 
c6800000-ffe00000 ---p 00000000 00:00 0 
ffe00000-ffe46000 rw-p 00c8d000 fd:00 665708                             /home/yst/.jdks/graalvm-ce-17/lib/server/classes.jsa
ffe46000-fff00000 rw-p 00000000 00:00 0 
fff00000-fff8d000 rw-p 00c00000 fd:00 665708                             /home/yst/.jdks/graalvm-ce-17/lib/server/classes.jsa
fff8d000-100000000 rw-p 00000000 00:00 0 
800000000-800449000 rw-p 00001000 fd:00 665708                           /home/yst/.jdks/graalvm-ce-17/lib/server/classes.jsa
800449000-800bc9000 r--p 0044a000 fd:00 665708                           /home/yst/.jdks/graalvm-ce-17/lib/server/classes.jsa
800bc9000-800c00000 ---p 00000000 00:00 0 
800c00000-800c20000 rw-p 00000000 00:00 0 
800c20000-800c40000 ---p 00000000 00:00 0 
800c40000-800c70000 rw-p 00000000 00:00 0 
800c70000-840c00000 ---p 00000000 00:00 0 
5611ec3d0000-5611ec3d1000 r-xp 00000000 fd:00 665744                     /home/yst/.jdks/graalvm-ce-17/bin/java
5611ec3d2000-5611ec3d3000 r--p 00001000 fd:00 665744                     /home/yst/.jdks/graalvm-ce-17/bin/java
5611ec3d3000-5611ec3d4000 rw-p 00002000 fd:00 665744                     /home/yst/.jdks/graalvm-ce-17/bin/java
5611ecc63000-5611eccab000 rw-p 00000000 00:00 0                          [heap]
7fe46c000000-7fe46c021000 rw-p 00000000 00:00 0 
7fe46c021000-7fe470000000 ---p 00000000 00:00 0 
7fe474000000-7fe474021000 rw-p 00000000 00:00 0 
7fe474021000-7fe478000000 ---p 00000000 00:00 0 
7fe479200000-7fe479300000 rw-p 00000000 00:00 0 
7fe479400000-7fe479500000 rw-p 00000000 00:00 0 
7fe479600000-7fe47961e000 r-xp 00000000 fd:00 667615                     /home/yst/.cache/JNA/temp/jna16423334118979668649.tmp (deleted)
7fe47961e000-7fe47981d000 ---p 0001e000 fd:00 667615                     /home/yst/.cache/JNA/temp/jna16423334118979668649.tmp (deleted)
7fe47981d000-7fe47981e000 rw-p 0001d000 fd:00 667615                     /home/yst/.cache/JNA/temp/jna16423334118979668649.tmp (deleted)
7fe47981e000-7fe47981f000 rw-p 00000000 00:00 0 
7fe4798c0000-7fe4798d9000 r--p 00000000 fd:00 793108                     /usr/lib/x86_64-linux-gnu/libX11.so.6.4.0
7fe4798d9000-7fe479965000 r-xp 00019000 fd:00 793108                     /usr/lib/x86_64-linux-gnu/libX11.so.6.4.0
7fe479965000-7fe4799fa000 r--p 000a5000 fd:00 793108                     /usr/lib/x86_64-linux-gnu/libX11.so.6.4.0
7fe4799fa000-7fe4799fb000 ---p 0013a000 fd:00 793108                     /usr/lib/x86_64-linux-gnu/libX11.so.6.4.0
7fe4799fb000-7fe4799fc000 r--p 0013a000 fd:00 793108                     /usr/lib/x86_64-linux-gnu/libX11.so.6.4.0
7fe4799fc000-7fe479a00000 rw-p 0013b000 fd:00 793108                     /usr/lib/x86_64-linux-gnu/libX11.so.6.4.0
7fe479a00000-7fe479b00000 rw-p 00000000 00:00 0 
7fe479c00000-7fe479d00000 rw-p 00000000 00:00 0 
7fe479e00000-7fe479f00000 rw-p 00000000 00:00 0 
7fe47a000000-7fe47a100000 rw-p 00000000 00:00 0 
7fe47a200000-7fe47a300000 rw-p 00000000 00:00 0 
7fe47a400000-7fe47a500000 rw-p 00000000 00:00 0 
7fe47a600000-7fe47a700000 rw-p 00000000 00:00 0 
7fe47a800000-7fe47a900000 rw-p 00000000 00:00 0 
7fe47aa00000-7fe47ab00000 rw-p 00000000 00:00 0 
7fe47ac00000-7fe47ad00000 rw-p 00000000 00:00 0 
7fe47ae00000-7fe47af00000 rw-p 00000000 00:00 0 
7fe47b000000-7fe47b100000 rw-p 00000000 00:00 0 
7fe47b200000-7fe47b300000 rw-p 00000000 00:00 0 
7fe47b400000-7fe47b500000 rw-p 00000000 00:00 0 
7fe47b600000-7fe47b700000 rw-p 00000000 00:00 0 
7fe47b800000-7fe47b900000 rw-p 00000000 00:00 0 
7fe47ba00000-7fe47bb00000 rw-p 00000000 00:00 0 
7fe47bc00000-7fe47bd00000 rw-p 00000000 00:00 0 
7fe47be00000-7fe47bf00000 rw-p 00000000 00:00 0 
7fe47c000000-7fe47c021000 rw-p 00000000 00:00 0 
7fe47c021000-7fe480000000 ---p 00000000 00:00 0 
7fe480000000-7fe480100000 rw-p 00000000 00:00 0 
7fe480200000-7fe480300000 rw-p 00000000 00:00 0 
7fe480400000-7fe480500000 rw-p 00000000 00:00 0 
7fe480600000-7fe480700000 rw-p 00000000 00:00 0 
7fe480700000-7fe480704000 ---p 00000000 00:00 0 
7fe480704000-7fe480800000 rw-p 00000000 00:00 0 
7fe480800000-7fe480900000 ---p 00000000 00:00 0 
7fe480900000-7fe480eb2000 r--p 01183000 fd:00 665569                     /home/yst/.jdks/graalvm-ce-17/lib/libjvmcicompiler.so
7fe480eb2000-7fe481000000 r--p 00000000 00:00 0 
7fe481000000-7fe481041000 rw-p 00000000 00:00 0 
7fe481041000-7fe48155d000 rw-p 018c4000 fd:00 665569                     /home/yst/.jdks/graalvm-ce-17/lib/libjvmcicompiler.so
7fe48155d000-7fe48194e000 r--p 01de0000 fd:00 665569                     /home/yst/.jdks/graalvm-ce-17/lib/libjvmcicompiler.so
7fe481a00000-7fe483bd5000 r-xp 00000000 fd:00 665569                     /home/yst/.jdks/graalvm-ce-17/lib/libjvmcicompiler.so
7fe483bd5000-7fe483dd4000 ---p 021d5000 fd:00 665569                     /home/yst/.jdks/graalvm-ce-17/lib/libjvmcicompiler.so
7fe483dd4000-7fe483dd5000 r--p 021d4000 fd:00 665569                     /home/yst/.jdks/graalvm-ce-17/lib/libjvmcicompiler.so
7fe483dd5000-7fe483dd8000 rw-p 021d5000 fd:00 665569                     /home/yst/.jdks/graalvm-ce-17/lib/libjvmcicompiler.so
7fe483e69000-7fe483e6d000 r--p 00000000 fd:00 793142                     /usr/lib/x86_64-linux-gnu/libbsd.so.0.11.5
7fe483e6d000-7fe483e7a000 r-xp 00004000 fd:00 793142                     /usr/lib/x86_64-linux-gnu/libbsd.so.0.11.5
7fe483e7a000-7fe483e7d000 r--p 00011000 fd:00 793142                     /usr/lib/x86_64-linux-gnu/libbsd.so.0.11.5
7fe483e7d000-7fe483e7e000 ---p 00014000 fd:00 793142                     /usr/lib/x86_64-linux-gnu/libbsd.so.0.11.5
7fe483e7e000-7fe483e7f000 r--p 00014000 fd:00 793142                     /usr/lib/x86_64-linux-gnu/libbsd.so.0.11.5
7fe483e7f000-7fe483e80000 rw-p 00015000 fd:00 793142                     /usr/lib/x86_64-linux-gnu/libbsd.so.0.11.5
7fe483e80000-7fe483e81000 rw-p 00000000 00:00 0 
7fe483e81000-7fe483e8c000 r--p 00000000 fd:00 793392                     /usr/lib/x86_64-linux-gnu/libxcb.so.1.1.0
7fe483e8c000-7fe483ea0000 r-xp 0000b000 fd:00 793392                     /usr/lib/x86_64-linux-gnu/libxcb.so.1.1.0
7fe483ea0000-7fe483ea9000 r--p 0001f000 fd:00 793392                     /usr/lib/x86_64-linux-gnu/libxcb.so.1.1.0
7fe483ea9000-7fe483eaa000 r--p 00027000 fd:00 793392                     /usr/lib/x86_64-linux-gnu/libxcb.so.1.1.0
7fe483eaa000-7fe483eab000 rw-p 00028000 fd:00 793392                     /usr/lib/x86_64-linux-gnu/libxcb.so.1.1.0
7fe483eab000-7fe483eaf000 ---p 00000000 00:00 0 
7fe483eaf000-7fe483efe000 rw-p 00000000 00:00 0 
7fe483efe000-7fe483eff000 ---p 00000000 00:00 0 
7fe483eff000-7fe484000000 rw-p 00000000 00:00 0 
7fe484000000-7fe484021000 rw-p 00000000 00:00 0 
7fe484021000-7fe488000000 ---p 00000000 00:00 0 
7fe488000000-7fe488021000 rw-p 00000000 00:00 0 
7fe488021000-7fe48c000000 ---p 00000000 00:00 0 
7fe48c000000-7fe48c212000 rw-p 00000000 00:00 0 
7fe48c212000-7fe490000000 ---p 00000000 00:00 0 
7fe490000000-7fe490021000 rw-p 00000000 00:00 0 
7fe490021000-7fe494000000 ---p 00000000 00:00 0 
7fe494000000-7fe494021000 rw-p 00000000 00:00 0 
7fe494021000-7fe498000000 ---p 00000000 00:00 0 
7fe498000000-7fe498042000 rw-p 00000000 00:00 0 
7fe498042000-7fe49c000000 ---p 00000000 00:00 0 
7fe49c000000-7fe49c021000 rw-p 00000000 00:00 0 
7fe49c021000-7fe4a0000000 ---p 00000000 00:00 0 
7fe4a0000000-7fe4a0021000 rw-p 00000000 00:00 0 
7fe4a0021000-7fe4a4000000 ---p 00000000 00:00 0 
7fe4a4000000-7fe4a4021000 rw-p 00000000 00:00 0 
7fe4a4021000-7fe4a8000000 ---p 00000000 00:00 0 
7fe4a8000000-7fe4a8021000 rw-p 00000000 00:00 0 
7fe4a8021000-7fe4ac000000 ---p 00000000 00:00 0 
7fe4ac000000-7fe4ac021000 rw-p 00000000 00:00 0 
7fe4ac021000-7fe4b0000000 ---p 00000000 00:00 0 
7fe4b0000000-7fe4b0021000 rw-p 00000000 00:00 0 
7fe4b0021000-7fe4b4000000 ---p 00000000 00:00 0 
7fe4b4000000-7fe4b4021000 rw-p 00000000 00:00 0 
7fe4b4021000-7fe4b8000000 ---p 00000000 00:00 0 
7fe4b8015000-7fe4b8019000 ---p 00000000 00:00 0 
7fe4b8019000-7fe4b8115000 rw-p 00000000 00:00 0 
7fe4b8115000-7fe4b8119000 ---p 00000000 00:00 0 
7fe4b8119000-7fe4b8215000 rw-p 00000000 00:00 0 
7fe4b8215000-7fe4b8219000 ---p 00000000 00:00 0 
7fe4b8219000-7fe4b8315000 rw-p 00000000 00:00 0 
7fe4b8315000-7fe4b8319000 ---p 00000000 00:00 0 
7fe4b8319000-7fe4b8515000 rw-p 00000000 00:00 0 
7fe4b8515000-7fe4b8519000 ---p 00000000 00:00 0 
7fe4b8519000-7fe4b8715000 rw-p 00000000 00:00 0 
7fe4b8715000-7fe4b8719000 ---p 00000000 00:00 0 
7fe4b8719000-7fe4b8815000 rw-p 00000000 00:00 0 
7fe4b8815000-7fe4b8819000 ---p 00000000 00:00 0 
7fe4b8819000-7fe4b8915000 rw-p 00000000 00:00 0 
7fe4b8915000-7fe4b8919000 ---p 00000000 00:00 0 
7fe4b8919000-7fe4b8a15000 rw-p 00000000 00:00 0 
7fe4b8a15000-7fe4b8cfe000 r--p 00000000 fd:00 786433                     /usr/lib/locale/locale-archive
7fe4b8cfe000-7fe4b8d02000 ---p 00000000 00:00 0 
7fe4b8d02000-7fe4b8dfe000 rw-p 00000000 00:00 0 
7fe4b8dfe000-7fe4b8e02000 ---p 00000000 00:00 0 
7fe4b8e02000-7fe4b8efe000 rw-p 00000000 00:00 0 
7fe4b8efe000-7fe4b8eff000 ---p 00000000 00:00 0 
7fe4b8eff000-7fe4b91d0000 rw-p 00000000 00:00 0 
7fe4b91d0000-7fe4b9400000 ---p 00000000 00:00 0 
7fe4b9400000-7fe4b94a0000 rw-p 00000000 00:00 0 
7fe4b94a0000-7fe4b9800000 ---p 00000000 00:00 0 
7fe4b9804000-7fe4b9806000 r--p 00000000 fd:00 793258                     /usr/lib/x86_64-linux-gnu/libmd.so.0.0.5
7fe4b9806000-7fe4b980d000 r-xp 00002000 fd:00 793258                     /usr/lib/x86_64-linux-gnu/libmd.so.0.0.5
7fe4b980d000-7fe4b980f000 r--p 00009000 fd:00 793258                     /usr/lib/x86_64-linux-gnu/libmd.so.0.0.5
7fe4b980f000-7fe4b9810000 r--p 0000a000 fd:00 793258                     /usr/lib/x86_64-linux-gnu/libmd.so.0.0.5
7fe4b9810000-7fe4b9811000 rw-p 0000b000 fd:00 793258                     /usr/lib/x86_64-linux-gnu/libmd.so.0.0.5
7fe4b9811000-7fe4b9813000 r--p 00000000 fd:00 793110                     /usr/lib/x86_64-linux-gnu/libXdmcp.so.6.0.0
7fe4b9813000-7fe4b9815000 r-xp 00002000 fd:00 793110                     /usr/lib/x86_64-linux-gnu/libXdmcp.so.6.0.0
7fe4b9815000-7fe4b9817000 r--p 00004000 fd:00 793110                     /usr/lib/x86_64-linux-gnu/libXdmcp.so.6.0.0
7fe4b9817000-7fe4b9818000 r--p 00005000 fd:00 793110                     /usr/lib/x86_64-linux-gnu/libXdmcp.so.6.0.0
7fe4b9818000-7fe4b9819000 rw-p 00006000 fd:00 793110                     /usr/lib/x86_64-linux-gnu/libXdmcp.so.6.0.0
7fe4b9819000-7fe4b981a000 r--p 00000000 fd:00 793109                     /usr/lib/x86_64-linux-gnu/libXau.so.6.0.0
7fe4b981a000-7fe4b981c000 r-xp 00001000 fd:00 793109                     /usr/lib/x86_64-linux-gnu/libXau.so.6.0.0
7fe4b981c000-7fe4b981d000 r--p 00003000 fd:00 793109                     /usr/lib/x86_64-linux-gnu/libXau.so.6.0.0
7fe4b981d000-7fe4b981e000 r--p 00003000 fd:00 793109                     /usr/lib/x86_64-linux-gnu/libXau.so.6.0.0
7fe4b981e000-7fe4b981f000 rw-p 00004000 fd:00 793109                     /usr/lib/x86_64-linux-gnu/libXau.so.6.0.0
7fe4b981f000-7fe4b9834000 r-xp 00000000 fd:00 665628                     /home/yst/.jdks/graalvm-ce-17/lib/libnet.so
7fe4b9834000-7fe4b9835000 ---p 00015000 fd:00 665628                     /home/yst/.jdks/graalvm-ce-17/lib/libnet.so
7fe4b9835000-7fe4b9836000 r--p 00015000 fd:00 665628                     /home/yst/.jdks/graalvm-ce-17/lib/libnet.so
7fe4b9836000-7fe4b9837000 rw-p 00016000 fd:00 665628                     /home/yst/.jdks/graalvm-ce-17/lib/libnet.so
7fe4b9837000-7fe4b984a000 r-xp 00000000 fd:00 665629                     /home/yst/.jdks/graalvm-ce-17/lib/libnio.so
7fe4b984a000-7fe4b984b000 r--p 00012000 fd:00 665629                     /home/yst/.jdks/graalvm-ce-17/lib/libnio.so
7fe4b984b000-7fe4b984c000 rw-p 00013000 fd:00 665629                     /home/yst/.jdks/graalvm-ce-17/lib/libnio.so
7fe4b984c000-7fe4b991a000 r-xp 00000000 fd:00 665692                     /home/yst/.jdks/graalvm-ce-17/lib/libjsvml.so
7fe4b991a000-7fe4b991b000 r--p 000cd000 fd:00 665692                     /home/yst/.jdks/graalvm-ce-17/lib/libjsvml.so
7fe4b991b000-7fe4b991c000 rw-p 000ce000 fd:00 665692                     /home/yst/.jdks/graalvm-ce-17/lib/libjsvml.so
7fe4b991c000-7fe4b99f8000 rw-p 00000000 00:00 0 
7fe4b99f8000-7fe4b99f9000 ---p 00000000 00:00 0 
7fe4b99f9000-7fe4b9afa000 rw-p 00000000 00:00 0 
7fe4b9afa000-7fe4b9afb000 ---p 00000000 00:00 0 
7fe4b9afb000-7fe4bc000000 rw-p 00000000 00:00 0 
7fe4bc000000-7fe4bc021000 rw-p 00000000 00:00 0 
7fe4bc021000-7fe4c0000000 ---p 00000000 00:00 0 
7fe4c0000000-7fe4c0021000 rw-p 00000000 00:00 0 
7fe4c0021000-7fe4c4000000 ---p 00000000 00:00 0 
7fe4c4000000-7fe4c4021000 rw-p 00000000 00:00 0 
7fe4c4021000-7fe4c8000000 ---p 00000000 00:00 0 
7fe4c8004000-7fe4c800b000 r--s 00000000 fd:00 922089                     /usr/lib/x86_64-linux-gnu/gconv/gconv-modules.cache
7fe4c800b000-7fe4c8440000 rw-p 00000000 00:00 0 
7fe4c8440000-7fe4c8441000 ---p 00000000 00:00 0 
7fe4c8441000-7fe4c8542000 rw-p 00000000 00:00 0 
7fe4c8542000-7fe4c8543000 ---p 00000000 00:00 0 
7fe4c8543000-7fe4c8644000 rw-p 00000000 00:00 0 
7fe4c8644000-7fe4c8645000 ---p 00000000 00:00 0 
7fe4c8645000-7fe4c883e000 rw-p 00000000 00:00 0 
7fe4c883e000-7fe4c9696000 ---p 00000000 00:00 0 
7fe4c9696000-7fe4c9796000 rw-p 00000000 00:00 0 
7fe4c9796000-7fe4ca5ee000 ---p 00000000 00:00 0 
7fe4ca5ee000-7fe4ca615000 rw-p 00000000 00:00 0 
7fe4ca615000-7fe4ca7e0000 ---p 00000000 00:00 0 
7fe4ca7e0000-7fe4ca800000 rw-p 00000000 00:00 0 
7fe4ca800000-7fe4ca9cb000 ---p 00000000 00:00 0 
7fe4ca9cb000-7fe4ca9eb000 rw-p 00000000 00:00 0 
7fe4ca9eb000-7fe4cabb6000 ---p 00000000 00:00 0 
7fe4cabb6000-7fe4cb3c4000 rw-p 00000000 00:00 0 
7fe4cb3c4000-7fe4cb4a9000 ---p 00000000 00:00 0 
7fe4cb4a9000-7fe4cb719000 rwxp 00000000 00:00 0 
7fe4cb719000-7fe4d2954000 ---p 00000000 00:00 0 
7fe4d2954000-7fe4d2bc4000 rwxp 00000000 00:00 0 
7fe4d2bc4000-7fe4d2ffd000 ---p 00000000 00:00 0 
7fe4d2ffd000-7fe4d326d000 rwxp 00000000 00:00 0 
7fe4d326d000-7fe4da4a9000 ---p 00000000 00:00 0 
7fe4da4a9000-7fe4e4000000 r--s 00000000 fd:00 665619                     /home/yst/.jdks/graalvm-ce-17/lib/modules
7fe4e4000000-7fe4e4219000 rw-p 00000000 00:00 0 
7fe4e4219000-7fe4e8000000 ---p 00000000 00:00 0 
7fe4e8003000-7fe4e800a000 r-xp 00000000 fd:00 665631                     /home/yst/.jdks/graalvm-ce-17/lib/libzip.so
7fe4e800a000-7fe4e800b000 ---p 00007000 fd:00 665631                     /home/yst/.jdks/graalvm-ce-17/lib/libzip.so
7fe4e800b000-7fe4e800c000 r--p 00007000 fd:00 665631                     /home/yst/.jdks/graalvm-ce-17/lib/libzip.so
7fe4e800c000-7fe4e800d000 rw-p 00008000 fd:00 665631                     /home/yst/.jdks/graalvm-ce-17/lib/libzip.so
7fe4e800d000-7fe4e8093000 rw-p 00000000 00:00 0 
7fe4e8093000-7fe4e8178000 ---p 00000000 00:00 0 
7fe4e8178000-7fe4e817d000 rw-p 00000000 00:00 0 
7fe4e817d000-7fe4e8186000 ---p 00000000 00:00 0 
7fe4e8186000-7fe4e81aa000 r-xp 00000000 fd:00 665624                     /home/yst/.jdks/graalvm-ce-17/lib/libjava.so
7fe4e81aa000-7fe4e81ab000 ---p 00024000 fd:00 665624                     /home/yst/.jdks/graalvm-ce-17/lib/libjava.so
7fe4e81ab000-7fe4e81ac000 r--p 00024000 fd:00 665624                     /home/yst/.jdks/graalvm-ce-17/lib/libjava.so
7fe4e81ac000-7fe4e81ad000 rw-p 00025000 fd:00 665624                     /home/yst/.jdks/graalvm-ce-17/lib/libjava.so
7fe4e81ad000-7fe4e81ae000 rw-p 00000000 00:00 0 
7fe4e81ae000-7fe4e81b6000 rw-s 00000000 fd:00 269408                     /tmp/hsperfdata_yst/45428
7fe4e81b6000-7fe4e81d1000 r-xp 00000000 fd:00 665625                     /home/yst/.jdks/graalvm-ce-17/lib/libjimage.so
7fe4e81d1000-7fe4e81d2000 ---p 0001b000 fd:00 665625                     /home/yst/.jdks/graalvm-ce-17/lib/libjimage.so
7fe4e81d2000-7fe4e81d4000 r--p 0001b000 fd:00 665625                     /home/yst/.jdks/graalvm-ce-17/lib/libjimage.so
7fe4e81d4000-7fe4e81d5000 rw-p 0001d000 fd:00 665625                     /home/yst/.jdks/graalvm-ce-17/lib/libjimage.so
7fe4e81d5000-7fe4e81d9000 ---p 00000000 00:00 0 
7fe4e81d9000-7fe4e82d5000 rw-p 00000000 00:00 0 
7fe4e82d5000-7fe4e82e3000 r--p 00000000 fd:00 793254                     /usr/lib/x86_64-linux-gnu/libm.so.6
7fe4e82e3000-7fe4e835f000 r-xp 0000e000 fd:00 793254                     /usr/lib/x86_64-linux-gnu/libm.so.6
7fe4e835f000-7fe4e83ba000 r--p 0008a000 fd:00 793254                     /usr/lib/x86_64-linux-gnu/libm.so.6
7fe4e83ba000-7fe4e83bb000 r--p 000e4000 fd:00 793254                     /usr/lib/x86_64-linux-gnu/libm.so.6
7fe4e83bb000-7fe4e83bc000 rw-p 000e5000 fd:00 793254                     /usr/lib/x86_64-linux-gnu/libm.so.6
7fe4e83bc000-7fe4e83bd000 r--p 00000000 fd:00 793332                     /usr/lib/x86_64-linux-gnu/librt.so.1
7fe4e83bd000-7fe4e83be000 r-xp 00001000 fd:00 793332                     /usr/lib/x86_64-linux-gnu/librt.so.1
7fe4e83be000-7fe4e83bf000 r--p 00002000 fd:00 793332                     /usr/lib/x86_64-linux-gnu/librt.so.1
7fe4e83bf000-7fe4e83c0000 r--p 00002000 fd:00 793332                     /usr/lib/x86_64-linux-gnu/librt.so.1
7fe4e83c0000-7fe4e83c1000 rw-p 00003000 fd:00 793332                     /usr/lib/x86_64-linux-gnu/librt.so.1
7fe4e83c1000-7fe4e94d9000 r-xp 00000000 fd:00 665707                     /home/yst/.jdks/graalvm-ce-17/lib/server/libjvm.so
7fe4e94d9000-7fe4e94da000 ---p 01118000 fd:00 665707                     /home/yst/.jdks/graalvm-ce-17/lib/server/libjvm.so
7fe4e94da000-7fe4e958f000 r--p 01118000 fd:00 665707                     /home/yst/.jdks/graalvm-ce-17/lib/server/libjvm.so
7fe4e958f000-7fe4e95c3000 rw-p 011cd000 fd:00 665707                     /home/yst/.jdks/graalvm-ce-17/lib/server/libjvm.so
7fe4e95c3000-7fe4e9620000 rw-p 00000000 00:00 0 
7fe4e9620000-7fe4e9648000 r--p 00000000 fd:00 793144                     /usr/lib/x86_64-linux-gnu/libc.so.6
7fe4e9648000-7fe4e97dd000 r-xp 00028000 fd:00 793144                     /usr/lib/x86_64-linux-gnu/libc.so.6
7fe4e97dd000-7fe4e9835000 r--p 001bd000 fd:00 793144                     /usr/lib/x86_64-linux-gnu/libc.so.6
7fe4e9835000-7fe4e9839000 r--p 00214000 fd:00 793144                     /usr/lib/x86_64-linux-gnu/libc.so.6
7fe4e9839000-7fe4e983b000 rw-p 00218000 fd:00 793144                     /usr/lib/x86_64-linux-gnu/libc.so.6
7fe4e983b000-7fe4e9848000 rw-p 00000000 00:00 0 
7fe4e9848000-7fe4e9849000 r--p 00000000 fd:00 793163                     /usr/lib/x86_64-linux-gnu/libdl.so.2
7fe4e9849000-7fe4e984a000 r-xp 00001000 fd:00 793163                     /usr/lib/x86_64-linux-gnu/libdl.so.2
7fe4e984a000-7fe4e984b000 r--p 00002000 fd:00 793163                     /usr/lib/x86_64-linux-gnu/libdl.so.2
7fe4e984b000-7fe4e984c000 r--p 00002000 fd:00 793163                     /usr/lib/x86_64-linux-gnu/libdl.so.2
7fe4e984c000-7fe4e984d000 rw-p 00003000 fd:00 793163                     /usr/lib/x86_64-linux-gnu/libdl.so.2
7fe4e984d000-7fe4e984e000 r--p 00000000 fd:00 793327                     /usr/lib/x86_64-linux-gnu/libpthread.so.0
7fe4e984e000-7fe4e984f000 r-xp 00001000 fd:00 793327                     /usr/lib/x86_64-linux-gnu/libpthread.so.0
7fe4e984f000-7fe4e9850000 r--p 00002000 fd:00 793327                     /usr/lib/x86_64-linux-gnu/libpthread.so.0
7fe4e9850000-7fe4e9851000 r--p 00002000 fd:00 793327                     /usr/lib/x86_64-linux-gnu/libpthread.so.0
7fe4e9851000-7fe4e9852000 rw-p 00003000 fd:00 793327                     /usr/lib/x86_64-linux-gnu/libpthread.so.0
7fe4e9852000-7fe4e9860000 r-xp 00000000 fd:00 665626                     /home/yst/.jdks/graalvm-ce-17/lib/libjli.so
7fe4e9860000-7fe4e9861000 ---p 0000e000 fd:00 665626                     /home/yst/.jdks/graalvm-ce-17/lib/libjli.so
7fe4e9861000-7fe4e9862000 r--p 0000e000 fd:00 665626                     /home/yst/.jdks/graalvm-ce-17/lib/libjli.so
7fe4e9862000-7fe4e9863000 rw-p 0000f000 fd:00 665626                     /home/yst/.jdks/graalvm-ce-17/lib/libjli.so
7fe4e9863000-7fe4e9865000 r--p 00000000 fd:00 786979                     /usr/lib/x86_64-linux-gnu/libz.so.1.2.11
7fe4e9865000-7fe4e9876000 r-xp 00002000 fd:00 786979                     /usr/lib/x86_64-linux-gnu/libz.so.1.2.11
7fe4e9876000-7fe4e987c000 r--p 00013000 fd:00 786979                     /usr/lib/x86_64-linux-gnu/libz.so.1.2.11
7fe4e987c000-7fe4e987d000 ---p 00019000 fd:00 786979                     /usr/lib/x86_64-linux-gnu/libz.so.1.2.11
7fe4e987d000-7fe4e987e000 r--p 00019000 fd:00 786979                     /usr/lib/x86_64-linux-gnu/libz.so.1.2.11
7fe4e987e000-7fe4e987f000 rw-p 0001a000 fd:00 786979                     /usr/lib/x86_64-linux-gnu/libz.so.1.2.11
7fe4e9884000-7fe4e9885000 ---p 00000000 00:00 0 
7fe4e9885000-7fe4e9886000 r--p 00000000 00:00 0 
7fe4e9886000-7fe4e9888000 rw-p 00000000 00:00 0 
7fe4e9888000-7fe4e988a000 r--p 00000000 fd:00 793105                     /usr/lib/x86_64-linux-gnu/ld-linux-x86-64.so.2
7fe4e988a000-7fe4e98b4000 r-xp 00002000 fd:00 793105                     /usr/lib/x86_64-linux-gnu/ld-linux-x86-64.so.2
7fe4e98b4000-7fe4e98bf000 r--p 0002c000 fd:00 793105                     /usr/lib/x86_64-linux-gnu/ld-linux-x86-64.so.2
7fe4e98bf000-7fe4e98c0000 ---p 00000000 00:00 0 
7fe4e98c0000-7fe4e98c2000 r--p 00037000 fd:00 793105                     /usr/lib/x86_64-linux-gnu/ld-linux-x86-64.so.2
7fe4e98c2000-7fe4e98c4000 rw-p 00039000 fd:00 793105                     /usr/lib/x86_64-linux-gnu/ld-linux-x86-64.so.2
7ffe3a69b000-7ffe3a6bc000 rw-p 00000000 00:00 0                          [stack]
7ffe3a785000-7ffe3a789000 r--p 00000000 00:00 0                          [vvar]
7ffe3a789000-7ffe3a78b000 r-xp 00000000 00:00 0                          [vdso]
ffffffffff600000-ffffffffff601000 --xp 00000000 00:00 0                  [vsyscall]


VM Arguments:
jvm_args: -XX:ThreadPriorityPolicy=1 -XX:+UnlockExperimentalVMOptions -XX:+EnableJVMCIProduct -XX:JVMCIThreadsPerNativeLibraryRuntime=1 -XX:-UnlockExperimentalVMOptions -Dfile.encoding=UTF-8 -Duser.country=US -Duser.language=en -Duser.variant 
java_command: cf.thdisstudio.afioaos.compositor.Main
java_class_path (initial): /home/yst/IdeaProjects/WindowManager/build/classes/java/main:/home/yst/IdeaProjects/WindowManager/build/resources/main:/home/yst/.gradle/caches/modules-2/files-2.1/net.java.dev.jna/jna-platform/5.13.0/88e9a306715e9379f3122415ef4ae759a352640d/jna-platform-5.13.0.jar:/home/yst/.gradle/caches/modules-2/files-2.1/net.java.dev.jna/jna/5.13.0/1200e7ebeedbe0d10062093f32925a912020e747/jna-5.13.0.jar
Launcher Type: SUN_STANDARD

[Global flags]
     intx CICompilerCount                          = 4                                         {product} {ergonomic}
     uint ConcGCThreads                            = 2                                         {product} {ergonomic}
     bool EnableJVMCIProduct                       = true                                {JVMCI product} {jimage}
     uint G1ConcRefinementThreads                  = 8                                         {product} {ergonomic}
   size_t G1HeapRegionSize                         = 1048576                                   {product} {ergonomic}
    uintx GCDrainStackTargetSize                   = 64                                        {product} {ergonomic}
   size_t InitialHeapSize                          = 65011712                                  {product} {ergonomic}
     uint JVMCIThreadsPerNativeLibraryRuntime      = 1                                   {JVMCI product} {jimage}
   size_t MarkStackSize                            = 4194304                                   {product} {ergonomic}
   size_t MaxHeapSize                              = 1029701632                                {product} {ergonomic}
   size_t MaxNewSize                               = 617611264                                 {product} {ergonomic}
   size_t MinHeapDeltaBytes                        = 1048576                                   {product} {ergonomic}
   size_t MinHeapSize                              = 8388608                                   {product} {ergonomic}
    uintx NonNMethodCodeHeapSize                   = 6979620                                {pd product} {ergonomic}
    uintx NonProfiledCodeHeapSize                  = 122339310                              {pd product} {ergonomic}
    uintx ProfiledCodeHeapSize                     = 122339310                              {pd product} {ergonomic}
    uintx ReservedCodeCacheSize                    = 251658240                              {pd product} {ergonomic}
     bool SegmentedCodeCache                       = true                                      {product} {ergonomic}
   size_t SoftMaxHeapSize                          = 1029701632                             {manageable} {ergonomic}
     intx ThreadPriorityPolicy                     = 1                                         {product} {jimage}
     bool UseCompressedClassPointers               = true                           {product lp64_product} {ergonomic}
     bool UseCompressedOops                        = true                           {product lp64_product} {ergonomic}
     bool UseG1GC                                  = true                                      {product} {ergonomic}

Logging:
Log output configuration:
 #0: stdout all=warning uptime,level,tags
 #1: stderr all=off uptime,level,tags

Environment Variables:
PATH=/usr/local/sbin:/usr/local/bin:/usr/sbin:/usr/bin:/sbin:/bin:/usr/games:/usr/local/games:/snap/bin
SHELL=/bin/bash
LANG=en_US.UTF-8
TERM=vt100

Signal Handlers:
   SIGSEGV: crash_handler in libjvm.so, mask=11100100010111111101111111111110, flags=SA_RESTART|SA_SIGINFO
    SIGBUS: crash_handler in libjvm.so, mask=11100100010111111101111111111110, flags=SA_RESTART|SA_SIGINFO
    SIGFPE: crash_handler in libjvm.so, mask=11100100010111111101111111111110, flags=SA_RESTART|SA_SIGINFO
   SIGPIPE: IsolateEnterStub_IgnoreSIGPIPEStartupHook_noopSignalHandler_e7f927579b58c552540f032273d7664341ccbaa6_76208cad888c6e1fb3760e66784fb81a9ad004e5 in libjvmcicompiler.so, mask=00000000000000000000000000000000, flags=SA_RESTART
  *** Handler was modified!
  *** Expected: javaSignalHandler in libjvm.so, mask=11100100110111111111111111111110, flags=SA_RESTART|SA_SIGINFO
   SIGXFSZ: javaSignalHandler in libjvm.so, mask=11100100010111111101111111111110, flags=SA_RESTART|SA_SIGINFO
    SIGILL: crash_handler in libjvm.so, mask=11100100010111111101111111111110, flags=SA_RESTART|SA_SIGINFO
   SIGUSR2: SR_handler in libjvm.so, mask=00100000000000000000000000000000, flags=SA_RESTART|SA_SIGINFO
    SIGHUP: SIG_IGN, mask=00000000000000000000000000000000, flags=none
    SIGINT: UserHandler in libjvm.so, mask=11100100010111111101111111111110, flags=SA_RESTART|SA_SIGINFO
   SIGTERM: UserHandler in libjvm.so, mask=11100100010111111101111111111110, flags=SA_RESTART|SA_SIGINFO
   SIGQUIT: UserHandler in libjvm.so, mask=11100100010111111101111111111110, flags=SA_RESTART|SA_SIGINFO
   SIGTRAP: crash_handler in libjvm.so, mask=11100100010111111101111111111110, flags=SA_RESTART|SA_SIGINFO


---------------  S Y S T E M  ---------------

OS:
DISTRIB_ID=Ubuntu
DISTRIB_RELEASE=22.04
DISTRIB_CODENAME=jammy
DISTRIB_DESCRIPTION="Ubuntu 22.04.1 LTS"
uname: Linux 5.15.0-58-generic #64-Ubuntu SMP Thu Jan 5 11:43:13 UTC 2023 x86_64
OS uptime: 0 days 4:50 hours
libc: glibc 2.35 NPTL 2.35 
rlimit (soft/hard): STACK 8192k/infinity , CORE 0k/infinity , NPROC 15246/15246 , NOFILE 1048576/1048576 , AS infinity/infinity , CPU infinity/infinity , DATA infinity/infinity , FSIZE infinity/infinity , MEMLOCK 502096k/502096k
load average: 0.20 0.27 0.38

/proc/meminfo:
MemTotal:        4016768 kB
MemFree:          114332 kB
MemAvailable:     110580 kB
Buffers:            4520 kB
Cached:           182632 kB
SwapCached:        30332 kB
Active:          1322872 kB
Inactive:        2364556 kB
Active(anon):    1222188 kB
Inactive(anon):  2288008 kB
Active(file):     100684 kB
Inactive(file):    76548 kB
Unevictable:       27876 kB
Mlocked:           27876 kB
SwapTotal:       4018172 kB
SwapFree:        3022944 kB
Dirty:               164 kB
Writeback:             0 kB
AnonPages:       3508572 kB
Mapped:            94140 kB
Shmem:               892 kB
KReclaimable:      43108 kB
Slab:              91124 kB
SReclaimable:      43108 kB
SUnreclaim:        48016 kB
KernelStack:        7208 kB
PageTables:        16884 kB
NFS_Unstable:          0 kB
Bounce:                0 kB
WritebackTmp:          0 kB
CommitLimit:     6026556 kB
Committed_AS:    4794120 kB
VmallocTotal:   34359738367 kB
VmallocUsed:       37616 kB
VmallocChunk:          0 kB
Percpu:             4800 kB
HardwareCorrupted:     0 kB
AnonHugePages:         0 kB
ShmemHugePages:        0 kB
ShmemPmdMapped:        0 kB
FileHugePages:         0 kB
FilePmdMapped:         0 kB
HugePages_Total:       0
HugePages_Free:        0
HugePages_Rsvd:        0
HugePages_Surp:        0
Hugepagesize:       2048 kB
Hugetlb:               0 kB
DirectMap4k:      178112 kB
DirectMap2M:     4016128 kB

/sys/kernel/mm/transparent_hugepage/enabled: always [madvise] never
/sys/kernel/mm/transparent_hugepage/defrag (defrag/compaction efforts parameter): always defer defer+madvise [madvise] never

Process Memory:
Virtual Size: 4019212K (peak: 4076696K)
Resident Set Size: 100140K (peak: 100140K) (anon: 54124K, file: 46016K, shmem: 0K)
Swapped out: 0K
C-Heap outstanding allocations: 28680K, retained: 2347K
glibc malloc tunables: (default)

/proc/sys/kernel/threads-max (system-wide limit on the number of threads): 30493
/proc/sys/vm/max_map_count (maximum number of memory map areas a process may have): 65530
/proc/sys/kernel/pid_max (system-wide limit on number of process identifiers): 4194304

container (cgroup) information:
container_type: cgroupv2
cpu_cpuset_cpus: not supported
cpu_memory_nodes: not supported
active_processor_count: 8
cpu_quota: not supported
cpu_period: not supported
cpu_shares: not supported
memory_limit_in_bytes: unlimited
memory_and_swap_limit_in_bytes: unlimited
memory_soft_limit_in_bytes: unlimited
memory_usage_in_bytes: 3627968 k
memory_max_usage_in_bytes: not supported
memory_swap_current_in_bytes: 950192 k
memory_swap_max_limit_in_bytes: unlimited
maximum number of tasks: unlimited
current number of tasks: 245

KVM virtualization detected
Steal ticks since vm start: 0
Steal ticks percentage since vm start:  0.000

CPU: total 8 (initial active 8) (8 cores per cpu, 8 threads per core) family 23 model 8 stepping 2 microcode 0x0, cx8, cmov, fxsr, ht, mmx, 3dnowpref, sse, sse2, sse3, ssse3, sse4a, sse4.1, sse4.2, popcnt, lzcnt, tsc, tscinvbit, avx, avx2, aes, clmul, bmi1, bmi2, vzeroupper, clflush, clflushopt, hv
CPU Model and flags from /proc/cpuinfo:
model name	: AMD Ryzen 7 2700X Eight-Core Processor
flags		: fpu vme de pse tsc msr pae mce cx8 apic sep mtrr pge mca cmov pat pse36 clflush mmx fxsr sse sse2 ht syscall nx mmxext fxsr_opt rdtscp lm constant_tsc rep_good nopl nonstop_tsc cpuid extd_apicid tsc_known_freq pni pclmulqdq ssse3 cx16 sse4_1 sse4_2 x2apic movbe popcnt aes xsave avx rdrand hypervisor lahf_lm cmp_legacy cr8_legacy abm sse4a misalignsse 3dnowprefetch ssbd vmmcall fsgsbase bmi1 avx2 bmi2 rdseed clflushopt arat

Online cpus: 0-7
Offline cpus: 
BIOS frequency limitation: <Not Available>
Frequency switch latency (ns): <Not Available>
Available cpu frequencies: <Not Available>
Current governor: <Not Available>
Core performance/turbo boost: <Not Available>

Memory: 4k page, physical 4016768k(114080k free), swap 4018172k(3022944k free)
Page Sizes: 4k

vm_info: OpenJDK 64-Bit Server VM (17.0.6+10-jvmci-22.3-b13) for linux-amd64 JRE (17.0.6+10-jvmci-22.3-b13), built on Jan 18 2023 21:35:33 by "buildslave" with gcc 10.3.0

END.
