#
# A fatal error has been detected by the Java Runtime Environment:
#
#  SIGSEGV (0xb) at pc=0x00007f33d9ae99c4, pid=46999, tid=47005
#
# JRE version: OpenJDK Runtime Environment GraalVM CE 22.3.1 (17.0.6+10) (build 17.0.6+10-jvmci-22.3-b13)
# Java VM: OpenJDK 64-Bit Server VM GraalVM CE 22.3.1 (17.0.6+10-jvmci-22.3-b13, mixed mode, sharing, tiered, jvmci, jvmci compiler, compressed oops, compressed class ptrs, g1 gc, linux-amd64)
# Problematic frame:
# C  [libX11.so+0x299c4]  XDefaultRootWindow+0x4
#
# Core dump will be written. Default location: Core dumps may be processed with "/usr/share/apport/apport -p%p -s%s -c%c -d%d -P%P -u%u -g%g -- %E" (or dumping to /home/yst/IdeaProjects/core.46999)
#
# If you would like to submit a bug report, please visit:
#   https://github.com/oracle/graal/issues
# The crash happened outside the Java Virtual Machine in native code.
# See problematic frame for where to report the bug.
#

---------------  S U M M A R Y ------------

Command Line: -XX:ThreadPriorityPolicy=1 -XX:+UnlockExperimentalVMOptions -XX:+EnableJVMCIProduct -XX:JVMCIThreadsPerNativeLibraryRuntime=1 -XX:-UnlockExperimentalVMOptions -Dfile.encoding=UTF-8 -Duser.country=US -Duser.language=en -Duser.variant cf.thdisstudio.afioaos.compositor.Main

Host: AMD Ryzen 7 2700X Eight-Core Processor, 8 cores, 3G, Ubuntu 22.04.1 LTS
Time: Tue Jan 31 08:33:32 2023 UTC elapsed time: 0.298381 seconds (0d 0h 0m 0s)

---------------  T H R E A D  ---------------

Current thread (0x00007f3444025d40):  JavaThread "main" [_thread_in_native, id=47005, stack(0x00007f3448464000,0x00007f3448564000)]

Stack: [0x00007f3448464000,0x00007f3448564000],  sp=0x00007f3448561db8,  free space=1015k
Native frames: (J=compiled Java code, j=interpreted, Vv=VM code, C=native code)
C  [libX11.so+0x299c4]  XDefaultRootWindow+0x4

Java frames: (J=compiled Java code, j=interpreted, Vv=VM code)
j  com.sun.jna.Native.invokeLong(Lcom/sun/jna/Function;JI[Ljava/lang/Object;)J+0
j  com.sun.jna.Function.invoke([Ljava/lang/Object;Ljava/lang/Class;ZI)Ljava/lang/Object;+243
j  com.sun.jna.Function.invoke(Ljava/lang/reflect/Method;[Ljava/lang/Class;Ljava/lang/Class;[Ljava/lang/Object;Ljava/util/Map;)Ljava/lang/Object;+271
j  com.sun.jna.Library$Handler.invoke(Ljava/lang/Object;Ljava/lang/reflect/Method;[Ljava/lang/Object;)Ljava/lang/Object;+390
j  jdk.proxy1.$Proxy0.XDefaultRootWindow(Lcom/sun/jna/platform/unix/X11$Display;)Lcom/sun/jna/platform/unix/X11$Window;+16 jdk.proxy1
j  cf.thdisstudio.afioaos.compositor.WindowManager.<init>(Ljava/lang/String;)V+103
j  cf.thdisstudio.afioaos.compositor.Main.main([Ljava/lang/String;)V+6
v  ~StubRoutines::call_stub

siginfo: si_signo: 11 (SIGSEGV), si_code: 1 (SEGV_MAPERR), si_addr: 0x00000000000000e0

Register to memory mapping:

RAX=0x0 is NULL
RBX=0x0000000000000008 is an unknown value
RCX=0x0 is NULL
RDX=0x0 is NULL
RSP=0x00007f3448561db8 is pointing into the stack for thread: 0x00007f3444025d40
RBP=0x00007f3448561dc0 is pointing into the stack for thread: 0x00007f3444025d40
RSI=0x00007f3449a23cf3: _dl_catch_error+0x0000000000000033 in /lib/x86_64-linux-gnu/libc.so.6 at 0x00007f34498af000
RDI=0x0 is NULL
R8 =0x0 is NULL
R9 =0xb716960d57676200 is an unknown value
R10=0x0 is NULL
R11=0x00007f33d9ae99c0: XDefaultRootWindow+0x0000000000000000 in /lib/x86_64-linux-gnu/libX11.so at 0x00007f33d9ac0000
R12=0x00007f3448561f70 is pointing into the stack for thread: 0x00007f3444025d40
R13=0x0000000000000008 is an unknown value
R14=0x0000000000000001 is an unknown value
R15=0x00007f3448561f50 is pointing into the stack for thread: 0x00007f3444025d40


Registers:
RAX=0x0000000000000000, RBX=0x0000000000000008, RCX=0x0000000000000000, RDX=0x0000000000000000
RSP=0x00007f3448561db8, RBP=0x00007f3448561dc0, RSI=0x00007f3449a23cf3, RDI=0x0000000000000000
R8 =0x0000000000000000, R9 =0xb716960d57676200, R10=0x0000000000000000, R11=0x00007f33d9ae99c0
R12=0x00007f3448561f70, R13=0x0000000000000008, R14=0x0000000000000001, R15=0x00007f3448561f50
RIP=0x00007f33d9ae99c4, EFLAGS=0x0000000000010246, CSGSFS=0x002b000000000033, ERR=0x0000000000000004
  TRAPNO=0x000000000000000e

Top of Stack: (sp=0x00007f3448561db8)
0x00007f3448561db8:   00007f33d9816052 0000000000000007
0x00007f3448561dc8:   00007f34485624f0 00007f3448561ed0
0x00007f3448561dd8:   00007f33d981514c 0000000000000002
0x00007f3448561de8:   00007f3444025fe8 00007f3400000000 

Instructions: (pc=0x00007f33d9ae99c4)
0x00007f33d9ae98c4:   10 48 8b 05 6c 26 11 00 48 8d 15 bd d9 ff ff 48
0x00007f33d9ae98d4:   89 08 48 8b 05 73 26 11 00 48 8d 0d 0c dd ff ff
0x00007f33d9ae98e4:   48 89 30 48 8b 05 c2 25 11 00 48 8d 35 fb db ff
0x00007f33d9ae98f4:   ff 48 89 10 48 8b 05 29 26 11 00 48 8d 15 1a d8
0x00007f33d9ae9904:   ff ff 48 89 08 48 8b 05 f0 25 11 00 48 89 30 48
0x00007f33d9ae9914:   8b 05 46 26 11 00 48 89 10 48 83 c4 08 44 89 e0
0x00007f33d9ae9924:   5b 5d 41 5c 41 5d c3 45 31 e4 e9 be fe ff ff 48
0x00007f33d9ae9934:   89 ef 45 31 e4 e8 92 ff fe ff 48 c7 05 af 5d 11
0x00007f33d9ae9944:   00 00 00 00 00 e9 a3 fe ff ff 48 89 ef 45 31 e4
0x00007f33d9ae9954:   e8 77 ff fe ff 4c 89 ef 48 c7 05 91 5d 11 00 00
0x00007f33d9ae9964:   00 00 00 e8 64 ff fe ff 48 c7 05 79 5d 11 00 00
0x00007f33d9ae9974:   00 00 00 e9 75 fe ff ff 0f 1f 40 00 f3 0f 1e fa
0x00007f33d9ae9984:   8b 47 10 c3 0f 1f 84 00 00 00 00 00 f3 0f 1e fa
0x00007f33d9ae9994:   48 63 f6 48 c1 e6 07 48 03 b7 e8 00 00 00 48 8b
0x00007f33d9ae99a4:   46 10 c3 66 0f 1f 84 00 00 00 00 00 f3 0f 1e fa
0x00007f33d9ae99b4:   8b 87 e0 00 00 00 c3 0f 1f 44 00 00 f3 0f 1e fa
0x00007f33d9ae99c4:   48 63 87 e0 00 00 00 48 c1 e0 07 48 03 87 e8 00
0x00007f33d9ae99d4:   00 00 48 8b 40 10 c3 0f 1f 44 00 00 f3 0f 1e fa
0x00007f33d9ae99e4:   48 63 f6 48 c1 e6 07 48 03 b7 e8 00 00 00 48 8b
0x00007f33d9ae99f4:   46 40 c3 66 0f 1f 84 00 00 00 00 00 f3 0f 1e fa
0x00007f33d9ae9a04:   48 63 f6 48 c1 e6 07 48 03 b7 e8 00 00 00 48 8b
0x00007f33d9ae9a14:   46 48 c3 66 0f 1f 84 00 00 00 00 00 f3 0f 1e fa
0x00007f33d9ae9a24:   48 63 f6 48 c1 e6 07 48 03 b7 e8 00 00 00 48 8b
0x00007f33d9ae9a34:   46 60 c3 66 0f 1f 84 00 00 00 00 00 f3 0f 1e fa
0x00007f33d9ae9a44:   48 63 f6 48 c1 e6 07 48 03 b7 e8 00 00 00 48 8b
0x00007f33d9ae9a54:   46 58 c3 66 0f 1f 84 00 00 00 00 00 f3 0f 1e fa
0x00007f33d9ae9a64:   48 c7 c0 ff ff ff ff c3 0f 1f 40 00 f3 0f 1e fa
0x00007f33d9ae9a74:   8b 87 88 00 00 00 c3 0f 1f 44 00 00 f3 0f 1e fa
0x00007f33d9ae9a84:   48 63 f6 48 c1 e6 07 48 03 b7 e8 00 00 00 8b 46
0x00007f33d9ae9a94:   18 c3 66 2e 0f 1f 84 00 00 00 00 00 f3 0f 1e fa
0x00007f33d9ae9aa4:   48 63 f6 48 c1 e6 07 48 03 b7 e8 00 00 00 8b 46
0x00007f33d9ae9ab4:   1c c3 66 2e 0f 1f 84 00 00 00 00 00 f3 0f 1e fa 


Stack slot to memory mapping:
stack at sp + 0 slots: 0x00007f33d9816052: <offset 0x0000000000016052> in /home/yst/.cache/JNA/temp/jna13953987075677208521.tmp at 0x00007f33d9800000
stack at sp + 1 slots: 0x0000000000000007 is an unknown value
stack at sp + 2 slots: 0x00007f34485624f0 is pointing into the stack for thread: 0x00007f3444025d40
stack at sp + 3 slots: 0x00007f3448561ed0 is pointing into the stack for thread: 0x00007f3444025d40
stack at sp + 4 slots: 0x00007f33d981514c: <offset 0x000000000001514c> in /home/yst/.cache/JNA/temp/jna13953987075677208521.tmp at 0x00007f33d9800000
stack at sp + 5 slots: 0x0000000000000002 is an unknown value
stack at sp + 6 slots: 0x00007f3444025fe8 points into unknown readable memory: 0x00007f3449824320 | 20 43 82 49 34 7f 00 00
stack at sp + 7 slots: 0x00007f3400000000 points into unknown readable memory: 0x00007f3400000030 | 30 00 00 00 34 7f 00 00


---------------  P R O C E S S  ---------------

Threads class SMR info:
_java_thread_list=0x00007f34441e8380, length=13, elements={
0x00007f3444025d40, 0x00007f34440e6ca0, 0x00007f34440e80d0, 0x00007f34440ed4f0,
0x00007f34440ee8b0, 0x00007f34440efcd0, 0x00007f34440f16f0, 0x00007f34440f2c30,
0x00007f34440fc0a0, 0x00007f344410a210, 0x00007f34441523a0, 0x00007f34441e20a0,
0x00007f34441e6a40
}

Java Threads: ( => current thread )
=>0x00007f3444025d40 JavaThread "main" [_thread_in_native, id=47005, stack(0x00007f3448464000,0x00007f3448564000)]
  0x00007f34440e6ca0 JavaThread "Reference Handler" daemon [_thread_blocked, id=47012, stack(0x00007f34198a7000,0x00007f34199a7000)]
  0x00007f34440e80d0 JavaThread "Finalizer" daemon [_thread_blocked, id=47013, stack(0x00007f3418f00000,0x00007f3419000000)]
  0x00007f34440ed4f0 JavaThread "Signal Dispatcher" daemon [_thread_blocked, id=47014, stack(0x00007f3418b17000,0x00007f3418c17000)]
  0x00007f34440ee8b0 JavaThread "Service Thread" daemon [_thread_blocked, id=47015, stack(0x00007f3418a17000,0x00007f3418b17000)]
  0x00007f34440efcd0 JavaThread "Monitor Deflation Thread" daemon [_thread_blocked, id=47016, stack(0x00007f3418917000,0x00007f3418a17000)]
  0x00007f34440f16f0 JavaThread "JVMCI-native CompilerThread0" daemon [_thread_in_vm, id=47017, stack(0x00007f3418717000,0x00007f3418917000)]
  0x00007f34440f2c30 JavaThread "C1 CompilerThread0" daemon [_thread_blocked, id=47018, stack(0x00007f3418517000,0x00007f3418717000)]
  0x00007f34440fc0a0 JavaThread "Sweeper thread" daemon [_thread_blocked, id=47019, stack(0x00007f3418417000,0x00007f3418517000)]
  0x00007f344410a210 JavaThread "Common-Cleaner" daemon [_thread_blocked, id=47020, stack(0x00007f3418317000,0x00007f3418417000)]
  0x00007f34441523a0 JavaThread "Notification Thread" daemon [_thread_blocked, id=47021, stack(0x00007f3418217000,0x00007f3418317000)]
  0x00007f34441e20a0 JavaThread "process reaper" daemon [_thread_blocked, id=47027, stack(0x00007f3419854000,0x00007f3419876000)]
  0x00007f34441e6a40 JavaThread "JNA Cleaner" daemon [_thread_blocked, id=47028, stack(0x00007f3418008000,0x00007f3418108000)]

Other Threads:
  0x00007f34440e29c0 VMThread "VM Thread" [stack: 0x00007f34199a9000,0x00007f3419aa9000] [id=47011]
  0x00007f3444153d60 WatcherThread [stack: 0x00007f3418117000,0x00007f3418217000] [id=47022]
  0x00007f3444062b70 GCTaskThread "GC Thread#0" [stack: 0x00007f34288f2000,0x00007f34289f2000] [id=47006]
  0x00007f344406bc30 ConcurrentGCThread "G1 Main Marker" [stack: 0x00007f34287f0000,0x00007f34288f0000] [id=47007]
  0x00007f344406cb90 ConcurrentGCThread "G1 Conc#0" [stack: 0x00007f34286ee000,0x00007f34287ee000] [id=47008]
  0x00007f34440b9260 ConcurrentGCThread "G1 Refine#0" [stack: 0x00007f3419cfe000,0x00007f3419dfe000] [id=47009]
  0x00007f34440ba150 ConcurrentGCThread "G1 Service" [stack: 0x00007f3419bfc000,0x00007f3419cfc000] [id=47010]

Threads with active compile tasks:

VM state: not at safepoint (normal execution)

VM Mutex/Monitor currently owned by a thread: None

Heap address: 0x00000000c2a00000, size: 982 MB, Compressed Oops mode: 32-bit

CDS archive(s) mapped at: [0x0000000800000000-0x0000000800bc9000-0x0000000800bc9000), size 12357632, SharedBaseAddress: 0x0000000800000000, ArchiveRelocationMode: 0.
Compressed class space mapped at: 0x0000000800c00000-0x0000000840c00000, reserved size: 1073741824
Narrow klass base: 0x0000000800000000, Narrow klass shift: 0, Narrow klass range: 0x100000000

GC Precious Log:
 CPUs: 8 total, 8 available
 Memory: 3922M
 Large Page Support: Disabled
 NUMA Support: Disabled
 Compressed Oops: Enabled (32-bit)
 Heap Region Size: 1M
 Heap Min Capacity: 8M
 Heap Initial Capacity: 62M
 Heap Max Capacity: 982M
 Pre-touch: Disabled
 Parallel Workers: 8
 Concurrent Workers: 2
 Concurrent Refinement Workers: 8
 Periodic GC: Disabled

Heap:
 garbage-first heap   total 65536K, used 5964K [0x00000000c2a00000, 0x0000000100000000)
  region size 1024K, 6 young (6144K), 0 survivors (0K)
 Metaspace       used 2555K, committed 2688K, reserved 1056768K
  class space    used 242K, committed 320K, reserved 1048576K

Heap Regions: E=young(eden), S=young(survivor), O=old, HS=humongous(starts), HC=humongous(continues), CS=collection set, F=free, OA=open archive, CA=closed archive, TAMS=top-at-mark-start (previous, next)
|   0|0x00000000c2a00000, 0x00000000c2a00000, 0x00000000c2b00000|  0%| F|  |TAMS 0x00000000c2a00000, 0x00000000c2a00000| Untracked 
|   1|0x00000000c2b00000, 0x00000000c2b00000, 0x00000000c2c00000|  0%| F|  |TAMS 0x00000000c2b00000, 0x00000000c2b00000| Untracked 
|   2|0x00000000c2c00000, 0x00000000c2c00000, 0x00000000c2d00000|  0%| F|  |TAMS 0x00000000c2c00000, 0x00000000c2c00000| Untracked 
|   3|0x00000000c2d00000, 0x00000000c2d00000, 0x00000000c2e00000|  0%| F|  |TAMS 0x00000000c2d00000, 0x00000000c2d00000| Untracked 
|   4|0x00000000c2e00000, 0x00000000c2e00000, 0x00000000c2f00000|  0%| F|  |TAMS 0x00000000c2e00000, 0x00000000c2e00000| Untracked 
|   5|0x00000000c2f00000, 0x00000000c2f00000, 0x00000000c3000000|  0%| F|  |TAMS 0x00000000c2f00000, 0x00000000c2f00000| Untracked 
|   6|0x00000000c3000000, 0x00000000c3000000, 0x00000000c3100000|  0%| F|  |TAMS 0x00000000c3000000, 0x00000000c3000000| Untracked 
|   7|0x00000000c3100000, 0x00000000c3100000, 0x00000000c3200000|  0%| F|  |TAMS 0x00000000c3100000, 0x00000000c3100000| Untracked 
|   8|0x00000000c3200000, 0x00000000c3200000, 0x00000000c3300000|  0%| F|  |TAMS 0x00000000c3200000, 0x00000000c3200000| Untracked 
|   9|0x00000000c3300000, 0x00000000c3300000, 0x00000000c3400000|  0%| F|  |TAMS 0x00000000c3300000, 0x00000000c3300000| Untracked 
|  10|0x00000000c3400000, 0x00000000c3400000, 0x00000000c3500000|  0%| F|  |TAMS 0x00000000c3400000, 0x00000000c3400000| Untracked 
|  11|0x00000000c3500000, 0x00000000c3500000, 0x00000000c3600000|  0%| F|  |TAMS 0x00000000c3500000, 0x00000000c3500000| Untracked 
|  12|0x00000000c3600000, 0x00000000c3600000, 0x00000000c3700000|  0%| F|  |TAMS 0x00000000c3600000, 0x00000000c3600000| Untracked 
|  13|0x00000000c3700000, 0x00000000c3700000, 0x00000000c3800000|  0%| F|  |TAMS 0x00000000c3700000, 0x00000000c3700000| Untracked 
|  14|0x00000000c3800000, 0x00000000c3800000, 0x00000000c3900000|  0%| F|  |TAMS 0x00000000c3800000, 0x00000000c3800000| Untracked 
|  15|0x00000000c3900000, 0x00000000c3900000, 0x00000000c3a00000|  0%| F|  |TAMS 0x00000000c3900000, 0x00000000c3900000| Untracked 
|  16|0x00000000c3a00000, 0x00000000c3a00000, 0x00000000c3b00000|  0%| F|  |TAMS 0x00000000c3a00000, 0x00000000c3a00000| Untracked 
|  17|0x00000000c3b00000, 0x00000000c3b00000, 0x00000000c3c00000|  0%| F|  |TAMS 0x00000000c3b00000, 0x00000000c3b00000| Untracked 
|  18|0x00000000c3c00000, 0x00000000c3c00000, 0x00000000c3d00000|  0%| F|  |TAMS 0x00000000c3c00000, 0x00000000c3c00000| Untracked 
|  19|0x00000000c3d00000, 0x00000000c3d00000, 0x00000000c3e00000|  0%| F|  |TAMS 0x00000000c3d00000, 0x00000000c3d00000| Untracked 
|  20|0x00000000c3e00000, 0x00000000c3e00000, 0x00000000c3f00000|  0%| F|  |TAMS 0x00000000c3e00000, 0x00000000c3e00000| Untracked 
|  21|0x00000000c3f00000, 0x00000000c3f00000, 0x00000000c4000000|  0%| F|  |TAMS 0x00000000c3f00000, 0x00000000c3f00000| Untracked 
|  22|0x00000000c4000000, 0x00000000c4000000, 0x00000000c4100000|  0%| F|  |TAMS 0x00000000c4000000, 0x00000000c4000000| Untracked 
|  23|0x00000000c4100000, 0x00000000c4100000, 0x00000000c4200000|  0%| F|  |TAMS 0x00000000c4100000, 0x00000000c4100000| Untracked 
|  24|0x00000000c4200000, 0x00000000c4200000, 0x00000000c4300000|  0%| F|  |TAMS 0x00000000c4200000, 0x00000000c4200000| Untracked 
|  25|0x00000000c4300000, 0x00000000c4300000, 0x00000000c4400000|  0%| F|  |TAMS 0x00000000c4300000, 0x00000000c4300000| Untracked 
|  26|0x00000000c4400000, 0x00000000c4400000, 0x00000000c4500000|  0%| F|  |TAMS 0x00000000c4400000, 0x00000000c4400000| Untracked 
|  27|0x00000000c4500000, 0x00000000c4500000, 0x00000000c4600000|  0%| F|  |TAMS 0x00000000c4500000, 0x00000000c4500000| Untracked 
|  28|0x00000000c4600000, 0x00000000c4600000, 0x00000000c4700000|  0%| F|  |TAMS 0x00000000c4600000, 0x00000000c4600000| Untracked 
|  29|0x00000000c4700000, 0x00000000c4700000, 0x00000000c4800000|  0%| F|  |TAMS 0x00000000c4700000, 0x00000000c4700000| Untracked 
|  30|0x00000000c4800000, 0x00000000c4800000, 0x00000000c4900000|  0%| F|  |TAMS 0x00000000c4800000, 0x00000000c4800000| Untracked 
|  31|0x00000000c4900000, 0x00000000c4900000, 0x00000000c4a00000|  0%| F|  |TAMS 0x00000000c4900000, 0x00000000c4900000| Untracked 
|  32|0x00000000c4a00000, 0x00000000c4a00000, 0x00000000c4b00000|  0%| F|  |TAMS 0x00000000c4a00000, 0x00000000c4a00000| Untracked 
|  33|0x00000000c4b00000, 0x00000000c4b00000, 0x00000000c4c00000|  0%| F|  |TAMS 0x00000000c4b00000, 0x00000000c4b00000| Untracked 
|  34|0x00000000c4c00000, 0x00000000c4c00000, 0x00000000c4d00000|  0%| F|  |TAMS 0x00000000c4c00000, 0x00000000c4c00000| Untracked 
|  35|0x00000000c4d00000, 0x00000000c4d00000, 0x00000000c4e00000|  0%| F|  |TAMS 0x00000000c4d00000, 0x00000000c4d00000| Untracked 
|  36|0x00000000c4e00000, 0x00000000c4e00000, 0x00000000c4f00000|  0%| F|  |TAMS 0x00000000c4e00000, 0x00000000c4e00000| Untracked 
|  37|0x00000000c4f00000, 0x00000000c4f00000, 0x00000000c5000000|  0%| F|  |TAMS 0x00000000c4f00000, 0x00000000c4f00000| Untracked 
|  38|0x00000000c5000000, 0x00000000c5000000, 0x00000000c5100000|  0%| F|  |TAMS 0x00000000c5000000, 0x00000000c5000000| Untracked 
|  39|0x00000000c5100000, 0x00000000c5100000, 0x00000000c5200000|  0%| F|  |TAMS 0x00000000c5100000, 0x00000000c5100000| Untracked 
|  40|0x00000000c5200000, 0x00000000c5200000, 0x00000000c5300000|  0%| F|  |TAMS 0x00000000c5200000, 0x00000000c5200000| Untracked 
|  41|0x00000000c5300000, 0x00000000c5300000, 0x00000000c5400000|  0%| F|  |TAMS 0x00000000c5300000, 0x00000000c5300000| Untracked 
|  42|0x00000000c5400000, 0x00000000c5400000, 0x00000000c5500000|  0%| F|  |TAMS 0x00000000c5400000, 0x00000000c5400000| Untracked 
|  43|0x00000000c5500000, 0x00000000c5500000, 0x00000000c5600000|  0%| F|  |TAMS 0x00000000c5500000, 0x00000000c5500000| Untracked 
|  44|0x00000000c5600000, 0x00000000c5600000, 0x00000000c5700000|  0%| F|  |TAMS 0x00000000c5600000, 0x00000000c5600000| Untracked 
|  45|0x00000000c5700000, 0x00000000c5700000, 0x00000000c5800000|  0%| F|  |TAMS 0x00000000c5700000, 0x00000000c5700000| Untracked 
|  46|0x00000000c5800000, 0x00000000c5800000, 0x00000000c5900000|  0%| F|  |TAMS 0x00000000c5800000, 0x00000000c5800000| Untracked 
|  47|0x00000000c5900000, 0x00000000c5900000, 0x00000000c5a00000|  0%| F|  |TAMS 0x00000000c5900000, 0x00000000c5900000| Untracked 
|  48|0x00000000c5a00000, 0x00000000c5a00000, 0x00000000c5b00000|  0%| F|  |TAMS 0x00000000c5a00000, 0x00000000c5a00000| Untracked 
|  49|0x00000000c5b00000, 0x00000000c5b00000, 0x00000000c5c00000|  0%| F|  |TAMS 0x00000000c5b00000, 0x00000000c5b00000| Untracked 
|  50|0x00000000c5c00000, 0x00000000c5c00000, 0x00000000c5d00000|  0%| F|  |TAMS 0x00000000c5c00000, 0x00000000c5c00000| Untracked 
|  51|0x00000000c5d00000, 0x00000000c5d00000, 0x00000000c5e00000|  0%| F|  |TAMS 0x00000000c5d00000, 0x00000000c5d00000| Untracked 
|  52|0x00000000c5e00000, 0x00000000c5e00000, 0x00000000c5f00000|  0%| F|  |TAMS 0x00000000c5e00000, 0x00000000c5e00000| Untracked 
|  53|0x00000000c5f00000, 0x00000000c5f00000, 0x00000000c6000000|  0%| F|  |TAMS 0x00000000c5f00000, 0x00000000c5f00000| Untracked 
|  54|0x00000000c6000000, 0x00000000c6000000, 0x00000000c6100000|  0%| F|  |TAMS 0x00000000c6000000, 0x00000000c6000000| Untracked 
|  55|0x00000000c6100000, 0x00000000c6100000, 0x00000000c6200000|  0%| F|  |TAMS 0x00000000c6100000, 0x00000000c6100000| Untracked 
|  56|0x00000000c6200000, 0x00000000c627dc50, 0x00000000c6300000| 49%| E|  |TAMS 0x00000000c6200000, 0x00000000c6200000| Complete 
|  57|0x00000000c6300000, 0x00000000c6400000, 0x00000000c6400000|100%| E|CS|TAMS 0x00000000c6300000, 0x00000000c6300000| Complete 
|  58|0x00000000c6400000, 0x00000000c6500000, 0x00000000c6500000|100%| E|CS|TAMS 0x00000000c6400000, 0x00000000c6400000| Complete 
|  59|0x00000000c6500000, 0x00000000c6600000, 0x00000000c6600000|100%| E|CS|TAMS 0x00000000c6500000, 0x00000000c6500000| Complete 
|  60|0x00000000c6600000, 0x00000000c6700000, 0x00000000c6700000|100%| E|CS|TAMS 0x00000000c6600000, 0x00000000c6600000| Complete 
|  61|0x00000000c6700000, 0x00000000c6800000, 0x00000000c6800000|100%| E|CS|TAMS 0x00000000c6700000, 0x00000000c6700000| Complete 
| 980|0x00000000ffe00000, 0x00000000ffe46000, 0x00000000fff00000| 27%|OA|  |TAMS 0x00000000ffe00000, 0x00000000ffe00000| Untracked 
| 981|0x00000000fff00000, 0x00000000fff8d000, 0x0000000100000000| 55%|CA|  |TAMS 0x00000000fff00000, 0x00000000fff00000| Untracked 

Card table byte_map: [0x00007f342aacd000,0x00007f342acb8000] _byte_map_base: 0x00007f342a4b8000

Marking Bits (Prev, Next): (CMBitMap*) 0x00007f34440635f0, (CMBitMap*) 0x00007f3444063630
 Prev Bits: [0x00007f342998a000, 0x00007f342a8e2000)
 Next Bits: [0x00007f3428a32000, 0x00007f342998a000)

Polling page: 0x00007f3449b13000

Metaspace:

Usage:
  Non-class:      2.26 MB used.
      Class:    242.62 KB used.
       Both:      2.50 MB used.

Virtual space:
  Non-class space:        8.00 MB reserved,       2.31 MB ( 29%) committed,  1 nodes.
      Class space:        1.00 GB reserved,     320.00 KB ( <1%) committed,  1 nodes.
             Both:        1.01 GB reserved,       2.62 MB ( <1%) committed. 

Chunk freelists:
   Non-Class:  3.47 MB
       Class:  3.66 MB
        Both:  7.12 MB

MaxMetaspaceSize: unlimited
CompressedClassSpaceSize: 1.00 GB
Initial GC threshold: 21.00 MB
Current GC threshold: 21.00 MB
CDS: on
MetaspaceReclaimPolicy: balanced
 - commit_granule_bytes: 65536.
 - commit_granule_words: 8192.
 - virtual_space_node_default_size: 1048576.
 - enlarge_chunks_in_place: 1.
 - new_chunks_are_fully_committed: 0.
 - uncommit_free_chunks: 1.
 - use_allocation_guard: 0.
 - handle_deallocations: 1.


Internal statistics:

num_allocs_failed_limit: 0.
num_arena_births: 24.
num_arena_deaths: 0.
num_vsnodes_births: 2.
num_vsnodes_deaths: 0.
num_space_committed: 42.
num_space_uncommitted: 0.
num_chunks_returned_to_freelist: 0.
num_chunks_taken_from_freelist: 57.
num_chunk_merges: 0.
num_chunk_splits: 36.
num_chunks_enlarged: 27.
num_purges: 0.
num_inconsistent_stats: 0.

CodeHeap 'non-profiled nmethods': size=119472Kb used=138Kb max_used=138Kb free=119333Kb
 bounds [0x00007f3432ffd000, 0x00007f343326d000, 0x00007f343a4a9000]
CodeHeap 'profiled nmethods': size=119468Kb used=865Kb max_used=865Kb free=118603Kb
 bounds [0x00007f342b4a9000, 0x00007f342b719000, 0x00007f3432954000]
CodeHeap 'non-nmethods': size=6820Kb used=1132Kb max_used=1133Kb free=5687Kb
 bounds [0x00007f3432954000, 0x00007f3432bc4000, 0x00007f3432ffd000]
 total_blobs=944 nmethods=527 adapters=338
 compilation: enabled
              stopped_count=0, restarted_count=0
 full_count=0

JVMCI Events (15 events):
Event: 0.009 Thread 0x00007f3444025d40 created new Java JVMCI runtime -1 (0x00007f34440dde40)
Event: 0.059 Thread 0x00007f34440f16f0 created new CompileBroker JVMCI runtime 0 (0x00007f33f80217f0)
Event: 0.059 Thread 0x00007f34440f16f0 attached to JVMCI runtime 0
Event: 0.067 Thread 0x00007f34440f16f0 loaded JVMCI shared library from /home/yst/.jdks/graalvm-ce-17/lib/libjvmcicompiler.so
Event: 0.068 Thread 0x00007f34440f16f0 created JavaVM[1]@0x00007f33e16aaa08 for JVMCI runtime 0
Event: 0.068 Thread 0x00007f34440f16f0 initializing JVMCI runtime 0
Event: 0.068 Thread 0x00007f34440f16f0 initializing JavaVM references in JVMCI runtime 0
Event: 0.069 Thread 0x00007f34440f16f0 initialized JavaVM references in JVMCI runtime 0
Event: 0.070 Thread 0x00007f34440f16f0 initialized JVMCI runtime 0
Event: 0.099 Thread 0x00007f34440f16f0 compacted oop handles in JVMCI runtime 0 from 53 to 52
Event: 0.112 Thread 0x00007f34440f16f0 compacted oop handles in JVMCI runtime 0 from 57 to 56
Event: 0.114 Thread 0x00007f34440f16f0 compacted oop handles in JVMCI runtime 0 from 58 to 57
Event: 0.121 Thread 0x00007f34440f16f0 compacted oop handles in JVMCI runtime 0 from 57 to 37
Event: 0.281 Thread 0x00007f34440f16f0 compacted oop handles in JVMCI runtime 0 from 44 to 41
Event: 0.296 Thread 0x00007f34440f16f0 compacted oop handles in JVMCI runtime 0 from 58 to 56

Compilation events (20 events):
Event: 0.292 Thread 0x00007f34440f2c30  518       3       java.util.ArrayList::iterator (9 bytes)
Event: 0.292 Thread 0x00007f34440f2c30 nmethod 518 0x00007f342b578d10 code [0x00007f342b578ec0, 0x00007f342b579150]
Event: 0.292 Thread 0x00007f34440f2c30  520       3       jdk.internal.org.objectweb.asm.ByteVector::put11 (52 bytes)
Event: 0.292 Thread 0x00007f34440f2c30 nmethod 520 0x00007f342b579290 code [0x00007f342b579440, 0x00007f342b579640]
Event: 0.292 Thread 0x00007f34440f2c30  522       3       java.lang.String::concat (15 bytes)
Event: 0.293 Thread 0x00007f34440f2c30 nmethod 522 0x00007f342b579790 code [0x00007f342b579ae0, 0x00007f342b57b180]
Event: 0.293 Thread 0x00007f34440f2c30  523       3       java.util.jar.JarFile::maybeInstantiateVerifier (42 bytes)
Event: 0.293 Thread 0x00007f34440f2c30 nmethod 523 0x00007f342b57b910 code [0x00007f342b57bae0, 0x00007f342b57bfd0]
Event: 0.294 Thread 0x00007f34440f2c30  524       3       java.util.zip.ZipFile::ensureOpen (40 bytes)
Event: 0.294 Thread 0x00007f34440f2c30 nmethod 524 0x00007f342b57c110 code [0x00007f342b57c2e0, 0x00007f342b57c630]
Event: 0.295 Thread 0x00007f34440f2c30  525  s!   3       jdk.internal.loader.URLClassPath::getLoader (194 bytes)
Event: 0.296 Thread 0x00007f34440f2c30 nmethod 525 0x00007f342b57c790 code [0x00007f342b57caa0, 0x00007f342b57e680]
Event: 0.296 Thread 0x00007f34440f2c30  526   !   3       java.util.jar.JarFile::checkForSpecialAttributes (163 bytes)
Event: 0.296 Thread 0x00007f34440f16f0 nmethod 514 0x00007f343301ed10 code [0x00007f343301eea0, 0x00007f343301f030]
Event: 0.296 Thread 0x00007f34440f16f0  521       4       jdk.internal.org.objectweb.asm.Frame::push (109 bytes)
Event: 0.296 Thread 0x00007f34440f2c30 nmethod 526 0x00007f342b57ee90 code [0x00007f342b57f1c0, 0x00007f342b580750]
Event: 0.296 Thread 0x00007f34440f2c30  527   !   3       java.util.jar.JarFile::isMultiRelease (33 bytes)
Event: 0.297 Thread 0x00007f34440f2c30 nmethod 527 0x00007f342b580f90 code [0x00007f342b581140, 0x00007f342b581340]
Event: 0.298 Thread 0x00007f34440f2c30  528       1       java.lang.reflect.Method::getDeclaringClass (5 bytes)
Event: 0.298 Thread 0x00007f34440f2c30 nmethod 528 0x00007f343301f190 code [0x00007f343301f320, 0x00007f343301f3f0]

GC Heap History (0 events):
No events

Dll operation events (7 events):
Event: 0.002 Loaded shared library /home/yst/.jdks/graalvm-ce-17/lib/libjava.so
Event: 0.010 Loaded shared library /home/yst/.jdks/graalvm-ce-17/lib/libjsvml.so
Event: 0.067 Loaded shared library /home/yst/.jdks/graalvm-ce-17/lib/libjvmcicompiler.so
Event: 0.071 Loaded shared library /home/yst/.jdks/graalvm-ce-17/lib/libnio.so
Event: 0.077 Loaded shared library /home/yst/.jdks/graalvm-ce-17/lib/libzip.so
Event: 0.094 Loaded shared library /home/yst/.jdks/graalvm-ce-17/lib/libjimage.so
Event: 0.126 Loaded shared library /home/yst/.cache/JNA/temp/jna13953987075677208521.tmp

Deoptimization events (14 events):
Event: 0.270 Thread 0x00007f3444025d40 DEOPT PACKING pc=0x00007f342b4ecb5a sp=0x00007f34485616f0
Event: 0.270 Thread 0x00007f3444025d40 DEOPT UNPACKING pc=0x00007f34329aac25 sp=0x00007f3448560b30 mode 0
Event: 0.273 Thread 0x00007f3444025d40 DEOPT PACKING pc=0x00007f342b4bb2ce sp=0x00007f34485615c0
Event: 0.273 Thread 0x00007f3444025d40 DEOPT UNPACKING pc=0x00007f34329aac25 sp=0x00007f3448560a58 mode 0
Event: 0.275 Thread 0x00007f3444025d40 DEOPT PACKING pc=0x00007f342b4bb2ce sp=0x00007f3448561750
Event: 0.275 Thread 0x00007f3444025d40 DEOPT UNPACKING pc=0x00007f34329aac25 sp=0x00007f3448560be8 mode 0
Event: 0.277 Thread 0x00007f3444025d40 DEOPT PACKING pc=0x00007f342b4bb2ce sp=0x00007f34485616b0
Event: 0.277 Thread 0x00007f3444025d40 DEOPT UNPACKING pc=0x00007f34329aac25 sp=0x00007f3448560b48 mode 0
Event: 0.279 Thread 0x00007f3444025d40 DEOPT PACKING pc=0x00007f342b4bb2ce sp=0x00007f34485616b0
Event: 0.279 Thread 0x00007f3444025d40 DEOPT UNPACKING pc=0x00007f34329aac25 sp=0x00007f3448560b48 mode 0
Event: 0.281 Thread 0x00007f3444025d40 DEOPT PACKING pc=0x00007f342b4bb2ce sp=0x00007f34485614c0
Event: 0.281 Thread 0x00007f3444025d40 DEOPT UNPACKING pc=0x00007f34329aac25 sp=0x00007f3448560958 mode 0
Event: 0.282 Thread 0x00007f3444025d40 DEOPT PACKING pc=0x00007f342b4bb2ce sp=0x00007f34485614d0
Event: 0.282 Thread 0x00007f3444025d40 DEOPT UNPACKING pc=0x00007f34329aac25 sp=0x00007f3448560968 mode 0

Classes unloaded (0 events):
No events

Classes redefined (0 events):
No events

Internal exceptions (7 events):
Event: 0.182 Thread 0x00007f3444025d40 Exception <a 'java/lang/NoSuchMethodError'{0x00000000c6474030}: 'java.lang.Object java.lang.invoke.DirectMethodHandle$Holder.invokeStaticInit(java.lang.Object)'> (0x00000000c6474030) 
thrown [src/hotspot/share/interpreter/linkResolver.cpp, line 758]
Event: 0.185 Thread 0x00007f3444025d40 Exception <a 'java/lang/NoSuchMethodError'{0x00000000c647dac0}: 'java.lang.Object java.lang.invoke.DirectMethodHandle$Holder.invokeStaticInit(java.lang.Object, java.lang.Object, long, java.lang.Object)'> (0x00000000c647dac0) 
thrown [src/hotspot/share/interpreter/linkResolver.cpp, line 758]
Event: 0.186 Thread 0x00007f3444025d40 Exception <a 'java/lang/NoSuchMethodError'{0x00000000c64843c8}: 'java.lang.Object java.lang.invoke.DirectMethodHandle$Holder.newInvokeSpecial(java.lang.Object, java.lang.Object, long)'> (0x00000000c64843c8) 
thrown [src/hotspot/share/interpreter/linkResolver.cpp, line 758]
Event: 0.186 Thread 0x00007f3444025d40 Exception <a 'java/lang/NoSuchMethodError'{0x00000000c6488900}: 'java.lang.Object java.lang.invoke.Invokers$Holder.linkToTargetMethod(java.lang.Object, long, java.lang.Object)'> (0x00000000c6488900) 
thrown [src/hotspot/share/interpreter/linkResolver.cpp, line 758]
Event: 0.189 Thread 0x00007f3444025d40 Exception <a 'java/lang/NoSuchMethodError'{0x00000000c6490b90}: 'java.lang.Object java.lang.invoke.DirectMethodHandle$Holder.newInvokeSpecial(java.lang.Object, java.lang.Object, java.lang.Object, int)'> (0x00000000c6490b90) 
thrown [src/hotspot/share/interpreter/linkResolver.cpp, line 758]
Event: 0.189 Thread 0x00007f3444025d40 Exception <a 'java/lang/NoSuchMethodError'{0x00000000c6494f70}: 'java.lang.Object java.lang.invoke.DirectMethodHandle$Holder.invokeSpecial(java.lang.Object, java.lang.Object, java.lang.Object, java.lang.Object, int)'> (0x00000000c6494f70) 
thrown [src/hotspot/share/interpreter/linkResolver.cpp, line 758]
Event: 0.189 Thread 0x00007f3444025d40 Exception <a 'java/lang/NoSuchMethodError'{0x00000000c6498b38}: 'java.lang.Object java.lang.invoke.Invokers$Holder.linkToTargetMethod(java.lang.Object, java.lang.Object, int, java.lang.Object)'> (0x00000000c6498b38) 
thrown [src/hotspot/share/interpreter/linkResolver.cpp, line 758]

VM Operations (4 events):
Event: 0.045 Executing VM operation: HandshakeAllThreads
Event: 0.045 Executing VM operation: HandshakeAllThreads done
Event: 0.174 Executing VM operation: HandshakeAllThreads
Event: 0.174 Executing VM operation: HandshakeAllThreads done

Events (20 events):
Event: 0.265 loading class java/lang/reflect/ProxyGenerator
Event: 0.265 loading class java/lang/reflect/ProxyGenerator done
Event: 0.265 loading class java/lang/reflect/ProxyGenerator$ProxyMethod
Event: 0.265 loading class java/lang/reflect/ProxyGenerator$ProxyMethod done
Event: 0.268 loading class java/lang/reflect/ProxyGenerator$PrimitiveTypeInfo
Event: 0.268 loading class java/lang/reflect/ProxyGenerator$PrimitiveTypeInfo done
Event: 0.268 loading class jdk/internal/org/objectweb/asm/Edge
Event: 0.268 loading class jdk/internal/org/objectweb/asm/Edge done
Event: 0.284 loading class java/lang/reflect/UndeclaredThrowableException
Event: 0.284 loading class java/lang/reflect/UndeclaredThrowableException done
Event: 0.286 loading class java/lang/reflect/Proxy$ProxyBuilder$1
Event: 0.286 loading class java/lang/reflect/Proxy$ProxyBuilder$1 done
Event: 0.292 loading class java/lang/AssertionError
Event: 0.292 loading class java/lang/AssertionError done
Event: 0.292 loading class java/lang/reflect/TypeVariable
Event: 0.292 loading class java/lang/reflect/TypeVariable done
Event: 0.292 loading class java/lang/reflect/AnnotatedType
Event: 0.292 loading class java/lang/reflect/AnnotatedType done
Event: 0.292 loading class java/lang/TypeNotPresentException
Event: 0.292 loading class java/lang/TypeNotPresentException done


Dynamic libraries:
c2a00000-c6800000 rw-p 00000000 00:00 0 
c6800000-ffe00000 ---p 00000000 00:00 0 
ffe00000-ffe46000 rw-p 00c8d000 fd:00 665708                             /home/yst/.jdks/graalvm-ce-17/lib/server/classes.jsa
ffe46000-fff00000 rw-p 00000000 00:00 0 
fff00000-fff8d000 rw-p 00c00000 fd:00 665708                             /home/yst/.jdks/graalvm-ce-17/lib/server/classes.jsa
fff8d000-100000000 rw-p 00000000 00:00 0 
800000000-800449000 rw-p 00001000 fd:00 665708                           /home/yst/.jdks/graalvm-ce-17/lib/server/classes.jsa
800449000-800bc9000 r--p 0044a000 fd:00 665708                           /home/yst/.jdks/graalvm-ce-17/lib/server/classes.jsa
800bc9000-800c00000 ---p 00000000 00:00 0 
800c00000-800c20000 rw-p 00000000 00:00 0 
800c20000-800c40000 ---p 00000000 00:00 0 
800c40000-800c70000 rw-p 00000000 00:00 0 
800c70000-840c00000 ---p 00000000 00:00 0 
55ea4f773000-55ea4f774000 r-xp 00000000 fd:00 665744                     /home/yst/.jdks/graalvm-ce-17/bin/java
55ea4f775000-55ea4f776000 r--p 00001000 fd:00 665744                     /home/yst/.jdks/graalvm-ce-17/bin/java
55ea4f776000-55ea4f777000 rw-p 00002000 fd:00 665744                     /home/yst/.jdks/graalvm-ce-17/bin/java
55ea4fd9c000-55ea4fde4000 rw-p 00000000 00:00 0                          [heap]
7f33cc000000-7f33cc021000 rw-p 00000000 00:00 0 
7f33cc021000-7f33d0000000 ---p 00000000 00:00 0 
7f33d4000000-7f33d4021000 rw-p 00000000 00:00 0 
7f33d4021000-7f33d8000000 ---p 00000000 00:00 0 
7f33d9600000-7f33d9700000 rw-p 00000000 00:00 0 
7f33d9800000-7f33d981e000 r-xp 00000000 fd:00 667603                     /home/yst/.cache/JNA/temp/jna13953987075677208521.tmp (deleted)
7f33d981e000-7f33d9a1d000 ---p 0001e000 fd:00 667603                     /home/yst/.cache/JNA/temp/jna13953987075677208521.tmp (deleted)
7f33d9a1d000-7f33d9a1e000 rw-p 0001d000 fd:00 667603                     /home/yst/.cache/JNA/temp/jna13953987075677208521.tmp (deleted)
7f33d9a1e000-7f33d9a1f000 rw-p 00000000 00:00 0 
7f33d9ac0000-7f33d9ad9000 r--p 00000000 fd:00 793108                     /usr/lib/x86_64-linux-gnu/libX11.so.6.4.0
7f33d9ad9000-7f33d9b65000 r-xp 00019000 fd:00 793108                     /usr/lib/x86_64-linux-gnu/libX11.so.6.4.0
7f33d9b65000-7f33d9bfa000 r--p 000a5000 fd:00 793108                     /usr/lib/x86_64-linux-gnu/libX11.so.6.4.0
7f33d9bfa000-7f33d9bfb000 ---p 0013a000 fd:00 793108                     /usr/lib/x86_64-linux-gnu/libX11.so.6.4.0
7f33d9bfb000-7f33d9bfc000 r--p 0013a000 fd:00 793108                     /usr/lib/x86_64-linux-gnu/libX11.so.6.4.0
7f33d9bfc000-7f33d9c00000 rw-p 0013b000 fd:00 793108                     /usr/lib/x86_64-linux-gnu/libX11.so.6.4.0
7f33d9c00000-7f33d9d00000 rw-p 00000000 00:00 0 
7f33d9e00000-7f33d9f00000 rw-p 00000000 00:00 0 
7f33da000000-7f33da100000 rw-p 00000000 00:00 0 
7f33da200000-7f33da300000 rw-p 00000000 00:00 0 
7f33da400000-7f33da500000 rw-p 00000000 00:00 0 
7f33da600000-7f33da700000 rw-p 00000000 00:00 0 
7f33da800000-7f33da900000 rw-p 00000000 00:00 0 
7f33daa00000-7f33dab00000 rw-p 00000000 00:00 0 
7f33dac00000-7f33dad00000 rw-p 00000000 00:00 0 
7f33dae00000-7f33daf00000 rw-p 00000000 00:00 0 
7f33db000000-7f33db100000 rw-p 00000000 00:00 0 
7f33db200000-7f33db300000 rw-p 00000000 00:00 0 
7f33db400000-7f33db500000 rw-p 00000000 00:00 0 
7f33db600000-7f33db700000 rw-p 00000000 00:00 0 
7f33db800000-7f33db900000 rw-p 00000000 00:00 0 
7f33dba00000-7f33dbb00000 rw-p 00000000 00:00 0 
7f33dbc00000-7f33dbd00000 rw-p 00000000 00:00 0 
7f33dbe00000-7f33dbf00000 rw-p 00000000 00:00 0 
7f33dc000000-7f33dc021000 rw-p 00000000 00:00 0 
7f33dc021000-7f33e0000000 ---p 00000000 00:00 0 
7f33e0000000-7f33e0100000 rw-p 00000000 00:00 0 
7f33e0200000-7f33e0300000 rw-p 00000000 00:00 0 
7f33e0400000-7f33e0500000 rw-p 00000000 00:00 0 
7f33e0600000-7f33e0700000 rw-p 00000000 00:00 0 
7f33e0800000-7f33e0900000 rw-p 00000000 00:00 0 
7f33e0a00000-7f33e0b00000 ---p 00000000 00:00 0 
7f33e0b00000-7f33e10b2000 r--p 01183000 fd:00 665569                     /home/yst/.jdks/graalvm-ce-17/lib/libjvmcicompiler.so
7f33e10b2000-7f33e1200000 r--p 00000000 00:00 0 
7f33e1200000-7f33e1241000 rw-p 00000000 00:00 0 
7f33e1241000-7f33e175d000 rw-p 018c4000 fd:00 665569                     /home/yst/.jdks/graalvm-ce-17/lib/libjvmcicompiler.so
7f33e175d000-7f33e1b4e000 r--p 01de0000 fd:00 665569                     /home/yst/.jdks/graalvm-ce-17/lib/libjvmcicompiler.so
7f33e1c00000-7f33e3dd5000 r-xp 00000000 fd:00 665569                     /home/yst/.jdks/graalvm-ce-17/lib/libjvmcicompiler.so
7f33e3dd5000-7f33e3fd4000 ---p 021d5000 fd:00 665569                     /home/yst/.jdks/graalvm-ce-17/lib/libjvmcicompiler.so
7f33e3fd4000-7f33e3fd5000 r--p 021d4000 fd:00 665569                     /home/yst/.jdks/graalvm-ce-17/lib/libjvmcicompiler.so
7f33e3fd5000-7f33e3fd8000 rw-p 021d5000 fd:00 665569                     /home/yst/.jdks/graalvm-ce-17/lib/libjvmcicompiler.so
7f33e4000000-7f33e4021000 rw-p 00000000 00:00 0 
7f33e4021000-7f33e8000000 ---p 00000000 00:00 0 
7f33e8000000-7f33e8021000 rw-p 00000000 00:00 0 
7f33e8021000-7f33ec000000 ---p 00000000 00:00 0 
7f33ec000000-7f33ec21e000 rw-p 00000000 00:00 0 
7f33ec21e000-7f33f0000000 ---p 00000000 00:00 0 
7f33f0000000-7f33f0021000 rw-p 00000000 00:00 0 
7f33f0021000-7f33f4000000 ---p 00000000 00:00 0 
7f33f4000000-7f33f4021000 rw-p 00000000 00:00 0 
7f33f4021000-7f33f8000000 ---p 00000000 00:00 0 
7f33f8000000-7f33f8032000 rw-p 00000000 00:00 0 
7f33f8032000-7f33fc000000 ---p 00000000 00:00 0 
7f33fc000000-7f33fc021000 rw-p 00000000 00:00 0 
7f33fc021000-7f3400000000 ---p 00000000 00:00 0 
7f3400000000-7f3400021000 rw-p 00000000 00:00 0 
7f3400021000-7f3404000000 ---p 00000000 00:00 0 
7f3404000000-7f3404021000 rw-p 00000000 00:00 0 
7f3404021000-7f3408000000 ---p 00000000 00:00 0 
7f3408000000-7f3408021000 rw-p 00000000 00:00 0 
7f3408021000-7f340c000000 ---p 00000000 00:00 0 
7f340c000000-7f340c021000 rw-p 00000000 00:00 0 
7f340c021000-7f3410000000 ---p 00000000 00:00 0 
7f3410000000-7f3410021000 rw-p 00000000 00:00 0 
7f3410021000-7f3414000000 ---p 00000000 00:00 0 
7f3414000000-7f3414021000 rw-p 00000000 00:00 0 
7f3414021000-7f3418000000 ---p 00000000 00:00 0 
7f3418008000-7f341800c000 ---p 00000000 00:00 0 
7f341800c000-7f3418108000 rw-p 00000000 00:00 0 
7f3418108000-7f341810a000 r--p 00000000 fd:00 793258                     /usr/lib/x86_64-linux-gnu/libmd.so.0.0.5
7f341810a000-7f3418111000 r-xp 00002000 fd:00 793258                     /usr/lib/x86_64-linux-gnu/libmd.so.0.0.5
7f3418111000-7f3418113000 r--p 00009000 fd:00 793258                     /usr/lib/x86_64-linux-gnu/libmd.so.0.0.5
7f3418113000-7f3418114000 r--p 0000a000 fd:00 793258                     /usr/lib/x86_64-linux-gnu/libmd.so.0.0.5
7f3418114000-7f3418115000 rw-p 0000b000 fd:00 793258                     /usr/lib/x86_64-linux-gnu/libmd.so.0.0.5
7f3418115000-7f3418116000 ---p 00000000 00:00 0 
7f3418116000-7f3418217000 rw-p 00000000 00:00 0 
7f3418217000-7f341821b000 ---p 00000000 00:00 0 
7f341821b000-7f3418317000 rw-p 00000000 00:00 0 
7f3418317000-7f341831b000 ---p 00000000 00:00 0 
7f341831b000-7f3418417000 rw-p 00000000 00:00 0 
7f3418417000-7f341841b000 ---p 00000000 00:00 0 
7f341841b000-7f3418517000 rw-p 00000000 00:00 0 
7f3418517000-7f341851b000 ---p 00000000 00:00 0 
7f341851b000-7f3418717000 rw-p 00000000 00:00 0 
7f3418717000-7f341871b000 ---p 00000000 00:00 0 
7f341871b000-7f3418917000 rw-p 00000000 00:00 0 
7f3418917000-7f341891b000 ---p 00000000 00:00 0 
7f341891b000-7f3418a17000 rw-p 00000000 00:00 0 
7f3418a17000-7f3418a1b000 ---p 00000000 00:00 0 
7f3418a1b000-7f3418b17000 rw-p 00000000 00:00 0 
7f3418b17000-7f3418b1b000 ---p 00000000 00:00 0 
7f3418b1b000-7f3418c17000 rw-p 00000000 00:00 0 
7f3418c17000-7f3418f00000 r--p 00000000 fd:00 786433                     /usr/lib/locale/locale-archive
7f3418f00000-7f3418f04000 ---p 00000000 00:00 0 
7f3418f04000-7f34191c0000 rw-p 00000000 00:00 0 
7f34191c0000-7f3419400000 ---p 00000000 00:00 0 
7f3419400000-7f3419490000 rw-p 00000000 00:00 0 
7f3419490000-7f3419800000 ---p 00000000 00:00 0 
7f341980a000-7f341980e000 r--p 00000000 fd:00 793142                     /usr/lib/x86_64-linux-gnu/libbsd.so.0.11.5
7f341980e000-7f341981b000 r-xp 00004000 fd:00 793142                     /usr/lib/x86_64-linux-gnu/libbsd.so.0.11.5
7f341981b000-7f341981e000 r--p 00011000 fd:00 793142                     /usr/lib/x86_64-linux-gnu/libbsd.so.0.11.5
7f341981e000-7f341981f000 ---p 00014000 fd:00 793142                     /usr/lib/x86_64-linux-gnu/libbsd.so.0.11.5
7f341981f000-7f3419820000 r--p 00014000 fd:00 793142                     /usr/lib/x86_64-linux-gnu/libbsd.so.0.11.5
7f3419820000-7f3419821000 rw-p 00015000 fd:00 793142                     /usr/lib/x86_64-linux-gnu/libbsd.so.0.11.5
7f3419821000-7f3419822000 rw-p 00000000 00:00 0 
7f3419822000-7f3419824000 r--p 00000000 fd:00 793110                     /usr/lib/x86_64-linux-gnu/libXdmcp.so.6.0.0
7f3419824000-7f3419826000 r-xp 00002000 fd:00 793110                     /usr/lib/x86_64-linux-gnu/libXdmcp.so.6.0.0
7f3419826000-7f3419828000 r--p 00004000 fd:00 793110                     /usr/lib/x86_64-linux-gnu/libXdmcp.so.6.0.0
7f3419828000-7f3419829000 r--p 00005000 fd:00 793110                     /usr/lib/x86_64-linux-gnu/libXdmcp.so.6.0.0
7f3419829000-7f341982a000 rw-p 00006000 fd:00 793110                     /usr/lib/x86_64-linux-gnu/libXdmcp.so.6.0.0
7f341982a000-7f3419835000 r--p 00000000 fd:00 793392                     /usr/lib/x86_64-linux-gnu/libxcb.so.1.1.0
7f3419835000-7f3419849000 r-xp 0000b000 fd:00 793392                     /usr/lib/x86_64-linux-gnu/libxcb.so.1.1.0
7f3419849000-7f3419852000 r--p 0001f000 fd:00 793392                     /usr/lib/x86_64-linux-gnu/libxcb.so.1.1.0
7f3419852000-7f3419853000 r--p 00027000 fd:00 793392                     /usr/lib/x86_64-linux-gnu/libxcb.so.1.1.0
7f3419853000-7f3419854000 rw-p 00028000 fd:00 793392                     /usr/lib/x86_64-linux-gnu/libxcb.so.1.1.0
7f3419854000-7f3419858000 ---p 00000000 00:00 0 
7f3419858000-7f34198a7000 rw-p 00000000 00:00 0 
7f34198a7000-7f34198ab000 ---p 00000000 00:00 0 
7f34198ab000-7f34199a7000 rw-p 00000000 00:00 0 
7f34199a7000-7f34199a8000 ---p 00000000 00:00 0 
7f34199a8000-7f3419aa9000 rw-p 00000000 00:00 0 
7f3419aa9000-7f3419b77000 r-xp 00000000 fd:00 665692                     /home/yst/.jdks/graalvm-ce-17/lib/libjsvml.so
7f3419b77000-7f3419b78000 r--p 000cd000 fd:00 665692                     /home/yst/.jdks/graalvm-ce-17/lib/libjsvml.so
7f3419b78000-7f3419b79000 rw-p 000ce000 fd:00 665692                     /home/yst/.jdks/graalvm-ce-17/lib/libjsvml.so
7f3419b79000-7f3419bfa000 rw-p 00000000 00:00 0 
7f3419bfa000-7f3419bfb000 ---p 00000000 00:00 0 
7f3419bfb000-7f3419cfc000 rw-p 00000000 00:00 0 
7f3419cfc000-7f3419cfd000 ---p 00000000 00:00 0 
7f3419cfd000-7f341c000000 rw-p 00000000 00:00 0 
7f341c000000-7f341c021000 rw-p 00000000 00:00 0 
7f341c021000-7f3420000000 ---p 00000000 00:00 0 
7f3420000000-7f3420021000 rw-p 00000000 00:00 0 
7f3420021000-7f3424000000 ---p 00000000 00:00 0 
7f3424000000-7f3424021000 rw-p 00000000 00:00 0 
7f3424021000-7f3428000000 ---p 00000000 00:00 0 
7f3428006000-7f3428007000 r--p 00000000 fd:00 793109                     /usr/lib/x86_64-linux-gnu/libXau.so.6.0.0
7f3428007000-7f3428009000 r-xp 00001000 fd:00 793109                     /usr/lib/x86_64-linux-gnu/libXau.so.6.0.0
7f3428009000-7f342800a000 r--p 00003000 fd:00 793109                     /usr/lib/x86_64-linux-gnu/libXau.so.6.0.0
7f342800a000-7f342800b000 r--p 00003000 fd:00 793109                     /usr/lib/x86_64-linux-gnu/libXau.so.6.0.0
7f342800b000-7f342800c000 rw-p 00004000 fd:00 793109                     /usr/lib/x86_64-linux-gnu/libXau.so.6.0.0
7f342800c000-7f3428013000 r--s 00000000 fd:00 922089                     /usr/lib/x86_64-linux-gnu/gconv/gconv-modules.cache
7f3428013000-7f342801a000 r-xp 00000000 fd:00 665631                     /home/yst/.jdks/graalvm-ce-17/lib/libzip.so
7f342801a000-7f342801b000 ---p 00007000 fd:00 665631                     /home/yst/.jdks/graalvm-ce-17/lib/libzip.so
7f342801b000-7f342801c000 r--p 00007000 fd:00 665631                     /home/yst/.jdks/graalvm-ce-17/lib/libzip.so
7f342801c000-7f342801d000 rw-p 00008000 fd:00 665631                     /home/yst/.jdks/graalvm-ce-17/lib/libzip.so
7f342801d000-7f3428032000 r-xp 00000000 fd:00 665628                     /home/yst/.jdks/graalvm-ce-17/lib/libnet.so
7f3428032000-7f3428033000 ---p 00015000 fd:00 665628                     /home/yst/.jdks/graalvm-ce-17/lib/libnet.so
7f3428033000-7f3428034000 r--p 00015000 fd:00 665628                     /home/yst/.jdks/graalvm-ce-17/lib/libnet.so
7f3428034000-7f3428035000 rw-p 00016000 fd:00 665628                     /home/yst/.jdks/graalvm-ce-17/lib/libnet.so
7f3428035000-7f3428048000 r-xp 00000000 fd:00 665629                     /home/yst/.jdks/graalvm-ce-17/lib/libnio.so
7f3428048000-7f3428049000 r--p 00012000 fd:00 665629                     /home/yst/.jdks/graalvm-ce-17/lib/libnio.so
7f3428049000-7f342804a000 rw-p 00013000 fd:00 665629                     /home/yst/.jdks/graalvm-ce-17/lib/libnio.so
7f342804a000-7f34286ec000 rw-p 00000000 00:00 0 
7f34286ec000-7f34286ed000 ---p 00000000 00:00 0 
7f34286ed000-7f34287ee000 rw-p 00000000 00:00 0 
7f34287ee000-7f34287ef000 ---p 00000000 00:00 0 
7f34287ef000-7f34288f0000 rw-p 00000000 00:00 0 
7f34288f0000-7f34288f1000 ---p 00000000 00:00 0 
7f34288f1000-7f3428b2a000 rw-p 00000000 00:00 0 
7f3428b2a000-7f3429982000 ---p 00000000 00:00 0 
7f3429982000-7f3429a82000 rw-p 00000000 00:00 0 
7f3429a82000-7f342a8da000 ---p 00000000 00:00 0 
7f342a8da000-7f342a901000 rw-p 00000000 00:00 0 
7f342a901000-7f342aacc000 ---p 00000000 00:00 0 
7f342aacc000-7f342aaec000 rw-p 00000000 00:00 0 
7f342aaec000-7f342acb7000 ---p 00000000 00:00 0 
7f342acb7000-7f342acd7000 rw-p 00000000 00:00 0 
7f342acd7000-7f342aea2000 ---p 00000000 00:00 0 
7f342aea2000-7f342b4a9000 rw-p 00000000 00:00 0 
7f342b4a9000-7f342b719000 rwxp 00000000 00:00 0 
7f342b719000-7f3432954000 ---p 00000000 00:00 0 
7f3432954000-7f3432bc4000 rwxp 00000000 00:00 0 
7f3432bc4000-7f3432ffd000 ---p 00000000 00:00 0 
7f3432ffd000-7f343326d000 rwxp 00000000 00:00 0 
7f343326d000-7f343a4a9000 ---p 00000000 00:00 0 
7f343a4a9000-7f3444000000 r--s 00000000 fd:00 665619                     /home/yst/.jdks/graalvm-ce-17/lib/modules
7f3444000000-7f3444210000 rw-p 00000000 00:00 0 
7f3444210000-7f3448000000 ---p 00000000 00:00 0 
7f3448000000-7f3448238000 rw-p 00000000 00:00 0 
7f3448238000-7f344831d000 ---p 00000000 00:00 0 
7f344831d000-7f3448322000 rw-p 00000000 00:00 0 
7f3448322000-7f3448407000 ---p 00000000 00:00 0 
7f3448407000-7f344840c000 rw-p 00000000 00:00 0 
7f344840c000-7f3448415000 ---p 00000000 00:00 0 
7f3448415000-7f3448439000 r-xp 00000000 fd:00 665624                     /home/yst/.jdks/graalvm-ce-17/lib/libjava.so
7f3448439000-7f344843a000 ---p 00024000 fd:00 665624                     /home/yst/.jdks/graalvm-ce-17/lib/libjava.so
7f344843a000-7f344843b000 r--p 00024000 fd:00 665624                     /home/yst/.jdks/graalvm-ce-17/lib/libjava.so
7f344843b000-7f344843c000 rw-p 00025000 fd:00 665624                     /home/yst/.jdks/graalvm-ce-17/lib/libjava.so
7f344843c000-7f344843d000 rw-p 00000000 00:00 0 
7f344843d000-7f3448445000 rw-s 00000000 fd:00 269408                     /tmp/hsperfdata_yst/46999
7f3448445000-7f3448460000 r-xp 00000000 fd:00 665625                     /home/yst/.jdks/graalvm-ce-17/lib/libjimage.so
7f3448460000-7f3448461000 ---p 0001b000 fd:00 665625                     /home/yst/.jdks/graalvm-ce-17/lib/libjimage.so
7f3448461000-7f3448463000 r--p 0001b000 fd:00 665625                     /home/yst/.jdks/graalvm-ce-17/lib/libjimage.so
7f3448463000-7f3448464000 rw-p 0001d000 fd:00 665625                     /home/yst/.jdks/graalvm-ce-17/lib/libjimage.so
7f3448464000-7f3448468000 ---p 00000000 00:00 0 
7f3448468000-7f3448564000 rw-p 00000000 00:00 0 
7f3448564000-7f3448572000 r--p 00000000 fd:00 793254                     /usr/lib/x86_64-linux-gnu/libm.so.6
7f3448572000-7f34485ee000 r-xp 0000e000 fd:00 793254                     /usr/lib/x86_64-linux-gnu/libm.so.6
7f34485ee000-7f3448649000 r--p 0008a000 fd:00 793254                     /usr/lib/x86_64-linux-gnu/libm.so.6
7f3448649000-7f344864a000 r--p 000e4000 fd:00 793254                     /usr/lib/x86_64-linux-gnu/libm.so.6
7f344864a000-7f344864b000 rw-p 000e5000 fd:00 793254                     /usr/lib/x86_64-linux-gnu/libm.so.6
7f344864b000-7f344864c000 r--p 00000000 fd:00 793332                     /usr/lib/x86_64-linux-gnu/librt.so.1
7f344864c000-7f344864d000 r-xp 00001000 fd:00 793332                     /usr/lib/x86_64-linux-gnu/librt.so.1
7f344864d000-7f344864e000 r--p 00002000 fd:00 793332                     /usr/lib/x86_64-linux-gnu/librt.so.1
7f344864e000-7f344864f000 r--p 00002000 fd:00 793332                     /usr/lib/x86_64-linux-gnu/librt.so.1
7f344864f000-7f3448650000 rw-p 00003000 fd:00 793332                     /usr/lib/x86_64-linux-gnu/librt.so.1
7f3448650000-7f3449768000 r-xp 00000000 fd:00 665707                     /home/yst/.jdks/graalvm-ce-17/lib/server/libjvm.so
7f3449768000-7f3449769000 ---p 01118000 fd:00 665707                     /home/yst/.jdks/graalvm-ce-17/lib/server/libjvm.so
7f3449769000-7f344981e000 r--p 01118000 fd:00 665707                     /home/yst/.jdks/graalvm-ce-17/lib/server/libjvm.so
7f344981e000-7f3449852000 rw-p 011cd000 fd:00 665707                     /home/yst/.jdks/graalvm-ce-17/lib/server/libjvm.so
7f3449852000-7f34498af000 rw-p 00000000 00:00 0 
7f34498af000-7f34498d7000 r--p 00000000 fd:00 793144                     /usr/lib/x86_64-linux-gnu/libc.so.6
7f34498d7000-7f3449a6c000 r-xp 00028000 fd:00 793144                     /usr/lib/x86_64-linux-gnu/libc.so.6
7f3449a6c000-7f3449ac4000 r--p 001bd000 fd:00 793144                     /usr/lib/x86_64-linux-gnu/libc.so.6
7f3449ac4000-7f3449ac8000 r--p 00214000 fd:00 793144                     /usr/lib/x86_64-linux-gnu/libc.so.6
7f3449ac8000-7f3449aca000 rw-p 00218000 fd:00 793144                     /usr/lib/x86_64-linux-gnu/libc.so.6
7f3449aca000-7f3449ad7000 rw-p 00000000 00:00 0 
7f3449ad7000-7f3449ad8000 r--p 00000000 fd:00 793163                     /usr/lib/x86_64-linux-gnu/libdl.so.2
7f3449ad8000-7f3449ad9000 r-xp 00001000 fd:00 793163                     /usr/lib/x86_64-linux-gnu/libdl.so.2
7f3449ad9000-7f3449ada000 r--p 00002000 fd:00 793163                     /usr/lib/x86_64-linux-gnu/libdl.so.2
7f3449ada000-7f3449adb000 r--p 00002000 fd:00 793163                     /usr/lib/x86_64-linux-gnu/libdl.so.2
7f3449adb000-7f3449adc000 rw-p 00003000 fd:00 793163                     /usr/lib/x86_64-linux-gnu/libdl.so.2
7f3449adc000-7f3449add000 r--p 00000000 fd:00 793327                     /usr/lib/x86_64-linux-gnu/libpthread.so.0
7f3449add000-7f3449ade000 r-xp 00001000 fd:00 793327                     /usr/lib/x86_64-linux-gnu/libpthread.so.0
7f3449ade000-7f3449adf000 r--p 00002000 fd:00 793327                     /usr/lib/x86_64-linux-gnu/libpthread.so.0
7f3449adf000-7f3449ae0000 r--p 00002000 fd:00 793327                     /usr/lib/x86_64-linux-gnu/libpthread.so.0
7f3449ae0000-7f3449ae1000 rw-p 00003000 fd:00 793327                     /usr/lib/x86_64-linux-gnu/libpthread.so.0
7f3449ae1000-7f3449aef000 r-xp 00000000 fd:00 665626                     /home/yst/.jdks/graalvm-ce-17/lib/libjli.so
7f3449aef000-7f3449af0000 ---p 0000e000 fd:00 665626                     /home/yst/.jdks/graalvm-ce-17/lib/libjli.so
7f3449af0000-7f3449af1000 r--p 0000e000 fd:00 665626                     /home/yst/.jdks/graalvm-ce-17/lib/libjli.so
7f3449af1000-7f3449af2000 rw-p 0000f000 fd:00 665626                     /home/yst/.jdks/graalvm-ce-17/lib/libjli.so
7f3449af2000-7f3449af4000 r--p 00000000 fd:00 786979                     /usr/lib/x86_64-linux-gnu/libz.so.1.2.11
7f3449af4000-7f3449b05000 r-xp 00002000 fd:00 786979                     /usr/lib/x86_64-linux-gnu/libz.so.1.2.11
7f3449b05000-7f3449b0b000 r--p 00013000 fd:00 786979                     /usr/lib/x86_64-linux-gnu/libz.so.1.2.11
7f3449b0b000-7f3449b0c000 ---p 00019000 fd:00 786979                     /usr/lib/x86_64-linux-gnu/libz.so.1.2.11
7f3449b0c000-7f3449b0d000 r--p 00019000 fd:00 786979                     /usr/lib/x86_64-linux-gnu/libz.so.1.2.11
7f3449b0d000-7f3449b0e000 rw-p 0001a000 fd:00 786979                     /usr/lib/x86_64-linux-gnu/libz.so.1.2.11
7f3449b13000-7f3449b14000 ---p 00000000 00:00 0 
7f3449b14000-7f3449b15000 r--p 00000000 00:00 0 
7f3449b15000-7f3449b17000 rw-p 00000000 00:00 0 
7f3449b17000-7f3449b19000 r--p 00000000 fd:00 793105                     /usr/lib/x86_64-linux-gnu/ld-linux-x86-64.so.2
7f3449b19000-7f3449b43000 r-xp 00002000 fd:00 793105                     /usr/lib/x86_64-linux-gnu/ld-linux-x86-64.so.2
7f3449b43000-7f3449b4e000 r--p 0002c000 fd:00 793105                     /usr/lib/x86_64-linux-gnu/ld-linux-x86-64.so.2
7f3449b4e000-7f3449b4f000 ---p 00000000 00:00 0 
7f3449b4f000-7f3449b51000 r--p 00037000 fd:00 793105                     /usr/lib/x86_64-linux-gnu/ld-linux-x86-64.so.2
7f3449b51000-7f3449b53000 rw-p 00039000 fd:00 793105                     /usr/lib/x86_64-linux-gnu/ld-linux-x86-64.so.2
7ffdf3068000-7ffdf3089000 rw-p 00000000 00:00 0                          [stack]
7ffdf30c8000-7ffdf30cc000 r--p 00000000 00:00 0                          [vvar]
7ffdf30cc000-7ffdf30ce000 r-xp 00000000 00:00 0                          [vdso]
ffffffffff600000-ffffffffff601000 --xp 00000000 00:00 0                  [vsyscall]


VM Arguments:
jvm_args: -XX:ThreadPriorityPolicy=1 -XX:+UnlockExperimentalVMOptions -XX:+EnableJVMCIProduct -XX:JVMCIThreadsPerNativeLibraryRuntime=1 -XX:-UnlockExperimentalVMOptions -Dfile.encoding=UTF-8 -Duser.country=US -Duser.language=en -Duser.variant 
java_command: cf.thdisstudio.afioaos.compositor.Main
java_class_path (initial): /home/yst/IdeaProjects/WindowManager/build/classes/java/main:/home/yst/IdeaProjects/WindowManager/build/resources/main:/home/yst/.gradle/caches/modules-2/files-2.1/net.java.dev.jna/jna-platform/5.13.0/88e9a306715e9379f3122415ef4ae759a352640d/jna-platform-5.13.0.jar:/home/yst/.gradle/caches/modules-2/files-2.1/net.java.dev.jna/jna/5.13.0/1200e7ebeedbe0d10062093f32925a912020e747/jna-5.13.0.jar
Launcher Type: SUN_STANDARD

[Global flags]
     intx CICompilerCount                          = 4                                         {product} {ergonomic}
     uint ConcGCThreads                            = 2                                         {product} {ergonomic}
     bool EnableJVMCIProduct                       = true                                {JVMCI product} {jimage}
     uint G1ConcRefinementThreads                  = 8                                         {product} {ergonomic}
   size_t G1HeapRegionSize                         = 1048576                                   {product} {ergonomic}
    uintx GCDrainStackTargetSize                   = 64                                        {product} {ergonomic}
   size_t InitialHeapSize                          = 65011712                                  {product} {ergonomic}
     uint JVMCIThreadsPerNativeLibraryRuntime      = 1                                   {JVMCI product} {jimage}
   size_t MarkStackSize                            = 4194304                                   {product} {ergonomic}
   size_t MaxHeapSize                              = 1029701632                                {product} {ergonomic}
   size_t MaxNewSize                               = 617611264                                 {product} {ergonomic}
   size_t MinHeapDeltaBytes                        = 1048576                                   {product} {ergonomic}
   size_t MinHeapSize                              = 8388608                                   {product} {ergonomic}
    uintx NonNMethodCodeHeapSize                   = 6979620                                {pd product} {ergonomic}
    uintx NonProfiledCodeHeapSize                  = 122339310                              {pd product} {ergonomic}
    uintx ProfiledCodeHeapSize                     = 122339310                              {pd product} {ergonomic}
    uintx ReservedCodeCacheSize                    = 251658240                              {pd product} {ergonomic}
     bool SegmentedCodeCache                       = true                                      {product} {ergonomic}
   size_t SoftMaxHeapSize                          = 1029701632                             {manageable} {ergonomic}
     intx ThreadPriorityPolicy                     = 1                                         {product} {jimage}
     bool UseCompressedClassPointers               = true                           {product lp64_product} {ergonomic}
     bool UseCompressedOops                        = true                           {product lp64_product} {ergonomic}
     bool UseG1GC                                  = true                                      {product} {ergonomic}

Logging:
Log output configuration:
 #0: stdout all=warning uptime,level,tags
 #1: stderr all=off uptime,level,tags

Environment Variables:
PATH=/usr/local/sbin:/usr/local/bin:/usr/sbin:/usr/bin:/sbin:/bin:/usr/games:/usr/local/games:/snap/bin
SHELL=/bin/bash
LANG=en_US.UTF-8
TERM=vt100

Signal Handlers:
   SIGSEGV: crash_handler in libjvm.so, mask=11100100010111111101111111111110, flags=SA_RESTART|SA_SIGINFO
    SIGBUS: crash_handler in libjvm.so, mask=11100100010111111101111111111110, flags=SA_RESTART|SA_SIGINFO
    SIGFPE: crash_handler in libjvm.so, mask=11100100010111111101111111111110, flags=SA_RESTART|SA_SIGINFO
   SIGPIPE: IsolateEnterStub_IgnoreSIGPIPEStartupHook_noopSignalHandler_e7f927579b58c552540f032273d7664341ccbaa6_76208cad888c6e1fb3760e66784fb81a9ad004e5 in libjvmcicompiler.so, mask=00000000000000000000000000000000, flags=SA_RESTART
  *** Handler was modified!
  *** Expected: javaSignalHandler in libjvm.so, mask=11100100110111111111111111111110, flags=SA_RESTART|SA_SIGINFO
   SIGXFSZ: javaSignalHandler in libjvm.so, mask=11100100010111111101111111111110, flags=SA_RESTART|SA_SIGINFO
    SIGILL: crash_handler in libjvm.so, mask=11100100010111111101111111111110, flags=SA_RESTART|SA_SIGINFO
   SIGUSR2: SR_handler in libjvm.so, mask=00100000000000000000000000000000, flags=SA_RESTART|SA_SIGINFO
    SIGHUP: SIG_IGN, mask=00000000000000000000000000000000, flags=none
    SIGINT: UserHandler in libjvm.so, mask=11100100010111111101111111111110, flags=SA_RESTART|SA_SIGINFO
   SIGTERM: UserHandler in libjvm.so, mask=11100100010111111101111111111110, flags=SA_RESTART|SA_SIGINFO
   SIGQUIT: UserHandler in libjvm.so, mask=11100100010111111101111111111110, flags=SA_RESTART|SA_SIGINFO
   SIGTRAP: crash_handler in libjvm.so, mask=11100100010111111101111111111110, flags=SA_RESTART|SA_SIGINFO


---------------  S Y S T E M  ---------------

OS:
DISTRIB_ID=Ubuntu
DISTRIB_RELEASE=22.04
DISTRIB_CODENAME=jammy
DISTRIB_DESCRIPTION="Ubuntu 22.04.1 LTS"
uname: Linux 5.15.0-58-generic #64-Ubuntu SMP Thu Jan 5 11:43:13 UTC 2023 x86_64
OS uptime: 0 days 4:54 hours
libc: glibc 2.35 NPTL 2.35 
rlimit (soft/hard): STACK 8192k/infinity , CORE 0k/infinity , NPROC 15246/15246 , NOFILE 1048576/1048576 , AS infinity/infinity , CPU infinity/infinity , DATA infinity/infinity , FSIZE infinity/infinity , MEMLOCK 502096k/502096k
load average: 0.23 0.36 0.39

/proc/meminfo:
MemTotal:        4016768 kB
MemFree:          108292 kB
MemAvailable:     101784 kB
Buffers:            2308 kB
Cached:           181784 kB
SwapCached:        26028 kB
Active:          1466020 kB
Inactive:        2233336 kB
Active(anon):    1372660 kB
Inactive(anon):  2152164 kB
Active(file):      93360 kB
Inactive(file):    81172 kB
Unevictable:       27876 kB
Mlocked:           27876 kB
SwapTotal:       4018172 kB
SwapFree:        2994880 kB
Dirty:               108 kB
Writeback:             0 kB
AnonPages:       3533012 kB
Mapped:           100472 kB
Shmem:               840 kB
KReclaimable:      43000 kB
Slab:              91340 kB
SReclaimable:      43000 kB
SUnreclaim:        48340 kB
KernelStack:        7420 kB
PageTables:        17324 kB
NFS_Unstable:          0 kB
Bounce:                0 kB
WritebackTmp:          0 kB
CommitLimit:     6026556 kB
Committed_AS:    4826804 kB
VmallocTotal:   34359738367 kB
VmallocUsed:       37856 kB
VmallocChunk:          0 kB
Percpu:             4800 kB
HardwareCorrupted:     0 kB
AnonHugePages:         0 kB
ShmemHugePages:        0 kB
ShmemPmdMapped:        0 kB
FileHugePages:         0 kB
FilePmdMapped:         0 kB
HugePages_Total:       0
HugePages_Free:        0
HugePages_Rsvd:        0
HugePages_Surp:        0
Hugepagesize:       2048 kB
Hugetlb:               0 kB
DirectMap4k:      178112 kB
DirectMap2M:     4016128 kB

/sys/kernel/mm/transparent_hugepage/enabled: always [madvise] never
/sys/kernel/mm/transparent_hugepage/defrag (defrag/compaction efforts parameter): always defer defer+madvise [madvise] never

Process Memory:
Virtual Size: 4018188K (peak: 4076696K)
Resident Set Size: 97520K (peak: 97520K) (anon: 51380K, file: 46140K, shmem: 0K)
Swapped out: 0K
C-Heap outstanding allocations: 28661K, retained: 2350K
glibc malloc tunables: (default)

/proc/sys/kernel/threads-max (system-wide limit on the number of threads): 30493
/proc/sys/vm/max_map_count (maximum number of memory map areas a process may have): 65530
/proc/sys/kernel/pid_max (system-wide limit on number of process identifiers): 4194304

container (cgroup) information:
container_type: cgroupv2
cpu_cpuset_cpus: not supported
cpu_memory_nodes: not supported
active_processor_count: 8
cpu_quota: not supported
cpu_period: not supported
cpu_shares: not supported
memory_limit_in_bytes: unlimited
memory_and_swap_limit_in_bytes: unlimited
memory_soft_limit_in_bytes: unlimited
memory_usage_in_bytes: 3650820 k
memory_max_usage_in_bytes: not supported
memory_swap_current_in_bytes: 977108 k
memory_swap_max_limit_in_bytes: unlimited
maximum number of tasks: unlimited
current number of tasks: 262

KVM virtualization detected
Steal ticks since vm start: 0
Steal ticks percentage since vm start:  0.000

CPU: total 8 (initial active 8) (8 cores per cpu, 8 threads per core) family 23 model 8 stepping 2 microcode 0x0, cx8, cmov, fxsr, ht, mmx, 3dnowpref, sse, sse2, sse3, ssse3, sse4a, sse4.1, sse4.2, popcnt, lzcnt, tsc, tscinvbit, avx, avx2, aes, clmul, bmi1, bmi2, vzeroupper, clflush, clflushopt, hv
CPU Model and flags from /proc/cpuinfo:
model name	: AMD Ryzen 7 2700X Eight-Core Processor
flags		: fpu vme de pse tsc msr pae mce cx8 apic sep mtrr pge mca cmov pat pse36 clflush mmx fxsr sse sse2 ht syscall nx mmxext fxsr_opt rdtscp lm constant_tsc rep_good nopl nonstop_tsc cpuid extd_apicid tsc_known_freq pni pclmulqdq ssse3 cx16 sse4_1 sse4_2 x2apic movbe popcnt aes xsave avx rdrand hypervisor lahf_lm cmp_legacy cr8_legacy abm sse4a misalignsse 3dnowprefetch ssbd vmmcall fsgsbase bmi1 avx2 bmi2 rdseed clflushopt arat

Online cpus: 0-7
Offline cpus: 
BIOS frequency limitation: <Not Available>
Frequency switch latency (ns): <Not Available>
Available cpu frequencies: <Not Available>
Current governor: <Not Available>
Core performance/turbo boost: <Not Available>

Memory: 4k page, physical 4016768k(108292k free), swap 4018172k(2994880k free)
Page Sizes: 4k

vm_info: OpenJDK 64-Bit Server VM (17.0.6+10-jvmci-22.3-b13) for linux-amd64 JRE (17.0.6+10-jvmci-22.3-b13), built on Jan 18 2023 21:35:33 by "buildslave" with gcc 10.3.0

END.
