#
# A fatal error has been detected by the Java Runtime Environment:
#
#  SIGSEGV (0xb) at pc=0x00007f61d40a89c4, pid=46360, tid=46366
#
# JRE version: OpenJDK Runtime Environment GraalVM CE 22.3.1 (17.0.6+10) (build 17.0.6+10-jvmci-22.3-b13)
# Java VM: OpenJDK 64-Bit Server VM GraalVM CE 22.3.1 (17.0.6+10-jvmci-22.3-b13, mixed mode, sharing, tiered, jvmci, jvmci compiler, compressed oops, compressed class ptrs, g1 gc, linux-amd64)
# Problematic frame:
# C  [libX11.so+0x299c4]  XDefaultRootWindow+0x4
#
# Core dump will be written. Default location: Core dumps may be processed with "/usr/share/apport/apport -p%p -s%s -c%c -d%d -P%P -u%u -g%g -- %E" (or dumping to /home/yst/IdeaProjects/core.46360)
#
# If you would like to submit a bug report, please visit:
#   https://github.com/oracle/graal/issues
# The crash happened outside the Java Virtual Machine in native code.
# See problematic frame for where to report the bug.
#

---------------  S U M M A R Y ------------

Command Line: -XX:ThreadPriorityPolicy=1 -XX:+UnlockExperimentalVMOptions -XX:+EnableJVMCIProduct -XX:JVMCIThreadsPerNativeLibraryRuntime=1 -XX:-UnlockExperimentalVMOptions -Dfile.encoding=UTF-8 -Duser.country=US -Duser.language=en -Duser.variant cf.thdisstudio.afioaos.compositor.Main

Host: AMD Ryzen 7 2700X Eight-Core Processor, 8 cores, 3G, Ubuntu 22.04.1 LTS
Time: Tue Jan 31 08:31:40 2023 UTC elapsed time: 0.237881 seconds (0d 0h 0m 0s)

---------------  T H R E A D  ---------------

Current thread (0x00007f6200025d40):  JavaThread "main" [_thread_in_native, id=46366, stack(0x00007f62044d1000,0x00007f62045d1000)]

Stack: [0x00007f62044d1000,0x00007f62045d1000],  sp=0x00007f62045cedb8,  free space=1015k
Native frames: (J=compiled Java code, j=interpreted, Vv=VM code, C=native code)
C  [libX11.so+0x299c4]  XDefaultRootWindow+0x4

Java frames: (J=compiled Java code, j=interpreted, Vv=VM code)
j  com.sun.jna.Native.invokeLong(Lcom/sun/jna/Function;JI[Ljava/lang/Object;)J+0
j  com.sun.jna.Function.invoke([Ljava/lang/Object;Ljava/lang/Class;ZI)Ljava/lang/Object;+243
j  com.sun.jna.Function.invoke(Ljava/lang/reflect/Method;[Ljava/lang/Class;Ljava/lang/Class;[Ljava/lang/Object;Ljava/util/Map;)Ljava/lang/Object;+271
j  com.sun.jna.Library$Handler.invoke(Ljava/lang/Object;Ljava/lang/reflect/Method;[Ljava/lang/Object;)Ljava/lang/Object;+390
j  jdk.proxy1.$Proxy0.XDefaultRootWindow(Lcom/sun/jna/platform/unix/X11$Display;)Lcom/sun/jna/platform/unix/X11$Window;+16 jdk.proxy1
j  cf.thdisstudio.afioaos.compositor.WindowManager.<init>(Ljava/lang/String;)V+102
j  cf.thdisstudio.afioaos.compositor.Main.main([Ljava/lang/String;)V+6
v  ~StubRoutines::call_stub

siginfo: si_signo: 11 (SIGSEGV), si_code: 1 (SEGV_MAPERR), si_addr: 0x00000000000000e0

Register to memory mapping:

RAX=0x0 is NULL
RBX=0x0000000000000008 is an unknown value
RCX=0x0 is NULL
RDX=0x0 is NULL
RSP=0x00007f62045cedb8 is pointing into the stack for thread: 0x00007f6200025d40
RBP=0x00007f62045cedc0 is pointing into the stack for thread: 0x00007f6200025d40
RSI=0x00007f6205a90cf3: _dl_catch_error+0x0000000000000033 in /lib/x86_64-linux-gnu/libc.so.6 at 0x00007f620591c000
RDI=0x0 is NULL
R8 =0x0 is NULL
R9 =0x3ff7a9ca11c8d700 is an unknown value
R10=0x0 is NULL
R11=0x00007f61d40a89c0: XDefaultRootWindow+0x0000000000000000 in /lib/x86_64-linux-gnu/libX11.so at 0x00007f61d407f000
R12=0x00007f62045cef70 is pointing into the stack for thread: 0x00007f6200025d40
R13=0x0000000000000008 is an unknown value
R14=0x0000000000000001 is an unknown value
R15=0x00007f62045cef50 is pointing into the stack for thread: 0x00007f6200025d40


Registers:
RAX=0x0000000000000000, RBX=0x0000000000000008, RCX=0x0000000000000000, RDX=0x0000000000000000
RSP=0x00007f62045cedb8, RBP=0x00007f62045cedc0, RSI=0x00007f6205a90cf3, RDI=0x0000000000000000
R8 =0x0000000000000000, R9 =0x3ff7a9ca11c8d700, R10=0x0000000000000000, R11=0x00007f61d40a89c0
R12=0x00007f62045cef70, R13=0x0000000000000008, R14=0x0000000000000001, R15=0x00007f62045cef50
RIP=0x00007f61d40a89c4, EFLAGS=0x0000000000010246, CSGSFS=0x002b000000000033, ERR=0x0000000000000004
  TRAPNO=0x000000000000000e

Top of Stack: (sp=0x00007f62045cedb8)
0x00007f62045cedb8:   00007f6195816052 0000000000000007
0x00007f62045cedc8:   00007f62045cf4f0 00007f62045ceed0
0x00007f62045cedd8:   00007f619581514c 0000000000000002
0x00007f62045cede8:   00007f6200025fe8 00007f6200000000 

Instructions: (pc=0x00007f61d40a89c4)
0x00007f61d40a88c4:   10 48 8b 05 6c 26 11 00 48 8d 15 bd d9 ff ff 48
0x00007f61d40a88d4:   89 08 48 8b 05 73 26 11 00 48 8d 0d 0c dd ff ff
0x00007f61d40a88e4:   48 89 30 48 8b 05 c2 25 11 00 48 8d 35 fb db ff
0x00007f61d40a88f4:   ff 48 89 10 48 8b 05 29 26 11 00 48 8d 15 1a d8
0x00007f61d40a8904:   ff ff 48 89 08 48 8b 05 f0 25 11 00 48 89 30 48
0x00007f61d40a8914:   8b 05 46 26 11 00 48 89 10 48 83 c4 08 44 89 e0
0x00007f61d40a8924:   5b 5d 41 5c 41 5d c3 45 31 e4 e9 be fe ff ff 48
0x00007f61d40a8934:   89 ef 45 31 e4 e8 92 ff fe ff 48 c7 05 af 5d 11
0x00007f61d40a8944:   00 00 00 00 00 e9 a3 fe ff ff 48 89 ef 45 31 e4
0x00007f61d40a8954:   e8 77 ff fe ff 4c 89 ef 48 c7 05 91 5d 11 00 00
0x00007f61d40a8964:   00 00 00 e8 64 ff fe ff 48 c7 05 79 5d 11 00 00
0x00007f61d40a8974:   00 00 00 e9 75 fe ff ff 0f 1f 40 00 f3 0f 1e fa
0x00007f61d40a8984:   8b 47 10 c3 0f 1f 84 00 00 00 00 00 f3 0f 1e fa
0x00007f61d40a8994:   48 63 f6 48 c1 e6 07 48 03 b7 e8 00 00 00 48 8b
0x00007f61d40a89a4:   46 10 c3 66 0f 1f 84 00 00 00 00 00 f3 0f 1e fa
0x00007f61d40a89b4:   8b 87 e0 00 00 00 c3 0f 1f 44 00 00 f3 0f 1e fa
0x00007f61d40a89c4:   48 63 87 e0 00 00 00 48 c1 e0 07 48 03 87 e8 00
0x00007f61d40a89d4:   00 00 48 8b 40 10 c3 0f 1f 44 00 00 f3 0f 1e fa
0x00007f61d40a89e4:   48 63 f6 48 c1 e6 07 48 03 b7 e8 00 00 00 48 8b
0x00007f61d40a89f4:   46 40 c3 66 0f 1f 84 00 00 00 00 00 f3 0f 1e fa
0x00007f61d40a8a04:   48 63 f6 48 c1 e6 07 48 03 b7 e8 00 00 00 48 8b
0x00007f61d40a8a14:   46 48 c3 66 0f 1f 84 00 00 00 00 00 f3 0f 1e fa
0x00007f61d40a8a24:   48 63 f6 48 c1 e6 07 48 03 b7 e8 00 00 00 48 8b
0x00007f61d40a8a34:   46 60 c3 66 0f 1f 84 00 00 00 00 00 f3 0f 1e fa
0x00007f61d40a8a44:   48 63 f6 48 c1 e6 07 48 03 b7 e8 00 00 00 48 8b
0x00007f61d40a8a54:   46 58 c3 66 0f 1f 84 00 00 00 00 00 f3 0f 1e fa
0x00007f61d40a8a64:   48 c7 c0 ff ff ff ff c3 0f 1f 40 00 f3 0f 1e fa
0x00007f61d40a8a74:   8b 87 88 00 00 00 c3 0f 1f 44 00 00 f3 0f 1e fa
0x00007f61d40a8a84:   48 63 f6 48 c1 e6 07 48 03 b7 e8 00 00 00 8b 46
0x00007f61d40a8a94:   18 c3 66 2e 0f 1f 84 00 00 00 00 00 f3 0f 1e fa
0x00007f61d40a8aa4:   48 63 f6 48 c1 e6 07 48 03 b7 e8 00 00 00 8b 46
0x00007f61d40a8ab4:   1c c3 66 2e 0f 1f 84 00 00 00 00 00 f3 0f 1e fa 


Stack slot to memory mapping:
stack at sp + 0 slots: 0x00007f6195816052: <offset 0x0000000000016052> in /home/yst/.cache/JNA/temp/jna18040067720833272035.tmp at 0x00007f6195800000
stack at sp + 1 slots: 0x0000000000000007 is an unknown value
stack at sp + 2 slots: 0x00007f62045cf4f0 is pointing into the stack for thread: 0x00007f6200025d40
stack at sp + 3 slots: 0x00007f62045ceed0 is pointing into the stack for thread: 0x00007f6200025d40
stack at sp + 4 slots: 0x00007f619581514c: <offset 0x000000000001514c> in /home/yst/.cache/JNA/temp/jna18040067720833272035.tmp at 0x00007f6195800000
stack at sp + 5 slots: 0x0000000000000002 is an unknown value
stack at sp + 6 slots: 0x00007f6200025fe8 points into unknown readable memory: 0x00007f6205891320 | 20 13 89 05 62 7f 00 00
stack at sp + 7 slots: 0x00007f6200000000 points into unknown readable memory: 0x00007f6200000030 | 30 00 00 00 62 7f 00 00


---------------  P R O C E S S  ---------------

Threads class SMR info:
_java_thread_list=0x00007f62001f0b00, length=13, elements={
0x00007f6200025d40, 0x00007f62000e6ca0, 0x00007f62000e80d0, 0x00007f62000ed4f0,
0x00007f62000ee8b0, 0x00007f62000efcd0, 0x00007f62000f16f0, 0x00007f62000f2c30,
0x00007f62000fc0a0, 0x00007f620010a250, 0x00007f62001529e0, 0x00007f62001ea820,
0x00007f62001ef1c0
}

Java Threads: ( => current thread )
=>0x00007f6200025d40 JavaThread "main" [_thread_in_native, id=46366, stack(0x00007f62044d1000,0x00007f62045d1000)]
  0x00007f62000e6ca0 JavaThread "Reference Handler" daemon [_thread_blocked, id=46373, stack(0x00007f61d512e000,0x00007f61d522e000)]
  0x00007f62000e80d0 JavaThread "Finalizer" daemon [_thread_blocked, id=46374, stack(0x00007f61d502e000,0x00007f61d512e000)]
  0x00007f62000ed4f0 JavaThread "Signal Dispatcher" daemon [_thread_blocked, id=46375, stack(0x00007f61d4c45000,0x00007f61d4d45000)]
  0x00007f62000ee8b0 JavaThread "Service Thread" daemon [_thread_blocked, id=46376, stack(0x00007f61d4b45000,0x00007f61d4c45000)]
  0x00007f62000efcd0 JavaThread "Monitor Deflation Thread" daemon [_thread_blocked, id=46377, stack(0x00007f61d4a45000,0x00007f61d4b45000)]
  0x00007f62000f16f0 JavaThread "JVMCI-native CompilerThread0" daemon [_thread_blocked, id=46378, stack(0x00007f61d4845000,0x00007f61d4a45000)]
  0x00007f62000f2c30 JavaThread "C1 CompilerThread0" daemon [_thread_blocked, id=46379, stack(0x00007f61d4645000,0x00007f61d4845000)]
  0x00007f62000fc0a0 JavaThread "Sweeper thread" daemon [_thread_blocked, id=46380, stack(0x00007f61d4545000,0x00007f61d4645000)]
  0x00007f620010a250 JavaThread "Common-Cleaner" daemon [_thread_blocked, id=46381, stack(0x00007f61d4445000,0x00007f61d4545000)]
  0x00007f62001529e0 JavaThread "Notification Thread" daemon [_thread_blocked, id=46382, stack(0x00007f61d4345000,0x00007f61d4445000)]
  0x00007f62001ea820 JavaThread "process reaper" daemon [_thread_blocked, id=46388, stack(0x00007f61d41bf000,0x00007f61d41e1000)]
  0x00007f62001ef1c0 JavaThread "JNA Cleaner" daemon [_thread_blocked, id=46389, stack(0x00007f619c900000,0x00007f619ca00000)]

Other Threads:
  0x00007f62000e29c0 VMThread "VM Thread" [stack: 0x00007f61d5230000,0x00007f61d5330000] [id=46372]
  0x00007f62001543a0 WatcherThread [stack: 0x00007f61d4245000,0x00007f61d4345000] [id=46383]
  0x00007f6200062b70 GCTaskThread "GC Thread#0" [stack: 0x00007f61e4932000,0x00007f61e4a32000] [id=46367]
  0x00007f620006bc30 ConcurrentGCThread "G1 Main Marker" [stack: 0x00007f61e4830000,0x00007f61e4930000] [id=46368]
  0x00007f620006cb90 ConcurrentGCThread "G1 Conc#0" [stack: 0x00007f61e472e000,0x00007f61e482e000] [id=46369]
  0x00007f62000b9260 ConcurrentGCThread "G1 Refine#0" [stack: 0x00007f61d5dff000,0x00007f61d5eff000] [id=46370]
  0x00007f62000ba150 ConcurrentGCThread "G1 Service" [stack: 0x00007f61d5cfd000,0x00007f61d5dfd000] [id=46371]

Threads with active compile tasks:

VM state: not at safepoint (normal execution)

VM Mutex/Monitor currently owned by a thread: None

Heap address: 0x00000000c2a00000, size: 982 MB, Compressed Oops mode: 32-bit

CDS archive(s) mapped at: [0x0000000800000000-0x0000000800bc9000-0x0000000800bc9000), size 12357632, SharedBaseAddress: 0x0000000800000000, ArchiveRelocationMode: 0.
Compressed class space mapped at: 0x0000000800c00000-0x0000000840c00000, reserved size: 1073741824
Narrow klass base: 0x0000000800000000, Narrow klass shift: 0, Narrow klass range: 0x100000000

GC Precious Log:
 CPUs: 8 total, 8 available
 Memory: 3922M
 Large Page Support: Disabled
 NUMA Support: Disabled
 Compressed Oops: Enabled (32-bit)
 Heap Region Size: 1M
 Heap Min Capacity: 8M
 Heap Initial Capacity: 62M
 Heap Max Capacity: 982M
 Pre-touch: Disabled
 Parallel Workers: 8
 Concurrent Workers: 2
 Concurrent Refinement Workers: 8
 Periodic GC: Disabled

Heap:
 garbage-first heap   total 65536K, used 5964K [0x00000000c2a00000, 0x0000000100000000)
  region size 1024K, 6 young (6144K), 0 survivors (0K)
 Metaspace       used 2537K, committed 2688K, reserved 1056768K
  class space    used 242K, committed 320K, reserved 1048576K

Heap Regions: E=young(eden), S=young(survivor), O=old, HS=humongous(starts), HC=humongous(continues), CS=collection set, F=free, OA=open archive, CA=closed archive, TAMS=top-at-mark-start (previous, next)
|   0|0x00000000c2a00000, 0x00000000c2a00000, 0x00000000c2b00000|  0%| F|  |TAMS 0x00000000c2a00000, 0x00000000c2a00000| Untracked 
|   1|0x00000000c2b00000, 0x00000000c2b00000, 0x00000000c2c00000|  0%| F|  |TAMS 0x00000000c2b00000, 0x00000000c2b00000| Untracked 
|   2|0x00000000c2c00000, 0x00000000c2c00000, 0x00000000c2d00000|  0%| F|  |TAMS 0x00000000c2c00000, 0x00000000c2c00000| Untracked 
|   3|0x00000000c2d00000, 0x00000000c2d00000, 0x00000000c2e00000|  0%| F|  |TAMS 0x00000000c2d00000, 0x00000000c2d00000| Untracked 
|   4|0x00000000c2e00000, 0x00000000c2e00000, 0x00000000c2f00000|  0%| F|  |TAMS 0x00000000c2e00000, 0x00000000c2e00000| Untracked 
|   5|0x00000000c2f00000, 0x00000000c2f00000, 0x00000000c3000000|  0%| F|  |TAMS 0x00000000c2f00000, 0x00000000c2f00000| Untracked 
|   6|0x00000000c3000000, 0x00000000c3000000, 0x00000000c3100000|  0%| F|  |TAMS 0x00000000c3000000, 0x00000000c3000000| Untracked 
|   7|0x00000000c3100000, 0x00000000c3100000, 0x00000000c3200000|  0%| F|  |TAMS 0x00000000c3100000, 0x00000000c3100000| Untracked 
|   8|0x00000000c3200000, 0x00000000c3200000, 0x00000000c3300000|  0%| F|  |TAMS 0x00000000c3200000, 0x00000000c3200000| Untracked 
|   9|0x00000000c3300000, 0x00000000c3300000, 0x00000000c3400000|  0%| F|  |TAMS 0x00000000c3300000, 0x00000000c3300000| Untracked 
|  10|0x00000000c3400000, 0x00000000c3400000, 0x00000000c3500000|  0%| F|  |TAMS 0x00000000c3400000, 0x00000000c3400000| Untracked 
|  11|0x00000000c3500000, 0x00000000c3500000, 0x00000000c3600000|  0%| F|  |TAMS 0x00000000c3500000, 0x00000000c3500000| Untracked 
|  12|0x00000000c3600000, 0x00000000c3600000, 0x00000000c3700000|  0%| F|  |TAMS 0x00000000c3600000, 0x00000000c3600000| Untracked 
|  13|0x00000000c3700000, 0x00000000c3700000, 0x00000000c3800000|  0%| F|  |TAMS 0x00000000c3700000, 0x00000000c3700000| Untracked 
|  14|0x00000000c3800000, 0x00000000c3800000, 0x00000000c3900000|  0%| F|  |TAMS 0x00000000c3800000, 0x00000000c3800000| Untracked 
|  15|0x00000000c3900000, 0x00000000c3900000, 0x00000000c3a00000|  0%| F|  |TAMS 0x00000000c3900000, 0x00000000c3900000| Untracked 
|  16|0x00000000c3a00000, 0x00000000c3a00000, 0x00000000c3b00000|  0%| F|  |TAMS 0x00000000c3a00000, 0x00000000c3a00000| Untracked 
|  17|0x00000000c3b00000, 0x00000000c3b00000, 0x00000000c3c00000|  0%| F|  |TAMS 0x00000000c3b00000, 0x00000000c3b00000| Untracked 
|  18|0x00000000c3c00000, 0x00000000c3c00000, 0x00000000c3d00000|  0%| F|  |TAMS 0x00000000c3c00000, 0x00000000c3c00000| Untracked 
|  19|0x00000000c3d00000, 0x00000000c3d00000, 0x00000000c3e00000|  0%| F|  |TAMS 0x00000000c3d00000, 0x00000000c3d00000| Untracked 
|  20|0x00000000c3e00000, 0x00000000c3e00000, 0x00000000c3f00000|  0%| F|  |TAMS 0x00000000c3e00000, 0x00000000c3e00000| Untracked 
|  21|0x00000000c3f00000, 0x00000000c3f00000, 0x00000000c4000000|  0%| F|  |TAMS 0x00000000c3f00000, 0x00000000c3f00000| Untracked 
|  22|0x00000000c4000000, 0x00000000c4000000, 0x00000000c4100000|  0%| F|  |TAMS 0x00000000c4000000, 0x00000000c4000000| Untracked 
|  23|0x00000000c4100000, 0x00000000c4100000, 0x00000000c4200000|  0%| F|  |TAMS 0x00000000c4100000, 0x00000000c4100000| Untracked 
|  24|0x00000000c4200000, 0x00000000c4200000, 0x00000000c4300000|  0%| F|  |TAMS 0x00000000c4200000, 0x00000000c4200000| Untracked 
|  25|0x00000000c4300000, 0x00000000c4300000, 0x00000000c4400000|  0%| F|  |TAMS 0x00000000c4300000, 0x00000000c4300000| Untracked 
|  26|0x00000000c4400000, 0x00000000c4400000, 0x00000000c4500000|  0%| F|  |TAMS 0x00000000c4400000, 0x00000000c4400000| Untracked 
|  27|0x00000000c4500000, 0x00000000c4500000, 0x00000000c4600000|  0%| F|  |TAMS 0x00000000c4500000, 0x00000000c4500000| Untracked 
|  28|0x00000000c4600000, 0x00000000c4600000, 0x00000000c4700000|  0%| F|  |TAMS 0x00000000c4600000, 0x00000000c4600000| Untracked 
|  29|0x00000000c4700000, 0x00000000c4700000, 0x00000000c4800000|  0%| F|  |TAMS 0x00000000c4700000, 0x00000000c4700000| Untracked 
|  30|0x00000000c4800000, 0x00000000c4800000, 0x00000000c4900000|  0%| F|  |TAMS 0x00000000c4800000, 0x00000000c4800000| Untracked 
|  31|0x00000000c4900000, 0x00000000c4900000, 0x00000000c4a00000|  0%| F|  |TAMS 0x00000000c4900000, 0x00000000c4900000| Untracked 
|  32|0x00000000c4a00000, 0x00000000c4a00000, 0x00000000c4b00000|  0%| F|  |TAMS 0x00000000c4a00000, 0x00000000c4a00000| Untracked 
|  33|0x00000000c4b00000, 0x00000000c4b00000, 0x00000000c4c00000|  0%| F|  |TAMS 0x00000000c4b00000, 0x00000000c4b00000| Untracked 
|  34|0x00000000c4c00000, 0x00000000c4c00000, 0x00000000c4d00000|  0%| F|  |TAMS 0x00000000c4c00000, 0x00000000c4c00000| Untracked 
|  35|0x00000000c4d00000, 0x00000000c4d00000, 0x00000000c4e00000|  0%| F|  |TAMS 0x00000000c4d00000, 0x00000000c4d00000| Untracked 
|  36|0x00000000c4e00000, 0x00000000c4e00000, 0x00000000c4f00000|  0%| F|  |TAMS 0x00000000c4e00000, 0x00000000c4e00000| Untracked 
|  37|0x00000000c4f00000, 0x00000000c4f00000, 0x00000000c5000000|  0%| F|  |TAMS 0x00000000c4f00000, 0x00000000c4f00000| Untracked 
|  38|0x00000000c5000000, 0x00000000c5000000, 0x00000000c5100000|  0%| F|  |TAMS 0x00000000c5000000, 0x00000000c5000000| Untracked 
|  39|0x00000000c5100000, 0x00000000c5100000, 0x00000000c5200000|  0%| F|  |TAMS 0x00000000c5100000, 0x00000000c5100000| Untracked 
|  40|0x00000000c5200000, 0x00000000c5200000, 0x00000000c5300000|  0%| F|  |TAMS 0x00000000c5200000, 0x00000000c5200000| Untracked 
|  41|0x00000000c5300000, 0x00000000c5300000, 0x00000000c5400000|  0%| F|  |TAMS 0x00000000c5300000, 0x00000000c5300000| Untracked 
|  42|0x00000000c5400000, 0x00000000c5400000, 0x00000000c5500000|  0%| F|  |TAMS 0x00000000c5400000, 0x00000000c5400000| Untracked 
|  43|0x00000000c5500000, 0x00000000c5500000, 0x00000000c5600000|  0%| F|  |TAMS 0x00000000c5500000, 0x00000000c5500000| Untracked 
|  44|0x00000000c5600000, 0x00000000c5600000, 0x00000000c5700000|  0%| F|  |TAMS 0x00000000c5600000, 0x00000000c5600000| Untracked 
|  45|0x00000000c5700000, 0x00000000c5700000, 0x00000000c5800000|  0%| F|  |TAMS 0x00000000c5700000, 0x00000000c5700000| Untracked 
|  46|0x00000000c5800000, 0x00000000c5800000, 0x00000000c5900000|  0%| F|  |TAMS 0x00000000c5800000, 0x00000000c5800000| Untracked 
|  47|0x00000000c5900000, 0x00000000c5900000, 0x00000000c5a00000|  0%| F|  |TAMS 0x00000000c5900000, 0x00000000c5900000| Untracked 
|  48|0x00000000c5a00000, 0x00000000c5a00000, 0x00000000c5b00000|  0%| F|  |TAMS 0x00000000c5a00000, 0x00000000c5a00000| Untracked 
|  49|0x00000000c5b00000, 0x00000000c5b00000, 0x00000000c5c00000|  0%| F|  |TAMS 0x00000000c5b00000, 0x00000000c5b00000| Untracked 
|  50|0x00000000c5c00000, 0x00000000c5c00000, 0x00000000c5d00000|  0%| F|  |TAMS 0x00000000c5c00000, 0x00000000c5c00000| Untracked 
|  51|0x00000000c5d00000, 0x00000000c5d00000, 0x00000000c5e00000|  0%| F|  |TAMS 0x00000000c5d00000, 0x00000000c5d00000| Untracked 
|  52|0x00000000c5e00000, 0x00000000c5e00000, 0x00000000c5f00000|  0%| F|  |TAMS 0x00000000c5e00000, 0x00000000c5e00000| Untracked 
|  53|0x00000000c5f00000, 0x00000000c5f00000, 0x00000000c6000000|  0%| F|  |TAMS 0x00000000c5f00000, 0x00000000c5f00000| Untracked 
|  54|0x00000000c6000000, 0x00000000c6000000, 0x00000000c6100000|  0%| F|  |TAMS 0x00000000c6000000, 0x00000000c6000000| Untracked 
|  55|0x00000000c6100000, 0x00000000c6100000, 0x00000000c6200000|  0%| F|  |TAMS 0x00000000c6100000, 0x00000000c6100000| Untracked 
|  56|0x00000000c6200000, 0x00000000c627dc50, 0x00000000c6300000| 49%| E|  |TAMS 0x00000000c6200000, 0x00000000c6200000| Complete 
|  57|0x00000000c6300000, 0x00000000c6400000, 0x00000000c6400000|100%| E|CS|TAMS 0x00000000c6300000, 0x00000000c6300000| Complete 
|  58|0x00000000c6400000, 0x00000000c6500000, 0x00000000c6500000|100%| E|CS|TAMS 0x00000000c6400000, 0x00000000c6400000| Complete 
|  59|0x00000000c6500000, 0x00000000c6600000, 0x00000000c6600000|100%| E|CS|TAMS 0x00000000c6500000, 0x00000000c6500000| Complete 
|  60|0x00000000c6600000, 0x00000000c6700000, 0x00000000c6700000|100%| E|CS|TAMS 0x00000000c6600000, 0x00000000c6600000| Complete 
|  61|0x00000000c6700000, 0x00000000c6800000, 0x00000000c6800000|100%| E|CS|TAMS 0x00000000c6700000, 0x00000000c6700000| Complete 
| 980|0x00000000ffe00000, 0x00000000ffe46000, 0x00000000fff00000| 27%|OA|  |TAMS 0x00000000ffe00000, 0x00000000ffe00000| Untracked 
| 981|0x00000000fff00000, 0x00000000fff8d000, 0x0000000100000000| 55%|CA|  |TAMS 0x00000000fff00000, 0x00000000fff00000| Untracked 

Card table byte_map: [0x00007f61e6acd000,0x00007f61e6cb8000] _byte_map_base: 0x00007f61e64b8000

Marking Bits (Prev, Next): (CMBitMap*) 0x00007f62000635f0, (CMBitMap*) 0x00007f6200063630
 Prev Bits: [0x00007f61e598a000, 0x00007f61e68e2000)
 Next Bits: [0x00007f61e4a32000, 0x00007f61e598a000)

Polling page: 0x00007f6205b80000

Metaspace:

Usage:
  Non-class:      2.24 MB used.
      Class:    242.62 KB used.
       Both:      2.48 MB used.

Virtual space:
  Non-class space:        8.00 MB reserved,       2.31 MB ( 29%) committed,  1 nodes.
      Class space:        1.00 GB reserved,     320.00 KB ( <1%) committed,  1 nodes.
             Both:        1.01 GB reserved,       2.62 MB ( <1%) committed. 

Chunk freelists:
   Non-Class:  3.47 MB
       Class:  3.66 MB
        Both:  7.12 MB

MaxMetaspaceSize: unlimited
CompressedClassSpaceSize: 1.00 GB
Initial GC threshold: 21.00 MB
Current GC threshold: 21.00 MB
CDS: on
MetaspaceReclaimPolicy: balanced
 - commit_granule_bytes: 65536.
 - commit_granule_words: 8192.
 - virtual_space_node_default_size: 1048576.
 - enlarge_chunks_in_place: 1.
 - new_chunks_are_fully_committed: 0.
 - uncommit_free_chunks: 1.
 - use_allocation_guard: 0.
 - handle_deallocations: 1.


Internal statistics:

num_allocs_failed_limit: 0.
num_arena_births: 24.
num_arena_deaths: 0.
num_vsnodes_births: 2.
num_vsnodes_deaths: 0.
num_space_committed: 42.
num_space_uncommitted: 0.
num_chunks_returned_to_freelist: 0.
num_chunks_taken_from_freelist: 57.
num_chunk_merges: 0.
num_chunk_splits: 36.
num_chunks_enlarged: 27.
num_purges: 0.
num_inconsistent_stats: 0.

CodeHeap 'non-profiled nmethods': size=119472Kb used=138Kb max_used=138Kb free=119333Kb
 bounds [0x00007f61eeffd000, 0x00007f61ef26d000, 0x00007f61f64a9000]
CodeHeap 'profiled nmethods': size=119468Kb used=879Kb max_used=879Kb free=118588Kb
 bounds [0x00007f61e74a9000, 0x00007f61e7719000, 0x00007f61ee954000]
CodeHeap 'non-nmethods': size=6820Kb used=1132Kb max_used=1133Kb free=5687Kb
 bounds [0x00007f61ee954000, 0x00007f61eebc4000, 0x00007f61eeffd000]
 total_blobs=935 nmethods=518 adapters=338
 compilation: enabled
              stopped_count=0, restarted_count=0
 full_count=0

JVMCI Events (15 events):
Event: 0.028 Thread 0x00007f6200025d40 created new Java JVMCI runtime -1 (0x00007f62000dde40)
Event: 0.087 Thread 0x00007f62000f16f0 created new CompileBroker JVMCI runtime 0 (0x00007f61b40217f0)
Event: 0.087 Thread 0x00007f62000f16f0 attached to JVMCI runtime 0
Event: 0.092 Thread 0x00007f62000f16f0 loaded JVMCI shared library from /home/yst/.jdks/graalvm-ce-17/lib/libjvmcicompiler.so
Event: 0.094 Thread 0x00007f62000f16f0 created JavaVM[1]@0x00007f619d6aaa08 for JVMCI runtime 0
Event: 0.094 Thread 0x00007f62000f16f0 initializing JVMCI runtime 0
Event: 0.094 Thread 0x00007f62000f16f0 initializing JavaVM references in JVMCI runtime 0
Event: 0.094 Thread 0x00007f62000f16f0 initialized JavaVM references in JVMCI runtime 0
Event: 0.096 Thread 0x00007f62000f16f0 initialized JVMCI runtime 0
Event: 0.123 Thread 0x00007f62000f16f0 compacted oop handles in JVMCI runtime 0 from 53 to 52
Event: 0.137 Thread 0x00007f62000f16f0 compacted oop handles in JVMCI runtime 0 from 57 to 56
Event: 0.138 Thread 0x00007f62000f16f0 compacted oop handles in JVMCI runtime 0 from 57 to 38
Event: 0.139 Thread 0x00007f62000f16f0 compacted oop handles in JVMCI runtime 0 from 43 to 42
Event: 0.223 Thread 0x00007f62000f16f0 compacted oop handles in JVMCI runtime 0 from 49 to 41
Event: 0.231 Thread 0x00007f62000f16f0 compacted oop handles in JVMCI runtime 0 from 58 to 56

Compilation events (20 events):
Event: 0.229 Thread 0x00007f62000f2c30  510       3       jdk.internal.org.objectweb.asm.ByteVector::put122 (93 bytes)
Event: 0.229 Thread 0x00007f62000f2c30 nmethod 510 0x00007f61e757ca10 code [0x00007f61e757cbc0, 0x00007f61e757ce40]
Event: 0.230 Thread 0x00007f62000f2c30  511       3       java.lang.String::concat (15 bytes)
Event: 0.230 Thread 0x00007f62000f2c30 nmethod 511 0x00007f61e757d010 code [0x00007f61e757d360, 0x00007f61e757ea00]
Event: 0.230 Thread 0x00007f62000f2c30  512       3       java.util.jar.JarFile::maybeInstantiateVerifier (42 bytes)
Event: 0.231 Thread 0x00007f62000f16f0 nmethod 504 0x00007f61ef01e910 code [0x00007f61ef01eaa0, 0x00007f61ef01ec30]
Event: 0.231 Thread 0x00007f62000f16f0  432       4       java.lang.String::toString (2 bytes)
Event: 0.231 Thread 0x00007f62000f2c30 nmethod 512 0x00007f61e757f190 code [0x00007f61e757f360, 0x00007f61e757f850]
Event: 0.231 Thread 0x00007f62000f16f0 nmethod 432 0x00007f61ef01ed90 code [0x00007f61ef01ef00, 0x00007f61ef01ef40]
Event: 0.232 Thread 0x00007f62000f16f0  513       4       java.lang.AbstractStringBuilder::ensureCapacityInternal (39 bytes)
Event: 0.232 Thread 0x00007f62000f2c30  514       3       java.util.zip.ZipFile::ensureOpen (40 bytes)
Event: 0.233 Thread 0x00007f62000f2c30 nmethod 514 0x00007f61e757f990 code [0x00007f61e757fb60, 0x00007f61e757feb0]
Event: 0.234 Thread 0x00007f62000f2c30  515  s!   3       jdk.internal.loader.URLClassPath::getLoader (194 bytes)
Event: 0.235 Thread 0x00007f62000f2c30 nmethod 515 0x00007f61e7580010 code [0x00007f61e7580320, 0x00007f61e7581f20]
Event: 0.235 Thread 0x00007f62000f2c30  516   !   3       java.util.jar.JarFile::checkForSpecialAttributes (163 bytes)
Event: 0.236 Thread 0x00007f62000f2c30 nmethod 516 0x00007f61e7582710 code [0x00007f61e7582a40, 0x00007f61e7583fd0]
Event: 0.236 Thread 0x00007f62000f2c30  517   !   3       java.util.jar.JarFile::isMultiRelease (33 bytes)
Event: 0.236 Thread 0x00007f62000f2c30 nmethod 517 0x00007f61e7584810 code [0x00007f61e75849c0, 0x00007f61e7584bc0]
Event: 0.237 Thread 0x00007f62000f2c30  518       1       java.lang.reflect.Method::getDeclaringClass (5 bytes)
Event: 0.237 Thread 0x00007f62000f2c30 nmethod 518 0x00007f61ef01f090 code [0x00007f61ef01f220, 0x00007f61ef01f2f0]

GC Heap History (0 events):
No events

Dll operation events (7 events):
Event: 0.002 Loaded shared library /home/yst/.jdks/graalvm-ce-17/lib/libjava.so
Event: 0.030 Loaded shared library /home/yst/.jdks/graalvm-ce-17/lib/libjsvml.so
Event: 0.092 Loaded shared library /home/yst/.jdks/graalvm-ce-17/lib/libjvmcicompiler.so
Event: 0.093 Loaded shared library /home/yst/.jdks/graalvm-ce-17/lib/libnio.so
Event: 0.100 Loaded shared library /home/yst/.jdks/graalvm-ce-17/lib/libzip.so
Event: 0.118 Loaded shared library /home/yst/.jdks/graalvm-ce-17/lib/libjimage.so
Event: 0.147 Loaded shared library /home/yst/.cache/JNA/temp/jna18040067720833272035.tmp

Deoptimization events (14 events):
Event: 0.207 Thread 0x00007f6200025d40 DEOPT PACKING pc=0x00007f61e74ee0da sp=0x00007f62045ce6f0
Event: 0.207 Thread 0x00007f6200025d40 DEOPT UNPACKING pc=0x00007f61ee9aac25 sp=0x00007f62045cdb30 mode 0
Event: 0.211 Thread 0x00007f6200025d40 DEOPT PACKING pc=0x00007f61e74baf4e sp=0x00007f62045ce5c0
Event: 0.211 Thread 0x00007f6200025d40 DEOPT UNPACKING pc=0x00007f61ee9aac25 sp=0x00007f62045cda58 mode 0
Event: 0.213 Thread 0x00007f6200025d40 DEOPT PACKING pc=0x00007f61e74baf4e sp=0x00007f62045ce750
Event: 0.213 Thread 0x00007f6200025d40 DEOPT UNPACKING pc=0x00007f61ee9aac25 sp=0x00007f62045cdbe8 mode 0
Event: 0.215 Thread 0x00007f6200025d40 DEOPT PACKING pc=0x00007f61e74baf4e sp=0x00007f62045ce6b0
Event: 0.215 Thread 0x00007f6200025d40 DEOPT UNPACKING pc=0x00007f61ee9aac25 sp=0x00007f62045cdb48 mode 0
Event: 0.217 Thread 0x00007f6200025d40 DEOPT PACKING pc=0x00007f61e74baf4e sp=0x00007f62045ce6b0
Event: 0.217 Thread 0x00007f6200025d40 DEOPT UNPACKING pc=0x00007f61ee9aac25 sp=0x00007f62045cdb48 mode 0
Event: 0.218 Thread 0x00007f6200025d40 DEOPT PACKING pc=0x00007f61e74baf4e sp=0x00007f62045ce4c0
Event: 0.218 Thread 0x00007f6200025d40 DEOPT UNPACKING pc=0x00007f61ee9aac25 sp=0x00007f62045cd958 mode 0
Event: 0.219 Thread 0x00007f6200025d40 DEOPT PACKING pc=0x00007f61e74baf4e sp=0x00007f62045ce4b0
Event: 0.219 Thread 0x00007f6200025d40 DEOPT UNPACKING pc=0x00007f61ee9aac25 sp=0x00007f62045cd948 mode 0

Classes unloaded (0 events):
No events

Classes redefined (0 events):
No events

Internal exceptions (7 events):
Event: 0.164 Thread 0x00007f6200025d40 Exception <a 'java/lang/NoSuchMethodError'{0x00000000c6474030}: 'java.lang.Object java.lang.invoke.DirectMethodHandle$Holder.invokeStaticInit(java.lang.Object)'> (0x00000000c6474030) 
thrown [src/hotspot/share/interpreter/linkResolver.cpp, line 758]
Event: 0.166 Thread 0x00007f6200025d40 Exception <a 'java/lang/NoSuchMethodError'{0x00000000c647dac0}: 'java.lang.Object java.lang.invoke.DirectMethodHandle$Holder.invokeStaticInit(java.lang.Object, java.lang.Object, long, java.lang.Object)'> (0x00000000c647dac0) 
thrown [src/hotspot/share/interpreter/linkResolver.cpp, line 758]
Event: 0.166 Thread 0x00007f6200025d40 Exception <a 'java/lang/NoSuchMethodError'{0x00000000c64843c8}: 'java.lang.Object java.lang.invoke.DirectMethodHandle$Holder.newInvokeSpecial(java.lang.Object, java.lang.Object, long)'> (0x00000000c64843c8) 
thrown [src/hotspot/share/interpreter/linkResolver.cpp, line 758]
Event: 0.167 Thread 0x00007f6200025d40 Exception <a 'java/lang/NoSuchMethodError'{0x00000000c6488900}: 'java.lang.Object java.lang.invoke.Invokers$Holder.linkToTargetMethod(java.lang.Object, long, java.lang.Object)'> (0x00000000c6488900) 
thrown [src/hotspot/share/interpreter/linkResolver.cpp, line 758]
Event: 0.170 Thread 0x00007f6200025d40 Exception <a 'java/lang/NoSuchMethodError'{0x00000000c6490b90}: 'java.lang.Object java.lang.invoke.DirectMethodHandle$Holder.newInvokeSpecial(java.lang.Object, java.lang.Object, java.lang.Object, int)'> (0x00000000c6490b90) 
thrown [src/hotspot/share/interpreter/linkResolver.cpp, line 758]
Event: 0.171 Thread 0x00007f6200025d40 Exception <a 'java/lang/NoSuchMethodError'{0x00000000c6494f70}: 'java.lang.Object java.lang.invoke.DirectMethodHandle$Holder.invokeSpecial(java.lang.Object, java.lang.Object, java.lang.Object, java.lang.Object, int)'> (0x00000000c6494f70) 
thrown [src/hotspot/share/interpreter/linkResolver.cpp, line 758]
Event: 0.171 Thread 0x00007f6200025d40 Exception <a 'java/lang/NoSuchMethodError'{0x00000000c6498b38}: 'java.lang.Object java.lang.invoke.Invokers$Holder.linkToTargetMethod(java.lang.Object, java.lang.Object, int, java.lang.Object)'> (0x00000000c6498b38) 
thrown [src/hotspot/share/interpreter/linkResolver.cpp, line 758]

VM Operations (4 events):
Event: 0.070 Executing VM operation: HandshakeAllThreads
Event: 0.070 Executing VM operation: HandshakeAllThreads done
Event: 0.158 Executing VM operation: HandshakeAllThreads
Event: 0.158 Executing VM operation: HandshakeAllThreads done

Events (20 events):
Event: 0.200 loading class java/lang/reflect/ProxyGenerator
Event: 0.201 loading class java/lang/reflect/ProxyGenerator done
Event: 0.201 loading class java/lang/reflect/ProxyGenerator$ProxyMethod
Event: 0.201 loading class java/lang/reflect/ProxyGenerator$ProxyMethod done
Event: 0.205 loading class java/lang/reflect/ProxyGenerator$PrimitiveTypeInfo
Event: 0.205 loading class java/lang/reflect/ProxyGenerator$PrimitiveTypeInfo done
Event: 0.205 loading class jdk/internal/org/objectweb/asm/Edge
Event: 0.205 loading class jdk/internal/org/objectweb/asm/Edge done
Event: 0.222 loading class java/lang/reflect/UndeclaredThrowableException
Event: 0.222 loading class java/lang/reflect/UndeclaredThrowableException done
Event: 0.224 loading class java/lang/reflect/Proxy$ProxyBuilder$1
Event: 0.224 loading class java/lang/reflect/Proxy$ProxyBuilder$1 done
Event: 0.230 loading class java/lang/AssertionError
Event: 0.230 loading class java/lang/AssertionError done
Event: 0.231 loading class java/lang/reflect/TypeVariable
Event: 0.231 loading class java/lang/reflect/TypeVariable done
Event: 0.231 loading class java/lang/reflect/AnnotatedType
Event: 0.231 loading class java/lang/reflect/AnnotatedType done
Event: 0.231 loading class java/lang/TypeNotPresentException
Event: 0.231 loading class java/lang/TypeNotPresentException done


Dynamic libraries:
c2a00000-c6800000 rw-p 00000000 00:00 0 
c6800000-ffe00000 ---p 00000000 00:00 0 
ffe00000-ffe46000 rw-p 00c8d000 fd:00 665708                             /home/yst/.jdks/graalvm-ce-17/lib/server/classes.jsa
ffe46000-fff00000 rw-p 00000000 00:00 0 
fff00000-fff8d000 rw-p 00c00000 fd:00 665708                             /home/yst/.jdks/graalvm-ce-17/lib/server/classes.jsa
fff8d000-100000000 rw-p 00000000 00:00 0 
800000000-800449000 rw-p 00001000 fd:00 665708                           /home/yst/.jdks/graalvm-ce-17/lib/server/classes.jsa
800449000-800bc9000 r--p 0044a000 fd:00 665708                           /home/yst/.jdks/graalvm-ce-17/lib/server/classes.jsa
800bc9000-800c00000 ---p 00000000 00:00 0 
800c00000-800c20000 rw-p 00000000 00:00 0 
800c20000-800c40000 ---p 00000000 00:00 0 
800c40000-800c70000 rw-p 00000000 00:00 0 
800c70000-840c00000 ---p 00000000 00:00 0 
558bb47a7000-558bb47a8000 r-xp 00000000 fd:00 665744                     /home/yst/.jdks/graalvm-ce-17/bin/java
558bb47a9000-558bb47aa000 r--p 00001000 fd:00 665744                     /home/yst/.jdks/graalvm-ce-17/bin/java
558bb47aa000-558bb47ab000 rw-p 00002000 fd:00 665744                     /home/yst/.jdks/graalvm-ce-17/bin/java
558bb50fc000-558bb5144000 rw-p 00000000 00:00 0                          [heap]
7f6188000000-7f6188021000 rw-p 00000000 00:00 0 
7f6188021000-7f618c000000 ---p 00000000 00:00 0 
7f6190000000-7f6190021000 rw-p 00000000 00:00 0 
7f6190021000-7f6194000000 ---p 00000000 00:00 0 
7f6195200000-7f6195300000 rw-p 00000000 00:00 0 
7f6195400000-7f6195500000 rw-p 00000000 00:00 0 
7f6195600000-7f6195700000 rw-p 00000000 00:00 0 
7f6195800000-7f619581e000 r-xp 00000000 fd:00 667603                     /home/yst/.cache/JNA/temp/jna18040067720833272035.tmp (deleted)
7f619581e000-7f6195a1d000 ---p 0001e000 fd:00 667603                     /home/yst/.cache/JNA/temp/jna18040067720833272035.tmp (deleted)
7f6195a1d000-7f6195a1e000 rw-p 0001d000 fd:00 667603                     /home/yst/.cache/JNA/temp/jna18040067720833272035.tmp (deleted)
7f6195a1e000-7f6195a1f000 rw-p 00000000 00:00 0 
7f6195c00000-7f6195d00000 rw-p 00000000 00:00 0 
7f6195e00000-7f6195f00000 rw-p 00000000 00:00 0 
7f6196000000-7f6196100000 rw-p 00000000 00:00 0 
7f6196200000-7f6196300000 rw-p 00000000 00:00 0 
7f6196400000-7f6196500000 rw-p 00000000 00:00 0 
7f6196600000-7f6196700000 rw-p 00000000 00:00 0 
7f6196800000-7f6196900000 rw-p 00000000 00:00 0 
7f6196a00000-7f6196b00000 rw-p 00000000 00:00 0 
7f6196c00000-7f6196d00000 rw-p 00000000 00:00 0 
7f6196e00000-7f6196f00000 rw-p 00000000 00:00 0 
7f6197000000-7f6197100000 rw-p 00000000 00:00 0 
7f6197200000-7f6197300000 rw-p 00000000 00:00 0 
7f6197400000-7f6197500000 rw-p 00000000 00:00 0 
7f6197600000-7f6197700000 rw-p 00000000 00:00 0 
7f6197800000-7f6197900000 rw-p 00000000 00:00 0 
7f6197a00000-7f6197b00000 rw-p 00000000 00:00 0 
7f6197c00000-7f6197d00000 rw-p 00000000 00:00 0 
7f6197e00000-7f6197f00000 rw-p 00000000 00:00 0 
7f6198000000-7f6198021000 rw-p 00000000 00:00 0 
7f6198021000-7f619c000000 ---p 00000000 00:00 0 
7f619c000000-7f619c100000 rw-p 00000000 00:00 0 
7f619c200000-7f619c300000 rw-p 00000000 00:00 0 
7f619c400000-7f619c500000 rw-p 00000000 00:00 0 
7f619c600000-7f619c700000 rw-p 00000000 00:00 0 
7f619c800000-7f619c900000 rw-p 00000000 00:00 0 
7f619c900000-7f619c904000 ---p 00000000 00:00 0 
7f619c904000-7f619ca00000 rw-p 00000000 00:00 0 
7f619ca00000-7f619cb00000 ---p 00000000 00:00 0 
7f619cb00000-7f619d0b2000 r--p 01183000 fd:00 665569                     /home/yst/.jdks/graalvm-ce-17/lib/libjvmcicompiler.so
7f619d0b2000-7f619d200000 r--p 00000000 00:00 0 
7f619d200000-7f619d241000 rw-p 00000000 00:00 0 
7f619d241000-7f619d75d000 rw-p 018c4000 fd:00 665569                     /home/yst/.jdks/graalvm-ce-17/lib/libjvmcicompiler.so
7f619d75d000-7f619db4e000 r--p 01de0000 fd:00 665569                     /home/yst/.jdks/graalvm-ce-17/lib/libjvmcicompiler.so
7f619dc00000-7f619fdd5000 r-xp 00000000 fd:00 665569                     /home/yst/.jdks/graalvm-ce-17/lib/libjvmcicompiler.so
7f619fdd5000-7f619ffd4000 ---p 021d5000 fd:00 665569                     /home/yst/.jdks/graalvm-ce-17/lib/libjvmcicompiler.so
7f619ffd4000-7f619ffd5000 r--p 021d4000 fd:00 665569                     /home/yst/.jdks/graalvm-ce-17/lib/libjvmcicompiler.so
7f619ffd5000-7f619ffd8000 rw-p 021d5000 fd:00 665569                     /home/yst/.jdks/graalvm-ce-17/lib/libjvmcicompiler.so
7f61a0000000-7f61a0021000 rw-p 00000000 00:00 0 
7f61a0021000-7f61a4000000 ---p 00000000 00:00 0 
7f61a4000000-7f61a4021000 rw-p 00000000 00:00 0 
7f61a4021000-7f61a8000000 ---p 00000000 00:00 0 
7f61a8000000-7f61a81e5000 rw-p 00000000 00:00 0 
7f61a81e5000-7f61ac000000 ---p 00000000 00:00 0 
7f61ac000000-7f61ac021000 rw-p 00000000 00:00 0 
7f61ac021000-7f61b0000000 ---p 00000000 00:00 0 
7f61b0000000-7f61b0021000 rw-p 00000000 00:00 0 
7f61b0021000-7f61b4000000 ---p 00000000 00:00 0 
7f61b4000000-7f61b403a000 rw-p 00000000 00:00 0 
7f61b403a000-7f61b8000000 ---p 00000000 00:00 0 
7f61b8000000-7f61b8021000 rw-p 00000000 00:00 0 
7f61b8021000-7f61bc000000 ---p 00000000 00:00 0 
7f61bc000000-7f61bc021000 rw-p 00000000 00:00 0 
7f61bc021000-7f61c0000000 ---p 00000000 00:00 0 
7f61c0000000-7f61c0021000 rw-p 00000000 00:00 0 
7f61c0021000-7f61c4000000 ---p 00000000 00:00 0 
7f61c4000000-7f61c4021000 rw-p 00000000 00:00 0 
7f61c4021000-7f61c8000000 ---p 00000000 00:00 0 
7f61c8000000-7f61c8021000 rw-p 00000000 00:00 0 
7f61c8021000-7f61cc000000 ---p 00000000 00:00 0 
7f61cc000000-7f61cc021000 rw-p 00000000 00:00 0 
7f61cc021000-7f61d0000000 ---p 00000000 00:00 0 
7f61d0000000-7f61d0021000 rw-p 00000000 00:00 0 
7f61d0021000-7f61d4000000 ---p 00000000 00:00 0 
7f61d403d000-7f61d4041000 r--p 00000000 fd:00 793142                     /usr/lib/x86_64-linux-gnu/libbsd.so.0.11.5
7f61d4041000-7f61d404e000 r-xp 00004000 fd:00 793142                     /usr/lib/x86_64-linux-gnu/libbsd.so.0.11.5
7f61d404e000-7f61d4051000 r--p 00011000 fd:00 793142                     /usr/lib/x86_64-linux-gnu/libbsd.so.0.11.5
7f61d4051000-7f61d4052000 ---p 00014000 fd:00 793142                     /usr/lib/x86_64-linux-gnu/libbsd.so.0.11.5
7f61d4052000-7f61d4053000 r--p 00014000 fd:00 793142                     /usr/lib/x86_64-linux-gnu/libbsd.so.0.11.5
7f61d4053000-7f61d4054000 rw-p 00015000 fd:00 793142                     /usr/lib/x86_64-linux-gnu/libbsd.so.0.11.5
7f61d4054000-7f61d4055000 rw-p 00000000 00:00 0 
7f61d4055000-7f61d4060000 r--p 00000000 fd:00 793392                     /usr/lib/x86_64-linux-gnu/libxcb.so.1.1.0
7f61d4060000-7f61d4074000 r-xp 0000b000 fd:00 793392                     /usr/lib/x86_64-linux-gnu/libxcb.so.1.1.0
7f61d4074000-7f61d407d000 r--p 0001f000 fd:00 793392                     /usr/lib/x86_64-linux-gnu/libxcb.so.1.1.0
7f61d407d000-7f61d407e000 r--p 00027000 fd:00 793392                     /usr/lib/x86_64-linux-gnu/libxcb.so.1.1.0
7f61d407e000-7f61d407f000 rw-p 00028000 fd:00 793392                     /usr/lib/x86_64-linux-gnu/libxcb.so.1.1.0
7f61d407f000-7f61d4098000 r--p 00000000 fd:00 793108                     /usr/lib/x86_64-linux-gnu/libX11.so.6.4.0
7f61d4098000-7f61d4124000 r-xp 00019000 fd:00 793108                     /usr/lib/x86_64-linux-gnu/libX11.so.6.4.0
7f61d4124000-7f61d41b9000 r--p 000a5000 fd:00 793108                     /usr/lib/x86_64-linux-gnu/libX11.so.6.4.0
7f61d41b9000-7f61d41ba000 ---p 0013a000 fd:00 793108                     /usr/lib/x86_64-linux-gnu/libX11.so.6.4.0
7f61d41ba000-7f61d41bb000 r--p 0013a000 fd:00 793108                     /usr/lib/x86_64-linux-gnu/libX11.so.6.4.0
7f61d41bb000-7f61d41bf000 rw-p 0013b000 fd:00 793108                     /usr/lib/x86_64-linux-gnu/libX11.so.6.4.0
7f61d41bf000-7f61d41c3000 ---p 00000000 00:00 0 
7f61d41c3000-7f61d4243000 rw-p 00000000 00:00 0 
7f61d4243000-7f61d4244000 ---p 00000000 00:00 0 
7f61d4244000-7f61d4345000 rw-p 00000000 00:00 0 
7f61d4345000-7f61d4349000 ---p 00000000 00:00 0 
7f61d4349000-7f61d4445000 rw-p 00000000 00:00 0 
7f61d4445000-7f61d4449000 ---p 00000000 00:00 0 
7f61d4449000-7f61d4545000 rw-p 00000000 00:00 0 
7f61d4545000-7f61d4549000 ---p 00000000 00:00 0 
7f61d4549000-7f61d4645000 rw-p 00000000 00:00 0 
7f61d4645000-7f61d4649000 ---p 00000000 00:00 0 
7f61d4649000-7f61d4845000 rw-p 00000000 00:00 0 
7f61d4845000-7f61d4849000 ---p 00000000 00:00 0 
7f61d4849000-7f61d4a45000 rw-p 00000000 00:00 0 
7f61d4a45000-7f61d4a49000 ---p 00000000 00:00 0 
7f61d4a49000-7f61d4b45000 rw-p 00000000 00:00 0 
7f61d4b45000-7f61d4b49000 ---p 00000000 00:00 0 
7f61d4b49000-7f61d4c45000 rw-p 00000000 00:00 0 
7f61d4c45000-7f61d4c49000 ---p 00000000 00:00 0 
7f61d4c49000-7f61d4d45000 rw-p 00000000 00:00 0 
7f61d4d45000-7f61d502e000 r--p 00000000 fd:00 786433                     /usr/lib/locale/locale-archive
7f61d502e000-7f61d5032000 ---p 00000000 00:00 0 
7f61d5032000-7f61d512e000 rw-p 00000000 00:00 0 
7f61d512e000-7f61d5132000 ---p 00000000 00:00 0 
7f61d5132000-7f61d522e000 rw-p 00000000 00:00 0 
7f61d522e000-7f61d522f000 ---p 00000000 00:00 0 
7f61d522f000-7f61d5330000 rw-p 00000000 00:00 0 
7f61d5330000-7f61d53fe000 r-xp 00000000 fd:00 665692                     /home/yst/.jdks/graalvm-ce-17/lib/libjsvml.so
7f61d53fe000-7f61d53ff000 r--p 000cd000 fd:00 665692                     /home/yst/.jdks/graalvm-ce-17/lib/libjsvml.so
7f61d53ff000-7f61d5400000 rw-p 000ce000 fd:00 665692                     /home/yst/.jdks/graalvm-ce-17/lib/libjsvml.so
7f61d5400000-7f61d55c0000 rw-p 00000000 00:00 0 
7f61d55c0000-7f61d5800000 ---p 00000000 00:00 0 
7f61d5800000-7f61d5890000 rw-p 00000000 00:00 0 
7f61d5890000-7f61d5c00000 ---p 00000000 00:00 0 
7f61d5c04000-7f61d5c06000 r--p 00000000 fd:00 793258                     /usr/lib/x86_64-linux-gnu/libmd.so.0.0.5
7f61d5c06000-7f61d5c0d000 r-xp 00002000 fd:00 793258                     /usr/lib/x86_64-linux-gnu/libmd.so.0.0.5
7f61d5c0d000-7f61d5c0f000 r--p 00009000 fd:00 793258                     /usr/lib/x86_64-linux-gnu/libmd.so.0.0.5
7f61d5c0f000-7f61d5c10000 r--p 0000a000 fd:00 793258                     /usr/lib/x86_64-linux-gnu/libmd.so.0.0.5
7f61d5c10000-7f61d5c11000 rw-p 0000b000 fd:00 793258                     /usr/lib/x86_64-linux-gnu/libmd.so.0.0.5
7f61d5c11000-7f61d5c13000 r--p 00000000 fd:00 793110                     /usr/lib/x86_64-linux-gnu/libXdmcp.so.6.0.0
7f61d5c13000-7f61d5c15000 r-xp 00002000 fd:00 793110                     /usr/lib/x86_64-linux-gnu/libXdmcp.so.6.0.0
7f61d5c15000-7f61d5c17000 r--p 00004000 fd:00 793110                     /usr/lib/x86_64-linux-gnu/libXdmcp.so.6.0.0
7f61d5c17000-7f61d5c18000 r--p 00005000 fd:00 793110                     /usr/lib/x86_64-linux-gnu/libXdmcp.so.6.0.0
7f61d5c18000-7f61d5c19000 rw-p 00006000 fd:00 793110                     /usr/lib/x86_64-linux-gnu/libXdmcp.so.6.0.0
7f61d5c19000-7f61d5c1a000 r--p 00000000 fd:00 793109                     /usr/lib/x86_64-linux-gnu/libXau.so.6.0.0
7f61d5c1a000-7f61d5c1c000 r-xp 00001000 fd:00 793109                     /usr/lib/x86_64-linux-gnu/libXau.so.6.0.0
7f61d5c1c000-7f61d5c1d000 r--p 00003000 fd:00 793109                     /usr/lib/x86_64-linux-gnu/libXau.so.6.0.0
7f61d5c1d000-7f61d5c1e000 r--p 00003000 fd:00 793109                     /usr/lib/x86_64-linux-gnu/libXau.so.6.0.0
7f61d5c1e000-7f61d5c1f000 rw-p 00004000 fd:00 793109                     /usr/lib/x86_64-linux-gnu/libXau.so.6.0.0
7f61d5c1f000-7f61d5cfb000 rw-p 00000000 00:00 0 
7f61d5cfb000-7f61d5cfc000 ---p 00000000 00:00 0 
7f61d5cfc000-7f61d5dfd000 rw-p 00000000 00:00 0 
7f61d5dfd000-7f61d5dfe000 ---p 00000000 00:00 0 
7f61d5dfe000-7f61d8000000 rw-p 00000000 00:00 0 
7f61d8000000-7f61d8021000 rw-p 00000000 00:00 0 
7f61d8021000-7f61dc000000 ---p 00000000 00:00 0 
7f61dc000000-7f61dc021000 rw-p 00000000 00:00 0 
7f61dc021000-7f61e0000000 ---p 00000000 00:00 0 
7f61e0000000-7f61e0021000 rw-p 00000000 00:00 0 
7f61e0021000-7f61e4000000 ---p 00000000 00:00 0 
7f61e4003000-7f61e400a000 r-xp 00000000 fd:00 665631                     /home/yst/.jdks/graalvm-ce-17/lib/libzip.so
7f61e400a000-7f61e400b000 ---p 00007000 fd:00 665631                     /home/yst/.jdks/graalvm-ce-17/lib/libzip.so
7f61e400b000-7f61e400c000 r--p 00007000 fd:00 665631                     /home/yst/.jdks/graalvm-ce-17/lib/libzip.so
7f61e400c000-7f61e400d000 rw-p 00008000 fd:00 665631                     /home/yst/.jdks/graalvm-ce-17/lib/libzip.so
7f61e400d000-7f61e4022000 r-xp 00000000 fd:00 665628                     /home/yst/.jdks/graalvm-ce-17/lib/libnet.so
7f61e4022000-7f61e4023000 ---p 00015000 fd:00 665628                     /home/yst/.jdks/graalvm-ce-17/lib/libnet.so
7f61e4023000-7f61e4024000 r--p 00015000 fd:00 665628                     /home/yst/.jdks/graalvm-ce-17/lib/libnet.so
7f61e4024000-7f61e4025000 rw-p 00016000 fd:00 665628                     /home/yst/.jdks/graalvm-ce-17/lib/libnet.so
7f61e4025000-7f61e472c000 rw-p 00000000 00:00 0 
7f61e472c000-7f61e472d000 ---p 00000000 00:00 0 
7f61e472d000-7f61e482e000 rw-p 00000000 00:00 0 
7f61e482e000-7f61e482f000 ---p 00000000 00:00 0 
7f61e482f000-7f61e4930000 rw-p 00000000 00:00 0 
7f61e4930000-7f61e4931000 ---p 00000000 00:00 0 
7f61e4931000-7f61e4b2a000 rw-p 00000000 00:00 0 
7f61e4b2a000-7f61e5982000 ---p 00000000 00:00 0 
7f61e5982000-7f61e5a82000 rw-p 00000000 00:00 0 
7f61e5a82000-7f61e68da000 ---p 00000000 00:00 0 
7f61e68da000-7f61e6901000 rw-p 00000000 00:00 0 
7f61e6901000-7f61e6acc000 ---p 00000000 00:00 0 
7f61e6acc000-7f61e6aec000 rw-p 00000000 00:00 0 
7f61e6aec000-7f61e6cb7000 ---p 00000000 00:00 0 
7f61e6cb7000-7f61e6cd7000 rw-p 00000000 00:00 0 
7f61e6cd7000-7f61e6ea2000 ---p 00000000 00:00 0 
7f61e6ea2000-7f61e74a9000 rw-p 00000000 00:00 0 
7f61e74a9000-7f61e7719000 rwxp 00000000 00:00 0 
7f61e7719000-7f61ee954000 ---p 00000000 00:00 0 
7f61ee954000-7f61eebc4000 rwxp 00000000 00:00 0 
7f61eebc4000-7f61eeffd000 ---p 00000000 00:00 0 
7f61eeffd000-7f61ef26d000 rwxp 00000000 00:00 0 
7f61ef26d000-7f61f64a9000 ---p 00000000 00:00 0 
7f61f64a9000-7f6200000000 r--s 00000000 fd:00 665619                     /home/yst/.jdks/graalvm-ce-17/lib/modules
7f6200000000-7f6200244000 rw-p 00000000 00:00 0 
7f6200244000-7f6204000000 ---p 00000000 00:00 0 
7f6204001000-7f6204008000 r--s 00000000 fd:00 922089                     /usr/lib/x86_64-linux-gnu/gconv/gconv-modules.cache
7f6204008000-7f620401b000 r-xp 00000000 fd:00 665629                     /home/yst/.jdks/graalvm-ce-17/lib/libnio.so
7f620401b000-7f620401c000 r--p 00012000 fd:00 665629                     /home/yst/.jdks/graalvm-ce-17/lib/libnio.so
7f620401c000-7f620401d000 rw-p 00013000 fd:00 665629                     /home/yst/.jdks/graalvm-ce-17/lib/libnio.so
7f620401d000-7f62042a5000 rw-p 00000000 00:00 0 
7f62042a5000-7f620438a000 ---p 00000000 00:00 0 
7f620438a000-7f620438f000 rw-p 00000000 00:00 0 
7f620438f000-7f6204474000 ---p 00000000 00:00 0 
7f6204474000-7f6204479000 rw-p 00000000 00:00 0 
7f6204479000-7f6204482000 ---p 00000000 00:00 0 
7f6204482000-7f62044a6000 r-xp 00000000 fd:00 665624                     /home/yst/.jdks/graalvm-ce-17/lib/libjava.so
7f62044a6000-7f62044a7000 ---p 00024000 fd:00 665624                     /home/yst/.jdks/graalvm-ce-17/lib/libjava.so
7f62044a7000-7f62044a8000 r--p 00024000 fd:00 665624                     /home/yst/.jdks/graalvm-ce-17/lib/libjava.so
7f62044a8000-7f62044a9000 rw-p 00025000 fd:00 665624                     /home/yst/.jdks/graalvm-ce-17/lib/libjava.so
7f62044a9000-7f62044aa000 rw-p 00000000 00:00 0 
7f62044aa000-7f62044b2000 rw-s 00000000 fd:00 269408                     /tmp/hsperfdata_yst/46360
7f62044b2000-7f62044cd000 r-xp 00000000 fd:00 665625                     /home/yst/.jdks/graalvm-ce-17/lib/libjimage.so
7f62044cd000-7f62044ce000 ---p 0001b000 fd:00 665625                     /home/yst/.jdks/graalvm-ce-17/lib/libjimage.so
7f62044ce000-7f62044d0000 r--p 0001b000 fd:00 665625                     /home/yst/.jdks/graalvm-ce-17/lib/libjimage.so
7f62044d0000-7f62044d1000 rw-p 0001d000 fd:00 665625                     /home/yst/.jdks/graalvm-ce-17/lib/libjimage.so
7f62044d1000-7f62044d5000 ---p 00000000 00:00 0 
7f62044d5000-7f62045d1000 rw-p 00000000 00:00 0 
7f62045d1000-7f62045df000 r--p 00000000 fd:00 793254                     /usr/lib/x86_64-linux-gnu/libm.so.6
7f62045df000-7f620465b000 r-xp 0000e000 fd:00 793254                     /usr/lib/x86_64-linux-gnu/libm.so.6
7f620465b000-7f62046b6000 r--p 0008a000 fd:00 793254                     /usr/lib/x86_64-linux-gnu/libm.so.6
7f62046b6000-7f62046b7000 r--p 000e4000 fd:00 793254                     /usr/lib/x86_64-linux-gnu/libm.so.6
7f62046b7000-7f62046b8000 rw-p 000e5000 fd:00 793254                     /usr/lib/x86_64-linux-gnu/libm.so.6
7f62046b8000-7f62046b9000 r--p 00000000 fd:00 793332                     /usr/lib/x86_64-linux-gnu/librt.so.1
7f62046b9000-7f62046ba000 r-xp 00001000 fd:00 793332                     /usr/lib/x86_64-linux-gnu/librt.so.1
7f62046ba000-7f62046bb000 r--p 00002000 fd:00 793332                     /usr/lib/x86_64-linux-gnu/librt.so.1
7f62046bb000-7f62046bc000 r--p 00002000 fd:00 793332                     /usr/lib/x86_64-linux-gnu/librt.so.1
7f62046bc000-7f62046bd000 rw-p 00003000 fd:00 793332                     /usr/lib/x86_64-linux-gnu/librt.so.1
7f62046bd000-7f62057d5000 r-xp 00000000 fd:00 665707                     /home/yst/.jdks/graalvm-ce-17/lib/server/libjvm.so
7f62057d5000-7f62057d6000 ---p 01118000 fd:00 665707                     /home/yst/.jdks/graalvm-ce-17/lib/server/libjvm.so
7f62057d6000-7f620588b000 r--p 01118000 fd:00 665707                     /home/yst/.jdks/graalvm-ce-17/lib/server/libjvm.so
7f620588b000-7f62058bf000 rw-p 011cd000 fd:00 665707                     /home/yst/.jdks/graalvm-ce-17/lib/server/libjvm.so
7f62058bf000-7f620591c000 rw-p 00000000 00:00 0 
7f620591c000-7f6205944000 r--p 00000000 fd:00 793144                     /usr/lib/x86_64-linux-gnu/libc.so.6
7f6205944000-7f6205ad9000 r-xp 00028000 fd:00 793144                     /usr/lib/x86_64-linux-gnu/libc.so.6
7f6205ad9000-7f6205b31000 r--p 001bd000 fd:00 793144                     /usr/lib/x86_64-linux-gnu/libc.so.6
7f6205b31000-7f6205b35000 r--p 00214000 fd:00 793144                     /usr/lib/x86_64-linux-gnu/libc.so.6
7f6205b35000-7f6205b37000 rw-p 00218000 fd:00 793144                     /usr/lib/x86_64-linux-gnu/libc.so.6
7f6205b37000-7f6205b44000 rw-p 00000000 00:00 0 
7f6205b44000-7f6205b45000 r--p 00000000 fd:00 793163                     /usr/lib/x86_64-linux-gnu/libdl.so.2
7f6205b45000-7f6205b46000 r-xp 00001000 fd:00 793163                     /usr/lib/x86_64-linux-gnu/libdl.so.2
7f6205b46000-7f6205b47000 r--p 00002000 fd:00 793163                     /usr/lib/x86_64-linux-gnu/libdl.so.2
7f6205b47000-7f6205b48000 r--p 00002000 fd:00 793163                     /usr/lib/x86_64-linux-gnu/libdl.so.2
7f6205b48000-7f6205b49000 rw-p 00003000 fd:00 793163                     /usr/lib/x86_64-linux-gnu/libdl.so.2
7f6205b49000-7f6205b4a000 r--p 00000000 fd:00 793327                     /usr/lib/x86_64-linux-gnu/libpthread.so.0
7f6205b4a000-7f6205b4b000 r-xp 00001000 fd:00 793327                     /usr/lib/x86_64-linux-gnu/libpthread.so.0
7f6205b4b000-7f6205b4c000 r--p 00002000 fd:00 793327                     /usr/lib/x86_64-linux-gnu/libpthread.so.0
7f6205b4c000-7f6205b4d000 r--p 00002000 fd:00 793327                     /usr/lib/x86_64-linux-gnu/libpthread.so.0
7f6205b4d000-7f6205b4e000 rw-p 00003000 fd:00 793327                     /usr/lib/x86_64-linux-gnu/libpthread.so.0
7f6205b4e000-7f6205b5c000 r-xp 00000000 fd:00 665626                     /home/yst/.jdks/graalvm-ce-17/lib/libjli.so
7f6205b5c000-7f6205b5d000 ---p 0000e000 fd:00 665626                     /home/yst/.jdks/graalvm-ce-17/lib/libjli.so
7f6205b5d000-7f6205b5e000 r--p 0000e000 fd:00 665626                     /home/yst/.jdks/graalvm-ce-17/lib/libjli.so
7f6205b5e000-7f6205b5f000 rw-p 0000f000 fd:00 665626                     /home/yst/.jdks/graalvm-ce-17/lib/libjli.so
7f6205b5f000-7f6205b61000 r--p 00000000 fd:00 786979                     /usr/lib/x86_64-linux-gnu/libz.so.1.2.11
7f6205b61000-7f6205b72000 r-xp 00002000 fd:00 786979                     /usr/lib/x86_64-linux-gnu/libz.so.1.2.11
7f6205b72000-7f6205b78000 r--p 00013000 fd:00 786979                     /usr/lib/x86_64-linux-gnu/libz.so.1.2.11
7f6205b78000-7f6205b79000 ---p 00019000 fd:00 786979                     /usr/lib/x86_64-linux-gnu/libz.so.1.2.11
7f6205b79000-7f6205b7a000 r--p 00019000 fd:00 786979                     /usr/lib/x86_64-linux-gnu/libz.so.1.2.11
7f6205b7a000-7f6205b7b000 rw-p 0001a000 fd:00 786979                     /usr/lib/x86_64-linux-gnu/libz.so.1.2.11
7f6205b80000-7f6205b81000 ---p 00000000 00:00 0 
7f6205b81000-7f6205b82000 r--p 00000000 00:00 0 
7f6205b82000-7f6205b84000 rw-p 00000000 00:00 0 
7f6205b84000-7f6205b86000 r--p 00000000 fd:00 793105                     /usr/lib/x86_64-linux-gnu/ld-linux-x86-64.so.2
7f6205b86000-7f6205bb0000 r-xp 00002000 fd:00 793105                     /usr/lib/x86_64-linux-gnu/ld-linux-x86-64.so.2
7f6205bb0000-7f6205bbb000 r--p 0002c000 fd:00 793105                     /usr/lib/x86_64-linux-gnu/ld-linux-x86-64.so.2
7f6205bbb000-7f6205bbc000 ---p 00000000 00:00 0 
7f6205bbc000-7f6205bbe000 r--p 00037000 fd:00 793105                     /usr/lib/x86_64-linux-gnu/ld-linux-x86-64.so.2
7f6205bbe000-7f6205bc0000 rw-p 00039000 fd:00 793105                     /usr/lib/x86_64-linux-gnu/ld-linux-x86-64.so.2
7fff168ed000-7fff1690e000 rw-p 00000000 00:00 0                          [stack]
7fff16912000-7fff16916000 r--p 00000000 00:00 0                          [vvar]
7fff16916000-7fff16918000 r-xp 00000000 00:00 0                          [vdso]
ffffffffff600000-ffffffffff601000 --xp 00000000 00:00 0                  [vsyscall]


VM Arguments:
jvm_args: -XX:ThreadPriorityPolicy=1 -XX:+UnlockExperimentalVMOptions -XX:+EnableJVMCIProduct -XX:JVMCIThreadsPerNativeLibraryRuntime=1 -XX:-UnlockExperimentalVMOptions -Dfile.encoding=UTF-8 -Duser.country=US -Duser.language=en -Duser.variant 
java_command: cf.thdisstudio.afioaos.compositor.Main
java_class_path (initial): /home/yst/IdeaProjects/WindowManager/build/classes/java/main:/home/yst/IdeaProjects/WindowManager/build/resources/main:/home/yst/.gradle/caches/modules-2/files-2.1/net.java.dev.jna/jna-platform/5.13.0/88e9a306715e9379f3122415ef4ae759a352640d/jna-platform-5.13.0.jar:/home/yst/.gradle/caches/modules-2/files-2.1/net.java.dev.jna/jna/5.13.0/1200e7ebeedbe0d10062093f32925a912020e747/jna-5.13.0.jar
Launcher Type: SUN_STANDARD

[Global flags]
     intx CICompilerCount                          = 4                                         {product} {ergonomic}
     uint ConcGCThreads                            = 2                                         {product} {ergonomic}
     bool EnableJVMCIProduct                       = true                                {JVMCI product} {jimage}
     uint G1ConcRefinementThreads                  = 8                                         {product} {ergonomic}
   size_t G1HeapRegionSize                         = 1048576                                   {product} {ergonomic}
    uintx GCDrainStackTargetSize                   = 64                                        {product} {ergonomic}
   size_t InitialHeapSize                          = 65011712                                  {product} {ergonomic}
     uint JVMCIThreadsPerNativeLibraryRuntime      = 1                                   {JVMCI product} {jimage}
   size_t MarkStackSize                            = 4194304                                   {product} {ergonomic}
   size_t MaxHeapSize                              = 1029701632                                {product} {ergonomic}
   size_t MaxNewSize                               = 617611264                                 {product} {ergonomic}
   size_t MinHeapDeltaBytes                        = 1048576                                   {product} {ergonomic}
   size_t MinHeapSize                              = 8388608                                   {product} {ergonomic}
    uintx NonNMethodCodeHeapSize                   = 6979620                                {pd product} {ergonomic}
    uintx NonProfiledCodeHeapSize                  = 122339310                              {pd product} {ergonomic}
    uintx ProfiledCodeHeapSize                     = 122339310                              {pd product} {ergonomic}
    uintx ReservedCodeCacheSize                    = 251658240                              {pd product} {ergonomic}
     bool SegmentedCodeCache                       = true                                      {product} {ergonomic}
   size_t SoftMaxHeapSize                          = 1029701632                             {manageable} {ergonomic}
     intx ThreadPriorityPolicy                     = 1                                         {product} {jimage}
     bool UseCompressedClassPointers               = true                           {product lp64_product} {ergonomic}
     bool UseCompressedOops                        = true                           {product lp64_product} {ergonomic}
     bool UseG1GC                                  = true                                      {product} {ergonomic}

Logging:
Log output configuration:
 #0: stdout all=warning uptime,level,tags
 #1: stderr all=off uptime,level,tags

Environment Variables:
PATH=/usr/local/sbin:/usr/local/bin:/usr/sbin:/usr/bin:/sbin:/bin:/usr/games:/usr/local/games:/snap/bin
SHELL=/bin/bash
LANG=en_US.UTF-8
TERM=vt100

Signal Handlers:
   SIGSEGV: crash_handler in libjvm.so, mask=11100100010111111101111111111110, flags=SA_RESTART|SA_SIGINFO
    SIGBUS: crash_handler in libjvm.so, mask=11100100010111111101111111111110, flags=SA_RESTART|SA_SIGINFO
    SIGFPE: crash_handler in libjvm.so, mask=11100100010111111101111111111110, flags=SA_RESTART|SA_SIGINFO
   SIGPIPE: IsolateEnterStub_IgnoreSIGPIPEStartupHook_noopSignalHandler_e7f927579b58c552540f032273d7664341ccbaa6_76208cad888c6e1fb3760e66784fb81a9ad004e5 in libjvmcicompiler.so, mask=00000000000000000000000000000000, flags=SA_RESTART
  *** Handler was modified!
  *** Expected: javaSignalHandler in libjvm.so, mask=11100100110111111111111111111110, flags=SA_RESTART|SA_SIGINFO
   SIGXFSZ: javaSignalHandler in libjvm.so, mask=11100100010111111101111111111110, flags=SA_RESTART|SA_SIGINFO
    SIGILL: crash_handler in libjvm.so, mask=11100100010111111101111111111110, flags=SA_RESTART|SA_SIGINFO
   SIGUSR2: SR_handler in libjvm.so, mask=00100000000000000000000000000000, flags=SA_RESTART|SA_SIGINFO
    SIGHUP: SIG_IGN, mask=00000000000000000000000000000000, flags=none
    SIGINT: UserHandler in libjvm.so, mask=11100100010111111101111111111110, flags=SA_RESTART|SA_SIGINFO
   SIGTERM: UserHandler in libjvm.so, mask=11100100010111111101111111111110, flags=SA_RESTART|SA_SIGINFO
   SIGQUIT: UserHandler in libjvm.so, mask=11100100010111111101111111111110, flags=SA_RESTART|SA_SIGINFO
   SIGTRAP: crash_handler in libjvm.so, mask=11100100010111111101111111111110, flags=SA_RESTART|SA_SIGINFO


---------------  S Y S T E M  ---------------

OS:
DISTRIB_ID=Ubuntu
DISTRIB_RELEASE=22.04
DISTRIB_CODENAME=jammy
DISTRIB_DESCRIPTION="Ubuntu 22.04.1 LTS"
uname: Linux 5.15.0-58-generic #64-Ubuntu SMP Thu Jan 5 11:43:13 UTC 2023 x86_64
OS uptime: 0 days 4:52 hours
libc: glibc 2.35 NPTL 2.35 
rlimit (soft/hard): STACK 8192k/infinity , CORE 0k/infinity , NPROC 15246/15246 , NOFILE 1048576/1048576 , AS infinity/infinity , CPU infinity/infinity , DATA infinity/infinity , FSIZE infinity/infinity , MEMLOCK 502096k/502096k
load average: 0.98 0.45 0.42

/proc/meminfo:
MemTotal:        4016768 kB
MemFree:          113968 kB
MemAvailable:     107624 kB
Buffers:            2364 kB
Cached:           182056 kB
SwapCached:        25796 kB
Active:          1457392 kB
Inactive:        2241624 kB
Active(anon):    1356692 kB
Inactive(anon):  2167592 kB
Active(file):     100700 kB
Inactive(file):    74032 kB
Unevictable:       27876 kB
Mlocked:           27876 kB
SwapTotal:       4018172 kB
SwapFree:        3005168 kB
Dirty:              4716 kB
Writeback:             0 kB
AnonPages:       3532100 kB
Mapped:           100092 kB
Shmem:               840 kB
KReclaimable:      42924 kB
Slab:              91264 kB
SReclaimable:      42924 kB
SUnreclaim:        48340 kB
KernelStack:        7568 kB
PageTables:        16976 kB
NFS_Unstable:          0 kB
Bounce:                0 kB
WritebackTmp:          0 kB
CommitLimit:     6026556 kB
Committed_AS:    4829204 kB
VmallocTotal:   34359738367 kB
VmallocUsed:       37984 kB
VmallocChunk:          0 kB
Percpu:             4800 kB
HardwareCorrupted:     0 kB
AnonHugePages:         0 kB
ShmemHugePages:        0 kB
ShmemPmdMapped:        0 kB
FileHugePages:         0 kB
FilePmdMapped:         0 kB
HugePages_Total:       0
HugePages_Free:        0
HugePages_Rsvd:        0
HugePages_Surp:        0
Hugepagesize:       2048 kB
Hugetlb:               0 kB
DirectMap4k:      178112 kB
DirectMap2M:     4016128 kB

/sys/kernel/mm/transparent_hugepage/enabled: always [madvise] never
/sys/kernel/mm/transparent_hugepage/defrag (defrag/compaction efforts parameter): always defer defer+madvise [madvise] never

Process Memory:
Virtual Size: 4020236K (peak: 4076696K)
Resident Set Size: 99476K (peak: 99476K) (anon: 53352K, file: 46124K, shmem: 0K)
Swapped out: 0K
C-Heap outstanding allocations: 28660K, retained: 2351K
glibc malloc tunables: (default)

/proc/sys/kernel/threads-max (system-wide limit on the number of threads): 30493
/proc/sys/vm/max_map_count (maximum number of memory map areas a process may have): 65530
/proc/sys/kernel/pid_max (system-wide limit on number of process identifiers): 4194304

container (cgroup) information:
container_type: cgroupv2
cpu_cpuset_cpus: not supported
cpu_memory_nodes: not supported
active_processor_count: 8
cpu_quota: not supported
cpu_period: not supported
cpu_shares: not supported
memory_limit_in_bytes: unlimited
memory_and_swap_limit_in_bytes: unlimited
memory_soft_limit_in_bytes: unlimited
memory_usage_in_bytes: 3648740 k
memory_max_usage_in_bytes: not supported
memory_swap_current_in_bytes: 967148 k
memory_swap_max_limit_in_bytes: unlimited
maximum number of tasks: unlimited
current number of tasks: 267

KVM virtualization detected
Steal ticks since vm start: 0
Steal ticks percentage since vm start:  0.000

CPU: total 8 (initial active 8) (8 cores per cpu, 8 threads per core) family 23 model 8 stepping 2 microcode 0x0, cx8, cmov, fxsr, ht, mmx, 3dnowpref, sse, sse2, sse3, ssse3, sse4a, sse4.1, sse4.2, popcnt, lzcnt, tsc, tscinvbit, avx, avx2, aes, clmul, bmi1, bmi2, vzeroupper, clflush, clflushopt, hv
CPU Model and flags from /proc/cpuinfo:
model name	: AMD Ryzen 7 2700X Eight-Core Processor
flags		: fpu vme de pse tsc msr pae mce cx8 apic sep mtrr pge mca cmov pat pse36 clflush mmx fxsr sse sse2 ht syscall nx mmxext fxsr_opt rdtscp lm constant_tsc rep_good nopl nonstop_tsc cpuid extd_apicid tsc_known_freq pni pclmulqdq ssse3 cx16 sse4_1 sse4_2 x2apic movbe popcnt aes xsave avx rdrand hypervisor lahf_lm cmp_legacy cr8_legacy abm sse4a misalignsse 3dnowprefetch ssbd vmmcall fsgsbase bmi1 avx2 bmi2 rdseed clflushopt arat

Online cpus: 0-7
Offline cpus: 
BIOS frequency limitation: <Not Available>
Frequency switch latency (ns): <Not Available>
Available cpu frequencies: <Not Available>
Current governor: <Not Available>
Core performance/turbo boost: <Not Available>

Memory: 4k page, physical 4016768k(113968k free), swap 4018172k(3005168k free)
Page Sizes: 4k

vm_info: OpenJDK 64-Bit Server VM (17.0.6+10-jvmci-22.3-b13) for linux-amd64 JRE (17.0.6+10-jvmci-22.3-b13), built on Jan 18 2023 21:35:33 by "buildslave" with gcc 10.3.0

END.
