#
# A fatal error has been detected by the Java Runtime Environment:
#
#  SIGSEGV (0xb) at pc=0x00007f14176e99c4, pid=45659, tid=45661
#
# JRE version: OpenJDK Runtime Environment GraalVM CE 22.3.1 (17.0.6+10) (build 17.0.6+10-jvmci-22.3-b13)
# Java VM: OpenJDK 64-Bit Server VM GraalVM CE 22.3.1 (17.0.6+10-jvmci-22.3-b13, mixed mode, sharing, tiered, jvmci, jvmci compiler, compressed oops, compressed class ptrs, g1 gc, linux-amd64)
# Problematic frame:
# C  [libX11.so+0x299c4]  XDefaultRootWindow+0x4
#
# Core dump will be written. Default location: Core dumps may be processed with "/usr/share/apport/apport -p%p -s%s -c%c -d%d -P%P -u%u -g%g -- %E" (or dumping to /home/yst/IdeaProjects/core.45659)
#
# If you would like to submit a bug report, please visit:
#   https://github.com/oracle/graal/issues
# The crash happened outside the Java Virtual Machine in native code.
# See problematic frame for where to report the bug.
#

---------------  S U M M A R Y ------------

Command Line: -XX:ThreadPriorityPolicy=1 -XX:+UnlockExperimentalVMOptions -XX:+EnableJVMCIProduct -XX:JVMCIThreadsPerNativeLibraryRuntime=1 -XX:-UnlockExperimentalVMOptions -Dfile.encoding=UTF-8 -Duser.country=US -Duser.language=en -Duser.variant cf.thdisstudio.afioaos.compositor.Main

Host: AMD Ryzen 7 2700X Eight-Core Processor, 8 cores, 3G, Ubuntu 22.04.1 LTS
Time: Tue Jan 31 08:29:48 2023 UTC elapsed time: 0.206463 seconds (0d 0h 0m 0s)

---------------  T H R E A D  ---------------

Current thread (0x00007f1480025d40):  JavaThread "main" [_thread_in_native, id=45661, stack(0x00007f1485eed000,0x00007f1485fed000)]

Stack: [0x00007f1485eed000,0x00007f1485fed000],  sp=0x00007f1485feadb8,  free space=1015k
Native frames: (J=compiled Java code, j=interpreted, Vv=VM code, C=native code)
C  [libX11.so+0x299c4]  XDefaultRootWindow+0x4

Java frames: (J=compiled Java code, j=interpreted, Vv=VM code)
j  com.sun.jna.Native.invokeLong(Lcom/sun/jna/Function;JI[Ljava/lang/Object;)J+0
j  com.sun.jna.Function.invoke([Ljava/lang/Object;Ljava/lang/Class;ZI)Ljava/lang/Object;+243
j  com.sun.jna.Function.invoke(Ljava/lang/reflect/Method;[Ljava/lang/Class;Ljava/lang/Class;[Ljava/lang/Object;Ljava/util/Map;)Ljava/lang/Object;+271
j  com.sun.jna.Library$Handler.invoke(Ljava/lang/Object;Ljava/lang/reflect/Method;[Ljava/lang/Object;)Ljava/lang/Object;+390
j  jdk.proxy1.$Proxy0.XDefaultRootWindow(Lcom/sun/jna/platform/unix/X11$Display;)Lcom/sun/jna/platform/unix/X11$Window;+16 jdk.proxy1
j  cf.thdisstudio.afioaos.compositor.WindowManager.<init>(Ljava/lang/String;)V+95
j  cf.thdisstudio.afioaos.compositor.Main.main([Ljava/lang/String;)V+6
v  ~StubRoutines::call_stub

siginfo: si_signo: 11 (SIGSEGV), si_code: 1 (SEGV_MAPERR), si_addr: 0x00000000000000e0

Register to memory mapping:

RAX=0x0 is NULL
RBX=0x0000000000000008 is an unknown value
RCX=0x0 is NULL
RDX=0x0 is NULL
RSP=0x00007f1485feadb8 is pointing into the stack for thread: 0x00007f1480025d40
RBP=0x00007f1485feadc0 is pointing into the stack for thread: 0x00007f1480025d40
RSI=0x00007f14874accf3: _dl_catch_error+0x0000000000000033 in /lib/x86_64-linux-gnu/libc.so.6 at 0x00007f1487338000
RDI=0x0 is NULL
R8 =0x0 is NULL
R9 =0xf3cdb29d1d46f000 is an unknown value
R10=0x0 is NULL
R11=0x00007f14176e99c0: XDefaultRootWindow+0x0000000000000000 in /lib/x86_64-linux-gnu/libX11.so at 0x00007f14176c0000
R12=0x00007f1485feaf70 is pointing into the stack for thread: 0x00007f1480025d40
R13=0x0000000000000008 is an unknown value
R14=0x0000000000000001 is an unknown value
R15=0x00007f1485feaf50 is pointing into the stack for thread: 0x00007f1480025d40


Registers:
RAX=0x0000000000000000, RBX=0x0000000000000008, RCX=0x0000000000000000, RDX=0x0000000000000000
RSP=0x00007f1485feadb8, RBP=0x00007f1485feadc0, RSI=0x00007f14874accf3, RDI=0x0000000000000000
R8 =0x0000000000000000, R9 =0xf3cdb29d1d46f000, R10=0x0000000000000000, R11=0x00007f14176e99c0
R12=0x00007f1485feaf70, R13=0x0000000000000008, R14=0x0000000000000001, R15=0x00007f1485feaf50
RIP=0x00007f14176e99c4, EFLAGS=0x0000000000010246, CSGSFS=0x002b000000000033, ERR=0x0000000000000004
  TRAPNO=0x000000000000000e

Top of Stack: (sp=0x00007f1485feadb8)
0x00007f1485feadb8:   00007f1417416052 0000000000000007
0x00007f1485feadc8:   00007f1485feb4f0 00007f1485feaed0
0x00007f1485feadd8:   00007f141741514c 0000000000000002
0x00007f1485feade8:   00007f1480025fe8 00007f1400000000 

Instructions: (pc=0x00007f14176e99c4)
0x00007f14176e98c4:   10 48 8b 05 6c 26 11 00 48 8d 15 bd d9 ff ff 48
0x00007f14176e98d4:   89 08 48 8b 05 73 26 11 00 48 8d 0d 0c dd ff ff
0x00007f14176e98e4:   48 89 30 48 8b 05 c2 25 11 00 48 8d 35 fb db ff
0x00007f14176e98f4:   ff 48 89 10 48 8b 05 29 26 11 00 48 8d 15 1a d8
0x00007f14176e9904:   ff ff 48 89 08 48 8b 05 f0 25 11 00 48 89 30 48
0x00007f14176e9914:   8b 05 46 26 11 00 48 89 10 48 83 c4 08 44 89 e0
0x00007f14176e9924:   5b 5d 41 5c 41 5d c3 45 31 e4 e9 be fe ff ff 48
0x00007f14176e9934:   89 ef 45 31 e4 e8 92 ff fe ff 48 c7 05 af 5d 11
0x00007f14176e9944:   00 00 00 00 00 e9 a3 fe ff ff 48 89 ef 45 31 e4
0x00007f14176e9954:   e8 77 ff fe ff 4c 89 ef 48 c7 05 91 5d 11 00 00
0x00007f14176e9964:   00 00 00 e8 64 ff fe ff 48 c7 05 79 5d 11 00 00
0x00007f14176e9974:   00 00 00 e9 75 fe ff ff 0f 1f 40 00 f3 0f 1e fa
0x00007f14176e9984:   8b 47 10 c3 0f 1f 84 00 00 00 00 00 f3 0f 1e fa
0x00007f14176e9994:   48 63 f6 48 c1 e6 07 48 03 b7 e8 00 00 00 48 8b
0x00007f14176e99a4:   46 10 c3 66 0f 1f 84 00 00 00 00 00 f3 0f 1e fa
0x00007f14176e99b4:   8b 87 e0 00 00 00 c3 0f 1f 44 00 00 f3 0f 1e fa
0x00007f14176e99c4:   48 63 87 e0 00 00 00 48 c1 e0 07 48 03 87 e8 00
0x00007f14176e99d4:   00 00 48 8b 40 10 c3 0f 1f 44 00 00 f3 0f 1e fa
0x00007f14176e99e4:   48 63 f6 48 c1 e6 07 48 03 b7 e8 00 00 00 48 8b
0x00007f14176e99f4:   46 40 c3 66 0f 1f 84 00 00 00 00 00 f3 0f 1e fa
0x00007f14176e9a04:   48 63 f6 48 c1 e6 07 48 03 b7 e8 00 00 00 48 8b
0x00007f14176e9a14:   46 48 c3 66 0f 1f 84 00 00 00 00 00 f3 0f 1e fa
0x00007f14176e9a24:   48 63 f6 48 c1 e6 07 48 03 b7 e8 00 00 00 48 8b
0x00007f14176e9a34:   46 60 c3 66 0f 1f 84 00 00 00 00 00 f3 0f 1e fa
0x00007f14176e9a44:   48 63 f6 48 c1 e6 07 48 03 b7 e8 00 00 00 48 8b
0x00007f14176e9a54:   46 58 c3 66 0f 1f 84 00 00 00 00 00 f3 0f 1e fa
0x00007f14176e9a64:   48 c7 c0 ff ff ff ff c3 0f 1f 40 00 f3 0f 1e fa
0x00007f14176e9a74:   8b 87 88 00 00 00 c3 0f 1f 44 00 00 f3 0f 1e fa
0x00007f14176e9a84:   48 63 f6 48 c1 e6 07 48 03 b7 e8 00 00 00 8b 46
0x00007f14176e9a94:   18 c3 66 2e 0f 1f 84 00 00 00 00 00 f3 0f 1e fa
0x00007f14176e9aa4:   48 63 f6 48 c1 e6 07 48 03 b7 e8 00 00 00 8b 46
0x00007f14176e9ab4:   1c c3 66 2e 0f 1f 84 00 00 00 00 00 f3 0f 1e fa 


Stack slot to memory mapping:
stack at sp + 0 slots: 0x00007f1417416052: <offset 0x0000000000016052> in /home/yst/.cache/JNA/temp/jna13048523832316358885.tmp at 0x00007f1417400000
stack at sp + 1 slots: 0x0000000000000007 is an unknown value
stack at sp + 2 slots: 0x00007f1485feb4f0 is pointing into the stack for thread: 0x00007f1480025d40
stack at sp + 3 slots: 0x00007f1485feaed0 is pointing into the stack for thread: 0x00007f1480025d40
stack at sp + 4 slots: 0x00007f141741514c: <offset 0x000000000001514c> in /home/yst/.cache/JNA/temp/jna13048523832316358885.tmp at 0x00007f1417400000
stack at sp + 5 slots: 0x0000000000000002 is an unknown value
stack at sp + 6 slots: 0x00007f1480025fe8 points into unknown readable memory: 0x00007f14872ad320 | 20 d3 2a 87 14 7f 00 00
stack at sp + 7 slots: 0x00007f1400000000 is an unknown value


---------------  P R O C E S S  ---------------

Threads class SMR info:
_java_thread_list=0x00007f14801f8440, length=13, elements={
0x00007f1480025d40, 0x00007f14800e6ca0, 0x00007f14800e80d0, 0x00007f14800ed4f0,
0x00007f14800ee8b0, 0x00007f14800efcd0, 0x00007f14800f16f0, 0x00007f14800f2c30,
0x00007f14800fc0a0, 0x00007f148010a280, 0x00007f1480152370, 0x00007f14801f2160,
0x00007f14801f6b00
}

Java Threads: ( => current thread )
=>0x00007f1480025d40 JavaThread "main" [_thread_in_native, id=45661, stack(0x00007f1485eed000,0x00007f1485fed000)]
  0x00007f14800e6ca0 JavaThread "Reference Handler" daemon [_thread_blocked, id=45668, stack(0x00007f1464b00000,0x00007f1464c00000)]
  0x00007f14800e80d0 JavaThread "Finalizer" daemon [_thread_blocked, id=45669, stack(0x00007f1464a00000,0x00007f1464b00000)]
  0x00007f14800ed4f0 JavaThread "Signal Dispatcher" daemon [_thread_blocked, id=45670, stack(0x00007f1464617000,0x00007f1464717000)]
  0x00007f14800ee8b0 JavaThread "Service Thread" daemon [_thread_blocked, id=45671, stack(0x00007f1464517000,0x00007f1464617000)]
  0x00007f14800efcd0 JavaThread "Monitor Deflation Thread" daemon [_thread_blocked, id=45672, stack(0x00007f1464417000,0x00007f1464517000)]
  0x00007f14800f16f0 JavaThread "JVMCI-native CompilerThread0" daemon [_thread_in_native, id=45673, stack(0x00007f1464217000,0x00007f1464417000)]
  0x00007f14800f2c30 JavaThread "C1 CompilerThread0" daemon [_thread_blocked, id=45674, stack(0x00007f1464017000,0x00007f1464217000)]
  0x00007f14800fc0a0 JavaThread "Sweeper thread" daemon [_thread_blocked, id=45675, stack(0x00007f1455f00000,0x00007f1456000000)]
  0x00007f148010a280 JavaThread "Common-Cleaner" daemon [_thread_blocked, id=45676, stack(0x00007f1455e00000,0x00007f1455f00000)]
  0x00007f1480152370 JavaThread "Notification Thread" daemon [_thread_blocked, id=45677, stack(0x00007f1455d00000,0x00007f1455e00000)]
  0x00007f14801f2160 JavaThread "process reaper" daemon [_thread_blocked, id=45680, stack(0x00007f1465405000,0x00007f1465427000)]
  0x00007f14801f6b00 JavaThread "JNA Cleaner" daemon [_thread_blocked, id=45681, stack(0x00007f1454900000,0x00007f1454a00000)]

Other Threads:
  0x00007f14800e29c0 VMThread "VM Thread" [stack: 0x00007f1465429000,0x00007f1465529000] [id=45667]
  0x00007f1480153d30 WatcherThread [stack: 0x00007f1455c00000,0x00007f1455d00000] [id=45678]
  0x00007f1480062b70 GCTaskThread "GC Thread#0" [stack: 0x00007f1484db3000,0x00007f1484eb3000] [id=45662]
  0x00007f148006bc30 ConcurrentGCThread "G1 Main Marker" [stack: 0x00007f1484cb1000,0x00007f1484db1000] [id=45663]
  0x00007f148006cb90 ConcurrentGCThread "G1 Conc#0" [stack: 0x00007f1484baf000,0x00007f1484caf000] [id=45664]
  0x00007f14800b9260 ConcurrentGCThread "G1 Refine#0" [stack: 0x00007f14842a5000,0x00007f14843a5000] [id=45665]
  0x00007f14800ba150 ConcurrentGCThread "G1 Service" [stack: 0x00007f14841a3000,0x00007f14842a3000] [id=45666]

Threads with active compile tasks:
JVMCI-native CompilerThread0      208  523       4       java.util.HashMap::putVal (300 bytes)

VM state: not at safepoint (normal execution)

VM Mutex/Monitor currently owned by a thread: None

Heap address: 0x00000000c2a00000, size: 982 MB, Compressed Oops mode: 32-bit

CDS archive(s) mapped at: [0x0000000800000000-0x0000000800bc9000-0x0000000800bc9000), size 12357632, SharedBaseAddress: 0x0000000800000000, ArchiveRelocationMode: 0.
Compressed class space mapped at: 0x0000000800c00000-0x0000000840c00000, reserved size: 1073741824
Narrow klass base: 0x0000000800000000, Narrow klass shift: 0, Narrow klass range: 0x100000000

GC Precious Log:
 CPUs: 8 total, 8 available
 Memory: 3922M
 Large Page Support: Disabled
 NUMA Support: Disabled
 Compressed Oops: Enabled (32-bit)
 Heap Region Size: 1M
 Heap Min Capacity: 8M
 Heap Initial Capacity: 62M
 Heap Max Capacity: 982M
 Pre-touch: Disabled
 Parallel Workers: 8
 Concurrent Workers: 2
 Concurrent Refinement Workers: 8
 Periodic GC: Disabled

Heap:
 garbage-first heap   total 65536K, used 6988K [0x00000000c2a00000, 0x0000000100000000)
  region size 1024K, 7 young (7168K), 0 survivors (0K)
 Metaspace       used 2657K, committed 2816K, reserved 1056768K
  class space    used 244K, committed 320K, reserved 1048576K

Heap Regions: E=young(eden), S=young(survivor), O=old, HS=humongous(starts), HC=humongous(continues), CS=collection set, F=free, OA=open archive, CA=closed archive, TAMS=top-at-mark-start (previous, next)
|   0|0x00000000c2a00000, 0x00000000c2a00000, 0x00000000c2b00000|  0%| F|  |TAMS 0x00000000c2a00000, 0x00000000c2a00000| Untracked 
|   1|0x00000000c2b00000, 0x00000000c2b00000, 0x00000000c2c00000|  0%| F|  |TAMS 0x00000000c2b00000, 0x00000000c2b00000| Untracked 
|   2|0x00000000c2c00000, 0x00000000c2c00000, 0x00000000c2d00000|  0%| F|  |TAMS 0x00000000c2c00000, 0x00000000c2c00000| Untracked 
|   3|0x00000000c2d00000, 0x00000000c2d00000, 0x00000000c2e00000|  0%| F|  |TAMS 0x00000000c2d00000, 0x00000000c2d00000| Untracked 
|   4|0x00000000c2e00000, 0x00000000c2e00000, 0x00000000c2f00000|  0%| F|  |TAMS 0x00000000c2e00000, 0x00000000c2e00000| Untracked 
|   5|0x00000000c2f00000, 0x00000000c2f00000, 0x00000000c3000000|  0%| F|  |TAMS 0x00000000c2f00000, 0x00000000c2f00000| Untracked 
|   6|0x00000000c3000000, 0x00000000c3000000, 0x00000000c3100000|  0%| F|  |TAMS 0x00000000c3000000, 0x00000000c3000000| Untracked 
|   7|0x00000000c3100000, 0x00000000c3100000, 0x00000000c3200000|  0%| F|  |TAMS 0x00000000c3100000, 0x00000000c3100000| Untracked 
|   8|0x00000000c3200000, 0x00000000c3200000, 0x00000000c3300000|  0%| F|  |TAMS 0x00000000c3200000, 0x00000000c3200000| Untracked 
|   9|0x00000000c3300000, 0x00000000c3300000, 0x00000000c3400000|  0%| F|  |TAMS 0x00000000c3300000, 0x00000000c3300000| Untracked 
|  10|0x00000000c3400000, 0x00000000c3400000, 0x00000000c3500000|  0%| F|  |TAMS 0x00000000c3400000, 0x00000000c3400000| Untracked 
|  11|0x00000000c3500000, 0x00000000c3500000, 0x00000000c3600000|  0%| F|  |TAMS 0x00000000c3500000, 0x00000000c3500000| Untracked 
|  12|0x00000000c3600000, 0x00000000c3600000, 0x00000000c3700000|  0%| F|  |TAMS 0x00000000c3600000, 0x00000000c3600000| Untracked 
|  13|0x00000000c3700000, 0x00000000c3700000, 0x00000000c3800000|  0%| F|  |TAMS 0x00000000c3700000, 0x00000000c3700000| Untracked 
|  14|0x00000000c3800000, 0x00000000c3800000, 0x00000000c3900000|  0%| F|  |TAMS 0x00000000c3800000, 0x00000000c3800000| Untracked 
|  15|0x00000000c3900000, 0x00000000c3900000, 0x00000000c3a00000|  0%| F|  |TAMS 0x00000000c3900000, 0x00000000c3900000| Untracked 
|  16|0x00000000c3a00000, 0x00000000c3a00000, 0x00000000c3b00000|  0%| F|  |TAMS 0x00000000c3a00000, 0x00000000c3a00000| Untracked 
|  17|0x00000000c3b00000, 0x00000000c3b00000, 0x00000000c3c00000|  0%| F|  |TAMS 0x00000000c3b00000, 0x00000000c3b00000| Untracked 
|  18|0x00000000c3c00000, 0x00000000c3c00000, 0x00000000c3d00000|  0%| F|  |TAMS 0x00000000c3c00000, 0x00000000c3c00000| Untracked 
|  19|0x00000000c3d00000, 0x00000000c3d00000, 0x00000000c3e00000|  0%| F|  |TAMS 0x00000000c3d00000, 0x00000000c3d00000| Untracked 
|  20|0x00000000c3e00000, 0x00000000c3e00000, 0x00000000c3f00000|  0%| F|  |TAMS 0x00000000c3e00000, 0x00000000c3e00000| Untracked 
|  21|0x00000000c3f00000, 0x00000000c3f00000, 0x00000000c4000000|  0%| F|  |TAMS 0x00000000c3f00000, 0x00000000c3f00000| Untracked 
|  22|0x00000000c4000000, 0x00000000c4000000, 0x00000000c4100000|  0%| F|  |TAMS 0x00000000c4000000, 0x00000000c4000000| Untracked 
|  23|0x00000000c4100000, 0x00000000c4100000, 0x00000000c4200000|  0%| F|  |TAMS 0x00000000c4100000, 0x00000000c4100000| Untracked 
|  24|0x00000000c4200000, 0x00000000c4200000, 0x00000000c4300000|  0%| F|  |TAMS 0x00000000c4200000, 0x00000000c4200000| Untracked 
|  25|0x00000000c4300000, 0x00000000c4300000, 0x00000000c4400000|  0%| F|  |TAMS 0x00000000c4300000, 0x00000000c4300000| Untracked 
|  26|0x00000000c4400000, 0x00000000c4400000, 0x00000000c4500000|  0%| F|  |TAMS 0x00000000c4400000, 0x00000000c4400000| Untracked 
|  27|0x00000000c4500000, 0x00000000c4500000, 0x00000000c4600000|  0%| F|  |TAMS 0x00000000c4500000, 0x00000000c4500000| Untracked 
|  28|0x00000000c4600000, 0x00000000c4600000, 0x00000000c4700000|  0%| F|  |TAMS 0x00000000c4600000, 0x00000000c4600000| Untracked 
|  29|0x00000000c4700000, 0x00000000c4700000, 0x00000000c4800000|  0%| F|  |TAMS 0x00000000c4700000, 0x00000000c4700000| Untracked 
|  30|0x00000000c4800000, 0x00000000c4800000, 0x00000000c4900000|  0%| F|  |TAMS 0x00000000c4800000, 0x00000000c4800000| Untracked 
|  31|0x00000000c4900000, 0x00000000c4900000, 0x00000000c4a00000|  0%| F|  |TAMS 0x00000000c4900000, 0x00000000c4900000| Untracked 
|  32|0x00000000c4a00000, 0x00000000c4a00000, 0x00000000c4b00000|  0%| F|  |TAMS 0x00000000c4a00000, 0x00000000c4a00000| Untracked 
|  33|0x00000000c4b00000, 0x00000000c4b00000, 0x00000000c4c00000|  0%| F|  |TAMS 0x00000000c4b00000, 0x00000000c4b00000| Untracked 
|  34|0x00000000c4c00000, 0x00000000c4c00000, 0x00000000c4d00000|  0%| F|  |TAMS 0x00000000c4c00000, 0x00000000c4c00000| Untracked 
|  35|0x00000000c4d00000, 0x00000000c4d00000, 0x00000000c4e00000|  0%| F|  |TAMS 0x00000000c4d00000, 0x00000000c4d00000| Untracked 
|  36|0x00000000c4e00000, 0x00000000c4e00000, 0x00000000c4f00000|  0%| F|  |TAMS 0x00000000c4e00000, 0x00000000c4e00000| Untracked 
|  37|0x00000000c4f00000, 0x00000000c4f00000, 0x00000000c5000000|  0%| F|  |TAMS 0x00000000c4f00000, 0x00000000c4f00000| Untracked 
|  38|0x00000000c5000000, 0x00000000c5000000, 0x00000000c5100000|  0%| F|  |TAMS 0x00000000c5000000, 0x00000000c5000000| Untracked 
|  39|0x00000000c5100000, 0x00000000c5100000, 0x00000000c5200000|  0%| F|  |TAMS 0x00000000c5100000, 0x00000000c5100000| Untracked 
|  40|0x00000000c5200000, 0x00000000c5200000, 0x00000000c5300000|  0%| F|  |TAMS 0x00000000c5200000, 0x00000000c5200000| Untracked 
|  41|0x00000000c5300000, 0x00000000c5300000, 0x00000000c5400000|  0%| F|  |TAMS 0x00000000c5300000, 0x00000000c5300000| Untracked 
|  42|0x00000000c5400000, 0x00000000c5400000, 0x00000000c5500000|  0%| F|  |TAMS 0x00000000c5400000, 0x00000000c5400000| Untracked 
|  43|0x00000000c5500000, 0x00000000c5500000, 0x00000000c5600000|  0%| F|  |TAMS 0x00000000c5500000, 0x00000000c5500000| Untracked 
|  44|0x00000000c5600000, 0x00000000c5600000, 0x00000000c5700000|  0%| F|  |TAMS 0x00000000c5600000, 0x00000000c5600000| Untracked 
|  45|0x00000000c5700000, 0x00000000c5700000, 0x00000000c5800000|  0%| F|  |TAMS 0x00000000c5700000, 0x00000000c5700000| Untracked 
|  46|0x00000000c5800000, 0x00000000c5800000, 0x00000000c5900000|  0%| F|  |TAMS 0x00000000c5800000, 0x00000000c5800000| Untracked 
|  47|0x00000000c5900000, 0x00000000c5900000, 0x00000000c5a00000|  0%| F|  |TAMS 0x00000000c5900000, 0x00000000c5900000| Untracked 
|  48|0x00000000c5a00000, 0x00000000c5a00000, 0x00000000c5b00000|  0%| F|  |TAMS 0x00000000c5a00000, 0x00000000c5a00000| Untracked 
|  49|0x00000000c5b00000, 0x00000000c5b00000, 0x00000000c5c00000|  0%| F|  |TAMS 0x00000000c5b00000, 0x00000000c5b00000| Untracked 
|  50|0x00000000c5c00000, 0x00000000c5c00000, 0x00000000c5d00000|  0%| F|  |TAMS 0x00000000c5c00000, 0x00000000c5c00000| Untracked 
|  51|0x00000000c5d00000, 0x00000000c5d00000, 0x00000000c5e00000|  0%| F|  |TAMS 0x00000000c5d00000, 0x00000000c5d00000| Untracked 
|  52|0x00000000c5e00000, 0x00000000c5e00000, 0x00000000c5f00000|  0%| F|  |TAMS 0x00000000c5e00000, 0x00000000c5e00000| Untracked 
|  53|0x00000000c5f00000, 0x00000000c5f00000, 0x00000000c6000000|  0%| F|  |TAMS 0x00000000c5f00000, 0x00000000c5f00000| Untracked 
|  54|0x00000000c6000000, 0x00000000c6000000, 0x00000000c6100000|  0%| F|  |TAMS 0x00000000c6000000, 0x00000000c6000000| Untracked 
|  55|0x00000000c6100000, 0x00000000c61766a0, 0x00000000c6200000| 46%| E|  |TAMS 0x00000000c6100000, 0x00000000c6100000| Complete 
|  56|0x00000000c6200000, 0x00000000c6300000, 0x00000000c6300000|100%| E|CS|TAMS 0x00000000c6200000, 0x00000000c6200000| Complete 
|  57|0x00000000c6300000, 0x00000000c6400000, 0x00000000c6400000|100%| E|CS|TAMS 0x00000000c6300000, 0x00000000c6300000| Complete 
|  58|0x00000000c6400000, 0x00000000c6500000, 0x00000000c6500000|100%| E|CS|TAMS 0x00000000c6400000, 0x00000000c6400000| Complete 
|  59|0x00000000c6500000, 0x00000000c6600000, 0x00000000c6600000|100%| E|CS|TAMS 0x00000000c6500000, 0x00000000c6500000| Complete 
|  60|0x00000000c6600000, 0x00000000c6700000, 0x00000000c6700000|100%| E|CS|TAMS 0x00000000c6600000, 0x00000000c6600000| Complete 
|  61|0x00000000c6700000, 0x00000000c6800000, 0x00000000c6800000|100%| E|CS|TAMS 0x00000000c6700000, 0x00000000c6700000| Complete 
| 980|0x00000000ffe00000, 0x00000000ffe46000, 0x00000000fff00000| 27%|OA|  |TAMS 0x00000000ffe00000, 0x00000000ffe00000| Untracked 
| 981|0x00000000fff00000, 0x00000000fff8d000, 0x0000000100000000| 55%|CA|  |TAMS 0x00000000fff00000, 0x00000000fff00000| Untracked 

Card table byte_map: [0x00007f14850de000,0x00007f14852c9000] _byte_map_base: 0x00007f1484ac9000

Marking Bits (Prev, Next): (CMBitMap*) 0x00007f14800635f0, (CMBitMap*) 0x00007f1480063630
 Prev Bits: [0x00007f1466551000, 0x00007f14674a9000)
 Next Bits: [0x00007f14655f9000, 0x00007f1466551000)

Polling page: 0x00007f148759c000

Metaspace:

Usage:
  Non-class:      2.36 MB used.
      Class:    244.90 KB used.
       Both:      2.59 MB used.

Virtual space:
  Non-class space:        8.00 MB reserved,       2.44 MB ( 30%) committed,  1 nodes.
      Class space:        1.00 GB reserved,     320.00 KB ( <1%) committed,  1 nodes.
             Both:        1.01 GB reserved,       2.75 MB ( <1%) committed. 

Chunk freelists:
   Non-Class:  3.42 MB
       Class:  3.66 MB
        Both:  7.08 MB

MaxMetaspaceSize: unlimited
CompressedClassSpaceSize: 1.00 GB
Initial GC threshold: 21.00 MB
Current GC threshold: 21.00 MB
CDS: on
MetaspaceReclaimPolicy: balanced
 - commit_granule_bytes: 65536.
 - commit_granule_words: 8192.
 - virtual_space_node_default_size: 1048576.
 - enlarge_chunks_in_place: 1.
 - new_chunks_are_fully_committed: 0.
 - uncommit_free_chunks: 1.
 - use_allocation_guard: 0.
 - handle_deallocations: 1.


Internal statistics:

num_allocs_failed_limit: 0.
num_arena_births: 24.
num_arena_deaths: 0.
num_vsnodes_births: 2.
num_vsnodes_deaths: 0.
num_space_committed: 44.
num_space_uncommitted: 0.
num_chunks_returned_to_freelist: 0.
num_chunks_taken_from_freelist: 59.
num_chunk_merges: 0.
num_chunk_splits: 38.
num_chunks_enlarged: 28.
num_purges: 0.
num_inconsistent_stats: 0.

CodeHeap 'non-profiled nmethods': size=119472Kb used=142Kb max_used=142Kb free=119329Kb
 bounds [0x00007f146effd000, 0x00007f146f26d000, 0x00007f14764a9000]
CodeHeap 'profiled nmethods': size=119468Kb used=1012Kb max_used=1012Kb free=118455Kb
 bounds [0x00007f14674a9000, 0x00007f1467719000, 0x00007f146e954000]
CodeHeap 'non-nmethods': size=6820Kb used=1132Kb max_used=1134Kb free=5687Kb
 bounds [0x00007f146e954000, 0x00007f146ebc4000, 0x00007f146effd000]
 total_blobs=989 nmethods=572 adapters=338
 compilation: enabled
              stopped_count=0, restarted_count=0
 full_count=0

JVMCI Events (16 events):
Event: 0.006 Thread 0x00007f1480025d40 created new Java JVMCI runtime -1 (0x00007f14800dde40)
Event: 0.055 Thread 0x00007f14800f16f0 created new CompileBroker JVMCI runtime 0 (0x00007f14340217f0)
Event: 0.055 Thread 0x00007f14800f16f0 attached to JVMCI runtime 0
Event: 0.056 Thread 0x00007f14800f16f0 loaded JVMCI shared library from /home/yst/.jdks/graalvm-ce-17/lib/libjvmcicompiler.so
Event: 0.058 Thread 0x00007f14800f16f0 created JavaVM[1]@0x00007f14556aaa08 for JVMCI runtime 0
Event: 0.058 Thread 0x00007f14800f16f0 initializing JVMCI runtime 0
Event: 0.058 Thread 0x00007f14800f16f0 initializing JavaVM references in JVMCI runtime 0
Event: 0.058 Thread 0x00007f14800f16f0 initialized JavaVM references in JVMCI runtime 0
Event: 0.060 Thread 0x00007f14800f16f0 initialized JVMCI runtime 0
Event: 0.091 Thread 0x00007f14800f16f0 compacted oop handles in JVMCI runtime 0 from 53 to 52
Event: 0.104 Thread 0x00007f14800f16f0 compacted oop handles in JVMCI runtime 0 from 57 to 56
Event: 0.111 Thread 0x00007f14800f16f0 compacted oop handles in JVMCI runtime 0 from 57 to 37
Event: 0.112 Thread 0x00007f14800f16f0 compacted oop handles in JVMCI runtime 0 from 42 to 41
Event: 0.179 Thread 0x00007f14800f16f0 compacted oop handles in JVMCI runtime 0 from 48 to 41
Event: 0.190 Thread 0x00007f14800f16f0 compacted oop handles in JVMCI runtime 0 from 56 to 54
Event: 0.203 Thread 0x00007f14800f16f0 compacted oop handles in JVMCI runtime 0 from 61 to 58

Compilation events (20 events):
Event: 0.199 Thread 0x00007f14800f2c30  567       3       java.lang.Class::privateGetDeclaredMethods (64 bytes)
Event: 0.200 Thread 0x00007f14800f2c30 nmethod 567 0x00007f146759bb10 code [0x00007f146759bd40, 0x00007f146759c930]
Event: 0.200 Thread 0x00007f14800f2c30  568       3       java.lang.Class::getMethodsRecursive (99 bytes)
Event: 0.200 Thread 0x00007f14800f2c30 nmethod 568 0x00007f146759cb90 code [0x00007f146759cdc0, 0x00007f146759d360]
Event: 0.200 Thread 0x00007f14800f2c30  569       3       java.lang.Class::getReflectionFactory (26 bytes)
Event: 0.200 Thread 0x00007f14800f2c30 nmethod 569 0x00007f146759d690 code [0x00007f146759d8c0, 0x00007f146759e1f0]
Event: 0.200 Thread 0x00007f14800f2c30  570       3       java.lang.String::concat (15 bytes)
Event: 0.201 Thread 0x00007f14800f2c30 nmethod 570 0x00007f146759e510 code [0x00007f146759e860, 0x00007f146759ff00]
Event: 0.201 Thread 0x00007f14800f2c30  571       3       java.util.jar.JarFile::maybeInstantiateVerifier (42 bytes)
Event: 0.201 Thread 0x00007f14800f2c30 nmethod 571 0x00007f14675a0690 code [0x00007f14675a0860, 0x00007f14675a0d50]
Event: 0.202 Thread 0x00007f14800f2c30  572       3       java.util.zip.ZipFile::ensureOpen (40 bytes)
Event: 0.202 Thread 0x00007f14800f2c30 nmethod 572 0x00007f14675a0e90 code [0x00007f14675a1060, 0x00007f14675a13b0]
Event: 0.203 Thread 0x00007f14800f16f0 nmethod 546 0x00007f146f020210 code [0x00007f146f0203a0, 0x00007f146f0207b8]
Event: 0.203 Thread 0x00007f14800f16f0  523       4       java.util.HashMap::putVal (300 bytes)
Event: 0.203 Thread 0x00007f14800f2c30  573  s!   3       jdk.internal.loader.URLClassPath::getLoader (194 bytes)
Event: 0.204 Thread 0x00007f14800f2c30 nmethod 573 0x00007f14675a1510 code [0x00007f14675a1820, 0x00007f14675a3400]
Event: 0.204 Thread 0x00007f14800f2c30  574   !   3       java.util.jar.JarFile::checkForSpecialAttributes (163 bytes)
Event: 0.205 Thread 0x00007f14800f2c30 nmethod 574 0x00007f14675a3c10 code [0x00007f14675a3f40, 0x00007f14675a54d0]
Event: 0.205 Thread 0x00007f14800f2c30  575   !   3       java.util.jar.JarFile::isMultiRelease (33 bytes)
Event: 0.205 Thread 0x00007f14800f2c30 nmethod 575 0x00007f14675a5d10 code [0x00007f14675a5ec0, 0x00007f14675a60c0]

GC Heap History (0 events):
No events

Dll operation events (7 events):
Event: 0.001 Loaded shared library /home/yst/.jdks/graalvm-ce-17/lib/libjava.so
Event: 0.006 Loaded shared library /home/yst/.jdks/graalvm-ce-17/lib/libjsvml.so
Event: 0.056 Loaded shared library /home/yst/.jdks/graalvm-ce-17/lib/libjvmcicompiler.so
Event: 0.061 Loaded shared library /home/yst/.jdks/graalvm-ce-17/lib/libnio.so
Event: 0.066 Loaded shared library /home/yst/.jdks/graalvm-ce-17/lib/libzip.so
Event: 0.084 Loaded shared library /home/yst/.jdks/graalvm-ce-17/lib/libjimage.so
Event: 0.117 Loaded shared library /home/yst/.cache/JNA/temp/jna13048523832316358885.tmp

Deoptimization events (14 events):
Event: 0.168 Thread 0x00007f1480025d40 DEOPT PACKING pc=0x00007f14674ecada sp=0x00007f1485fea790
Event: 0.168 Thread 0x00007f1480025d40 DEOPT UNPACKING pc=0x00007f146e9aac25 sp=0x00007f1485fe9bd0 mode 0
Event: 0.171 Thread 0x00007f1480025d40 DEOPT PACKING pc=0x00007f14674baf4e sp=0x00007f1485fea6b0
Event: 0.171 Thread 0x00007f1480025d40 DEOPT UNPACKING pc=0x00007f146e9aac25 sp=0x00007f1485fe9b48 mode 0
Event: 0.173 Thread 0x00007f1480025d40 DEOPT PACKING pc=0x00007f14674baf4e sp=0x00007f1485fea750
Event: 0.173 Thread 0x00007f1480025d40 DEOPT UNPACKING pc=0x00007f146e9aac25 sp=0x00007f1485fe9be8 mode 0
Event: 0.175 Thread 0x00007f1480025d40 DEOPT PACKING pc=0x00007f14674baf4e sp=0x00007f1485fea6b0
Event: 0.175 Thread 0x00007f1480025d40 DEOPT UNPACKING pc=0x00007f146e9aac25 sp=0x00007f1485fe9b48 mode 0
Event: 0.177 Thread 0x00007f1480025d40 DEOPT PACKING pc=0x00007f14674baf4e sp=0x00007f1485fea720
Event: 0.177 Thread 0x00007f1480025d40 DEOPT UNPACKING pc=0x00007f146e9aac25 sp=0x00007f1485fe9bb8 mode 0
Event: 0.179 Thread 0x00007f1480025d40 DEOPT PACKING pc=0x00007f14674baf4e sp=0x00007f1485fea4c0
Event: 0.179 Thread 0x00007f1480025d40 DEOPT UNPACKING pc=0x00007f146e9aac25 sp=0x00007f1485fe9958 mode 0
Event: 0.180 Thread 0x00007f1480025d40 DEOPT PACKING pc=0x00007f14674baf4e sp=0x00007f1485fea550
Event: 0.180 Thread 0x00007f1480025d40 DEOPT UNPACKING pc=0x00007f146e9aac25 sp=0x00007f1485fe99e8 mode 0

Classes unloaded (0 events):
No events

Classes redefined (0 events):
No events

Internal exceptions (7 events):
Event: 0.135 Thread 0x00007f1480025d40 Exception <a 'java/lang/NoSuchMethodError'{0x00000000c6475368}: 'java.lang.Object java.lang.invoke.DirectMethodHandle$Holder.invokeStaticInit(java.lang.Object)'> (0x00000000c6475368) 
thrown [src/hotspot/share/interpreter/linkResolver.cpp, line 758]
Event: 0.136 Thread 0x00007f1480025d40 Exception <a 'java/lang/NoSuchMethodError'{0x00000000c647edf8}: 'java.lang.Object java.lang.invoke.DirectMethodHandle$Holder.invokeStaticInit(java.lang.Object, java.lang.Object, long, java.lang.Object)'> (0x00000000c647edf8) 
thrown [src/hotspot/share/interpreter/linkResolver.cpp, line 758]
Event: 0.137 Thread 0x00007f1480025d40 Exception <a 'java/lang/NoSuchMethodError'{0x00000000c6485700}: 'java.lang.Object java.lang.invoke.DirectMethodHandle$Holder.newInvokeSpecial(java.lang.Object, java.lang.Object, long)'> (0x00000000c6485700) 
thrown [src/hotspot/share/interpreter/linkResolver.cpp, line 758]
Event: 0.137 Thread 0x00007f1480025d40 Exception <a 'java/lang/NoSuchMethodError'{0x00000000c6489c48}: 'java.lang.Object java.lang.invoke.Invokers$Holder.linkToTargetMethod(java.lang.Object, long, java.lang.Object)'> (0x00000000c6489c48) 
thrown [src/hotspot/share/interpreter/linkResolver.cpp, line 758]
Event: 0.140 Thread 0x00007f1480025d40 Exception <a 'java/lang/NoSuchMethodError'{0x00000000c6491ed8}: 'java.lang.Object java.lang.invoke.DirectMethodHandle$Holder.newInvokeSpecial(java.lang.Object, java.lang.Object, java.lang.Object, int)'> (0x00000000c6491ed8) 
thrown [src/hotspot/share/interpreter/linkResolver.cpp, line 758]
Event: 0.140 Thread 0x00007f1480025d40 Exception <a 'java/lang/NoSuchMethodError'{0x00000000c64962b8}: 'java.lang.Object java.lang.invoke.DirectMethodHandle$Holder.invokeSpecial(java.lang.Object, java.lang.Object, java.lang.Object, java.lang.Object, int)'> (0x00000000c64962b8) 
thrown [src/hotspot/share/interpreter/linkResolver.cpp, line 758]
Event: 0.140 Thread 0x00007f1480025d40 Exception <a 'java/lang/NoSuchMethodError'{0x00000000c6499e80}: 'java.lang.Object java.lang.invoke.Invokers$Holder.linkToTargetMethod(java.lang.Object, java.lang.Object, int, java.lang.Object)'> (0x00000000c6499e80) 
thrown [src/hotspot/share/interpreter/linkResolver.cpp, line 758]

VM Operations (4 events):
Event: 0.040 Executing VM operation: HandshakeAllThreads
Event: 0.041 Executing VM operation: HandshakeAllThreads done
Event: 0.129 Executing VM operation: HandshakeAllThreads
Event: 0.129 Executing VM operation: HandshakeAllThreads done

Events (20 events):
Event: 0.163 loading class java/lang/reflect/ProxyGenerator
Event: 0.163 loading class java/lang/reflect/ProxyGenerator done
Event: 0.163 loading class java/lang/reflect/ProxyGenerator$ProxyMethod
Event: 0.163 loading class java/lang/reflect/ProxyGenerator$ProxyMethod done
Event: 0.166 loading class java/lang/reflect/ProxyGenerator$PrimitiveTypeInfo
Event: 0.166 loading class java/lang/reflect/ProxyGenerator$PrimitiveTypeInfo done
Event: 0.166 loading class jdk/internal/org/objectweb/asm/Edge
Event: 0.166 loading class jdk/internal/org/objectweb/asm/Edge done
Event: 0.183 loading class java/lang/reflect/UndeclaredThrowableException
Event: 0.183 loading class java/lang/reflect/UndeclaredThrowableException done
Event: 0.184 loading class java/lang/reflect/Proxy$ProxyBuilder$1
Event: 0.184 loading class java/lang/reflect/Proxy$ProxyBuilder$1 done
Event: 0.201 loading class java/lang/AssertionError
Event: 0.201 loading class java/lang/AssertionError done
Event: 0.201 loading class java/lang/reflect/TypeVariable
Event: 0.201 loading class java/lang/reflect/TypeVariable done
Event: 0.201 loading class java/lang/reflect/AnnotatedType
Event: 0.201 loading class java/lang/reflect/AnnotatedType done
Event: 0.201 loading class java/lang/TypeNotPresentException
Event: 0.201 loading class java/lang/TypeNotPresentException done


Dynamic libraries:
c2a00000-c6800000 rw-p 00000000 00:00 0 
c6800000-ffe00000 ---p 00000000 00:00 0 
ffe00000-ffe46000 rw-p 00c8d000 fd:00 665708                             /home/yst/.jdks/graalvm-ce-17/lib/server/classes.jsa
ffe46000-fff00000 rw-p 00000000 00:00 0 
fff00000-fff8d000 rw-p 00c00000 fd:00 665708                             /home/yst/.jdks/graalvm-ce-17/lib/server/classes.jsa
fff8d000-100000000 rw-p 00000000 00:00 0 
800000000-800449000 rw-p 00001000 fd:00 665708                           /home/yst/.jdks/graalvm-ce-17/lib/server/classes.jsa
800449000-800bc9000 r--p 0044a000 fd:00 665708                           /home/yst/.jdks/graalvm-ce-17/lib/server/classes.jsa
800bc9000-800c00000 ---p 00000000 00:00 0 
800c00000-800c20000 rw-p 00000000 00:00 0 
800c20000-800c40000 ---p 00000000 00:00 0 
800c40000-800c70000 rw-p 00000000 00:00 0 
800c70000-840c00000 ---p 00000000 00:00 0 
55995f54f000-55995f550000 r-xp 00000000 fd:00 665744                     /home/yst/.jdks/graalvm-ce-17/bin/java
55995f551000-55995f552000 r--p 00001000 fd:00 665744                     /home/yst/.jdks/graalvm-ce-17/bin/java
55995f552000-55995f553000 rw-p 00002000 fd:00 665744                     /home/yst/.jdks/graalvm-ce-17/bin/java
559960117000-55996015f000 rw-p 00000000 00:00 0                          [heap]
7f1408000000-7f1408021000 rw-p 00000000 00:00 0 
7f1408021000-7f140c000000 ---p 00000000 00:00 0 
7f1410000000-7f1410021000 rw-p 00000000 00:00 0 
7f1410021000-7f1414000000 ---p 00000000 00:00 0 
7f1417000000-7f1417100000 rw-p 00000000 00:00 0 
7f1417200000-7f1417300000 rw-p 00000000 00:00 0 
7f1417400000-7f141741e000 r-xp 00000000 fd:00 667615                     /home/yst/.cache/JNA/temp/jna13048523832316358885.tmp (deleted)
7f141741e000-7f141761d000 ---p 0001e000 fd:00 667615                     /home/yst/.cache/JNA/temp/jna13048523832316358885.tmp (deleted)
7f141761d000-7f141761e000 rw-p 0001d000 fd:00 667615                     /home/yst/.cache/JNA/temp/jna13048523832316358885.tmp (deleted)
7f141761e000-7f141761f000 rw-p 00000000 00:00 0 
7f14176c0000-7f14176d9000 r--p 00000000 fd:00 793108                     /usr/lib/x86_64-linux-gnu/libX11.so.6.4.0
7f14176d9000-7f1417765000 r-xp 00019000 fd:00 793108                     /usr/lib/x86_64-linux-gnu/libX11.so.6.4.0
7f1417765000-7f14177fa000 r--p 000a5000 fd:00 793108                     /usr/lib/x86_64-linux-gnu/libX11.so.6.4.0
7f14177fa000-7f14177fb000 ---p 0013a000 fd:00 793108                     /usr/lib/x86_64-linux-gnu/libX11.so.6.4.0
7f14177fb000-7f14177fc000 r--p 0013a000 fd:00 793108                     /usr/lib/x86_64-linux-gnu/libX11.so.6.4.0
7f14177fc000-7f1417800000 rw-p 0013b000 fd:00 793108                     /usr/lib/x86_64-linux-gnu/libX11.so.6.4.0
7f1417800000-7f1417900000 rw-p 00000000 00:00 0 
7f1417a00000-7f1417b00000 rw-p 00000000 00:00 0 
7f1417c00000-7f1417d00000 rw-p 00000000 00:00 0 
7f1417e00000-7f1417f00000 rw-p 00000000 00:00 0 
7f1418000000-7f1418021000 rw-p 00000000 00:00 0 
7f1418021000-7f141c000000 ---p 00000000 00:00 0 
7f141c000000-7f141c100000 rw-p 00000000 00:00 0 
7f141c200000-7f141c300000 rw-p 00000000 00:00 0 
7f141c400000-7f141c500000 rw-p 00000000 00:00 0 
7f141c600000-7f141c700000 rw-p 00000000 00:00 0 
7f141c800000-7f141c900000 rw-p 00000000 00:00 0 
7f141ca00000-7f141cb00000 rw-p 00000000 00:00 0 
7f141cc00000-7f141cd00000 rw-p 00000000 00:00 0 
7f141ce00000-7f141cf00000 rw-p 00000000 00:00 0 
7f141d000000-7f141d100000 rw-p 00000000 00:00 0 
7f141d200000-7f141d300000 rw-p 00000000 00:00 0 
7f141d400000-7f141d500000 rw-p 00000000 00:00 0 
7f141d600000-7f141d700000 rw-p 00000000 00:00 0 
7f141d800000-7f141d900000 rw-p 00000000 00:00 0 
7f141da00000-7f141db00000 rw-p 00000000 00:00 0 
7f141dc00000-7f141fdd5000 r-xp 00000000 fd:00 665569                     /home/yst/.jdks/graalvm-ce-17/lib/libjvmcicompiler.so
7f141fdd5000-7f141ffd4000 ---p 021d5000 fd:00 665569                     /home/yst/.jdks/graalvm-ce-17/lib/libjvmcicompiler.so
7f141ffd4000-7f141ffd5000 r--p 021d4000 fd:00 665569                     /home/yst/.jdks/graalvm-ce-17/lib/libjvmcicompiler.so
7f141ffd5000-7f141ffd8000 rw-p 021d5000 fd:00 665569                     /home/yst/.jdks/graalvm-ce-17/lib/libjvmcicompiler.so
7f1420000000-7f1420021000 rw-p 00000000 00:00 0 
7f1420021000-7f1424000000 ---p 00000000 00:00 0 
7f1424000000-7f1424021000 rw-p 00000000 00:00 0 
7f1424021000-7f1428000000 ---p 00000000 00:00 0 
7f1428000000-7f1428209000 rw-p 00000000 00:00 0 
7f1428209000-7f142c000000 ---p 00000000 00:00 0 
7f142c000000-7f142c021000 rw-p 00000000 00:00 0 
7f142c021000-7f1430000000 ---p 00000000 00:00 0 
7f1430000000-7f1430021000 rw-p 00000000 00:00 0 
7f1430021000-7f1434000000 ---p 00000000 00:00 0 
7f1434000000-7f1434042000 rw-p 00000000 00:00 0 
7f1434042000-7f1438000000 ---p 00000000 00:00 0 
7f1438000000-7f1438021000 rw-p 00000000 00:00 0 
7f1438021000-7f143c000000 ---p 00000000 00:00 0 
7f143c000000-7f143c021000 rw-p 00000000 00:00 0 
7f143c021000-7f1440000000 ---p 00000000 00:00 0 
7f1440000000-7f1440021000 rw-p 00000000 00:00 0 
7f1440021000-7f1444000000 ---p 00000000 00:00 0 
7f1444000000-7f1444021000 rw-p 00000000 00:00 0 
7f1444021000-7f1448000000 ---p 00000000 00:00 0 
7f1448000000-7f1448021000 rw-p 00000000 00:00 0 
7f1448021000-7f144c000000 ---p 00000000 00:00 0 
7f144c000000-7f144c021000 rw-p 00000000 00:00 0 
7f144c021000-7f1450000000 ---p 00000000 00:00 0 
7f1450000000-7f1450021000 rw-p 00000000 00:00 0 
7f1450021000-7f1454000000 ---p 00000000 00:00 0 
7f1454000000-7f1454100000 rw-p 00000000 00:00 0 
7f1454200000-7f1454300000 rw-p 00000000 00:00 0 
7f1454400000-7f1454500000 rw-p 00000000 00:00 0 
7f1454600000-7f1454700000 rw-p 00000000 00:00 0 
7f1454800000-7f1454900000 rw-p 00000000 00:00 0 
7f1454900000-7f1454904000 ---p 00000000 00:00 0 
7f1454904000-7f1454a00000 rw-p 00000000 00:00 0 
7f1454a00000-7f1454b00000 ---p 00000000 00:00 0 
7f1454b00000-7f14550b2000 r--p 01183000 fd:00 665569                     /home/yst/.jdks/graalvm-ce-17/lib/libjvmcicompiler.so
7f14550b2000-7f1455200000 r--p 00000000 00:00 0 
7f1455200000-7f1455241000 rw-p 00000000 00:00 0 
7f1455241000-7f145575d000 rw-p 018c4000 fd:00 665569                     /home/yst/.jdks/graalvm-ce-17/lib/libjvmcicompiler.so
7f145575d000-7f1455b4e000 r--p 01de0000 fd:00 665569                     /home/yst/.jdks/graalvm-ce-17/lib/libjvmcicompiler.so
7f1455b8b000-7f1455b8f000 r--p 00000000 fd:00 793142                     /usr/lib/x86_64-linux-gnu/libbsd.so.0.11.5
7f1455b8f000-7f1455b9c000 r-xp 00004000 fd:00 793142                     /usr/lib/x86_64-linux-gnu/libbsd.so.0.11.5
7f1455b9c000-7f1455b9f000 r--p 00011000 fd:00 793142                     /usr/lib/x86_64-linux-gnu/libbsd.so.0.11.5
7f1455b9f000-7f1455ba0000 ---p 00014000 fd:00 793142                     /usr/lib/x86_64-linux-gnu/libbsd.so.0.11.5
7f1455ba0000-7f1455ba1000 r--p 00014000 fd:00 793142                     /usr/lib/x86_64-linux-gnu/libbsd.so.0.11.5
7f1455ba1000-7f1455ba2000 rw-p 00015000 fd:00 793142                     /usr/lib/x86_64-linux-gnu/libbsd.so.0.11.5
7f1455ba2000-7f1455ba3000 rw-p 00000000 00:00 0 
7f1455ba3000-7f1455bae000 r--p 00000000 fd:00 793392                     /usr/lib/x86_64-linux-gnu/libxcb.so.1.1.0
7f1455bae000-7f1455bc2000 r-xp 0000b000 fd:00 793392                     /usr/lib/x86_64-linux-gnu/libxcb.so.1.1.0
7f1455bc2000-7f1455bcb000 r--p 0001f000 fd:00 793392                     /usr/lib/x86_64-linux-gnu/libxcb.so.1.1.0
7f1455bcb000-7f1455bcc000 r--p 00027000 fd:00 793392                     /usr/lib/x86_64-linux-gnu/libxcb.so.1.1.0
7f1455bcc000-7f1455bcd000 rw-p 00028000 fd:00 793392                     /usr/lib/x86_64-linux-gnu/libxcb.so.1.1.0
7f1455bcd000-7f1455bfe000 rw-p 00000000 00:00 0 
7f1455bfe000-7f1455bff000 ---p 00000000 00:00 0 
7f1455bff000-7f1455d00000 rw-p 00000000 00:00 0 
7f1455d00000-7f1455d04000 ---p 00000000 00:00 0 
7f1455d04000-7f1455e00000 rw-p 00000000 00:00 0 
7f1455e00000-7f1455e04000 ---p 00000000 00:00 0 
7f1455e04000-7f1455f00000 rw-p 00000000 00:00 0 
7f1455f00000-7f1455f04000 ---p 00000000 00:00 0 
7f1455f04000-7f1458000000 rw-p 00000000 00:00 0 
7f1458000000-7f1458021000 rw-p 00000000 00:00 0 
7f1458021000-7f145c000000 ---p 00000000 00:00 0 
7f145c000000-7f145c021000 rw-p 00000000 00:00 0 
7f145c021000-7f1460000000 ---p 00000000 00:00 0 
7f1460000000-7f1460021000 rw-p 00000000 00:00 0 
7f1460021000-7f1464000000 ---p 00000000 00:00 0 
7f146400a000-7f146400c000 r--p 00000000 fd:00 793258                     /usr/lib/x86_64-linux-gnu/libmd.so.0.0.5
7f146400c000-7f1464013000 r-xp 00002000 fd:00 793258                     /usr/lib/x86_64-linux-gnu/libmd.so.0.0.5
7f1464013000-7f1464015000 r--p 00009000 fd:00 793258                     /usr/lib/x86_64-linux-gnu/libmd.so.0.0.5
7f1464015000-7f1464016000 r--p 0000a000 fd:00 793258                     /usr/lib/x86_64-linux-gnu/libmd.so.0.0.5
7f1464016000-7f1464017000 rw-p 0000b000 fd:00 793258                     /usr/lib/x86_64-linux-gnu/libmd.so.0.0.5
7f1464017000-7f146401b000 ---p 00000000 00:00 0 
7f146401b000-7f1464217000 rw-p 00000000 00:00 0 
7f1464217000-7f146421b000 ---p 00000000 00:00 0 
7f146421b000-7f1464417000 rw-p 00000000 00:00 0 
7f1464417000-7f146441b000 ---p 00000000 00:00 0 
7f146441b000-7f1464517000 rw-p 00000000 00:00 0 
7f1464517000-7f146451b000 ---p 00000000 00:00 0 
7f146451b000-7f1464617000 rw-p 00000000 00:00 0 
7f1464617000-7f146461b000 ---p 00000000 00:00 0 
7f146461b000-7f1464717000 rw-p 00000000 00:00 0 
7f1464717000-7f1464a00000 r--p 00000000 fd:00 786433                     /usr/lib/locale/locale-archive
7f1464a00000-7f1464a04000 ---p 00000000 00:00 0 
7f1464a04000-7f1464b00000 rw-p 00000000 00:00 0 
7f1464b00000-7f1464b04000 ---p 00000000 00:00 0 
7f1464b04000-7f1464dd0000 rw-p 00000000 00:00 0 
7f1464dd0000-7f1465000000 ---p 00000000 00:00 0 
7f1465000000-7f14650a0000 rw-p 00000000 00:00 0 
7f14650a0000-7f1465400000 ---p 00000000 00:00 0 
7f1465405000-7f1465409000 ---p 00000000 00:00 0 
7f1465409000-7f1465427000 rw-p 00000000 00:00 0 
7f1465427000-7f1465428000 ---p 00000000 00:00 0 
7f1465428000-7f1465529000 rw-p 00000000 00:00 0 
7f1465529000-7f14655f7000 r-xp 00000000 fd:00 665692                     /home/yst/.jdks/graalvm-ce-17/lib/libjsvml.so
7f14655f7000-7f14655f8000 r--p 000cd000 fd:00 665692                     /home/yst/.jdks/graalvm-ce-17/lib/libjsvml.so
7f14655f8000-7f14655f9000 rw-p 000ce000 fd:00 665692                     /home/yst/.jdks/graalvm-ce-17/lib/libjsvml.so
7f14655f9000-7f14656f1000 rw-p 00000000 00:00 0 
7f14656f1000-7f1466549000 ---p 00000000 00:00 0 
7f1466549000-7f1466649000 rw-p 00000000 00:00 0 
7f1466649000-7f14674a1000 ---p 00000000 00:00 0 
7f14674a1000-7f14674a9000 rw-p 00000000 00:00 0 
7f14674a9000-7f1467719000 rwxp 00000000 00:00 0 
7f1467719000-7f146e954000 ---p 00000000 00:00 0 
7f146e954000-7f146ebc4000 rwxp 00000000 00:00 0 
7f146ebc4000-7f146effd000 ---p 00000000 00:00 0 
7f146effd000-7f146f26d000 rwxp 00000000 00:00 0 
7f146f26d000-7f14764a9000 ---p 00000000 00:00 0 
7f14764a9000-7f1480000000 r--s 00000000 fd:00 665619                     /home/yst/.jdks/graalvm-ce-17/lib/modules
7f1480000000-7f148021b000 rw-p 00000000 00:00 0 
7f148021b000-7f1484000000 ---p 00000000 00:00 0 
7f1484007000-7f1484009000 r--p 00000000 fd:00 793110                     /usr/lib/x86_64-linux-gnu/libXdmcp.so.6.0.0
7f1484009000-7f148400b000 r-xp 00002000 fd:00 793110                     /usr/lib/x86_64-linux-gnu/libXdmcp.so.6.0.0
7f148400b000-7f148400d000 r--p 00004000 fd:00 793110                     /usr/lib/x86_64-linux-gnu/libXdmcp.so.6.0.0
7f148400d000-7f148400e000 r--p 00005000 fd:00 793110                     /usr/lib/x86_64-linux-gnu/libXdmcp.so.6.0.0
7f148400e000-7f148400f000 rw-p 00006000 fd:00 793110                     /usr/lib/x86_64-linux-gnu/libXdmcp.so.6.0.0
7f148400f000-7f1484010000 r--p 00000000 fd:00 793109                     /usr/lib/x86_64-linux-gnu/libXau.so.6.0.0
7f1484010000-7f1484012000 r-xp 00001000 fd:00 793109                     /usr/lib/x86_64-linux-gnu/libXau.so.6.0.0
7f1484012000-7f1484013000 r--p 00003000 fd:00 793109                     /usr/lib/x86_64-linux-gnu/libXau.so.6.0.0
7f1484013000-7f1484014000 r--p 00003000 fd:00 793109                     /usr/lib/x86_64-linux-gnu/libXau.so.6.0.0
7f1484014000-7f1484015000 rw-p 00004000 fd:00 793109                     /usr/lib/x86_64-linux-gnu/libXau.so.6.0.0
7f1484015000-7f148401c000 r--s 00000000 fd:00 922089                     /usr/lib/x86_64-linux-gnu/gconv/gconv-modules.cache
7f148401c000-7f1484023000 r-xp 00000000 fd:00 665631                     /home/yst/.jdks/graalvm-ce-17/lib/libzip.so
7f1484023000-7f1484024000 ---p 00007000 fd:00 665631                     /home/yst/.jdks/graalvm-ce-17/lib/libzip.so
7f1484024000-7f1484025000 r--p 00007000 fd:00 665631                     /home/yst/.jdks/graalvm-ce-17/lib/libzip.so
7f1484025000-7f1484026000 rw-p 00008000 fd:00 665631                     /home/yst/.jdks/graalvm-ce-17/lib/libzip.so
7f1484026000-7f148403b000 r-xp 00000000 fd:00 665628                     /home/yst/.jdks/graalvm-ce-17/lib/libnet.so
7f148403b000-7f148403c000 ---p 00015000 fd:00 665628                     /home/yst/.jdks/graalvm-ce-17/lib/libnet.so
7f148403c000-7f148403d000 r--p 00015000 fd:00 665628                     /home/yst/.jdks/graalvm-ce-17/lib/libnet.so
7f148403d000-7f148403e000 rw-p 00016000 fd:00 665628                     /home/yst/.jdks/graalvm-ce-17/lib/libnet.so
7f148403e000-7f1484051000 r-xp 00000000 fd:00 665629                     /home/yst/.jdks/graalvm-ce-17/lib/libnio.so
7f1484051000-7f1484052000 r--p 00012000 fd:00 665629                     /home/yst/.jdks/graalvm-ce-17/lib/libnio.so
7f1484052000-7f1484053000 rw-p 00013000 fd:00 665629                     /home/yst/.jdks/graalvm-ce-17/lib/libnio.so
7f1484053000-7f14841a1000 rw-p 00000000 00:00 0 
7f14841a1000-7f14841a2000 ---p 00000000 00:00 0 
7f14841a2000-7f14842a3000 rw-p 00000000 00:00 0 
7f14842a3000-7f14842a4000 ---p 00000000 00:00 0 
7f14842a4000-7f1484bad000 rw-p 00000000 00:00 0 
7f1484bad000-7f1484bae000 ---p 00000000 00:00 0 
7f1484bae000-7f1484caf000 rw-p 00000000 00:00 0 
7f1484caf000-7f1484cb0000 ---p 00000000 00:00 0 
7f1484cb0000-7f1484db1000 rw-p 00000000 00:00 0 
7f1484db1000-7f1484db2000 ---p 00000000 00:00 0 
7f1484db2000-7f1484f12000 rw-p 00000000 00:00 0 
7f1484f12000-7f14850dd000 ---p 00000000 00:00 0 
7f14850dd000-7f14850fd000 rw-p 00000000 00:00 0 
7f14850fd000-7f14852c8000 ---p 00000000 00:00 0 
7f14852c8000-7f14852e8000 rw-p 00000000 00:00 0 
7f14852e8000-7f14854b3000 ---p 00000000 00:00 0 
7f14854b3000-7f1485cc1000 rw-p 00000000 00:00 0 
7f1485cc1000-7f1485da6000 ---p 00000000 00:00 0 
7f1485da6000-7f1485dab000 rw-p 00000000 00:00 0 
7f1485dab000-7f1485e90000 ---p 00000000 00:00 0 
7f1485e90000-7f1485e95000 rw-p 00000000 00:00 0 
7f1485e95000-7f1485e9e000 ---p 00000000 00:00 0 
7f1485e9e000-7f1485ec2000 r-xp 00000000 fd:00 665624                     /home/yst/.jdks/graalvm-ce-17/lib/libjava.so
7f1485ec2000-7f1485ec3000 ---p 00024000 fd:00 665624                     /home/yst/.jdks/graalvm-ce-17/lib/libjava.so
7f1485ec3000-7f1485ec4000 r--p 00024000 fd:00 665624                     /home/yst/.jdks/graalvm-ce-17/lib/libjava.so
7f1485ec4000-7f1485ec5000 rw-p 00025000 fd:00 665624                     /home/yst/.jdks/graalvm-ce-17/lib/libjava.so
7f1485ec5000-7f1485ec6000 rw-p 00000000 00:00 0 
7f1485ec6000-7f1485ece000 rw-s 00000000 fd:00 269408                     /tmp/hsperfdata_yst/45659
7f1485ece000-7f1485ee9000 r-xp 00000000 fd:00 665625                     /home/yst/.jdks/graalvm-ce-17/lib/libjimage.so
7f1485ee9000-7f1485eea000 ---p 0001b000 fd:00 665625                     /home/yst/.jdks/graalvm-ce-17/lib/libjimage.so
7f1485eea000-7f1485eec000 r--p 0001b000 fd:00 665625                     /home/yst/.jdks/graalvm-ce-17/lib/libjimage.so
7f1485eec000-7f1485eed000 rw-p 0001d000 fd:00 665625                     /home/yst/.jdks/graalvm-ce-17/lib/libjimage.so
7f1485eed000-7f1485ef1000 ---p 00000000 00:00 0 
7f1485ef1000-7f1485fed000 rw-p 00000000 00:00 0 
7f1485fed000-7f1485ffb000 r--p 00000000 fd:00 793254                     /usr/lib/x86_64-linux-gnu/libm.so.6
7f1485ffb000-7f1486077000 r-xp 0000e000 fd:00 793254                     /usr/lib/x86_64-linux-gnu/libm.so.6
7f1486077000-7f14860d2000 r--p 0008a000 fd:00 793254                     /usr/lib/x86_64-linux-gnu/libm.so.6
7f14860d2000-7f14860d3000 r--p 000e4000 fd:00 793254                     /usr/lib/x86_64-linux-gnu/libm.so.6
7f14860d3000-7f14860d4000 rw-p 000e5000 fd:00 793254                     /usr/lib/x86_64-linux-gnu/libm.so.6
7f14860d4000-7f14860d5000 r--p 00000000 fd:00 793332                     /usr/lib/x86_64-linux-gnu/librt.so.1
7f14860d5000-7f14860d6000 r-xp 00001000 fd:00 793332                     /usr/lib/x86_64-linux-gnu/librt.so.1
7f14860d6000-7f14860d7000 r--p 00002000 fd:00 793332                     /usr/lib/x86_64-linux-gnu/librt.so.1
7f14860d7000-7f14860d8000 r--p 00002000 fd:00 793332                     /usr/lib/x86_64-linux-gnu/librt.so.1
7f14860d8000-7f14860d9000 rw-p 00003000 fd:00 793332                     /usr/lib/x86_64-linux-gnu/librt.so.1
7f14860d9000-7f14871f1000 r-xp 00000000 fd:00 665707                     /home/yst/.jdks/graalvm-ce-17/lib/server/libjvm.so
7f14871f1000-7f14871f2000 ---p 01118000 fd:00 665707                     /home/yst/.jdks/graalvm-ce-17/lib/server/libjvm.so
7f14871f2000-7f14872a7000 r--p 01118000 fd:00 665707                     /home/yst/.jdks/graalvm-ce-17/lib/server/libjvm.so
7f14872a7000-7f14872db000 rw-p 011cd000 fd:00 665707                     /home/yst/.jdks/graalvm-ce-17/lib/server/libjvm.so
7f14872db000-7f1487338000 rw-p 00000000 00:00 0 
7f1487338000-7f1487360000 r--p 00000000 fd:00 793144                     /usr/lib/x86_64-linux-gnu/libc.so.6
7f1487360000-7f14874f5000 r-xp 00028000 fd:00 793144                     /usr/lib/x86_64-linux-gnu/libc.so.6
7f14874f5000-7f148754d000 r--p 001bd000 fd:00 793144                     /usr/lib/x86_64-linux-gnu/libc.so.6
7f148754d000-7f1487551000 r--p 00214000 fd:00 793144                     /usr/lib/x86_64-linux-gnu/libc.so.6
7f1487551000-7f1487553000 rw-p 00218000 fd:00 793144                     /usr/lib/x86_64-linux-gnu/libc.so.6
7f1487553000-7f1487560000 rw-p 00000000 00:00 0 
7f1487560000-7f1487561000 r--p 00000000 fd:00 793163                     /usr/lib/x86_64-linux-gnu/libdl.so.2
7f1487561000-7f1487562000 r-xp 00001000 fd:00 793163                     /usr/lib/x86_64-linux-gnu/libdl.so.2
7f1487562000-7f1487563000 r--p 00002000 fd:00 793163                     /usr/lib/x86_64-linux-gnu/libdl.so.2
7f1487563000-7f1487564000 r--p 00002000 fd:00 793163                     /usr/lib/x86_64-linux-gnu/libdl.so.2
7f1487564000-7f1487565000 rw-p 00003000 fd:00 793163                     /usr/lib/x86_64-linux-gnu/libdl.so.2
7f1487565000-7f1487566000 r--p 00000000 fd:00 793327                     /usr/lib/x86_64-linux-gnu/libpthread.so.0
7f1487566000-7f1487567000 r-xp 00001000 fd:00 793327                     /usr/lib/x86_64-linux-gnu/libpthread.so.0
7f1487567000-7f1487568000 r--p 00002000 fd:00 793327                     /usr/lib/x86_64-linux-gnu/libpthread.so.0
7f1487568000-7f1487569000 r--p 00002000 fd:00 793327                     /usr/lib/x86_64-linux-gnu/libpthread.so.0
7f1487569000-7f148756a000 rw-p 00003000 fd:00 793327                     /usr/lib/x86_64-linux-gnu/libpthread.so.0
7f148756a000-7f1487578000 r-xp 00000000 fd:00 665626                     /home/yst/.jdks/graalvm-ce-17/lib/libjli.so
7f1487578000-7f1487579000 ---p 0000e000 fd:00 665626                     /home/yst/.jdks/graalvm-ce-17/lib/libjli.so
7f1487579000-7f148757a000 r--p 0000e000 fd:00 665626                     /home/yst/.jdks/graalvm-ce-17/lib/libjli.so
7f148757a000-7f148757b000 rw-p 0000f000 fd:00 665626                     /home/yst/.jdks/graalvm-ce-17/lib/libjli.so
7f148757b000-7f148757d000 r--p 00000000 fd:00 786979                     /usr/lib/x86_64-linux-gnu/libz.so.1.2.11
7f148757d000-7f148758e000 r-xp 00002000 fd:00 786979                     /usr/lib/x86_64-linux-gnu/libz.so.1.2.11
7f148758e000-7f1487594000 r--p 00013000 fd:00 786979                     /usr/lib/x86_64-linux-gnu/libz.so.1.2.11
7f1487594000-7f1487595000 ---p 00019000 fd:00 786979                     /usr/lib/x86_64-linux-gnu/libz.so.1.2.11
7f1487595000-7f1487596000 r--p 00019000 fd:00 786979                     /usr/lib/x86_64-linux-gnu/libz.so.1.2.11
7f1487596000-7f1487597000 rw-p 0001a000 fd:00 786979                     /usr/lib/x86_64-linux-gnu/libz.so.1.2.11
7f148759c000-7f148759d000 ---p 00000000 00:00 0 
7f148759d000-7f148759e000 r--p 00000000 00:00 0 
7f148759e000-7f14875a0000 rw-p 00000000 00:00 0 
7f14875a0000-7f14875a2000 r--p 00000000 fd:00 793105                     /usr/lib/x86_64-linux-gnu/ld-linux-x86-64.so.2
7f14875a2000-7f14875cc000 r-xp 00002000 fd:00 793105                     /usr/lib/x86_64-linux-gnu/ld-linux-x86-64.so.2
7f14875cc000-7f14875d7000 r--p 0002c000 fd:00 793105                     /usr/lib/x86_64-linux-gnu/ld-linux-x86-64.so.2
7f14875d7000-7f14875d8000 ---p 00000000 00:00 0 
7f14875d8000-7f14875da000 r--p 00037000 fd:00 793105                     /usr/lib/x86_64-linux-gnu/ld-linux-x86-64.so.2
7f14875da000-7f14875dc000 rw-p 00039000 fd:00 793105                     /usr/lib/x86_64-linux-gnu/ld-linux-x86-64.so.2
7fff23705000-7fff23726000 rw-p 00000000 00:00 0                          [stack]
7fff237bf000-7fff237c3000 r--p 00000000 00:00 0                          [vvar]
7fff237c3000-7fff237c5000 r-xp 00000000 00:00 0                          [vdso]
ffffffffff600000-ffffffffff601000 --xp 00000000 00:00 0                  [vsyscall]


VM Arguments:
jvm_args: -XX:ThreadPriorityPolicy=1 -XX:+UnlockExperimentalVMOptions -XX:+EnableJVMCIProduct -XX:JVMCIThreadsPerNativeLibraryRuntime=1 -XX:-UnlockExperimentalVMOptions -Dfile.encoding=UTF-8 -Duser.country=US -Duser.language=en -Duser.variant 
java_command: cf.thdisstudio.afioaos.compositor.Main
java_class_path (initial): /home/yst/IdeaProjects/WindowManager/build/classes/java/main:/home/yst/IdeaProjects/WindowManager/build/resources/main:/home/yst/.gradle/caches/modules-2/files-2.1/net.java.dev.jna/jna-platform/5.13.0/88e9a306715e9379f3122415ef4ae759a352640d/jna-platform-5.13.0.jar:/home/yst/.gradle/caches/modules-2/files-2.1/net.java.dev.jna/jna/5.13.0/1200e7ebeedbe0d10062093f32925a912020e747/jna-5.13.0.jar
Launcher Type: SUN_STANDARD

[Global flags]
     intx CICompilerCount                          = 4                                         {product} {ergonomic}
     uint ConcGCThreads                            = 2                                         {product} {ergonomic}
     bool EnableJVMCIProduct                       = true                                {JVMCI product} {jimage}
     uint G1ConcRefinementThreads                  = 8                                         {product} {ergonomic}
   size_t G1HeapRegionSize                         = 1048576                                   {product} {ergonomic}
    uintx GCDrainStackTargetSize                   = 64                                        {product} {ergonomic}
   size_t InitialHeapSize                          = 65011712                                  {product} {ergonomic}
     uint JVMCIThreadsPerNativeLibraryRuntime      = 1                                   {JVMCI product} {jimage}
   size_t MarkStackSize                            = 4194304                                   {product} {ergonomic}
   size_t MaxHeapSize                              = 1029701632                                {product} {ergonomic}
   size_t MaxNewSize                               = 617611264                                 {product} {ergonomic}
   size_t MinHeapDeltaBytes                        = 1048576                                   {product} {ergonomic}
   size_t MinHeapSize                              = 8388608                                   {product} {ergonomic}
    uintx NonNMethodCodeHeapSize                   = 6979620                                {pd product} {ergonomic}
    uintx NonProfiledCodeHeapSize                  = 122339310                              {pd product} {ergonomic}
    uintx ProfiledCodeHeapSize                     = 122339310                              {pd product} {ergonomic}
    uintx ReservedCodeCacheSize                    = 251658240                              {pd product} {ergonomic}
     bool SegmentedCodeCache                       = true                                      {product} {ergonomic}
   size_t SoftMaxHeapSize                          = 1029701632                             {manageable} {ergonomic}
     intx ThreadPriorityPolicy                     = 1                                         {product} {jimage}
     bool UseCompressedClassPointers               = true                           {product lp64_product} {ergonomic}
     bool UseCompressedOops                        = true                           {product lp64_product} {ergonomic}
     bool UseG1GC                                  = true                                      {product} {ergonomic}

Logging:
Log output configuration:
 #0: stdout all=warning uptime,level,tags
 #1: stderr all=off uptime,level,tags

Environment Variables:
PATH=/usr/local/sbin:/usr/local/bin:/usr/sbin:/usr/bin:/sbin:/bin:/usr/games:/usr/local/games:/snap/bin
SHELL=/bin/bash
LANG=en_US.UTF-8
TERM=vt100

Signal Handlers:
   SIGSEGV: crash_handler in libjvm.so, mask=11100100010111111101111111111110, flags=SA_RESTART|SA_SIGINFO
    SIGBUS: crash_handler in libjvm.so, mask=11100100010111111101111111111110, flags=SA_RESTART|SA_SIGINFO
    SIGFPE: crash_handler in libjvm.so, mask=11100100010111111101111111111110, flags=SA_RESTART|SA_SIGINFO
   SIGPIPE: IsolateEnterStub_IgnoreSIGPIPEStartupHook_noopSignalHandler_e7f927579b58c552540f032273d7664341ccbaa6_76208cad888c6e1fb3760e66784fb81a9ad004e5 in libjvmcicompiler.so, mask=00000000000000000000000000000000, flags=SA_RESTART
  *** Handler was modified!
  *** Expected: javaSignalHandler in libjvm.so, mask=11100100110111111111111111111110, flags=SA_RESTART|SA_SIGINFO
   SIGXFSZ: javaSignalHandler in libjvm.so, mask=11100100010111111101111111111110, flags=SA_RESTART|SA_SIGINFO
    SIGILL: crash_handler in libjvm.so, mask=11100100010111111101111111111110, flags=SA_RESTART|SA_SIGINFO
   SIGUSR2: SR_handler in libjvm.so, mask=00100000000000000000000000000000, flags=SA_RESTART|SA_SIGINFO
    SIGHUP: SIG_IGN, mask=00000000000000000000000000000000, flags=none
    SIGINT: UserHandler in libjvm.so, mask=11100100010111111101111111111110, flags=SA_RESTART|SA_SIGINFO
   SIGTERM: UserHandler in libjvm.so, mask=11100100010111111101111111111110, flags=SA_RESTART|SA_SIGINFO
   SIGQUIT: UserHandler in libjvm.so, mask=11100100010111111101111111111110, flags=SA_RESTART|SA_SIGINFO
   SIGTRAP: crash_handler in libjvm.so, mask=11100100010111111101111111111110, flags=SA_RESTART|SA_SIGINFO


---------------  S Y S T E M  ---------------

OS:
DISTRIB_ID=Ubuntu
DISTRIB_RELEASE=22.04
DISTRIB_CODENAME=jammy
DISTRIB_DESCRIPTION="Ubuntu 22.04.1 LTS"
uname: Linux 5.15.0-58-generic #64-Ubuntu SMP Thu Jan 5 11:43:13 UTC 2023 x86_64
OS uptime: 0 days 4:50 hours
libc: glibc 2.35 NPTL 2.35 
rlimit (soft/hard): STACK 8192k/infinity , CORE 0k/infinity , NPROC 15246/15246 , NOFILE 1048576/1048576 , AS infinity/infinity , CPU infinity/infinity , DATA infinity/infinity , FSIZE infinity/infinity , MEMLOCK 502096k/502096k
load average: 0.35 0.29 0.38

/proc/meminfo:
MemTotal:        4016768 kB
MemFree:          101416 kB
MemAvailable:     108132 kB
Buffers:            4564 kB
Cached:           193040 kB
SwapCached:        22592 kB
Active:          1318008 kB
Inactive:        2381804 kB
Active(anon):    1216000 kB
Inactive(anon):  2296132 kB
Active(file):     102008 kB
Inactive(file):    85672 kB
Unevictable:       27876 kB
Mlocked:           27876 kB
SwapTotal:       4018172 kB
SwapFree:        3024480 kB
Dirty:              4624 kB
Writeback:           128 kB
AnonPages:       3520280 kB
Mapped:            99040 kB
Shmem:               892 kB
KReclaimable:      43152 kB
Slab:              91240 kB
SReclaimable:      43152 kB
SUnreclaim:        48088 kB
KernelStack:        7440 kB
PageTables:        16940 kB
NFS_Unstable:          0 kB
Bounce:                0 kB
WritebackTmp:          0 kB
CommitLimit:     6026556 kB
Committed_AS:    4804520 kB
VmallocTotal:   34359738367 kB
VmallocUsed:       37952 kB
VmallocChunk:          0 kB
Percpu:             4800 kB
HardwareCorrupted:     0 kB
AnonHugePages:         0 kB
ShmemHugePages:        0 kB
ShmemPmdMapped:        0 kB
FileHugePages:         0 kB
FilePmdMapped:         0 kB
HugePages_Total:       0
HugePages_Free:        0
HugePages_Rsvd:        0
HugePages_Surp:        0
Hugepagesize:       2048 kB
Hugetlb:               0 kB
DirectMap4k:      178112 kB
DirectMap2M:     4016128 kB

/sys/kernel/mm/transparent_hugepage/enabled: always [madvise] never
/sys/kernel/mm/transparent_hugepage/defrag (defrag/compaction efforts parameter): always defer defer+madvise [madvise] never

Process Memory:
Virtual Size: 4019212K (peak: 4076696K)
Resident Set Size: 99732K (peak: 99732K) (anon: 54084K, file: 45648K, shmem: 0K)
Swapped out: 0K
C-Heap outstanding allocations: 28678K, retained: 2349K
glibc malloc tunables: (default)

/proc/sys/kernel/threads-max (system-wide limit on the number of threads): 30493
/proc/sys/vm/max_map_count (maximum number of memory map areas a process may have): 65530
/proc/sys/kernel/pid_max (system-wide limit on number of process identifiers): 4194304

container (cgroup) information:
container_type: cgroupv2
cpu_cpuset_cpus: not supported
cpu_memory_nodes: not supported
active_processor_count: 8
cpu_quota: not supported
cpu_period: not supported
cpu_shares: not supported
memory_limit_in_bytes: unlimited
memory_and_swap_limit_in_bytes: unlimited
memory_soft_limit_in_bytes: unlimited
memory_usage_in_bytes: 3641012 k
memory_max_usage_in_bytes: not supported
memory_swap_current_in_bytes: 948580 k
memory_swap_max_limit_in_bytes: unlimited
maximum number of tasks: unlimited
current number of tasks: 266

KVM virtualization detected
Steal ticks since vm start: 0
Steal ticks percentage since vm start:  0.000

CPU: total 8 (initial active 8) (8 cores per cpu, 8 threads per core) family 23 model 8 stepping 2 microcode 0x0, cx8, cmov, fxsr, ht, mmx, 3dnowpref, sse, sse2, sse3, ssse3, sse4a, sse4.1, sse4.2, popcnt, lzcnt, tsc, tscinvbit, avx, avx2, aes, clmul, bmi1, bmi2, vzeroupper, clflush, clflushopt, hv
CPU Model and flags from /proc/cpuinfo:
model name	: AMD Ryzen 7 2700X Eight-Core Processor
flags		: fpu vme de pse tsc msr pae mce cx8 apic sep mtrr pge mca cmov pat pse36 clflush mmx fxsr sse sse2 ht syscall nx mmxext fxsr_opt rdtscp lm constant_tsc rep_good nopl nonstop_tsc cpuid extd_apicid tsc_known_freq pni pclmulqdq ssse3 cx16 sse4_1 sse4_2 x2apic movbe popcnt aes xsave avx rdrand hypervisor lahf_lm cmp_legacy cr8_legacy abm sse4a misalignsse 3dnowprefetch ssbd vmmcall fsgsbase bmi1 avx2 bmi2 rdseed clflushopt arat

Online cpus: 0-7
Offline cpus: 
BIOS frequency limitation: <Not Available>
Frequency switch latency (ns): <Not Available>
Available cpu frequencies: <Not Available>
Current governor: <Not Available>
Core performance/turbo boost: <Not Available>

Memory: 4k page, physical 4016768k(101416k free), swap 4018172k(3024480k free)
Page Sizes: 4k

vm_info: OpenJDK 64-Bit Server VM (17.0.6+10-jvmci-22.3-b13) for linux-amd64 JRE (17.0.6+10-jvmci-22.3-b13), built on Jan 18 2023 21:35:33 by "buildslave" with gcc 10.3.0

END.
