#
# A fatal error has been detected by the Java Runtime Environment:
#
#  SIGSEGV (0xb) at pc=0x00007fb093ae99c4, pid=45918, tid=45920
#
# JRE version: OpenJDK Runtime Environment GraalVM CE 22.3.1 (17.0.6+10) (build 17.0.6+10-jvmci-22.3-b13)
# Java VM: OpenJDK 64-Bit Server VM GraalVM CE 22.3.1 (17.0.6+10-jvmci-22.3-b13, mixed mode, sharing, tiered, jvmci, jvmci compiler, compressed oops, compressed class ptrs, g1 gc, linux-amd64)
# Problematic frame:
# C  [libX11.so+0x299c4]  XDefaultRootWindow+0x4
#
# Core dump will be written. Default location: Core dumps may be processed with "/usr/share/apport/apport -p%p -s%s -c%c -d%d -P%P -u%u -g%g -- %E" (or dumping to /home/yst/IdeaProjects/core.45918)
#
# If you would like to submit a bug report, please visit:
#   https://github.com/oracle/graal/issues
# The crash happened outside the Java Virtual Machine in native code.
# See problematic frame for where to report the bug.
#

---------------  S U M M A R Y ------------

Command Line: -XX:ThreadPriorityPolicy=1 -XX:+UnlockExperimentalVMOptions -XX:+EnableJVMCIProduct -XX:JVMCIThreadsPerNativeLibraryRuntime=1 -XX:-UnlockExperimentalVMOptions -Dfile.encoding=UTF-8 -Duser.country=US -Duser.language=en -Duser.variant cf.thdisstudio.afioaos.compositor.Main

Host: AMD Ryzen 7 2700X Eight-Core Processor, 8 cores, 3G, Ubuntu 22.04.1 LTS
Time: Tue Jan 31 08:30:24 2023 UTC elapsed time: 0.263551 seconds (0d 0h 0m 0s)

---------------  T H R E A D  ---------------

Current thread (0x00007fb0fc025d40):  JavaThread "main" [_thread_in_native, id=45920, stack(0x00007fb102639000,0x00007fb102739000)]

Stack: [0x00007fb102639000,0x00007fb102739000],  sp=0x00007fb102736db8,  free space=1015k
Native frames: (J=compiled Java code, j=interpreted, Vv=VM code, C=native code)
C  [libX11.so+0x299c4]  XDefaultRootWindow+0x4

Java frames: (J=compiled Java code, j=interpreted, Vv=VM code)
j  com.sun.jna.Native.invokeLong(Lcom/sun/jna/Function;JI[Ljava/lang/Object;)J+0
j  com.sun.jna.Function.invoke([Ljava/lang/Object;Ljava/lang/Class;ZI)Ljava/lang/Object;+243
j  com.sun.jna.Function.invoke(Ljava/lang/reflect/Method;[Ljava/lang/Class;Ljava/lang/Class;[Ljava/lang/Object;Ljava/util/Map;)Ljava/lang/Object;+271
j  com.sun.jna.Library$Handler.invoke(Ljava/lang/Object;Ljava/lang/reflect/Method;[Ljava/lang/Object;)Ljava/lang/Object;+390
j  jdk.proxy1.$Proxy0.XDefaultRootWindow(Lcom/sun/jna/platform/unix/X11$Display;)Lcom/sun/jna/platform/unix/X11$Window;+16 jdk.proxy1
j  cf.thdisstudio.afioaos.compositor.WindowManager.<init>(Ljava/lang/String;)V+95
j  cf.thdisstudio.afioaos.compositor.Main.main([Ljava/lang/String;)V+6
v  ~StubRoutines::call_stub

siginfo: si_signo: 11 (SIGSEGV), si_code: 1 (SEGV_MAPERR), si_addr: 0x00000000000000e0

Register to memory mapping:

RAX=0x0 is NULL
RBX=0x0000000000000008 is an unknown value
RCX=0x0 is NULL
RDX=0x0 is NULL
RSP=0x00007fb102736db8 is pointing into the stack for thread: 0x00007fb0fc025d40
RBP=0x00007fb102736dc0 is pointing into the stack for thread: 0x00007fb0fc025d40
RSI=0x00007fb103bf8cf3: _dl_catch_error+0x0000000000000033 in /lib/x86_64-linux-gnu/libc.so.6 at 0x00007fb103a84000
RDI=0x0 is NULL
R8 =0x0 is NULL
R9 =0x049de8ce66f37a00 is an unknown value
R10=0x0 is NULL
R11=0x00007fb093ae99c0: XDefaultRootWindow+0x0000000000000000 in /lib/x86_64-linux-gnu/libX11.so at 0x00007fb093ac0000
R12=0x00007fb102736f70 is pointing into the stack for thread: 0x00007fb0fc025d40
R13=0x0000000000000008 is an unknown value
R14=0x0000000000000001 is an unknown value
R15=0x00007fb102736f50 is pointing into the stack for thread: 0x00007fb0fc025d40


Registers:
RAX=0x0000000000000000, RBX=0x0000000000000008, RCX=0x0000000000000000, RDX=0x0000000000000000
RSP=0x00007fb102736db8, RBP=0x00007fb102736dc0, RSI=0x00007fb103bf8cf3, RDI=0x0000000000000000
R8 =0x0000000000000000, R9 =0x049de8ce66f37a00, R10=0x0000000000000000, R11=0x00007fb093ae99c0
R12=0x00007fb102736f70, R13=0x0000000000000008, R14=0x0000000000000001, R15=0x00007fb102736f50
RIP=0x00007fb093ae99c4, EFLAGS=0x0000000000010246, CSGSFS=0x002b000000000033, ERR=0x0000000000000004
  TRAPNO=0x000000000000000e

Top of Stack: (sp=0x00007fb102736db8)
0x00007fb102736db8:   00007fb093816052 0000000000000007
0x00007fb102736dc8:   00007fb1027374f0 00007fb102736ed0
0x00007fb102736dd8:   00007fb09381514c 0000000000000002
0x00007fb102736de8:   00007fb0fc025fe8 00007fb000000000 

Instructions: (pc=0x00007fb093ae99c4)
0x00007fb093ae98c4:   10 48 8b 05 6c 26 11 00 48 8d 15 bd d9 ff ff 48
0x00007fb093ae98d4:   89 08 48 8b 05 73 26 11 00 48 8d 0d 0c dd ff ff
0x00007fb093ae98e4:   48 89 30 48 8b 05 c2 25 11 00 48 8d 35 fb db ff
0x00007fb093ae98f4:   ff 48 89 10 48 8b 05 29 26 11 00 48 8d 15 1a d8
0x00007fb093ae9904:   ff ff 48 89 08 48 8b 05 f0 25 11 00 48 89 30 48
0x00007fb093ae9914:   8b 05 46 26 11 00 48 89 10 48 83 c4 08 44 89 e0
0x00007fb093ae9924:   5b 5d 41 5c 41 5d c3 45 31 e4 e9 be fe ff ff 48
0x00007fb093ae9934:   89 ef 45 31 e4 e8 92 ff fe ff 48 c7 05 af 5d 11
0x00007fb093ae9944:   00 00 00 00 00 e9 a3 fe ff ff 48 89 ef 45 31 e4
0x00007fb093ae9954:   e8 77 ff fe ff 4c 89 ef 48 c7 05 91 5d 11 00 00
0x00007fb093ae9964:   00 00 00 e8 64 ff fe ff 48 c7 05 79 5d 11 00 00
0x00007fb093ae9974:   00 00 00 e9 75 fe ff ff 0f 1f 40 00 f3 0f 1e fa
0x00007fb093ae9984:   8b 47 10 c3 0f 1f 84 00 00 00 00 00 f3 0f 1e fa
0x00007fb093ae9994:   48 63 f6 48 c1 e6 07 48 03 b7 e8 00 00 00 48 8b
0x00007fb093ae99a4:   46 10 c3 66 0f 1f 84 00 00 00 00 00 f3 0f 1e fa
0x00007fb093ae99b4:   8b 87 e0 00 00 00 c3 0f 1f 44 00 00 f3 0f 1e fa
0x00007fb093ae99c4:   48 63 87 e0 00 00 00 48 c1 e0 07 48 03 87 e8 00
0x00007fb093ae99d4:   00 00 48 8b 40 10 c3 0f 1f 44 00 00 f3 0f 1e fa
0x00007fb093ae99e4:   48 63 f6 48 c1 e6 07 48 03 b7 e8 00 00 00 48 8b
0x00007fb093ae99f4:   46 40 c3 66 0f 1f 84 00 00 00 00 00 f3 0f 1e fa
0x00007fb093ae9a04:   48 63 f6 48 c1 e6 07 48 03 b7 e8 00 00 00 48 8b
0x00007fb093ae9a14:   46 48 c3 66 0f 1f 84 00 00 00 00 00 f3 0f 1e fa
0x00007fb093ae9a24:   48 63 f6 48 c1 e6 07 48 03 b7 e8 00 00 00 48 8b
0x00007fb093ae9a34:   46 60 c3 66 0f 1f 84 00 00 00 00 00 f3 0f 1e fa
0x00007fb093ae9a44:   48 63 f6 48 c1 e6 07 48 03 b7 e8 00 00 00 48 8b
0x00007fb093ae9a54:   46 58 c3 66 0f 1f 84 00 00 00 00 00 f3 0f 1e fa
0x00007fb093ae9a64:   48 c7 c0 ff ff ff ff c3 0f 1f 40 00 f3 0f 1e fa
0x00007fb093ae9a74:   8b 87 88 00 00 00 c3 0f 1f 44 00 00 f3 0f 1e fa
0x00007fb093ae9a84:   48 63 f6 48 c1 e6 07 48 03 b7 e8 00 00 00 8b 46
0x00007fb093ae9a94:   18 c3 66 2e 0f 1f 84 00 00 00 00 00 f3 0f 1e fa
0x00007fb093ae9aa4:   48 63 f6 48 c1 e6 07 48 03 b7 e8 00 00 00 8b 46
0x00007fb093ae9ab4:   1c c3 66 2e 0f 1f 84 00 00 00 00 00 f3 0f 1e fa 


Stack slot to memory mapping:
stack at sp + 0 slots: 0x00007fb093816052: <offset 0x0000000000016052> in /home/yst/.cache/JNA/temp/jna4618533663838655471.tmp at 0x00007fb093800000
stack at sp + 1 slots: 0x0000000000000007 is an unknown value
stack at sp + 2 slots: 0x00007fb1027374f0 is pointing into the stack for thread: 0x00007fb0fc025d40
stack at sp + 3 slots: 0x00007fb102736ed0 is pointing into the stack for thread: 0x00007fb0fc025d40
stack at sp + 4 slots: 0x00007fb09381514c: <offset 0x000000000001514c> in /home/yst/.cache/JNA/temp/jna4618533663838655471.tmp at 0x00007fb093800000
stack at sp + 5 slots: 0x0000000000000002 is an unknown value
stack at sp + 6 slots: 0x00007fb0fc025fe8 points into unknown readable memory: 0x00007fb1039f9320 | 20 93 9f 03 b1 7f 00 00
stack at sp + 7 slots: 0x00007fb000000000 is an unknown value


---------------  P R O C E S S  ---------------

Threads class SMR info:
_java_thread_list=0x00007fb0fc1f0b80, length=13, elements={
0x00007fb0fc025d40, 0x00007fb0fc0e6ca0, 0x00007fb0fc0e80d0, 0x00007fb0fc0ed4f0,
0x00007fb0fc0ee8b0, 0x00007fb0fc0efcd0, 0x00007fb0fc0f16f0, 0x00007fb0fc0f2c30,
0x00007fb0fc0fc0a0, 0x00007fb0fc10a230, 0x00007fb0fc152410, 0x00007fb0fc1ea8a0,
0x00007fb0fc1ef240
}

Java Threads: ( => current thread )
=>0x00007fb0fc025d40 JavaThread "main" [_thread_in_native, id=45920, stack(0x00007fb102639000,0x00007fb102739000)]
  0x00007fb0fc0e6ca0 JavaThread "Reference Handler" daemon [_thread_blocked, id=45927, stack(0x00007fb0d31fe000,0x00007fb0d32fe000)]
  0x00007fb0fc0e80d0 JavaThread "Finalizer" daemon [_thread_blocked, id=45928, stack(0x00007fb0d30fe000,0x00007fb0d31fe000)]
  0x00007fb0fc0ed4f0 JavaThread "Signal Dispatcher" daemon [_thread_blocked, id=45929, stack(0x00007fb0d2d15000,0x00007fb0d2e15000)]
  0x00007fb0fc0ee8b0 JavaThread "Service Thread" daemon [_thread_blocked, id=45930, stack(0x00007fb0d2c15000,0x00007fb0d2d15000)]
  0x00007fb0fc0efcd0 JavaThread "Monitor Deflation Thread" daemon [_thread_blocked, id=45931, stack(0x00007fb0d2b15000,0x00007fb0d2c15000)]
  0x00007fb0fc0f16f0 JavaThread "JVMCI-native CompilerThread0" daemon [_thread_in_native, id=45932, stack(0x00007fb0d2915000,0x00007fb0d2b15000)]
  0x00007fb0fc0f2c30 JavaThread "C1 CompilerThread0" daemon [_thread_blocked, id=45933, stack(0x00007fb0d2715000,0x00007fb0d2915000)]
  0x00007fb0fc0fc0a0 JavaThread "Sweeper thread" daemon [_thread_blocked, id=45934, stack(0x00007fb0d2615000,0x00007fb0d2715000)]
  0x00007fb0fc10a230 JavaThread "Common-Cleaner" daemon [_thread_blocked, id=45935, stack(0x00007fb0d2515000,0x00007fb0d2615000)]
  0x00007fb0fc152410 JavaThread "Notification Thread" daemon [_thread_blocked, id=45936, stack(0x00007fb0d2415000,0x00007fb0d2515000)]
  0x00007fb0fc1ea8a0 JavaThread "process reaper" daemon [_thread_blocked, id=45939, stack(0x00007fb0d3c36000,0x00007fb0d3c58000)]
  0x00007fb0fc1ef240 JavaThread "JNA Cleaner" daemon [_thread_blocked, id=45940, stack(0x00007fb0d1000000,0x00007fb0d1100000)]

Other Threads:
  0x00007fb0fc0e29c0 VMThread "VM Thread" [stack: 0x00007fb0d3300000,0x00007fb0d3400000] [id=45926]
  0x00007fb0fc153dd0 WatcherThread [stack: 0x00007fb0d2315000,0x00007fb0d2415000] [id=45937]
  0x00007fb0fc062b70 GCTaskThread "GC Thread#0" [stack: 0x00007fb1005a7000,0x00007fb1006a7000] [id=45921]
  0x00007fb0fc06bc30 ConcurrentGCThread "G1 Main Marker" [stack: 0x00007fb1004a5000,0x00007fb1005a5000] [id=45922]
  0x00007fb0fc06cb90 ConcurrentGCThread "G1 Conc#0" [stack: 0x00007fb1003a3000,0x00007fb1004a3000] [id=45923]
  0x00007fb0fc0b9260 ConcurrentGCThread "G1 Refine#0" [stack: 0x00007fb0d3f00000,0x00007fb0d4000000] [id=45924]
  0x00007fb0fc0ba150 ConcurrentGCThread "G1 Service" [stack: 0x00007fb0d3dfe000,0x00007fb0d3efe000] [id=45925]

Threads with active compile tasks:
JVMCI-native CompilerThread0      266  560       4       jdk.internal.org.objectweb.asm.Frame::execute (2305 bytes)

VM state: not at safepoint (normal execution)

VM Mutex/Monitor currently owned by a thread: None

Heap address: 0x00000000c2a00000, size: 982 MB, Compressed Oops mode: 32-bit

CDS archive(s) mapped at: [0x0000000800000000-0x0000000800bc9000-0x0000000800bc9000), size 12357632, SharedBaseAddress: 0x0000000800000000, ArchiveRelocationMode: 0.
Compressed class space mapped at: 0x0000000800c00000-0x0000000840c00000, reserved size: 1073741824
Narrow klass base: 0x0000000800000000, Narrow klass shift: 0, Narrow klass range: 0x100000000

GC Precious Log:
 CPUs: 8 total, 8 available
 Memory: 3922M
 Large Page Support: Disabled
 NUMA Support: Disabled
 Compressed Oops: Enabled (32-bit)
 Heap Region Size: 1M
 Heap Min Capacity: 8M
 Heap Initial Capacity: 62M
 Heap Max Capacity: 982M
 Pre-touch: Disabled
 Parallel Workers: 8
 Concurrent Workers: 2
 Concurrent Refinement Workers: 8
 Periodic GC: Disabled

Heap:
 garbage-first heap   total 65536K, used 6988K [0x00000000c2a00000, 0x0000000100000000)
  region size 1024K, 7 young (7168K), 0 survivors (0K)
 Metaspace       used 2655K, committed 2816K, reserved 1056768K
  class space    used 243K, committed 320K, reserved 1048576K

Heap Regions: E=young(eden), S=young(survivor), O=old, HS=humongous(starts), HC=humongous(continues), CS=collection set, F=free, OA=open archive, CA=closed archive, TAMS=top-at-mark-start (previous, next)
|   0|0x00000000c2a00000, 0x00000000c2a00000, 0x00000000c2b00000|  0%| F|  |TAMS 0x00000000c2a00000, 0x00000000c2a00000| Untracked 
|   1|0x00000000c2b00000, 0x00000000c2b00000, 0x00000000c2c00000|  0%| F|  |TAMS 0x00000000c2b00000, 0x00000000c2b00000| Untracked 
|   2|0x00000000c2c00000, 0x00000000c2c00000, 0x00000000c2d00000|  0%| F|  |TAMS 0x00000000c2c00000, 0x00000000c2c00000| Untracked 
|   3|0x00000000c2d00000, 0x00000000c2d00000, 0x00000000c2e00000|  0%| F|  |TAMS 0x00000000c2d00000, 0x00000000c2d00000| Untracked 
|   4|0x00000000c2e00000, 0x00000000c2e00000, 0x00000000c2f00000|  0%| F|  |TAMS 0x00000000c2e00000, 0x00000000c2e00000| Untracked 
|   5|0x00000000c2f00000, 0x00000000c2f00000, 0x00000000c3000000|  0%| F|  |TAMS 0x00000000c2f00000, 0x00000000c2f00000| Untracked 
|   6|0x00000000c3000000, 0x00000000c3000000, 0x00000000c3100000|  0%| F|  |TAMS 0x00000000c3000000, 0x00000000c3000000| Untracked 
|   7|0x00000000c3100000, 0x00000000c3100000, 0x00000000c3200000|  0%| F|  |TAMS 0x00000000c3100000, 0x00000000c3100000| Untracked 
|   8|0x00000000c3200000, 0x00000000c3200000, 0x00000000c3300000|  0%| F|  |TAMS 0x00000000c3200000, 0x00000000c3200000| Untracked 
|   9|0x00000000c3300000, 0x00000000c3300000, 0x00000000c3400000|  0%| F|  |TAMS 0x00000000c3300000, 0x00000000c3300000| Untracked 
|  10|0x00000000c3400000, 0x00000000c3400000, 0x00000000c3500000|  0%| F|  |TAMS 0x00000000c3400000, 0x00000000c3400000| Untracked 
|  11|0x00000000c3500000, 0x00000000c3500000, 0x00000000c3600000|  0%| F|  |TAMS 0x00000000c3500000, 0x00000000c3500000| Untracked 
|  12|0x00000000c3600000, 0x00000000c3600000, 0x00000000c3700000|  0%| F|  |TAMS 0x00000000c3600000, 0x00000000c3600000| Untracked 
|  13|0x00000000c3700000, 0x00000000c3700000, 0x00000000c3800000|  0%| F|  |TAMS 0x00000000c3700000, 0x00000000c3700000| Untracked 
|  14|0x00000000c3800000, 0x00000000c3800000, 0x00000000c3900000|  0%| F|  |TAMS 0x00000000c3800000, 0x00000000c3800000| Untracked 
|  15|0x00000000c3900000, 0x00000000c3900000, 0x00000000c3a00000|  0%| F|  |TAMS 0x00000000c3900000, 0x00000000c3900000| Untracked 
|  16|0x00000000c3a00000, 0x00000000c3a00000, 0x00000000c3b00000|  0%| F|  |TAMS 0x00000000c3a00000, 0x00000000c3a00000| Untracked 
|  17|0x00000000c3b00000, 0x00000000c3b00000, 0x00000000c3c00000|  0%| F|  |TAMS 0x00000000c3b00000, 0x00000000c3b00000| Untracked 
|  18|0x00000000c3c00000, 0x00000000c3c00000, 0x00000000c3d00000|  0%| F|  |TAMS 0x00000000c3c00000, 0x00000000c3c00000| Untracked 
|  19|0x00000000c3d00000, 0x00000000c3d00000, 0x00000000c3e00000|  0%| F|  |TAMS 0x00000000c3d00000, 0x00000000c3d00000| Untracked 
|  20|0x00000000c3e00000, 0x00000000c3e00000, 0x00000000c3f00000|  0%| F|  |TAMS 0x00000000c3e00000, 0x00000000c3e00000| Untracked 
|  21|0x00000000c3f00000, 0x00000000c3f00000, 0x00000000c4000000|  0%| F|  |TAMS 0x00000000c3f00000, 0x00000000c3f00000| Untracked 
|  22|0x00000000c4000000, 0x00000000c4000000, 0x00000000c4100000|  0%| F|  |TAMS 0x00000000c4000000, 0x00000000c4000000| Untracked 
|  23|0x00000000c4100000, 0x00000000c4100000, 0x00000000c4200000|  0%| F|  |TAMS 0x00000000c4100000, 0x00000000c4100000| Untracked 
|  24|0x00000000c4200000, 0x00000000c4200000, 0x00000000c4300000|  0%| F|  |TAMS 0x00000000c4200000, 0x00000000c4200000| Untracked 
|  25|0x00000000c4300000, 0x00000000c4300000, 0x00000000c4400000|  0%| F|  |TAMS 0x00000000c4300000, 0x00000000c4300000| Untracked 
|  26|0x00000000c4400000, 0x00000000c4400000, 0x00000000c4500000|  0%| F|  |TAMS 0x00000000c4400000, 0x00000000c4400000| Untracked 
|  27|0x00000000c4500000, 0x00000000c4500000, 0x00000000c4600000|  0%| F|  |TAMS 0x00000000c4500000, 0x00000000c4500000| Untracked 
|  28|0x00000000c4600000, 0x00000000c4600000, 0x00000000c4700000|  0%| F|  |TAMS 0x00000000c4600000, 0x00000000c4600000| Untracked 
|  29|0x00000000c4700000, 0x00000000c4700000, 0x00000000c4800000|  0%| F|  |TAMS 0x00000000c4700000, 0x00000000c4700000| Untracked 
|  30|0x00000000c4800000, 0x00000000c4800000, 0x00000000c4900000|  0%| F|  |TAMS 0x00000000c4800000, 0x00000000c4800000| Untracked 
|  31|0x00000000c4900000, 0x00000000c4900000, 0x00000000c4a00000|  0%| F|  |TAMS 0x00000000c4900000, 0x00000000c4900000| Untracked 
|  32|0x00000000c4a00000, 0x00000000c4a00000, 0x00000000c4b00000|  0%| F|  |TAMS 0x00000000c4a00000, 0x00000000c4a00000| Untracked 
|  33|0x00000000c4b00000, 0x00000000c4b00000, 0x00000000c4c00000|  0%| F|  |TAMS 0x00000000c4b00000, 0x00000000c4b00000| Untracked 
|  34|0x00000000c4c00000, 0x00000000c4c00000, 0x00000000c4d00000|  0%| F|  |TAMS 0x00000000c4c00000, 0x00000000c4c00000| Untracked 
|  35|0x00000000c4d00000, 0x00000000c4d00000, 0x00000000c4e00000|  0%| F|  |TAMS 0x00000000c4d00000, 0x00000000c4d00000| Untracked 
|  36|0x00000000c4e00000, 0x00000000c4e00000, 0x00000000c4f00000|  0%| F|  |TAMS 0x00000000c4e00000, 0x00000000c4e00000| Untracked 
|  37|0x00000000c4f00000, 0x00000000c4f00000, 0x00000000c5000000|  0%| F|  |TAMS 0x00000000c4f00000, 0x00000000c4f00000| Untracked 
|  38|0x00000000c5000000, 0x00000000c5000000, 0x00000000c5100000|  0%| F|  |TAMS 0x00000000c5000000, 0x00000000c5000000| Untracked 
|  39|0x00000000c5100000, 0x00000000c5100000, 0x00000000c5200000|  0%| F|  |TAMS 0x00000000c5100000, 0x00000000c5100000| Untracked 
|  40|0x00000000c5200000, 0x00000000c5200000, 0x00000000c5300000|  0%| F|  |TAMS 0x00000000c5200000, 0x00000000c5200000| Untracked 
|  41|0x00000000c5300000, 0x00000000c5300000, 0x00000000c5400000|  0%| F|  |TAMS 0x00000000c5300000, 0x00000000c5300000| Untracked 
|  42|0x00000000c5400000, 0x00000000c5400000, 0x00000000c5500000|  0%| F|  |TAMS 0x00000000c5400000, 0x00000000c5400000| Untracked 
|  43|0x00000000c5500000, 0x00000000c5500000, 0x00000000c5600000|  0%| F|  |TAMS 0x00000000c5500000, 0x00000000c5500000| Untracked 
|  44|0x00000000c5600000, 0x00000000c5600000, 0x00000000c5700000|  0%| F|  |TAMS 0x00000000c5600000, 0x00000000c5600000| Untracked 
|  45|0x00000000c5700000, 0x00000000c5700000, 0x00000000c5800000|  0%| F|  |TAMS 0x00000000c5700000, 0x00000000c5700000| Untracked 
|  46|0x00000000c5800000, 0x00000000c5800000, 0x00000000c5900000|  0%| F|  |TAMS 0x00000000c5800000, 0x00000000c5800000| Untracked 
|  47|0x00000000c5900000, 0x00000000c5900000, 0x00000000c5a00000|  0%| F|  |TAMS 0x00000000c5900000, 0x00000000c5900000| Untracked 
|  48|0x00000000c5a00000, 0x00000000c5a00000, 0x00000000c5b00000|  0%| F|  |TAMS 0x00000000c5a00000, 0x00000000c5a00000| Untracked 
|  49|0x00000000c5b00000, 0x00000000c5b00000, 0x00000000c5c00000|  0%| F|  |TAMS 0x00000000c5b00000, 0x00000000c5b00000| Untracked 
|  50|0x00000000c5c00000, 0x00000000c5c00000, 0x00000000c5d00000|  0%| F|  |TAMS 0x00000000c5c00000, 0x00000000c5c00000| Untracked 
|  51|0x00000000c5d00000, 0x00000000c5d00000, 0x00000000c5e00000|  0%| F|  |TAMS 0x00000000c5d00000, 0x00000000c5d00000| Untracked 
|  52|0x00000000c5e00000, 0x00000000c5e00000, 0x00000000c5f00000|  0%| F|  |TAMS 0x00000000c5e00000, 0x00000000c5e00000| Untracked 
|  53|0x00000000c5f00000, 0x00000000c5f00000, 0x00000000c6000000|  0%| F|  |TAMS 0x00000000c5f00000, 0x00000000c5f00000| Untracked 
|  54|0x00000000c6000000, 0x00000000c6000000, 0x00000000c6100000|  0%| F|  |TAMS 0x00000000c6000000, 0x00000000c6000000| Untracked 
|  55|0x00000000c6100000, 0x00000000c61ec3e0, 0x00000000c6200000| 92%| E|  |TAMS 0x00000000c6100000, 0x00000000c6100000| Complete 
|  56|0x00000000c6200000, 0x00000000c6300000, 0x00000000c6300000|100%| E|CS|TAMS 0x00000000c6200000, 0x00000000c6200000| Complete 
|  57|0x00000000c6300000, 0x00000000c6400000, 0x00000000c6400000|100%| E|CS|TAMS 0x00000000c6300000, 0x00000000c6300000| Complete 
|  58|0x00000000c6400000, 0x00000000c6500000, 0x00000000c6500000|100%| E|CS|TAMS 0x00000000c6400000, 0x00000000c6400000| Complete 
|  59|0x00000000c6500000, 0x00000000c6600000, 0x00000000c6600000|100%| E|CS|TAMS 0x00000000c6500000, 0x00000000c6500000| Complete 
|  60|0x00000000c6600000, 0x00000000c6700000, 0x00000000c6700000|100%| E|CS|TAMS 0x00000000c6600000, 0x00000000c6600000| Complete 
|  61|0x00000000c6700000, 0x00000000c6800000, 0x00000000c6800000|100%| E|CS|TAMS 0x00000000c6700000, 0x00000000c6700000| Complete 
| 980|0x00000000ffe00000, 0x00000000ffe46000, 0x00000000fff00000| 27%|OA|  |TAMS 0x00000000ffe00000, 0x00000000ffe00000| Untracked 
| 981|0x00000000fff00000, 0x00000000fff8d000, 0x0000000100000000| 55%|CA|  |TAMS 0x00000000fff00000, 0x00000000fff00000| Untracked 

Card table byte_map: [0x00007fb10182a000,0x00007fb101a15000] _byte_map_base: 0x00007fb101215000

Marking Bits (Prev, Next): (CMBitMap*) 0x00007fb0fc0635f0, (CMBitMap*) 0x00007fb0fc063630
 Prev Bits: [0x00007fb1006e7000, 0x00007fb10163f000)
 Next Bits: [0x00007fb0e2551000, 0x00007fb0e34a9000)

Polling page: 0x00007fb103ce8000

Metaspace:

Usage:
  Non-class:      2.36 MB used.
      Class:    243.90 KB used.
       Both:      2.59 MB used.

Virtual space:
  Non-class space:        8.00 MB reserved,       2.44 MB ( 30%) committed,  1 nodes.
      Class space:        1.00 GB reserved,     320.00 KB ( <1%) committed,  1 nodes.
             Both:        1.01 GB reserved,       2.75 MB ( <1%) committed. 

Chunk freelists:
   Non-Class:  3.42 MB
       Class:  3.66 MB
        Both:  7.08 MB

MaxMetaspaceSize: unlimited
CompressedClassSpaceSize: 1.00 GB
Initial GC threshold: 21.00 MB
Current GC threshold: 21.00 MB
CDS: on
MetaspaceReclaimPolicy: balanced
 - commit_granule_bytes: 65536.
 - commit_granule_words: 8192.
 - virtual_space_node_default_size: 1048576.
 - enlarge_chunks_in_place: 1.
 - new_chunks_are_fully_committed: 0.
 - uncommit_free_chunks: 1.
 - use_allocation_guard: 0.
 - handle_deallocations: 1.


Internal statistics:

num_allocs_failed_limit: 0.
num_arena_births: 24.
num_arena_deaths: 0.
num_vsnodes_births: 2.
num_vsnodes_deaths: 0.
num_space_committed: 44.
num_space_uncommitted: 0.
num_chunks_returned_to_freelist: 0.
num_chunks_taken_from_freelist: 59.
num_chunk_merges: 0.
num_chunk_splits: 38.
num_chunks_enlarged: 28.
num_purges: 0.
num_inconsistent_stats: 0.

CodeHeap 'non-profiled nmethods': size=119472Kb used=146Kb max_used=146Kb free=119325Kb
 bounds [0x00007fb0eaffd000, 0x00007fb0eb26d000, 0x00007fb0f24a9000]
CodeHeap 'profiled nmethods': size=119468Kb used=1013Kb max_used=1013Kb free=118455Kb
 bounds [0x00007fb0e34a9000, 0x00007fb0e3719000, 0x00007fb0ea954000]
CodeHeap 'non-nmethods': size=6820Kb used=1131Kb max_used=1135Kb free=5688Kb
 bounds [0x00007fb0ea954000, 0x00007fb0eabc4000, 0x00007fb0eaffd000]
 total_blobs=989 nmethods=573 adapters=338
 compilation: enabled
              stopped_count=0, restarted_count=0
 full_count=0

JVMCI Events (15 events):
Event: 0.006 Thread 0x00007fb0fc025d40 created new Java JVMCI runtime -1 (0x00007fb0fc0dde40)
Event: 0.075 Thread 0x00007fb0fc0f16f0 created new CompileBroker JVMCI runtime 0 (0x00007fb0b00217f0)
Event: 0.075 Thread 0x00007fb0fc0f16f0 attached to JVMCI runtime 0
Event: 0.080 Thread 0x00007fb0fc0f16f0 loaded JVMCI shared library from /home/yst/.jdks/graalvm-ce-17/lib/libjvmcicompiler.so
Event: 0.082 Thread 0x00007fb0fc0f16f0 created JavaVM[1]@0x00007fb0d1daaa08 for JVMCI runtime 0
Event: 0.082 Thread 0x00007fb0fc0f16f0 initializing JVMCI runtime 0
Event: 0.082 Thread 0x00007fb0fc0f16f0 initializing JavaVM references in JVMCI runtime 0
Event: 0.083 Thread 0x00007fb0fc0f16f0 initialized JavaVM references in JVMCI runtime 0
Event: 0.085 Thread 0x00007fb0fc0f16f0 initialized JVMCI runtime 0
Event: 0.136 Thread 0x00007fb0fc0f16f0 compacted oop handles in JVMCI runtime 0 from 54 to 53
Event: 0.151 Thread 0x00007fb0fc0f16f0 compacted oop handles in JVMCI runtime 0 from 55 to 36
Event: 0.153 Thread 0x00007fb0fc0f16f0 compacted oop handles in JVMCI runtime 0 from 39 to 38
Event: 0.153 Thread 0x00007fb0fc0f16f0 compacted oop handles in JVMCI runtime 0 from 44 to 43
Event: 0.232 Thread 0x00007fb0fc0f16f0 compacted oop handles in JVMCI runtime 0 from 49 to 41
Event: 0.244 Thread 0x00007fb0fc0f16f0 compacted oop handles in JVMCI runtime 0 from 48 to 45

Compilation events (20 events):
Event: 0.256 Thread 0x00007fb0fc0f2c30  569       3       java.lang.Class::getReflectionFactory (26 bytes)
Event: 0.256 Thread 0x00007fb0fc0f2c30 nmethod 569 0x00007fb0e359cf10 code [0x00007fb0e359d140, 0x00007fb0e359da70]
Event: 0.256 Thread 0x00007fb0fc0f2c30  570       3       java.lang.String::concat (15 bytes)
Event: 0.257 Thread 0x00007fb0fc0f2c30 nmethod 570 0x00007fb0e359dd90 code [0x00007fb0e359e0e0, 0x00007fb0e359f780]
Event: 0.257 Thread 0x00007fb0fc0f2c30  571       3       java.util.jar.JarFile::maybeInstantiateVerifier (42 bytes)
Event: 0.257 Thread 0x00007fb0fc0f2c30 nmethod 571 0x00007fb0e359ff10 code [0x00007fb0e35a00e0, 0x00007fb0e35a05d0]
Event: 0.257 Thread 0x00007fb0fc0f2c30  553       3       jdk.internal.org.objectweb.asm.ClassWriter::visitMethod (57 bytes)
Event: 0.257 Thread 0x00007fb0fc0f2c30 nmethod 553 0x00007fb0e35a0710 code [0x00007fb0e35a08c0, 0x00007fb0e35a0c20]
Event: 0.258 Thread 0x00007fb0fc0f2c30  555       3       jdk.internal.org.objectweb.asm.MethodVisitor::<init> (7 bytes)
Event: 0.258 Thread 0x00007fb0fc0f2c30 nmethod 555 0x00007fb0e35a0d90 code [0x00007fb0e35a0f40, 0x00007fb0e35a1080]
Event: 0.258 Thread 0x00007fb0fc0f16f0 nmethod 523 0x00007fb0eb01f890 code [0x00007fb0eb01fae0, 0x00007fb0eb020800]
Event: 0.258 Thread 0x00007fb0fc0f16f0  547       4       jdk.internal.org.objectweb.asm.ByteVector::putUTF8 (144 bytes)
Event: 0.259 Thread 0x00007fb0fc0f2c30  572       3       java.util.zip.ZipFile::ensureOpen (40 bytes)
Event: 0.259 Thread 0x00007fb0fc0f2c30 nmethod 572 0x00007fb0e35a1110 code [0x00007fb0e35a12e0, 0x00007fb0e35a1630]
Event: 0.260 Thread 0x00007fb0fc0f2c30  573  s!   3       jdk.internal.loader.URLClassPath::getLoader (194 bytes)
Event: 0.261 Thread 0x00007fb0fc0f2c30 nmethod 573 0x00007fb0e35a1790 code [0x00007fb0e35a1aa0, 0x00007fb0e35a36a0]
Event: 0.261 Thread 0x00007fb0fc0f2c30  574   !   3       java.util.jar.JarFile::checkForSpecialAttributes (163 bytes)
Event: 0.262 Thread 0x00007fb0fc0f2c30 nmethod 574 0x00007fb0e35a3e90 code [0x00007fb0e35a41c0, 0x00007fb0e35a5750]
Event: 0.262 Thread 0x00007fb0fc0f2c30  575   !   3       java.util.jar.JarFile::isMultiRelease (33 bytes)
Event: 0.262 Thread 0x00007fb0fc0f2c30 nmethod 575 0x00007fb0e35a5f90 code [0x00007fb0e35a6140, 0x00007fb0e35a6340]

GC Heap History (0 events):
No events

Dll operation events (7 events):
Event: 0.001 Loaded shared library /home/yst/.jdks/graalvm-ce-17/lib/libjava.so
Event: 0.006 Loaded shared library /home/yst/.jdks/graalvm-ce-17/lib/libjsvml.so
Event: 0.080 Loaded shared library /home/yst/.jdks/graalvm-ce-17/lib/libjvmcicompiler.so
Event: 0.102 Loaded shared library /home/yst/.jdks/graalvm-ce-17/lib/libnio.so
Event: 0.109 Loaded shared library /home/yst/.jdks/graalvm-ce-17/lib/libzip.so
Event: 0.128 Loaded shared library /home/yst/.jdks/graalvm-ce-17/lib/libjimage.so
Event: 0.163 Loaded shared library /home/yst/.cache/JNA/temp/jna4618533663838655471.tmp

Deoptimization events (10 events):
Event: 0.223 Thread 0x00007fb0fc025d40 DEOPT PACKING pc=0x00007fb0e34ed65a sp=0x00007fb102736700
Event: 0.223 Thread 0x00007fb0fc025d40 DEOPT UNPACKING pc=0x00007fb0ea9aac25 sp=0x00007fb102735b40 mode 0
Event: 0.226 Thread 0x00007fb0fc025d40 DEOPT PACKING pc=0x00007fb0e34baf4e sp=0x00007fb102736750
Event: 0.226 Thread 0x00007fb0fc025d40 DEOPT UNPACKING pc=0x00007fb0ea9aac25 sp=0x00007fb102735be8 mode 0
Event: 0.229 Thread 0x00007fb0fc025d40 DEOPT PACKING pc=0x00007fb0e34baf4e sp=0x00007fb1027366b0
Event: 0.229 Thread 0x00007fb0fc025d40 DEOPT UNPACKING pc=0x00007fb0ea9aac25 sp=0x00007fb102735b48 mode 0
Event: 0.230 Thread 0x00007fb0fc025d40 DEOPT PACKING pc=0x00007fb0e34baf4e sp=0x00007fb1027366b0
Event: 0.230 Thread 0x00007fb0fc025d40 DEOPT UNPACKING pc=0x00007fb0ea9aac25 sp=0x00007fb102735b48 mode 0
Event: 0.232 Thread 0x00007fb0fc025d40 DEOPT PACKING pc=0x00007fb0e34baf4e sp=0x00007fb102736570
Event: 0.232 Thread 0x00007fb0fc025d40 DEOPT UNPACKING pc=0x00007fb0ea9aac25 sp=0x00007fb102735a08 mode 0

Classes unloaded (0 events):
No events

Classes redefined (0 events):
No events

Internal exceptions (7 events):
Event: 0.185 Thread 0x00007fb0fc025d40 Exception <a 'java/lang/NoSuchMethodError'{0x00000000c6473de0}: 'java.lang.Object java.lang.invoke.DirectMethodHandle$Holder.invokeStaticInit(java.lang.Object)'> (0x00000000c6473de0) 
thrown [src/hotspot/share/interpreter/linkResolver.cpp, line 758]
Event: 0.187 Thread 0x00007fb0fc025d40 Exception <a 'java/lang/NoSuchMethodError'{0x00000000c647d870}: 'java.lang.Object java.lang.invoke.DirectMethodHandle$Holder.invokeStaticInit(java.lang.Object, java.lang.Object, long, java.lang.Object)'> (0x00000000c647d870) 
thrown [src/hotspot/share/interpreter/linkResolver.cpp, line 758]
Event: 0.188 Thread 0x00007fb0fc025d40 Exception <a 'java/lang/NoSuchMethodError'{0x00000000c6484178}: 'java.lang.Object java.lang.invoke.DirectMethodHandle$Holder.newInvokeSpecial(java.lang.Object, java.lang.Object, long)'> (0x00000000c6484178) 
thrown [src/hotspot/share/interpreter/linkResolver.cpp, line 758]
Event: 0.188 Thread 0x00007fb0fc025d40 Exception <a 'java/lang/NoSuchMethodError'{0x00000000c6488468}: 'java.lang.Object java.lang.invoke.Invokers$Holder.linkToTargetMethod(java.lang.Object, long, java.lang.Object)'> (0x00000000c6488468) 
thrown [src/hotspot/share/interpreter/linkResolver.cpp, line 758]
Event: 0.191 Thread 0x00007fb0fc025d40 Exception <a 'java/lang/NoSuchMethodError'{0x00000000c6490938}: 'java.lang.Object java.lang.invoke.DirectMethodHandle$Holder.newInvokeSpecial(java.lang.Object, java.lang.Object, java.lang.Object, int)'> (0x00000000c6490938) 
thrown [src/hotspot/share/interpreter/linkResolver.cpp, line 758]
Event: 0.191 Thread 0x00007fb0fc025d40 Exception <a 'java/lang/NoSuchMethodError'{0x00000000c6494d18}: 'java.lang.Object java.lang.invoke.DirectMethodHandle$Holder.invokeSpecial(java.lang.Object, java.lang.Object, java.lang.Object, java.lang.Object, int)'> (0x00000000c6494d18) 
thrown [src/hotspot/share/interpreter/linkResolver.cpp, line 758]
Event: 0.192 Thread 0x00007fb0fc025d40 Exception <a 'java/lang/NoSuchMethodError'{0x00000000c64988e0}: 'java.lang.Object java.lang.invoke.Invokers$Holder.linkToTargetMethod(java.lang.Object, java.lang.Object, int, java.lang.Object)'> (0x00000000c64988e0) 
thrown [src/hotspot/share/interpreter/linkResolver.cpp, line 758]

VM Operations (4 events):
Event: 0.038 Executing VM operation: HandshakeAllThreads
Event: 0.038 Executing VM operation: HandshakeAllThreads done
Event: 0.176 Executing VM operation: HandshakeAllThreads
Event: 0.176 Executing VM operation: HandshakeAllThreads done

Events (20 events):
Event: 0.217 loading class java/lang/reflect/ProxyGenerator
Event: 0.217 loading class java/lang/reflect/ProxyGenerator done
Event: 0.218 loading class java/lang/reflect/ProxyGenerator$ProxyMethod
Event: 0.218 loading class java/lang/reflect/ProxyGenerator$ProxyMethod done
Event: 0.221 loading class java/lang/reflect/ProxyGenerator$PrimitiveTypeInfo
Event: 0.221 loading class java/lang/reflect/ProxyGenerator$PrimitiveTypeInfo done
Event: 0.221 loading class jdk/internal/org/objectweb/asm/Edge
Event: 0.221 loading class jdk/internal/org/objectweb/asm/Edge done
Event: 0.238 loading class java/lang/reflect/UndeclaredThrowableException
Event: 0.238 loading class java/lang/reflect/UndeclaredThrowableException done
Event: 0.240 loading class java/lang/reflect/Proxy$ProxyBuilder$1
Event: 0.240 loading class java/lang/reflect/Proxy$ProxyBuilder$1 done
Event: 0.257 loading class java/lang/AssertionError
Event: 0.257 loading class java/lang/AssertionError done
Event: 0.257 loading class java/lang/reflect/TypeVariable
Event: 0.257 loading class java/lang/reflect/TypeVariable done
Event: 0.257 loading class java/lang/reflect/AnnotatedType
Event: 0.257 loading class java/lang/reflect/AnnotatedType done
Event: 0.258 loading class java/lang/TypeNotPresentException
Event: 0.258 loading class java/lang/TypeNotPresentException done


Dynamic libraries:
c2a00000-c6800000 rw-p 00000000 00:00 0 
c6800000-ffe00000 ---p 00000000 00:00 0 
ffe00000-ffe46000 rw-p 00c8d000 fd:00 665708                             /home/yst/.jdks/graalvm-ce-17/lib/server/classes.jsa
ffe46000-fff00000 rw-p 00000000 00:00 0 
fff00000-fff8d000 rw-p 00c00000 fd:00 665708                             /home/yst/.jdks/graalvm-ce-17/lib/server/classes.jsa
fff8d000-100000000 rw-p 00000000 00:00 0 
800000000-800449000 rw-p 00001000 fd:00 665708                           /home/yst/.jdks/graalvm-ce-17/lib/server/classes.jsa
800449000-800bc9000 r--p 0044a000 fd:00 665708                           /home/yst/.jdks/graalvm-ce-17/lib/server/classes.jsa
800bc9000-800c00000 ---p 00000000 00:00 0 
800c00000-800c20000 rw-p 00000000 00:00 0 
800c20000-800c40000 ---p 00000000 00:00 0 
800c40000-800c70000 rw-p 00000000 00:00 0 
800c70000-840c00000 ---p 00000000 00:00 0 
55de4b84c000-55de4b84d000 r-xp 00000000 fd:00 665744                     /home/yst/.jdks/graalvm-ce-17/bin/java
55de4b84e000-55de4b84f000 r--p 00001000 fd:00 665744                     /home/yst/.jdks/graalvm-ce-17/bin/java
55de4b84f000-55de4b850000 rw-p 00002000 fd:00 665744                     /home/yst/.jdks/graalvm-ce-17/bin/java
55de4d4e4000-55de4d52c000 rw-p 00000000 00:00 0                          [heap]
7fb084000000-7fb084021000 rw-p 00000000 00:00 0 
7fb084021000-7fb088000000 ---p 00000000 00:00 0 
7fb08c000000-7fb08c021000 rw-p 00000000 00:00 0 
7fb08c021000-7fb090000000 ---p 00000000 00:00 0 
7fb093800000-7fb09381e000 r-xp 00000000 fd:00 667619                     /home/yst/.cache/JNA/temp/jna4618533663838655471.tmp (deleted)
7fb09381e000-7fb093a1d000 ---p 0001e000 fd:00 667619                     /home/yst/.cache/JNA/temp/jna4618533663838655471.tmp (deleted)
7fb093a1d000-7fb093a1e000 rw-p 0001d000 fd:00 667619                     /home/yst/.cache/JNA/temp/jna4618533663838655471.tmp (deleted)
7fb093a1e000-7fb093a1f000 rw-p 00000000 00:00 0 
7fb093ac0000-7fb093ad9000 r--p 00000000 fd:00 793108                     /usr/lib/x86_64-linux-gnu/libX11.so.6.4.0
7fb093ad9000-7fb093b65000 r-xp 00019000 fd:00 793108                     /usr/lib/x86_64-linux-gnu/libX11.so.6.4.0
7fb093b65000-7fb093bfa000 r--p 000a5000 fd:00 793108                     /usr/lib/x86_64-linux-gnu/libX11.so.6.4.0
7fb093bfa000-7fb093bfb000 ---p 0013a000 fd:00 793108                     /usr/lib/x86_64-linux-gnu/libX11.so.6.4.0
7fb093bfb000-7fb093bfc000 r--p 0013a000 fd:00 793108                     /usr/lib/x86_64-linux-gnu/libX11.so.6.4.0
7fb093bfc000-7fb093c00000 rw-p 0013b000 fd:00 793108                     /usr/lib/x86_64-linux-gnu/libX11.so.6.4.0
7fb093c00000-7fb093d00000 rw-p 00000000 00:00 0 
7fb093e00000-7fb093f00000 rw-p 00000000 00:00 0 
7fb094000000-7fb094021000 rw-p 00000000 00:00 0 
7fb094021000-7fb098000000 ---p 00000000 00:00 0 
7fb098000000-7fb098100000 rw-p 00000000 00:00 0 
7fb098200000-7fb098300000 rw-p 00000000 00:00 0 
7fb098400000-7fb098500000 rw-p 00000000 00:00 0 
7fb098600000-7fb098700000 rw-p 00000000 00:00 0 
7fb098800000-7fb098900000 rw-p 00000000 00:00 0 
7fb098a00000-7fb098b00000 rw-p 00000000 00:00 0 
7fb098c00000-7fb098d00000 rw-p 00000000 00:00 0 
7fb098e00000-7fb098f00000 rw-p 00000000 00:00 0 
7fb099000000-7fb099100000 rw-p 00000000 00:00 0 
7fb099200000-7fb099300000 rw-p 00000000 00:00 0 
7fb099400000-7fb099500000 rw-p 00000000 00:00 0 
7fb099600000-7fb099700000 rw-p 00000000 00:00 0 
7fb099800000-7fb099900000 rw-p 00000000 00:00 0 
7fb099a00000-7fb099b00000 rw-p 00000000 00:00 0 
7fb099c00000-7fb09bdd5000 r-xp 00000000 fd:00 665569                     /home/yst/.jdks/graalvm-ce-17/lib/libjvmcicompiler.so
7fb09bdd5000-7fb09bfd4000 ---p 021d5000 fd:00 665569                     /home/yst/.jdks/graalvm-ce-17/lib/libjvmcicompiler.so
7fb09bfd4000-7fb09bfd5000 r--p 021d4000 fd:00 665569                     /home/yst/.jdks/graalvm-ce-17/lib/libjvmcicompiler.so
7fb09bfd5000-7fb09bfd8000 rw-p 021d5000 fd:00 665569                     /home/yst/.jdks/graalvm-ce-17/lib/libjvmcicompiler.so
7fb09c000000-7fb09c021000 rw-p 00000000 00:00 0 
7fb09c021000-7fb0a0000000 ---p 00000000 00:00 0 
7fb0a0000000-7fb0a0021000 rw-p 00000000 00:00 0 
7fb0a0021000-7fb0a4000000 ---p 00000000 00:00 0 
7fb0a4000000-7fb0a4222000 rw-p 00000000 00:00 0 
7fb0a4222000-7fb0a8000000 ---p 00000000 00:00 0 
7fb0a8000000-7fb0a8021000 rw-p 00000000 00:00 0 
7fb0a8021000-7fb0ac000000 ---p 00000000 00:00 0 
7fb0ac000000-7fb0ac021000 rw-p 00000000 00:00 0 
7fb0ac021000-7fb0b0000000 ---p 00000000 00:00 0 
7fb0b0000000-7fb0b0032000 rw-p 00000000 00:00 0 
7fb0b0032000-7fb0b4000000 ---p 00000000 00:00 0 
7fb0b4000000-7fb0b4021000 rw-p 00000000 00:00 0 
7fb0b4021000-7fb0b8000000 ---p 00000000 00:00 0 
7fb0b8000000-7fb0b8021000 rw-p 00000000 00:00 0 
7fb0b8021000-7fb0bc000000 ---p 00000000 00:00 0 
7fb0bc000000-7fb0bc021000 rw-p 00000000 00:00 0 
7fb0bc021000-7fb0c0000000 ---p 00000000 00:00 0 
7fb0c0000000-7fb0c0021000 rw-p 00000000 00:00 0 
7fb0c0021000-7fb0c4000000 ---p 00000000 00:00 0 
7fb0c4000000-7fb0c4021000 rw-p 00000000 00:00 0 
7fb0c4021000-7fb0c8000000 ---p 00000000 00:00 0 
7fb0c8000000-7fb0c8021000 rw-p 00000000 00:00 0 
7fb0c8021000-7fb0cc000000 ---p 00000000 00:00 0 
7fb0cc000000-7fb0cc021000 rw-p 00000000 00:00 0 
7fb0cc021000-7fb0d0000000 ---p 00000000 00:00 0 
7fb0d0100000-7fb0d0200000 rw-p 00000000 00:00 0 
7fb0d0300000-7fb0d0400000 rw-p 00000000 00:00 0 
7fb0d0500000-7fb0d0600000 rw-p 00000000 00:00 0 
7fb0d0700000-7fb0d0800000 rw-p 00000000 00:00 0 
7fb0d0900000-7fb0d0a00000 rw-p 00000000 00:00 0 
7fb0d0b00000-7fb0d0c00000 rw-p 00000000 00:00 0 
7fb0d0d00000-7fb0d0e00000 rw-p 00000000 00:00 0 
7fb0d0f00000-7fb0d1000000 rw-p 00000000 00:00 0 
7fb0d1000000-7fb0d1004000 ---p 00000000 00:00 0 
7fb0d1004000-7fb0d1100000 rw-p 00000000 00:00 0 
7fb0d1100000-7fb0d1200000 ---p 00000000 00:00 0 
7fb0d1200000-7fb0d17b2000 r--p 01183000 fd:00 665569                     /home/yst/.jdks/graalvm-ce-17/lib/libjvmcicompiler.so
7fb0d17b2000-7fb0d1900000 r--p 00000000 00:00 0 
7fb0d1900000-7fb0d1941000 rw-p 00000000 00:00 0 
7fb0d1941000-7fb0d1e5d000 rw-p 018c4000 fd:00 665569                     /home/yst/.jdks/graalvm-ce-17/lib/libjvmcicompiler.so
7fb0d1e5d000-7fb0d224e000 r--p 01de0000 fd:00 665569                     /home/yst/.jdks/graalvm-ce-17/lib/libjvmcicompiler.so
7fb0d22e6000-7fb0d22e8000 r--p 00000000 fd:00 793258                     /usr/lib/x86_64-linux-gnu/libmd.so.0.0.5
7fb0d22e8000-7fb0d22ef000 r-xp 00002000 fd:00 793258                     /usr/lib/x86_64-linux-gnu/libmd.so.0.0.5
7fb0d22ef000-7fb0d22f1000 r--p 00009000 fd:00 793258                     /usr/lib/x86_64-linux-gnu/libmd.so.0.0.5
7fb0d22f1000-7fb0d22f2000 r--p 0000a000 fd:00 793258                     /usr/lib/x86_64-linux-gnu/libmd.so.0.0.5
7fb0d22f2000-7fb0d22f3000 rw-p 0000b000 fd:00 793258                     /usr/lib/x86_64-linux-gnu/libmd.so.0.0.5
7fb0d22f3000-7fb0d22f7000 r--p 00000000 fd:00 793142                     /usr/lib/x86_64-linux-gnu/libbsd.so.0.11.5
7fb0d22f7000-7fb0d2304000 r-xp 00004000 fd:00 793142                     /usr/lib/x86_64-linux-gnu/libbsd.so.0.11.5
7fb0d2304000-7fb0d2307000 r--p 00011000 fd:00 793142                     /usr/lib/x86_64-linux-gnu/libbsd.so.0.11.5
7fb0d2307000-7fb0d2308000 ---p 00014000 fd:00 793142                     /usr/lib/x86_64-linux-gnu/libbsd.so.0.11.5
7fb0d2308000-7fb0d2309000 r--p 00014000 fd:00 793142                     /usr/lib/x86_64-linux-gnu/libbsd.so.0.11.5
7fb0d2309000-7fb0d230a000 rw-p 00015000 fd:00 793142                     /usr/lib/x86_64-linux-gnu/libbsd.so.0.11.5
7fb0d230a000-7fb0d230b000 rw-p 00000000 00:00 0 
7fb0d230b000-7fb0d230d000 r--p 00000000 fd:00 793110                     /usr/lib/x86_64-linux-gnu/libXdmcp.so.6.0.0
7fb0d230d000-7fb0d230f000 r-xp 00002000 fd:00 793110                     /usr/lib/x86_64-linux-gnu/libXdmcp.so.6.0.0
7fb0d230f000-7fb0d2311000 r--p 00004000 fd:00 793110                     /usr/lib/x86_64-linux-gnu/libXdmcp.so.6.0.0
7fb0d2311000-7fb0d2312000 r--p 00005000 fd:00 793110                     /usr/lib/x86_64-linux-gnu/libXdmcp.so.6.0.0
7fb0d2312000-7fb0d2313000 rw-p 00006000 fd:00 793110                     /usr/lib/x86_64-linux-gnu/libXdmcp.so.6.0.0
7fb0d2313000-7fb0d2314000 ---p 00000000 00:00 0 
7fb0d2314000-7fb0d2415000 rw-p 00000000 00:00 0 
7fb0d2415000-7fb0d2419000 ---p 00000000 00:00 0 
7fb0d2419000-7fb0d2515000 rw-p 00000000 00:00 0 
7fb0d2515000-7fb0d2519000 ---p 00000000 00:00 0 
7fb0d2519000-7fb0d2615000 rw-p 00000000 00:00 0 
7fb0d2615000-7fb0d2619000 ---p 00000000 00:00 0 
7fb0d2619000-7fb0d2715000 rw-p 00000000 00:00 0 
7fb0d2715000-7fb0d2719000 ---p 00000000 00:00 0 
7fb0d2719000-7fb0d2915000 rw-p 00000000 00:00 0 
7fb0d2915000-7fb0d2919000 ---p 00000000 00:00 0 
7fb0d2919000-7fb0d2b15000 rw-p 00000000 00:00 0 
7fb0d2b15000-7fb0d2b19000 ---p 00000000 00:00 0 
7fb0d2b19000-7fb0d2c15000 rw-p 00000000 00:00 0 
7fb0d2c15000-7fb0d2c19000 ---p 00000000 00:00 0 
7fb0d2c19000-7fb0d2d15000 rw-p 00000000 00:00 0 
7fb0d2d15000-7fb0d2d19000 ---p 00000000 00:00 0 
7fb0d2d19000-7fb0d2e15000 rw-p 00000000 00:00 0 
7fb0d2e15000-7fb0d30fe000 r--p 00000000 fd:00 786433                     /usr/lib/locale/locale-archive
7fb0d30fe000-7fb0d3102000 ---p 00000000 00:00 0 
7fb0d3102000-7fb0d31fe000 rw-p 00000000 00:00 0 
7fb0d31fe000-7fb0d3202000 ---p 00000000 00:00 0 
7fb0d3202000-7fb0d32fe000 rw-p 00000000 00:00 0 
7fb0d32fe000-7fb0d32ff000 ---p 00000000 00:00 0 
7fb0d32ff000-7fb0d35d0000 rw-p 00000000 00:00 0 
7fb0d35d0000-7fb0d3800000 ---p 00000000 00:00 0 
7fb0d3800000-7fb0d38a0000 rw-p 00000000 00:00 0 
7fb0d38a0000-7fb0d3c00000 ---p 00000000 00:00 0 
7fb0d3c05000-7fb0d3c10000 r--p 00000000 fd:00 793392                     /usr/lib/x86_64-linux-gnu/libxcb.so.1.1.0
7fb0d3c10000-7fb0d3c24000 r-xp 0000b000 fd:00 793392                     /usr/lib/x86_64-linux-gnu/libxcb.so.1.1.0
7fb0d3c24000-7fb0d3c2d000 r--p 0001f000 fd:00 793392                     /usr/lib/x86_64-linux-gnu/libxcb.so.1.1.0
7fb0d3c2d000-7fb0d3c2e000 r--p 00027000 fd:00 793392                     /usr/lib/x86_64-linux-gnu/libxcb.so.1.1.0
7fb0d3c2e000-7fb0d3c2f000 rw-p 00028000 fd:00 793392                     /usr/lib/x86_64-linux-gnu/libxcb.so.1.1.0
7fb0d3c2f000-7fb0d3c36000 r--s 00000000 fd:00 922089                     /usr/lib/x86_64-linux-gnu/gconv/gconv-modules.cache
7fb0d3c36000-7fb0d3c3a000 ---p 00000000 00:00 0 
7fb0d3c3a000-7fb0d3c58000 rw-p 00000000 00:00 0 
7fb0d3c58000-7fb0d3c5f000 r-xp 00000000 fd:00 665631                     /home/yst/.jdks/graalvm-ce-17/lib/libzip.so
7fb0d3c5f000-7fb0d3c60000 ---p 00007000 fd:00 665631                     /home/yst/.jdks/graalvm-ce-17/lib/libzip.so
7fb0d3c60000-7fb0d3c61000 r--p 00007000 fd:00 665631                     /home/yst/.jdks/graalvm-ce-17/lib/libzip.so
7fb0d3c61000-7fb0d3c62000 rw-p 00008000 fd:00 665631                     /home/yst/.jdks/graalvm-ce-17/lib/libzip.so
7fb0d3c62000-7fb0d3c93000 rw-p 00000000 00:00 0 
7fb0d3c93000-7fb0d3ca8000 r-xp 00000000 fd:00 665628                     /home/yst/.jdks/graalvm-ce-17/lib/libnet.so
7fb0d3ca8000-7fb0d3ca9000 ---p 00015000 fd:00 665628                     /home/yst/.jdks/graalvm-ce-17/lib/libnet.so
7fb0d3ca9000-7fb0d3caa000 r--p 00015000 fd:00 665628                     /home/yst/.jdks/graalvm-ce-17/lib/libnet.so
7fb0d3caa000-7fb0d3cab000 rw-p 00016000 fd:00 665628                     /home/yst/.jdks/graalvm-ce-17/lib/libnet.so
7fb0d3cab000-7fb0d3d79000 r-xp 00000000 fd:00 665692                     /home/yst/.jdks/graalvm-ce-17/lib/libjsvml.so
7fb0d3d79000-7fb0d3d7a000 r--p 000cd000 fd:00 665692                     /home/yst/.jdks/graalvm-ce-17/lib/libjsvml.so
7fb0d3d7a000-7fb0d3d7b000 rw-p 000ce000 fd:00 665692                     /home/yst/.jdks/graalvm-ce-17/lib/libjsvml.so
7fb0d3d7b000-7fb0d3dfc000 rw-p 00000000 00:00 0 
7fb0d3dfc000-7fb0d3dfd000 ---p 00000000 00:00 0 
7fb0d3dfd000-7fb0d3efe000 rw-p 00000000 00:00 0 
7fb0d3efe000-7fb0d3eff000 ---p 00000000 00:00 0 
7fb0d3eff000-7fb0d4000000 rw-p 00000000 00:00 0 
7fb0d4000000-7fb0d4021000 rw-p 00000000 00:00 0 
7fb0d4021000-7fb0d8000000 ---p 00000000 00:00 0 
7fb0d8000000-7fb0d8021000 rw-p 00000000 00:00 0 
7fb0d8021000-7fb0dc000000 ---p 00000000 00:00 0 
7fb0dc000000-7fb0dc021000 rw-p 00000000 00:00 0 
7fb0dc021000-7fb0e0000000 ---p 00000000 00:00 0 
7fb0e0000000-7fb0e0001000 r--p 00000000 fd:00 793109                     /usr/lib/x86_64-linux-gnu/libXau.so.6.0.0
7fb0e0001000-7fb0e0003000 r-xp 00001000 fd:00 793109                     /usr/lib/x86_64-linux-gnu/libXau.so.6.0.0
7fb0e0003000-7fb0e0004000 r--p 00003000 fd:00 793109                     /usr/lib/x86_64-linux-gnu/libXau.so.6.0.0
7fb0e0004000-7fb0e0005000 r--p 00003000 fd:00 793109                     /usr/lib/x86_64-linux-gnu/libXau.so.6.0.0
7fb0e0005000-7fb0e0006000 rw-p 00004000 fd:00 793109                     /usr/lib/x86_64-linux-gnu/libXau.so.6.0.0
7fb0e0006000-7fb0e0019000 r-xp 00000000 fd:00 665629                     /home/yst/.jdks/graalvm-ce-17/lib/libnio.so
7fb0e0019000-7fb0e001a000 r--p 00012000 fd:00 665629                     /home/yst/.jdks/graalvm-ce-17/lib/libnio.so
7fb0e001a000-7fb0e001b000 rw-p 00013000 fd:00 665629                     /home/yst/.jdks/graalvm-ce-17/lib/libnio.so
7fb0e001b000-7fb0e2649000 rw-p 00000000 00:00 0 
7fb0e2649000-7fb0e34a1000 ---p 00000000 00:00 0 
7fb0e34a1000-7fb0e34a9000 rw-p 00000000 00:00 0 
7fb0e34a9000-7fb0e3719000 rwxp 00000000 00:00 0 
7fb0e3719000-7fb0ea954000 ---p 00000000 00:00 0 
7fb0ea954000-7fb0eabc4000 rwxp 00000000 00:00 0 
7fb0eabc4000-7fb0eaffd000 ---p 00000000 00:00 0 
7fb0eaffd000-7fb0eb26d000 rwxp 00000000 00:00 0 
7fb0eb26d000-7fb0f24a9000 ---p 00000000 00:00 0 
7fb0f24a9000-7fb0fc000000 r--s 00000000 fd:00 665619                     /home/yst/.jdks/graalvm-ce-17/lib/modules
7fb0fc000000-7fb0fc213000 rw-p 00000000 00:00 0 
7fb0fc213000-7fb100000000 ---p 00000000 00:00 0 
7fb100002000-7fb1003a1000 rw-p 00000000 00:00 0 
7fb1003a1000-7fb1003a2000 ---p 00000000 00:00 0 
7fb1003a2000-7fb1004a3000 rw-p 00000000 00:00 0 
7fb1004a3000-7fb1004a4000 ---p 00000000 00:00 0 
7fb1004a4000-7fb1005a5000 rw-p 00000000 00:00 0 
7fb1005a5000-7fb1005a6000 ---p 00000000 00:00 0 
7fb1005a6000-7fb1007df000 rw-p 00000000 00:00 0 
7fb1007df000-7fb101637000 ---p 00000000 00:00 0 
7fb101637000-7fb10165e000 rw-p 00000000 00:00 0 
7fb10165e000-7fb101829000 ---p 00000000 00:00 0 
7fb101829000-7fb101849000 rw-p 00000000 00:00 0 
7fb101849000-7fb101a14000 ---p 00000000 00:00 0 
7fb101a14000-7fb101a34000 rw-p 00000000 00:00 0 
7fb101a34000-7fb101bff000 ---p 00000000 00:00 0 
7fb101bff000-7fb10240d000 rw-p 00000000 00:00 0 
7fb10240d000-7fb1024f2000 ---p 00000000 00:00 0 
7fb1024f2000-7fb1024f7000 rw-p 00000000 00:00 0 
7fb1024f7000-7fb1025dc000 ---p 00000000 00:00 0 
7fb1025dc000-7fb1025e1000 rw-p 00000000 00:00 0 
7fb1025e1000-7fb1025ea000 ---p 00000000 00:00 0 
7fb1025ea000-7fb10260e000 r-xp 00000000 fd:00 665624                     /home/yst/.jdks/graalvm-ce-17/lib/libjava.so
7fb10260e000-7fb10260f000 ---p 00024000 fd:00 665624                     /home/yst/.jdks/graalvm-ce-17/lib/libjava.so
7fb10260f000-7fb102610000 r--p 00024000 fd:00 665624                     /home/yst/.jdks/graalvm-ce-17/lib/libjava.so
7fb102610000-7fb102611000 rw-p 00025000 fd:00 665624                     /home/yst/.jdks/graalvm-ce-17/lib/libjava.so
7fb102611000-7fb102612000 rw-p 00000000 00:00 0 
7fb102612000-7fb10261a000 rw-s 00000000 fd:00 269408                     /tmp/hsperfdata_yst/45918
7fb10261a000-7fb102635000 r-xp 00000000 fd:00 665625                     /home/yst/.jdks/graalvm-ce-17/lib/libjimage.so
7fb102635000-7fb102636000 ---p 0001b000 fd:00 665625                     /home/yst/.jdks/graalvm-ce-17/lib/libjimage.so
7fb102636000-7fb102638000 r--p 0001b000 fd:00 665625                     /home/yst/.jdks/graalvm-ce-17/lib/libjimage.so
7fb102638000-7fb102639000 rw-p 0001d000 fd:00 665625                     /home/yst/.jdks/graalvm-ce-17/lib/libjimage.so
7fb102639000-7fb10263d000 ---p 00000000 00:00 0 
7fb10263d000-7fb102739000 rw-p 00000000 00:00 0 
7fb102739000-7fb102747000 r--p 00000000 fd:00 793254                     /usr/lib/x86_64-linux-gnu/libm.so.6
7fb102747000-7fb1027c3000 r-xp 0000e000 fd:00 793254                     /usr/lib/x86_64-linux-gnu/libm.so.6
7fb1027c3000-7fb10281e000 r--p 0008a000 fd:00 793254                     /usr/lib/x86_64-linux-gnu/libm.so.6
7fb10281e000-7fb10281f000 r--p 000e4000 fd:00 793254                     /usr/lib/x86_64-linux-gnu/libm.so.6
7fb10281f000-7fb102820000 rw-p 000e5000 fd:00 793254                     /usr/lib/x86_64-linux-gnu/libm.so.6
7fb102820000-7fb102821000 r--p 00000000 fd:00 793332                     /usr/lib/x86_64-linux-gnu/librt.so.1
7fb102821000-7fb102822000 r-xp 00001000 fd:00 793332                     /usr/lib/x86_64-linux-gnu/librt.so.1
7fb102822000-7fb102823000 r--p 00002000 fd:00 793332                     /usr/lib/x86_64-linux-gnu/librt.so.1
7fb102823000-7fb102824000 r--p 00002000 fd:00 793332                     /usr/lib/x86_64-linux-gnu/librt.so.1
7fb102824000-7fb102825000 rw-p 00003000 fd:00 793332                     /usr/lib/x86_64-linux-gnu/librt.so.1
7fb102825000-7fb10393d000 r-xp 00000000 fd:00 665707                     /home/yst/.jdks/graalvm-ce-17/lib/server/libjvm.so
7fb10393d000-7fb10393e000 ---p 01118000 fd:00 665707                     /home/yst/.jdks/graalvm-ce-17/lib/server/libjvm.so
7fb10393e000-7fb1039f3000 r--p 01118000 fd:00 665707                     /home/yst/.jdks/graalvm-ce-17/lib/server/libjvm.so
7fb1039f3000-7fb103a27000 rw-p 011cd000 fd:00 665707                     /home/yst/.jdks/graalvm-ce-17/lib/server/libjvm.so
7fb103a27000-7fb103a84000 rw-p 00000000 00:00 0 
7fb103a84000-7fb103aac000 r--p 00000000 fd:00 793144                     /usr/lib/x86_64-linux-gnu/libc.so.6
7fb103aac000-7fb103c41000 r-xp 00028000 fd:00 793144                     /usr/lib/x86_64-linux-gnu/libc.so.6
7fb103c41000-7fb103c99000 r--p 001bd000 fd:00 793144                     /usr/lib/x86_64-linux-gnu/libc.so.6
7fb103c99000-7fb103c9d000 r--p 00214000 fd:00 793144                     /usr/lib/x86_64-linux-gnu/libc.so.6
7fb103c9d000-7fb103c9f000 rw-p 00218000 fd:00 793144                     /usr/lib/x86_64-linux-gnu/libc.so.6
7fb103c9f000-7fb103cac000 rw-p 00000000 00:00 0 
7fb103cac000-7fb103cad000 r--p 00000000 fd:00 793163                     /usr/lib/x86_64-linux-gnu/libdl.so.2
7fb103cad000-7fb103cae000 r-xp 00001000 fd:00 793163                     /usr/lib/x86_64-linux-gnu/libdl.so.2
7fb103cae000-7fb103caf000 r--p 00002000 fd:00 793163                     /usr/lib/x86_64-linux-gnu/libdl.so.2
7fb103caf000-7fb103cb0000 r--p 00002000 fd:00 793163                     /usr/lib/x86_64-linux-gnu/libdl.so.2
7fb103cb0000-7fb103cb1000 rw-p 00003000 fd:00 793163                     /usr/lib/x86_64-linux-gnu/libdl.so.2
7fb103cb1000-7fb103cb2000 r--p 00000000 fd:00 793327                     /usr/lib/x86_64-linux-gnu/libpthread.so.0
7fb103cb2000-7fb103cb3000 r-xp 00001000 fd:00 793327                     /usr/lib/x86_64-linux-gnu/libpthread.so.0
7fb103cb3000-7fb103cb4000 r--p 00002000 fd:00 793327                     /usr/lib/x86_64-linux-gnu/libpthread.so.0
7fb103cb4000-7fb103cb5000 r--p 00002000 fd:00 793327                     /usr/lib/x86_64-linux-gnu/libpthread.so.0
7fb103cb5000-7fb103cb6000 rw-p 00003000 fd:00 793327                     /usr/lib/x86_64-linux-gnu/libpthread.so.0
7fb103cb6000-7fb103cc4000 r-xp 00000000 fd:00 665626                     /home/yst/.jdks/graalvm-ce-17/lib/libjli.so
7fb103cc4000-7fb103cc5000 ---p 0000e000 fd:00 665626                     /home/yst/.jdks/graalvm-ce-17/lib/libjli.so
7fb103cc5000-7fb103cc6000 r--p 0000e000 fd:00 665626                     /home/yst/.jdks/graalvm-ce-17/lib/libjli.so
7fb103cc6000-7fb103cc7000 rw-p 0000f000 fd:00 665626                     /home/yst/.jdks/graalvm-ce-17/lib/libjli.so
7fb103cc7000-7fb103cc9000 r--p 00000000 fd:00 786979                     /usr/lib/x86_64-linux-gnu/libz.so.1.2.11
7fb103cc9000-7fb103cda000 r-xp 00002000 fd:00 786979                     /usr/lib/x86_64-linux-gnu/libz.so.1.2.11
7fb103cda000-7fb103ce0000 r--p 00013000 fd:00 786979                     /usr/lib/x86_64-linux-gnu/libz.so.1.2.11
7fb103ce0000-7fb103ce1000 ---p 00019000 fd:00 786979                     /usr/lib/x86_64-linux-gnu/libz.so.1.2.11
7fb103ce1000-7fb103ce2000 r--p 00019000 fd:00 786979                     /usr/lib/x86_64-linux-gnu/libz.so.1.2.11
7fb103ce2000-7fb103ce3000 rw-p 0001a000 fd:00 786979                     /usr/lib/x86_64-linux-gnu/libz.so.1.2.11
7fb103ce8000-7fb103ce9000 ---p 00000000 00:00 0 
7fb103ce9000-7fb103cea000 r--p 00000000 00:00 0 
7fb103cea000-7fb103cec000 rw-p 00000000 00:00 0 
7fb103cec000-7fb103cee000 r--p 00000000 fd:00 793105                     /usr/lib/x86_64-linux-gnu/ld-linux-x86-64.so.2
7fb103cee000-7fb103d18000 r-xp 00002000 fd:00 793105                     /usr/lib/x86_64-linux-gnu/ld-linux-x86-64.so.2
7fb103d18000-7fb103d23000 r--p 0002c000 fd:00 793105                     /usr/lib/x86_64-linux-gnu/ld-linux-x86-64.so.2
7fb103d23000-7fb103d24000 ---p 00000000 00:00 0 
7fb103d24000-7fb103d26000 r--p 00037000 fd:00 793105                     /usr/lib/x86_64-linux-gnu/ld-linux-x86-64.so.2
7fb103d26000-7fb103d28000 rw-p 00039000 fd:00 793105                     /usr/lib/x86_64-linux-gnu/ld-linux-x86-64.so.2
7fffbc786000-7fffbc7a7000 rw-p 00000000 00:00 0                          [stack]
7fffbc7ac000-7fffbc7b0000 r--p 00000000 00:00 0                          [vvar]
7fffbc7b0000-7fffbc7b2000 r-xp 00000000 00:00 0                          [vdso]
ffffffffff600000-ffffffffff601000 --xp 00000000 00:00 0                  [vsyscall]


VM Arguments:
jvm_args: -XX:ThreadPriorityPolicy=1 -XX:+UnlockExperimentalVMOptions -XX:+EnableJVMCIProduct -XX:JVMCIThreadsPerNativeLibraryRuntime=1 -XX:-UnlockExperimentalVMOptions -Dfile.encoding=UTF-8 -Duser.country=US -Duser.language=en -Duser.variant 
java_command: cf.thdisstudio.afioaos.compositor.Main
java_class_path (initial): /home/yst/IdeaProjects/WindowManager/build/classes/java/main:/home/yst/IdeaProjects/WindowManager/build/resources/main:/home/yst/.gradle/caches/modules-2/files-2.1/net.java.dev.jna/jna-platform/5.13.0/88e9a306715e9379f3122415ef4ae759a352640d/jna-platform-5.13.0.jar:/home/yst/.gradle/caches/modules-2/files-2.1/net.java.dev.jna/jna/5.13.0/1200e7ebeedbe0d10062093f32925a912020e747/jna-5.13.0.jar
Launcher Type: SUN_STANDARD

[Global flags]
     intx CICompilerCount                          = 4                                         {product} {ergonomic}
     uint ConcGCThreads                            = 2                                         {product} {ergonomic}
     bool EnableJVMCIProduct                       = true                                {JVMCI product} {jimage}
     uint G1ConcRefinementThreads                  = 8                                         {product} {ergonomic}
   size_t G1HeapRegionSize                         = 1048576                                   {product} {ergonomic}
    uintx GCDrainStackTargetSize                   = 64                                        {product} {ergonomic}
   size_t InitialHeapSize                          = 65011712                                  {product} {ergonomic}
     uint JVMCIThreadsPerNativeLibraryRuntime      = 1                                   {JVMCI product} {jimage}
   size_t MarkStackSize                            = 4194304                                   {product} {ergonomic}
   size_t MaxHeapSize                              = 1029701632                                {product} {ergonomic}
   size_t MaxNewSize                               = 617611264                                 {product} {ergonomic}
   size_t MinHeapDeltaBytes                        = 1048576                                   {product} {ergonomic}
   size_t MinHeapSize                              = 8388608                                   {product} {ergonomic}
    uintx NonNMethodCodeHeapSize                   = 6979620                                {pd product} {ergonomic}
    uintx NonProfiledCodeHeapSize                  = 122339310                              {pd product} {ergonomic}
    uintx ProfiledCodeHeapSize                     = 122339310                              {pd product} {ergonomic}
    uintx ReservedCodeCacheSize                    = 251658240                              {pd product} {ergonomic}
     bool SegmentedCodeCache                       = true                                      {product} {ergonomic}
   size_t SoftMaxHeapSize                          = 1029701632                             {manageable} {ergonomic}
     intx ThreadPriorityPolicy                     = 1                                         {product} {jimage}
     bool UseCompressedClassPointers               = true                           {product lp64_product} {ergonomic}
     bool UseCompressedOops                        = true                           {product lp64_product} {ergonomic}
     bool UseG1GC                                  = true                                      {product} {ergonomic}

Logging:
Log output configuration:
 #0: stdout all=warning uptime,level,tags
 #1: stderr all=off uptime,level,tags

Environment Variables:
PATH=/usr/local/sbin:/usr/local/bin:/usr/sbin:/usr/bin:/sbin:/bin:/usr/games:/usr/local/games:/snap/bin
SHELL=/bin/bash
LANG=en_US.UTF-8
TERM=vt100

Signal Handlers:
   SIGSEGV: crash_handler in libjvm.so, mask=11100100010111111101111111111110, flags=SA_RESTART|SA_SIGINFO
    SIGBUS: crash_handler in libjvm.so, mask=11100100010111111101111111111110, flags=SA_RESTART|SA_SIGINFO
    SIGFPE: crash_handler in libjvm.so, mask=11100100010111111101111111111110, flags=SA_RESTART|SA_SIGINFO
   SIGPIPE: IsolateEnterStub_IgnoreSIGPIPEStartupHook_noopSignalHandler_e7f927579b58c552540f032273d7664341ccbaa6_76208cad888c6e1fb3760e66784fb81a9ad004e5 in libjvmcicompiler.so, mask=00000000000000000000000000000000, flags=SA_RESTART
  *** Handler was modified!
  *** Expected: javaSignalHandler in libjvm.so, mask=11100100110111111111111111111110, flags=SA_RESTART|SA_SIGINFO
   SIGXFSZ: javaSignalHandler in libjvm.so, mask=11100100010111111101111111111110, flags=SA_RESTART|SA_SIGINFO
    SIGILL: crash_handler in libjvm.so, mask=11100100010111111101111111111110, flags=SA_RESTART|SA_SIGINFO
   SIGUSR2: SR_handler in libjvm.so, mask=00100000000000000000000000000000, flags=SA_RESTART|SA_SIGINFO
    SIGHUP: SIG_IGN, mask=00000000000000000000000000000000, flags=none
    SIGINT: UserHandler in libjvm.so, mask=11100100010111111101111111111110, flags=SA_RESTART|SA_SIGINFO
   SIGTERM: UserHandler in libjvm.so, mask=11100100010111111101111111111110, flags=SA_RESTART|SA_SIGINFO
   SIGQUIT: UserHandler in libjvm.so, mask=11100100010111111101111111111110, flags=SA_RESTART|SA_SIGINFO
   SIGTRAP: crash_handler in libjvm.so, mask=11100100010111111101111111111110, flags=SA_RESTART|SA_SIGINFO


---------------  S Y S T E M  ---------------

OS:
DISTRIB_ID=Ubuntu
DISTRIB_RELEASE=22.04
DISTRIB_CODENAME=jammy
DISTRIB_DESCRIPTION="Ubuntu 22.04.1 LTS"
uname: Linux 5.15.0-58-generic #64-Ubuntu SMP Thu Jan 5 11:43:13 UTC 2023 x86_64
OS uptime: 0 days 4:51 hours
libc: glibc 2.35 NPTL 2.35 
rlimit (soft/hard): STACK 8192k/infinity , CORE 0k/infinity , NPROC 15246/15246 , NOFILE 1048576/1048576 , AS infinity/infinity , CPU infinity/infinity , DATA infinity/infinity , FSIZE infinity/infinity , MEMLOCK 502096k/502096k
load average: 0.27 0.27 0.37

/proc/meminfo:
MemTotal:        4016768 kB
MemFree:          105400 kB
MemAvailable:     108996 kB
Buffers:            3604 kB
Cached:           191240 kB
SwapCached:        24336 kB
Active:          1331940 kB
Inactive:        2371696 kB
Active(anon):    1234952 kB
Inactive(anon):  2284144 kB
Active(file):      96988 kB
Inactive(file):    87552 kB
Unevictable:       27876 kB
Mlocked:           27876 kB
SwapTotal:       4018172 kB
SwapFree:        3021896 kB
Dirty:              5016 kB
Writeback:           528 kB
AnonPages:       3526720 kB
Mapped:           102480 kB
Shmem:               892 kB
KReclaimable:      43188 kB
Slab:              91360 kB
SReclaimable:      43188 kB
SUnreclaim:        48172 kB
KernelStack:        7820 kB
PageTables:        16700 kB
NFS_Unstable:          0 kB
Bounce:                0 kB
WritebackTmp:          0 kB
CommitLimit:     6026556 kB
Committed_AS:    4811892 kB
VmallocTotal:   34359738367 kB
VmallocUsed:       38304 kB
VmallocChunk:          0 kB
Percpu:             4800 kB
HardwareCorrupted:     0 kB
AnonHugePages:         0 kB
ShmemHugePages:        0 kB
ShmemPmdMapped:        0 kB
FileHugePages:         0 kB
FilePmdMapped:         0 kB
HugePages_Total:       0
HugePages_Free:        0
HugePages_Rsvd:        0
HugePages_Surp:        0
Hugepagesize:       2048 kB
Hugetlb:               0 kB
DirectMap4k:      178112 kB
DirectMap2M:     4016128 kB

/sys/kernel/mm/transparent_hugepage/enabled: always [madvise] never
/sys/kernel/mm/transparent_hugepage/defrag (defrag/compaction efforts parameter): always defer defer+madvise [madvise] never

Process Memory:
Virtual Size: 4019212K (peak: 4077720K)
Resident Set Size: 99316K (peak: 99316K) (anon: 53580K, file: 45736K, shmem: 0K)
Swapped out: 0K
C-Heap outstanding allocations: 28678K, retained: 2349K
glibc malloc tunables: (default)

/proc/sys/kernel/threads-max (system-wide limit on the number of threads): 30493
/proc/sys/vm/max_map_count (maximum number of memory map areas a process may have): 65530
/proc/sys/kernel/pid_max (system-wide limit on number of process identifiers): 4194304

container (cgroup) information:
container_type: cgroupv2
cpu_cpuset_cpus: not supported
cpu_memory_nodes: not supported
active_processor_count: 8
cpu_quota: not supported
cpu_period: not supported
cpu_shares: not supported
memory_limit_in_bytes: unlimited
memory_and_swap_limit_in_bytes: unlimited
memory_soft_limit_in_bytes: unlimited
memory_usage_in_bytes: 3648212 k
memory_max_usage_in_bytes: not supported
memory_swap_current_in_bytes: 951308 k
memory_swap_max_limit_in_bytes: unlimited
maximum number of tasks: unlimited
current number of tasks: 288

KVM virtualization detected
Steal ticks since vm start: 0
Steal ticks percentage since vm start:  0.000

CPU: total 8 (initial active 8) (8 cores per cpu, 8 threads per core) family 23 model 8 stepping 2 microcode 0x0, cx8, cmov, fxsr, ht, mmx, 3dnowpref, sse, sse2, sse3, ssse3, sse4a, sse4.1, sse4.2, popcnt, lzcnt, tsc, tscinvbit, avx, avx2, aes, clmul, bmi1, bmi2, vzeroupper, clflush, clflushopt, hv
CPU Model and flags from /proc/cpuinfo:
model name	: AMD Ryzen 7 2700X Eight-Core Processor
flags		: fpu vme de pse tsc msr pae mce cx8 apic sep mtrr pge mca cmov pat pse36 clflush mmx fxsr sse sse2 ht syscall nx mmxext fxsr_opt rdtscp lm constant_tsc rep_good nopl nonstop_tsc cpuid extd_apicid tsc_known_freq pni pclmulqdq ssse3 cx16 sse4_1 sse4_2 x2apic movbe popcnt aes xsave avx rdrand hypervisor lahf_lm cmp_legacy cr8_legacy abm sse4a misalignsse 3dnowprefetch ssbd vmmcall fsgsbase bmi1 avx2 bmi2 rdseed clflushopt arat

Online cpus: 0-7
Offline cpus: 
BIOS frequency limitation: <Not Available>
Frequency switch latency (ns): <Not Available>
Available cpu frequencies: <Not Available>
Current governor: <Not Available>
Core performance/turbo boost: <Not Available>

Memory: 4k page, physical 4016768k(104896k free), swap 4018172k(3021896k free)
Page Sizes: 4k

vm_info: OpenJDK 64-Bit Server VM (17.0.6+10-jvmci-22.3-b13) for linux-amd64 JRE (17.0.6+10-jvmci-22.3-b13), built on Jan 18 2023 21:35:33 by "buildslave" with gcc 10.3.0

END.
