#
# A fatal error has been detected by the Java Runtime Environment:
#
#  SIGSEGV (0xb) at pc=0x00007f9386ae99c4, pid=44483, tid=44485
#
# JRE version: OpenJDK Runtime Environment GraalVM CE 22.3.1 (17.0.6+10) (build 17.0.6+10-jvmci-22.3-b13)
# Java VM: OpenJDK 64-Bit Server VM GraalVM CE 22.3.1 (17.0.6+10-jvmci-22.3-b13, mixed mode, sharing, tiered, jvmci, jvmci compiler, compressed oops, compressed class ptrs, g1 gc, linux-amd64)
# Problematic frame:
# C  [libX11.so+0x299c4]  XDefaultRootWindow+0x4
#
# Core dump will be written. Default location: Core dumps may be processed with "/usr/share/apport/apport -p%p -s%s -c%c -d%d -P%P -u%u -g%g -- %E" (or dumping to /home/yst/IdeaProjects/core.44483)
#
# If you would like to submit a bug report, please visit:
#   https://github.com/oracle/graal/issues
# The crash happened outside the Java Virtual Machine in native code.
# See problematic frame for where to report the bug.
#

---------------  S U M M A R Y ------------

Command Line: -XX:ThreadPriorityPolicy=1 -XX:+UnlockExperimentalVMOptions -XX:+EnableJVMCIProduct -XX:JVMCIThreadsPerNativeLibraryRuntime=1 -XX:-UnlockExperimentalVMOptions -Dfile.encoding=UTF-8 -Duser.country=US -Duser.language=en -Duser.variant cf.thdisstudio.afioaos.compositor.Main

Host: AMD Ryzen 7 2700X Eight-Core Processor, 8 cores, 3G, Ubuntu 22.04.1 LTS
Time: Tue Jan 31 08:26:36 2023 UTC elapsed time: 0.268444 seconds (0d 0h 0m 0s)

---------------  T H R E A D  ---------------

Current thread (0x00007f93f0025d40):  JavaThread "main" [_thread_in_native, id=44485, stack(0x00007f93f52cd000,0x00007f93f53cd000)]

Stack: [0x00007f93f52cd000,0x00007f93f53cd000],  sp=0x00007f93f53cad48,  free space=1015k
Native frames: (J=compiled Java code, j=interpreted, Vv=VM code, C=native code)
C  [libX11.so+0x299c4]  XDefaultRootWindow+0x4

Java frames: (J=compiled Java code, j=interpreted, Vv=VM code)
j  com.sun.jna.Native.invokeLong(Lcom/sun/jna/Function;JI[Ljava/lang/Object;)J+0
j  com.sun.jna.Function.invoke([Ljava/lang/Object;Ljava/lang/Class;ZI)Ljava/lang/Object;+243
j  com.sun.jna.Function.invoke(Ljava/lang/reflect/Method;[Ljava/lang/Class;Ljava/lang/Class;[Ljava/lang/Object;Ljava/util/Map;)Ljava/lang/Object;+271
j  com.sun.jna.Library$Handler.invoke(Ljava/lang/Object;Ljava/lang/reflect/Method;[Ljava/lang/Object;)Ljava/lang/Object;+390
j  jdk.proxy1.$Proxy1.XDefaultRootWindow(Lcom/sun/jna/platform/unix/X11$Display;)Lcom/sun/jna/platform/unix/X11$Window;+16 jdk.proxy1
j  cf.thdisstudio.afioaos.compositor.WindowManager.<init>(Lcom/sun/jna/platform/unix/X11$Display;)V+56
j  cf.thdisstudio.afioaos.compositor.WindowManager.Generate(Ljava/lang/String;)Lcf/thdisstudio/afioaos/wm/WindowManager;+43
j  cf.thdisstudio.afioaos.compositor.Main.main([Ljava/lang/String;)V+2
v  ~StubRoutines::call_stub

siginfo: si_signo: 11 (SIGSEGV), si_code: 1 (SEGV_MAPERR), si_addr: 0x00000000000000e0

Register to memory mapping:

RAX=0x0 is NULL
RBX=0x0000000000000008 is an unknown value
RCX=0x0 is NULL
RDX=0x0 is NULL
RSP=0x00007f93f53cad48 is pointing into the stack for thread: 0x00007f93f0025d40
RBP=0x00007f93f53cad50 is pointing into the stack for thread: 0x00007f93f0025d40
RSI=0x00007f93f688ccf3: _dl_catch_error+0x0000000000000033 in /lib/x86_64-linux-gnu/libc.so.6 at 0x00007f93f6718000
RDI=0x0 is NULL
R8 =0x0 is NULL
R9 =0xfa95a2ceb1c71800 is an unknown value
R10=0x0 is NULL
R11=0x00007f9386ae99c0: XDefaultRootWindow+0x0000000000000000 in /lib/x86_64-linux-gnu/libX11.so at 0x00007f9386ac0000
R12=0x00007f93f53caf00 is pointing into the stack for thread: 0x00007f93f0025d40
R13=0x0000000000000008 is an unknown value
R14=0x0000000000000001 is an unknown value
R15=0x00007f93f53caee0 is pointing into the stack for thread: 0x00007f93f0025d40


Registers:
RAX=0x0000000000000000, RBX=0x0000000000000008, RCX=0x0000000000000000, RDX=0x0000000000000000
RSP=0x00007f93f53cad48, RBP=0x00007f93f53cad50, RSI=0x00007f93f688ccf3, RDI=0x0000000000000000
R8 =0x0000000000000000, R9 =0xfa95a2ceb1c71800, R10=0x0000000000000000, R11=0x00007f9386ae99c0
R12=0x00007f93f53caf00, R13=0x0000000000000008, R14=0x0000000000000001, R15=0x00007f93f53caee0
RIP=0x00007f9386ae99c4, EFLAGS=0x0000000000010246, CSGSFS=0x002b000000000033, ERR=0x0000000000000004
  TRAPNO=0x000000000000000e

Top of Stack: (sp=0x00007f93f53cad48)
0x00007f93f53cad48:   00007f9386816052 0000000000000007
0x00007f93f53cad58:   00007f93f53cb480 00007f93f53cae60
0x00007f93f53cad68:   00007f938681514c 0000000000000002
0x00007f93f53cad78:   00007f93f0025fe8 00007f9300000000 

Instructions: (pc=0x00007f9386ae99c4)
0x00007f9386ae98c4:   10 48 8b 05 6c 26 11 00 48 8d 15 bd d9 ff ff 48
0x00007f9386ae98d4:   89 08 48 8b 05 73 26 11 00 48 8d 0d 0c dd ff ff
0x00007f9386ae98e4:   48 89 30 48 8b 05 c2 25 11 00 48 8d 35 fb db ff
0x00007f9386ae98f4:   ff 48 89 10 48 8b 05 29 26 11 00 48 8d 15 1a d8
0x00007f9386ae9904:   ff ff 48 89 08 48 8b 05 f0 25 11 00 48 89 30 48
0x00007f9386ae9914:   8b 05 46 26 11 00 48 89 10 48 83 c4 08 44 89 e0
0x00007f9386ae9924:   5b 5d 41 5c 41 5d c3 45 31 e4 e9 be fe ff ff 48
0x00007f9386ae9934:   89 ef 45 31 e4 e8 92 ff fe ff 48 c7 05 af 5d 11
0x00007f9386ae9944:   00 00 00 00 00 e9 a3 fe ff ff 48 89 ef 45 31 e4
0x00007f9386ae9954:   e8 77 ff fe ff 4c 89 ef 48 c7 05 91 5d 11 00 00
0x00007f9386ae9964:   00 00 00 e8 64 ff fe ff 48 c7 05 79 5d 11 00 00
0x00007f9386ae9974:   00 00 00 e9 75 fe ff ff 0f 1f 40 00 f3 0f 1e fa
0x00007f9386ae9984:   8b 47 10 c3 0f 1f 84 00 00 00 00 00 f3 0f 1e fa
0x00007f9386ae9994:   48 63 f6 48 c1 e6 07 48 03 b7 e8 00 00 00 48 8b
0x00007f9386ae99a4:   46 10 c3 66 0f 1f 84 00 00 00 00 00 f3 0f 1e fa
0x00007f9386ae99b4:   8b 87 e0 00 00 00 c3 0f 1f 44 00 00 f3 0f 1e fa
0x00007f9386ae99c4:   48 63 87 e0 00 00 00 48 c1 e0 07 48 03 87 e8 00
0x00007f9386ae99d4:   00 00 48 8b 40 10 c3 0f 1f 44 00 00 f3 0f 1e fa
0x00007f9386ae99e4:   48 63 f6 48 c1 e6 07 48 03 b7 e8 00 00 00 48 8b
0x00007f9386ae99f4:   46 40 c3 66 0f 1f 84 00 00 00 00 00 f3 0f 1e fa
0x00007f9386ae9a04:   48 63 f6 48 c1 e6 07 48 03 b7 e8 00 00 00 48 8b
0x00007f9386ae9a14:   46 48 c3 66 0f 1f 84 00 00 00 00 00 f3 0f 1e fa
0x00007f9386ae9a24:   48 63 f6 48 c1 e6 07 48 03 b7 e8 00 00 00 48 8b
0x00007f9386ae9a34:   46 60 c3 66 0f 1f 84 00 00 00 00 00 f3 0f 1e fa
0x00007f9386ae9a44:   48 63 f6 48 c1 e6 07 48 03 b7 e8 00 00 00 48 8b
0x00007f9386ae9a54:   46 58 c3 66 0f 1f 84 00 00 00 00 00 f3 0f 1e fa
0x00007f9386ae9a64:   48 c7 c0 ff ff ff ff c3 0f 1f 40 00 f3 0f 1e fa
0x00007f9386ae9a74:   8b 87 88 00 00 00 c3 0f 1f 44 00 00 f3 0f 1e fa
0x00007f9386ae9a84:   48 63 f6 48 c1 e6 07 48 03 b7 e8 00 00 00 8b 46
0x00007f9386ae9a94:   18 c3 66 2e 0f 1f 84 00 00 00 00 00 f3 0f 1e fa
0x00007f9386ae9aa4:   48 63 f6 48 c1 e6 07 48 03 b7 e8 00 00 00 8b 46
0x00007f9386ae9ab4:   1c c3 66 2e 0f 1f 84 00 00 00 00 00 f3 0f 1e fa 


Stack slot to memory mapping:
stack at sp + 0 slots: 0x00007f9386816052: <offset 0x0000000000016052> in /home/yst/.cache/JNA/temp/jna798451854965278210.tmp at 0x00007f9386800000
stack at sp + 1 slots: 0x0000000000000007 is an unknown value
stack at sp + 2 slots: 0x00007f93f53cb480 is pointing into the stack for thread: 0x00007f93f0025d40
stack at sp + 3 slots: 0x00007f93f53cae60 is pointing into the stack for thread: 0x00007f93f0025d40
stack at sp + 4 slots: 0x00007f938681514c: <offset 0x000000000001514c> in /home/yst/.cache/JNA/temp/jna798451854965278210.tmp at 0x00007f9386800000
stack at sp + 5 slots: 0x0000000000000002 is an unknown value
stack at sp + 6 slots: 0x00007f93f0025fe8 points into unknown readable memory: 0x00007f93f668d320 | 20 d3 68 f6 93 7f 00 00
stack at sp + 7 slots: 0x00007f9300000000 is an unknown value


---------------  P R O C E S S  ---------------

Threads class SMR info:
_java_thread_list=0x00007f93f01f8d20, length=13, elements={
0x00007f93f0025d40, 0x00007f93f00e6ca0, 0x00007f93f00e80d0, 0x00007f93f00ed4f0,
0x00007f93f00ee8b0, 0x00007f93f00efcd0, 0x00007f93f00f16f0, 0x00007f93f00f2c30,
0x00007f93f00fc0a0, 0x00007f93f010a3e0, 0x00007f93f0152aa0, 0x00007f93f01f2a20,
0x00007f93f01f73e0
}

Java Threads: ( => current thread )
=>0x00007f93f0025d40 JavaThread "main" [_thread_in_native, id=44485, stack(0x00007f93f52cd000,0x00007f93f53cd000)]
  0x00007f93f00e6ca0 JavaThread "Reference Handler" daemon [_thread_blocked, id=44492, stack(0x00007f93d473d000,0x00007f93d483d000)]
  0x00007f93f00e80d0 JavaThread "Finalizer" daemon [_thread_blocked, id=44493, stack(0x00007f93d463d000,0x00007f93d473d000)]
  0x00007f93f00ed4f0 JavaThread "Signal Dispatcher" daemon [_thread_blocked, id=44494, stack(0x00007f93d4254000,0x00007f93d4354000)]
  0x00007f93f00ee8b0 JavaThread "Service Thread" daemon [_thread_blocked, id=44495, stack(0x00007f93d4154000,0x00007f93d4254000)]
  0x00007f93f00efcd0 JavaThread "Monitor Deflation Thread" daemon [_thread_blocked, id=44496, stack(0x00007f93d4054000,0x00007f93d4154000)]
  0x00007f93f00f16f0 JavaThread "JVMCI-native CompilerThread0" daemon [_thread_in_vm, id=44497, stack(0x00007f93c5e00000,0x00007f93c6000000)]
  0x00007f93f00f2c30 JavaThread "C1 CompilerThread0" daemon [_thread_blocked, id=44498, stack(0x00007f93c5c00000,0x00007f93c5e00000)]
  0x00007f93f00fc0a0 JavaThread "Sweeper thread" daemon [_thread_blocked, id=44499, stack(0x00007f93c5300000,0x00007f93c5400000)]
  0x00007f93f010a3e0 JavaThread "Common-Cleaner" daemon [_thread_blocked, id=44500, stack(0x00007f93c5200000,0x00007f93c5300000)]
  0x00007f93f0152aa0 JavaThread "Notification Thread" daemon [_thread_blocked, id=44501, stack(0x00007f93c5100000,0x00007f93c5200000)]
  0x00007f93f01f2a20 JavaThread "process reaper" daemon [_thread_blocked, id=44504, stack(0x00007f93c4fdc000,0x00007f93c4ffe000)]
  0x00007f93f01f73e0 JavaThread "JNA Cleaner" daemon [_thread_blocked, id=44505, stack(0x00007f93c4d00000,0x00007f93c4e00000)]

Other Threads:
  0x00007f93f00e29c0 VMThread "VM Thread" [stack: 0x00007f93d483f000,0x00007f93d493f000] [id=44491]
  0x00007f93f0154460 WatcherThread [stack: 0x00007f93c5000000,0x00007f93c5100000] [id=44502]
  0x00007f93f0062b70 GCTaskThread "GC Thread#0" [stack: 0x00007f93f4193000,0x00007f93f4293000] [id=44486]
  0x00007f93f006bc30 ConcurrentGCThread "G1 Main Marker" [stack: 0x00007f93f4091000,0x00007f93f4191000] [id=44487]
  0x00007f93f006cb90 ConcurrentGCThread "G1 Conc#0" [stack: 0x00007f93d54f9000,0x00007f93d55f9000] [id=44488]
  0x00007f93f00b9260 ConcurrentGCThread "G1 Refine#0" [stack: 0x00007f93d4bef000,0x00007f93d4cef000] [id=44489]
  0x00007f93f00ba150 ConcurrentGCThread "G1 Service" [stack: 0x00007f93d4aed000,0x00007f93d4bed000] [id=44490]

Threads with active compile tasks:
JVMCI-native CompilerThread0      271  560       4       jdk.internal.org.objectweb.asm.Frame::execute (2305 bytes)

VM state: not at safepoint (normal execution)

VM Mutex/Monitor currently owned by a thread: None

Heap address: 0x00000000c2a00000, size: 982 MB, Compressed Oops mode: 32-bit

CDS archive(s) mapped at: [0x0000000800000000-0x0000000800bc9000-0x0000000800bc9000), size 12357632, SharedBaseAddress: 0x0000000800000000, ArchiveRelocationMode: 0.
Compressed class space mapped at: 0x0000000800c00000-0x0000000840c00000, reserved size: 1073741824
Narrow klass base: 0x0000000800000000, Narrow klass shift: 0, Narrow klass range: 0x100000000

GC Precious Log:
 CPUs: 8 total, 8 available
 Memory: 3922M
 Large Page Support: Disabled
 NUMA Support: Disabled
 Compressed Oops: Enabled (32-bit)
 Heap Region Size: 1M
 Heap Min Capacity: 8M
 Heap Initial Capacity: 62M
 Heap Max Capacity: 982M
 Pre-touch: Disabled
 Parallel Workers: 8
 Concurrent Workers: 2
 Concurrent Refinement Workers: 8
 Periodic GC: Disabled

Heap:
 garbage-first heap   total 65536K, used 5964K [0x00000000c2a00000, 0x0000000100000000)
  region size 1024K, 7 young (7168K), 0 survivors (0K)
 Metaspace       used 2650K, committed 2816K, reserved 1056768K
  class space    used 243K, committed 320K, reserved 1048576K

Heap Regions: E=young(eden), S=young(survivor), O=old, HS=humongous(starts), HC=humongous(continues), CS=collection set, F=free, OA=open archive, CA=closed archive, TAMS=top-at-mark-start (previous, next)
|   0|0x00000000c2a00000, 0x00000000c2a00000, 0x00000000c2b00000|  0%| F|  |TAMS 0x00000000c2a00000, 0x00000000c2a00000| Untracked 
|   1|0x00000000c2b00000, 0x00000000c2b00000, 0x00000000c2c00000|  0%| F|  |TAMS 0x00000000c2b00000, 0x00000000c2b00000| Untracked 
|   2|0x00000000c2c00000, 0x00000000c2c00000, 0x00000000c2d00000|  0%| F|  |TAMS 0x00000000c2c00000, 0x00000000c2c00000| Untracked 
|   3|0x00000000c2d00000, 0x00000000c2d00000, 0x00000000c2e00000|  0%| F|  |TAMS 0x00000000c2d00000, 0x00000000c2d00000| Untracked 
|   4|0x00000000c2e00000, 0x00000000c2e00000, 0x00000000c2f00000|  0%| F|  |TAMS 0x00000000c2e00000, 0x00000000c2e00000| Untracked 
|   5|0x00000000c2f00000, 0x00000000c2f00000, 0x00000000c3000000|  0%| F|  |TAMS 0x00000000c2f00000, 0x00000000c2f00000| Untracked 
|   6|0x00000000c3000000, 0x00000000c3000000, 0x00000000c3100000|  0%| F|  |TAMS 0x00000000c3000000, 0x00000000c3000000| Untracked 
|   7|0x00000000c3100000, 0x00000000c3100000, 0x00000000c3200000|  0%| F|  |TAMS 0x00000000c3100000, 0x00000000c3100000| Untracked 
|   8|0x00000000c3200000, 0x00000000c3200000, 0x00000000c3300000|  0%| F|  |TAMS 0x00000000c3200000, 0x00000000c3200000| Untracked 
|   9|0x00000000c3300000, 0x00000000c3300000, 0x00000000c3400000|  0%| F|  |TAMS 0x00000000c3300000, 0x00000000c3300000| Untracked 
|  10|0x00000000c3400000, 0x00000000c3400000, 0x00000000c3500000|  0%| F|  |TAMS 0x00000000c3400000, 0x00000000c3400000| Untracked 
|  11|0x00000000c3500000, 0x00000000c3500000, 0x00000000c3600000|  0%| F|  |TAMS 0x00000000c3500000, 0x00000000c3500000| Untracked 
|  12|0x00000000c3600000, 0x00000000c3600000, 0x00000000c3700000|  0%| F|  |TAMS 0x00000000c3600000, 0x00000000c3600000| Untracked 
|  13|0x00000000c3700000, 0x00000000c3700000, 0x00000000c3800000|  0%| F|  |TAMS 0x00000000c3700000, 0x00000000c3700000| Untracked 
|  14|0x00000000c3800000, 0x00000000c3800000, 0x00000000c3900000|  0%| F|  |TAMS 0x00000000c3800000, 0x00000000c3800000| Untracked 
|  15|0x00000000c3900000, 0x00000000c3900000, 0x00000000c3a00000|  0%| F|  |TAMS 0x00000000c3900000, 0x00000000c3900000| Untracked 
|  16|0x00000000c3a00000, 0x00000000c3a00000, 0x00000000c3b00000|  0%| F|  |TAMS 0x00000000c3a00000, 0x00000000c3a00000| Untracked 
|  17|0x00000000c3b00000, 0x00000000c3b00000, 0x00000000c3c00000|  0%| F|  |TAMS 0x00000000c3b00000, 0x00000000c3b00000| Untracked 
|  18|0x00000000c3c00000, 0x00000000c3c00000, 0x00000000c3d00000|  0%| F|  |TAMS 0x00000000c3c00000, 0x00000000c3c00000| Untracked 
|  19|0x00000000c3d00000, 0x00000000c3d00000, 0x00000000c3e00000|  0%| F|  |TAMS 0x00000000c3d00000, 0x00000000c3d00000| Untracked 
|  20|0x00000000c3e00000, 0x00000000c3e00000, 0x00000000c3f00000|  0%| F|  |TAMS 0x00000000c3e00000, 0x00000000c3e00000| Untracked 
|  21|0x00000000c3f00000, 0x00000000c3f00000, 0x00000000c4000000|  0%| F|  |TAMS 0x00000000c3f00000, 0x00000000c3f00000| Untracked 
|  22|0x00000000c4000000, 0x00000000c4000000, 0x00000000c4100000|  0%| F|  |TAMS 0x00000000c4000000, 0x00000000c4000000| Untracked 
|  23|0x00000000c4100000, 0x00000000c4100000, 0x00000000c4200000|  0%| F|  |TAMS 0x00000000c4100000, 0x00000000c4100000| Untracked 
|  24|0x00000000c4200000, 0x00000000c4200000, 0x00000000c4300000|  0%| F|  |TAMS 0x00000000c4200000, 0x00000000c4200000| Untracked 
|  25|0x00000000c4300000, 0x00000000c4300000, 0x00000000c4400000|  0%| F|  |TAMS 0x00000000c4300000, 0x00000000c4300000| Untracked 
|  26|0x00000000c4400000, 0x00000000c4400000, 0x00000000c4500000|  0%| F|  |TAMS 0x00000000c4400000, 0x00000000c4400000| Untracked 
|  27|0x00000000c4500000, 0x00000000c4500000, 0x00000000c4600000|  0%| F|  |TAMS 0x00000000c4500000, 0x00000000c4500000| Untracked 
|  28|0x00000000c4600000, 0x00000000c4600000, 0x00000000c4700000|  0%| F|  |TAMS 0x00000000c4600000, 0x00000000c4600000| Untracked 
|  29|0x00000000c4700000, 0x00000000c4700000, 0x00000000c4800000|  0%| F|  |TAMS 0x00000000c4700000, 0x00000000c4700000| Untracked 
|  30|0x00000000c4800000, 0x00000000c4800000, 0x00000000c4900000|  0%| F|  |TAMS 0x00000000c4800000, 0x00000000c4800000| Untracked 
|  31|0x00000000c4900000, 0x00000000c4900000, 0x00000000c4a00000|  0%| F|  |TAMS 0x00000000c4900000, 0x00000000c4900000| Untracked 
|  32|0x00000000c4a00000, 0x00000000c4a00000, 0x00000000c4b00000|  0%| F|  |TAMS 0x00000000c4a00000, 0x00000000c4a00000| Untracked 
|  33|0x00000000c4b00000, 0x00000000c4b00000, 0x00000000c4c00000|  0%| F|  |TAMS 0x00000000c4b00000, 0x00000000c4b00000| Untracked 
|  34|0x00000000c4c00000, 0x00000000c4c00000, 0x00000000c4d00000|  0%| F|  |TAMS 0x00000000c4c00000, 0x00000000c4c00000| Untracked 
|  35|0x00000000c4d00000, 0x00000000c4d00000, 0x00000000c4e00000|  0%| F|  |TAMS 0x00000000c4d00000, 0x00000000c4d00000| Untracked 
|  36|0x00000000c4e00000, 0x00000000c4e00000, 0x00000000c4f00000|  0%| F|  |TAMS 0x00000000c4e00000, 0x00000000c4e00000| Untracked 
|  37|0x00000000c4f00000, 0x00000000c4f00000, 0x00000000c5000000|  0%| F|  |TAMS 0x00000000c4f00000, 0x00000000c4f00000| Untracked 
|  38|0x00000000c5000000, 0x00000000c5000000, 0x00000000c5100000|  0%| F|  |TAMS 0x00000000c5000000, 0x00000000c5000000| Untracked 
|  39|0x00000000c5100000, 0x00000000c5100000, 0x00000000c5200000|  0%| F|  |TAMS 0x00000000c5100000, 0x00000000c5100000| Untracked 
|  40|0x00000000c5200000, 0x00000000c5200000, 0x00000000c5300000|  0%| F|  |TAMS 0x00000000c5200000, 0x00000000c5200000| Untracked 
|  41|0x00000000c5300000, 0x00000000c5300000, 0x00000000c5400000|  0%| F|  |TAMS 0x00000000c5300000, 0x00000000c5300000| Untracked 
|  42|0x00000000c5400000, 0x00000000c5400000, 0x00000000c5500000|  0%| F|  |TAMS 0x00000000c5400000, 0x00000000c5400000| Untracked 
|  43|0x00000000c5500000, 0x00000000c5500000, 0x00000000c5600000|  0%| F|  |TAMS 0x00000000c5500000, 0x00000000c5500000| Untracked 
|  44|0x00000000c5600000, 0x00000000c5600000, 0x00000000c5700000|  0%| F|  |TAMS 0x00000000c5600000, 0x00000000c5600000| Untracked 
|  45|0x00000000c5700000, 0x00000000c5700000, 0x00000000c5800000|  0%| F|  |TAMS 0x00000000c5700000, 0x00000000c5700000| Untracked 
|  46|0x00000000c5800000, 0x00000000c5800000, 0x00000000c5900000|  0%| F|  |TAMS 0x00000000c5800000, 0x00000000c5800000| Untracked 
|  47|0x00000000c5900000, 0x00000000c5900000, 0x00000000c5a00000|  0%| F|  |TAMS 0x00000000c5900000, 0x00000000c5900000| Untracked 
|  48|0x00000000c5a00000, 0x00000000c5a00000, 0x00000000c5b00000|  0%| F|  |TAMS 0x00000000c5a00000, 0x00000000c5a00000| Untracked 
|  49|0x00000000c5b00000, 0x00000000c5b00000, 0x00000000c5c00000|  0%| F|  |TAMS 0x00000000c5b00000, 0x00000000c5b00000| Untracked 
|  50|0x00000000c5c00000, 0x00000000c5c00000, 0x00000000c5d00000|  0%| F|  |TAMS 0x00000000c5c00000, 0x00000000c5c00000| Untracked 
|  51|0x00000000c5d00000, 0x00000000c5d00000, 0x00000000c5e00000|  0%| F|  |TAMS 0x00000000c5d00000, 0x00000000c5d00000| Untracked 
|  52|0x00000000c5e00000, 0x00000000c5e00000, 0x00000000c5f00000|  0%| F|  |TAMS 0x00000000c5e00000, 0x00000000c5e00000| Untracked 
|  53|0x00000000c5f00000, 0x00000000c5f00000, 0x00000000c6000000|  0%| F|  |TAMS 0x00000000c5f00000, 0x00000000c5f00000| Untracked 
|  54|0x00000000c6000000, 0x00000000c6000000, 0x00000000c6100000|  0%| F|  |TAMS 0x00000000c6000000, 0x00000000c6000000| Untracked 
|  55|0x00000000c6100000, 0x00000000c61f5118, 0x00000000c6200000| 95%| E|  |TAMS 0x00000000c6100000, 0x00000000c6100000| Complete 
|  56|0x00000000c6200000, 0x00000000c6300000, 0x00000000c6300000|100%| E|CS|TAMS 0x00000000c6200000, 0x00000000c6200000| Complete 
|  57|0x00000000c6300000, 0x00000000c6400000, 0x00000000c6400000|100%| E|CS|TAMS 0x00000000c6300000, 0x00000000c6300000| Complete 
|  58|0x00000000c6400000, 0x00000000c6500000, 0x00000000c6500000|100%| E|CS|TAMS 0x00000000c6400000, 0x00000000c6400000| Complete 
|  59|0x00000000c6500000, 0x00000000c6600000, 0x00000000c6600000|100%| E|  |TAMS 0x00000000c6500000, 0x00000000c6500000| Complete 
|  60|0x00000000c6600000, 0x00000000c6700000, 0x00000000c6700000|100%| E|CS|TAMS 0x00000000c6600000, 0x00000000c6600000| Complete 
|  61|0x00000000c6700000, 0x00000000c6800000, 0x00000000c6800000|100%| E|CS|TAMS 0x00000000c6700000, 0x00000000c6700000| Complete 
| 980|0x00000000ffe00000, 0x00000000ffe46000, 0x00000000fff00000| 27%|OA|  |TAMS 0x00000000ffe00000, 0x00000000ffe00000| Untracked 
| 981|0x00000000fff00000, 0x00000000fff8d000, 0x0000000100000000| 55%|CA|  |TAMS 0x00000000fff00000, 0x00000000fff00000| Untracked 

Card table byte_map: [0x00007f93f44be000,0x00007f93f46a9000] _byte_map_base: 0x00007f93f3ea9000

Marking Bits (Prev, Next): (CMBitMap*) 0x00007f93f00635f0, (CMBitMap*) 0x00007f93f0063630
 Prev Bits: [0x00007f93d6551000, 0x00007f93d74a9000)
 Next Bits: [0x00007f93d55f9000, 0x00007f93d6551000)

Polling page: 0x00007f93f697c000

Metaspace:

Usage:
  Non-class:      2.35 MB used.
      Class:    243.44 KB used.
       Both:      2.59 MB used.

Virtual space:
  Non-class space:        8.00 MB reserved,       2.44 MB ( 30%) committed,  1 nodes.
      Class space:        1.00 GB reserved,     320.00 KB ( <1%) committed,  1 nodes.
             Both:        1.01 GB reserved,       2.75 MB ( <1%) committed. 

Chunk freelists:
   Non-Class:  3.42 MB
       Class:  3.66 MB
        Both:  7.08 MB

MaxMetaspaceSize: unlimited
CompressedClassSpaceSize: 1.00 GB
Initial GC threshold: 21.00 MB
Current GC threshold: 21.00 MB
CDS: on
MetaspaceReclaimPolicy: balanced
 - commit_granule_bytes: 65536.
 - commit_granule_words: 8192.
 - virtual_space_node_default_size: 1048576.
 - enlarge_chunks_in_place: 1.
 - new_chunks_are_fully_committed: 0.
 - uncommit_free_chunks: 1.
 - use_allocation_guard: 0.
 - handle_deallocations: 1.


Internal statistics:

num_allocs_failed_limit: 0.
num_arena_births: 24.
num_arena_deaths: 0.
num_vsnodes_births: 2.
num_vsnodes_deaths: 0.
num_space_committed: 44.
num_space_uncommitted: 0.
num_chunks_returned_to_freelist: 0.
num_chunks_taken_from_freelist: 59.
num_chunk_merges: 0.
num_chunk_splits: 38.
num_chunks_enlarged: 28.
num_purges: 0.
num_inconsistent_stats: 0.

CodeHeap 'non-profiled nmethods': size=119472Kb used=149Kb max_used=149Kb free=119322Kb
 bounds [0x00007f93deffd000, 0x00007f93df26d000, 0x00007f93e64a9000]
CodeHeap 'profiled nmethods': size=119468Kb used=1007Kb max_used=1007Kb free=118460Kb
 bounds [0x00007f93d74a9000, 0x00007f93d7719000, 0x00007f93de954000]
CodeHeap 'non-nmethods': size=6820Kb used=1132Kb max_used=1135Kb free=5687Kb
 bounds [0x00007f93de954000, 0x00007f93debc4000, 0x00007f93deffd000]
 total_blobs=986 nmethods=569 adapters=338
 compilation: enabled
              stopped_count=0, restarted_count=0
 full_count=0

JVMCI Events (15 events):
Event: 0.006 Thread 0x00007f93f0025d40 created new Java JVMCI runtime -1 (0x00007f93f00dde40)
Event: 0.051 Thread 0x00007f93f00f16f0 created new CompileBroker JVMCI runtime 0 (0x00007f93a40093f0)
Event: 0.051 Thread 0x00007f93f00f16f0 attached to JVMCI runtime 0
Event: 0.052 Thread 0x00007f93f00f16f0 loaded JVMCI shared library from /home/yst/.jdks/graalvm-ce-17/lib/libjvmcicompiler.so
Event: 0.054 Thread 0x00007f93f00f16f0 created JavaVM[1]@0x00007f938d6aaa08 for JVMCI runtime 0
Event: 0.054 Thread 0x00007f93f00f16f0 initializing JVMCI runtime 0
Event: 0.054 Thread 0x00007f93f00f16f0 initializing JavaVM references in JVMCI runtime 0
Event: 0.054 Thread 0x00007f93f00f16f0 initialized JavaVM references in JVMCI runtime 0
Event: 0.056 Thread 0x00007f93f00f16f0 initialized JVMCI runtime 0
Event: 0.090 Thread 0x00007f93f00f16f0 compacted oop handles in JVMCI runtime 0 from 53 to 52
Event: 0.124 Thread 0x00007f93f00f16f0 compacted oop handles in JVMCI runtime 0 from 57 to 56
Event: 0.129 Thread 0x00007f93f00f16f0 compacted oop handles in JVMCI runtime 0 from 57 to 38
Event: 0.130 Thread 0x00007f93f00f16f0 compacted oop handles in JVMCI runtime 0 from 42 to 41
Event: 0.221 Thread 0x00007f93f00f16f0 compacted oop handles in JVMCI runtime 0 from 49 to 41
Event: 0.234 Thread 0x00007f93f00f16f0 compacted oop handles in JVMCI runtime 0 from 58 to 56

Compilation events (20 events):
Event: 0.249 Thread 0x00007f93f00f2c30 nmethod 564 0x00007f93d759d190 code [0x00007f93d759d3c0, 0x00007f93d759d7f0]
Event: 0.249 Thread 0x00007f93f00f2c30  559       3       jdk.internal.org.objectweb.asm.SymbolTable::addConstantString (8 bytes)
Event: 0.249 Thread 0x00007f93f00f2c30 nmethod 559 0x00007f93d759da90 code [0x00007f93d759dc40, 0x00007f93d759dd80]
Event: 0.249 Thread 0x00007f93f00f2c30  561       3       jdk.internal.org.objectweb.asm.Attribute::computeAttributesSize (62 bytes)
Event: 0.250 Thread 0x00007f93f00f2c30 nmethod 561 0x00007f93d759de10 code [0x00007f93d759dfe0, 0x00007f93d759e300]
Event: 0.250 Thread 0x00007f93f00f2c30  562       3       jdk.internal.org.objectweb.asm.AnnotationWriter::computeAnnotationsSize (66 bytes)
Event: 0.250 Thread 0x00007f93f00f2c30 nmethod 562 0x00007f93d759e490 code [0x00007f93d759e680, 0x00007f93d759e9b0]
Event: 0.250 Thread 0x00007f93f00f2c30  565       3       jdk.internal.org.objectweb.asm.Attribute::putAttributes (78 bytes)
Event: 0.250 Thread 0x00007f93f00f2c30 nmethod 565 0x00007f93d759eb90 code [0x00007f93d759ede0, 0x00007f93d759f2f0]
Event: 0.250 Thread 0x00007f93f00f2c30  556       3       java.lang.reflect.ProxyGenerator$ProxyMethod::codeClassForName (26 bytes)
Event: 0.250 Thread 0x00007f93f00f2c30 nmethod 556 0x00007f93d759f590 code [0x00007f93d759f760, 0x00007f93d759fdc0]
Event: 0.250 Thread 0x00007f93f00f2c30  547       1       jdk.internal.org.objectweb.asm.SymbolTable::getClassName (5 bytes)
Event: 0.250 Thread 0x00007f93f00f2c30 nmethod 547 0x00007f93df01fa90 code [0x00007f93df01fc20, 0x00007f93df01fcf0]
Event: 0.250 Thread 0x00007f93f00f2c30  555       3       jdk.internal.org.objectweb.asm.Frame::setLocal (65 bytes)
Event: 0.250 Thread 0x00007f93f00f2c30 nmethod 555 0x00007f93d759ff10 code [0x00007f93d75a00e0, 0x00007f93d75a0600]
Event: 0.251 Thread 0x00007f93f00f2c30  567       3       java.lang.Class::reflectionData (43 bytes)
Event: 0.251 Thread 0x00007f93f00f2c30 nmethod 567 0x00007f93d75a0790 code [0x00007f93d75a0960, 0x00007f93d75a1010]
Event: 0.251 Thread 0x00007f93f00f2c30  568       3       java.lang.PublicMethods$MethodList::merge (192 bytes)
Event: 0.251 Thread 0x00007f93f00f2c30 nmethod 568 0x00007f93d75a1190 code [0x00007f93d75a1400, 0x00007f93d75a1ee0]
Event: 0.251 Thread 0x00007f93f00f2c30  570       3       java.lang.Class::getMethodsRecursive (99 bytes)

GC Heap History (0 events):
No events

Dll operation events (7 events):
Event: 0.001 Loaded shared library /home/yst/.jdks/graalvm-ce-17/lib/libjava.so
Event: 0.006 Loaded shared library /home/yst/.jdks/graalvm-ce-17/lib/libjsvml.so
Event: 0.052 Loaded shared library /home/yst/.jdks/graalvm-ce-17/lib/libjvmcicompiler.so
Event: 0.059 Loaded shared library /home/yst/.jdks/graalvm-ce-17/lib/libnio.so
Event: 0.064 Loaded shared library /home/yst/.jdks/graalvm-ce-17/lib/libzip.so
Event: 0.084 Loaded shared library /home/yst/.jdks/graalvm-ce-17/lib/libjimage.so
Event: 0.139 Loaded shared library /home/yst/.cache/JNA/temp/jna798451854965278210.tmp

Deoptimization events (14 events):
Event: 0.211 Thread 0x00007f93f0025d40 DEOPT PACKING pc=0x00007f93d74ee45a sp=0x00007f93f53ca700
Event: 0.211 Thread 0x00007f93f0025d40 DEOPT UNPACKING pc=0x00007f93de9aac25 sp=0x00007f93f53c9b40 mode 0
Event: 0.214 Thread 0x00007f93f0025d40 DEOPT PACKING pc=0x00007f93d74bb2ce sp=0x00007f93f53ca5d0
Event: 0.214 Thread 0x00007f93f0025d40 DEOPT UNPACKING pc=0x00007f93de9aac25 sp=0x00007f93f53c9a68 mode 0
Event: 0.216 Thread 0x00007f93f0025d40 DEOPT PACKING pc=0x00007f93d74bb2ce sp=0x00007f93f53ca760
Event: 0.216 Thread 0x00007f93f0025d40 DEOPT UNPACKING pc=0x00007f93de9aac25 sp=0x00007f93f53c9bf8 mode 0
Event: 0.218 Thread 0x00007f93f0025d40 DEOPT PACKING pc=0x00007f93d74bb2ce sp=0x00007f93f53ca6c0
Event: 0.218 Thread 0x00007f93f0025d40 DEOPT UNPACKING pc=0x00007f93de9aac25 sp=0x00007f93f53c9b58 mode 0
Event: 0.220 Thread 0x00007f93f0025d40 DEOPT PACKING pc=0x00007f93d74bb2ce sp=0x00007f93f53ca6c0
Event: 0.220 Thread 0x00007f93f0025d40 DEOPT UNPACKING pc=0x00007f93de9aac25 sp=0x00007f93f53c9b58 mode 0
Event: 0.222 Thread 0x00007f93f0025d40 DEOPT PACKING pc=0x00007f93d74bb2ce sp=0x00007f93f53ca4c0
Event: 0.222 Thread 0x00007f93f0025d40 DEOPT UNPACKING pc=0x00007f93de9aac25 sp=0x00007f93f53c9958 mode 0
Event: 0.223 Thread 0x00007f93f0025d40 DEOPT PACKING pc=0x00007f93d74bb2ce sp=0x00007f93f53ca4a0
Event: 0.223 Thread 0x00007f93f0025d40 DEOPT UNPACKING pc=0x00007f93de9aac25 sp=0x00007f93f53c9938 mode 0

Classes unloaded (0 events):
No events

Classes redefined (0 events):
No events

Internal exceptions (7 events):
Event: 0.163 Thread 0x00007f93f0025d40 Exception <a 'java/lang/NoSuchMethodError'{0x00000000c6473e20}: 'java.lang.Object java.lang.invoke.DirectMethodHandle$Holder.invokeStaticInit(java.lang.Object)'> (0x00000000c6473e20) 
thrown [src/hotspot/share/interpreter/linkResolver.cpp, line 758]
Event: 0.166 Thread 0x00007f93f0025d40 Exception <a 'java/lang/NoSuchMethodError'{0x00000000c647d8b0}: 'java.lang.Object java.lang.invoke.DirectMethodHandle$Holder.invokeStaticInit(java.lang.Object, java.lang.Object, long, java.lang.Object)'> (0x00000000c647d8b0) 
thrown [src/hotspot/share/interpreter/linkResolver.cpp, line 758]
Event: 0.167 Thread 0x00007f93f0025d40 Exception <a 'java/lang/NoSuchMethodError'{0x00000000c64841b8}: 'java.lang.Object java.lang.invoke.DirectMethodHandle$Holder.newInvokeSpecial(java.lang.Object, java.lang.Object, long)'> (0x00000000c64841b8) 
thrown [src/hotspot/share/interpreter/linkResolver.cpp, line 758]
Event: 0.167 Thread 0x00007f93f0025d40 Exception <a 'java/lang/NoSuchMethodError'{0x00000000c64884a8}: 'java.lang.Object java.lang.invoke.Invokers$Holder.linkToTargetMethod(java.lang.Object, long, java.lang.Object)'> (0x00000000c64884a8) 
thrown [src/hotspot/share/interpreter/linkResolver.cpp, line 758]
Event: 0.171 Thread 0x00007f93f0025d40 Exception <a 'java/lang/NoSuchMethodError'{0x00000000c6490990}: 'java.lang.Object java.lang.invoke.DirectMethodHandle$Holder.newInvokeSpecial(java.lang.Object, java.lang.Object, java.lang.Object, int)'> (0x00000000c6490990) 
thrown [src/hotspot/share/interpreter/linkResolver.cpp, line 758]
Event: 0.172 Thread 0x00007f93f0025d40 Exception <a 'java/lang/NoSuchMethodError'{0x00000000c6494d70}: 'java.lang.Object java.lang.invoke.DirectMethodHandle$Holder.invokeSpecial(java.lang.Object, java.lang.Object, java.lang.Object, java.lang.Object, int)'> (0x00000000c6494d70) 
thrown [src/hotspot/share/interpreter/linkResolver.cpp, line 758]
Event: 0.172 Thread 0x00007f93f0025d40 Exception <a 'java/lang/NoSuchMethodError'{0x00000000c6498938}: 'java.lang.Object java.lang.invoke.Invokers$Holder.linkToTargetMethod(java.lang.Object, java.lang.Object, int, java.lang.Object)'> (0x00000000c6498938) 
thrown [src/hotspot/share/interpreter/linkResolver.cpp, line 758]

VM Operations (4 events):
Event: 0.038 Executing VM operation: HandshakeAllThreads
Event: 0.038 Executing VM operation: HandshakeAllThreads done
Event: 0.155 Executing VM operation: HandshakeAllThreads
Event: 0.155 Executing VM operation: HandshakeAllThreads done

Events (20 events):
Event: 0.205 loading class java/lang/reflect/ProxyGenerator
Event: 0.206 loading class java/lang/reflect/ProxyGenerator done
Event: 0.206 loading class java/lang/reflect/ProxyGenerator$ProxyMethod
Event: 0.206 loading class java/lang/reflect/ProxyGenerator$ProxyMethod done
Event: 0.209 loading class java/lang/reflect/ProxyGenerator$PrimitiveTypeInfo
Event: 0.209 loading class java/lang/reflect/ProxyGenerator$PrimitiveTypeInfo done
Event: 0.209 loading class jdk/internal/org/objectweb/asm/Edge
Event: 0.209 loading class jdk/internal/org/objectweb/asm/Edge done
Event: 0.225 loading class java/lang/reflect/UndeclaredThrowableException
Event: 0.225 loading class java/lang/reflect/UndeclaredThrowableException done
Event: 0.227 loading class java/lang/reflect/Proxy$ProxyBuilder$1
Event: 0.227 loading class java/lang/reflect/Proxy$ProxyBuilder$1 done
Event: 0.231 loading class java/lang/AssertionError
Event: 0.231 loading class java/lang/AssertionError done
Event: 0.231 loading class java/lang/reflect/TypeVariable
Event: 0.231 loading class java/lang/reflect/TypeVariable done
Event: 0.232 loading class java/lang/reflect/AnnotatedType
Event: 0.232 loading class java/lang/reflect/AnnotatedType done
Event: 0.232 loading class java/lang/TypeNotPresentException
Event: 0.232 loading class java/lang/TypeNotPresentException done


Dynamic libraries:
c2a00000-c6800000 rw-p 00000000 00:00 0 
c6800000-ffe00000 ---p 00000000 00:00 0 
ffe00000-ffe46000 rw-p 00c8d000 fd:00 665708                             /home/yst/.jdks/graalvm-ce-17/lib/server/classes.jsa
ffe46000-fff00000 rw-p 00000000 00:00 0 
fff00000-fff8d000 rw-p 00c00000 fd:00 665708                             /home/yst/.jdks/graalvm-ce-17/lib/server/classes.jsa
fff8d000-100000000 rw-p 00000000 00:00 0 
800000000-800449000 rw-p 00001000 fd:00 665708                           /home/yst/.jdks/graalvm-ce-17/lib/server/classes.jsa
800449000-800bc9000 r--p 0044a000 fd:00 665708                           /home/yst/.jdks/graalvm-ce-17/lib/server/classes.jsa
800bc9000-800c00000 ---p 00000000 00:00 0 
800c00000-800c20000 rw-p 00000000 00:00 0 
800c20000-800c40000 ---p 00000000 00:00 0 
800c40000-800c70000 rw-p 00000000 00:00 0 
800c70000-840c00000 ---p 00000000 00:00 0 
55ca2811c000-55ca2811d000 r-xp 00000000 fd:00 665744                     /home/yst/.jdks/graalvm-ce-17/bin/java
55ca2811e000-55ca2811f000 r--p 00001000 fd:00 665744                     /home/yst/.jdks/graalvm-ce-17/bin/java
55ca2811f000-55ca28120000 rw-p 00002000 fd:00 665744                     /home/yst/.jdks/graalvm-ce-17/bin/java
55ca291dd000-55ca29225000 rw-p 00000000 00:00 0                          [heap]
7f9378000000-7f9378021000 rw-p 00000000 00:00 0 
7f9378021000-7f937c000000 ---p 00000000 00:00 0 
7f9380000000-7f9380021000 rw-p 00000000 00:00 0 
7f9380021000-7f9384000000 ---p 00000000 00:00 0 
7f9386200000-7f9386300000 rw-p 00000000 00:00 0 
7f9386400000-7f9386500000 rw-p 00000000 00:00 0 
7f9386600000-7f9386700000 rw-p 00000000 00:00 0 
7f9386800000-7f938681e000 r-xp 00000000 fd:00 667609                     /home/yst/.cache/JNA/temp/jna798451854965278210.tmp (deleted)
7f938681e000-7f9386a1d000 ---p 0001e000 fd:00 667609                     /home/yst/.cache/JNA/temp/jna798451854965278210.tmp (deleted)
7f9386a1d000-7f9386a1e000 rw-p 0001d000 fd:00 667609                     /home/yst/.cache/JNA/temp/jna798451854965278210.tmp (deleted)
7f9386a1e000-7f9386a1f000 rw-p 00000000 00:00 0 
7f9386ac0000-7f9386ad9000 r--p 00000000 fd:00 793108                     /usr/lib/x86_64-linux-gnu/libX11.so.6.4.0
7f9386ad9000-7f9386b65000 r-xp 00019000 fd:00 793108                     /usr/lib/x86_64-linux-gnu/libX11.so.6.4.0
7f9386b65000-7f9386bfa000 r--p 000a5000 fd:00 793108                     /usr/lib/x86_64-linux-gnu/libX11.so.6.4.0
7f9386bfa000-7f9386bfb000 ---p 0013a000 fd:00 793108                     /usr/lib/x86_64-linux-gnu/libX11.so.6.4.0
7f9386bfb000-7f9386bfc000 r--p 0013a000 fd:00 793108                     /usr/lib/x86_64-linux-gnu/libX11.so.6.4.0
7f9386bfc000-7f9386c00000 rw-p 0013b000 fd:00 793108                     /usr/lib/x86_64-linux-gnu/libX11.so.6.4.0
7f9386c00000-7f9386d00000 rw-p 00000000 00:00 0 
7f9386e00000-7f9386f00000 rw-p 00000000 00:00 0 
7f9387000000-7f9387100000 rw-p 00000000 00:00 0 
7f9387200000-7f9387300000 rw-p 00000000 00:00 0 
7f9387400000-7f9387500000 rw-p 00000000 00:00 0 
7f9387600000-7f9387700000 rw-p 00000000 00:00 0 
7f9387800000-7f9387900000 rw-p 00000000 00:00 0 
7f9387a00000-7f9387b00000 rw-p 00000000 00:00 0 
7f9387c00000-7f9387d00000 rw-p 00000000 00:00 0 
7f9387e00000-7f9387f00000 rw-p 00000000 00:00 0 
7f9388000000-7f9388021000 rw-p 00000000 00:00 0 
7f9388021000-7f938c000000 ---p 00000000 00:00 0 
7f938c000000-7f938c100000 rw-p 00000000 00:00 0 
7f938c200000-7f938c300000 rw-p 00000000 00:00 0 
7f938c400000-7f938c500000 rw-p 00000000 00:00 0 
7f938c600000-7f938c700000 rw-p 00000000 00:00 0 
7f938c800000-7f938c900000 rw-p 00000000 00:00 0 
7f938ca00000-7f938cb00000 ---p 00000000 00:00 0 
7f938cb00000-7f938d0b2000 r--p 01183000 fd:00 665569                     /home/yst/.jdks/graalvm-ce-17/lib/libjvmcicompiler.so
7f938d0b2000-7f938d200000 r--p 00000000 00:00 0 
7f938d200000-7f938d241000 rw-p 00000000 00:00 0 
7f938d241000-7f938d75d000 rw-p 018c4000 fd:00 665569                     /home/yst/.jdks/graalvm-ce-17/lib/libjvmcicompiler.so
7f938d75d000-7f938db4e000 r--p 01de0000 fd:00 665569                     /home/yst/.jdks/graalvm-ce-17/lib/libjvmcicompiler.so
7f938dc00000-7f938fdd5000 r-xp 00000000 fd:00 665569                     /home/yst/.jdks/graalvm-ce-17/lib/libjvmcicompiler.so
7f938fdd5000-7f938ffd4000 ---p 021d5000 fd:00 665569                     /home/yst/.jdks/graalvm-ce-17/lib/libjvmcicompiler.so
7f938ffd4000-7f938ffd5000 r--p 021d4000 fd:00 665569                     /home/yst/.jdks/graalvm-ce-17/lib/libjvmcicompiler.so
7f938ffd5000-7f938ffd8000 rw-p 021d5000 fd:00 665569                     /home/yst/.jdks/graalvm-ce-17/lib/libjvmcicompiler.so
7f9390000000-7f9390021000 rw-p 00000000 00:00 0 
7f9390021000-7f9394000000 ---p 00000000 00:00 0 
7f9394000000-7f9394021000 rw-p 00000000 00:00 0 
7f9394021000-7f9398000000 ---p 00000000 00:00 0 
7f9398000000-7f9398222000 rw-p 00000000 00:00 0 
7f9398222000-7f939c000000 ---p 00000000 00:00 0 
7f939c000000-7f939c021000 rw-p 00000000 00:00 0 
7f939c021000-7f93a0000000 ---p 00000000 00:00 0 
7f93a0000000-7f93a0021000 rw-p 00000000 00:00 0 
7f93a0021000-7f93a4000000 ---p 00000000 00:00 0 
7f93a4000000-7f93a4022000 rw-p 00000000 00:00 0 
7f93a4022000-7f93a8000000 ---p 00000000 00:00 0 
7f93a8000000-7f93a8021000 rw-p 00000000 00:00 0 
7f93a8021000-7f93ac000000 ---p 00000000 00:00 0 
7f93ac000000-7f93ac021000 rw-p 00000000 00:00 0 
7f93ac021000-7f93b0000000 ---p 00000000 00:00 0 
7f93b0000000-7f93b0021000 rw-p 00000000 00:00 0 
7f93b0021000-7f93b4000000 ---p 00000000 00:00 0 
7f93b4000000-7f93b4021000 rw-p 00000000 00:00 0 
7f93b4021000-7f93b8000000 ---p 00000000 00:00 0 
7f93b8000000-7f93b8021000 rw-p 00000000 00:00 0 
7f93b8021000-7f93bc000000 ---p 00000000 00:00 0 
7f93bc000000-7f93bc021000 rw-p 00000000 00:00 0 
7f93bc021000-7f93c0000000 ---p 00000000 00:00 0 
7f93c0000000-7f93c0021000 rw-p 00000000 00:00 0 
7f93c0021000-7f93c4000000 ---p 00000000 00:00 0 
7f93c4000000-7f93c4100000 rw-p 00000000 00:00 0 
7f93c4200000-7f93c4300000 rw-p 00000000 00:00 0 
7f93c4400000-7f93c4500000 rw-p 00000000 00:00 0 
7f93c4600000-7f93c4700000 rw-p 00000000 00:00 0 
7f93c4800000-7f93c4900000 rw-p 00000000 00:00 0 
7f93c4a00000-7f93c4b00000 rw-p 00000000 00:00 0 
7f93c4c00000-7f93c4d00000 rw-p 00000000 00:00 0 
7f93c4d00000-7f93c4d04000 ---p 00000000 00:00 0 
7f93c4d04000-7f93c4e00000 rw-p 00000000 00:00 0 
7f93c4e00000-7f93c4f00000 rw-p 00000000 00:00 0 
7f93c4f7f000-7f93c4f81000 r--p 00000000 fd:00 793258                     /usr/lib/x86_64-linux-gnu/libmd.so.0.0.5
7f93c4f81000-7f93c4f88000 r-xp 00002000 fd:00 793258                     /usr/lib/x86_64-linux-gnu/libmd.so.0.0.5
7f93c4f88000-7f93c4f8a000 r--p 00009000 fd:00 793258                     /usr/lib/x86_64-linux-gnu/libmd.so.0.0.5
7f93c4f8a000-7f93c4f8b000 r--p 0000a000 fd:00 793258                     /usr/lib/x86_64-linux-gnu/libmd.so.0.0.5
7f93c4f8b000-7f93c4f8c000 rw-p 0000b000 fd:00 793258                     /usr/lib/x86_64-linux-gnu/libmd.so.0.0.5
7f93c4f8c000-7f93c4f90000 r--p 00000000 fd:00 793142                     /usr/lib/x86_64-linux-gnu/libbsd.so.0.11.5
7f93c4f90000-7f93c4f9d000 r-xp 00004000 fd:00 793142                     /usr/lib/x86_64-linux-gnu/libbsd.so.0.11.5
7f93c4f9d000-7f93c4fa0000 r--p 00011000 fd:00 793142                     /usr/lib/x86_64-linux-gnu/libbsd.so.0.11.5
7f93c4fa0000-7f93c4fa1000 ---p 00014000 fd:00 793142                     /usr/lib/x86_64-linux-gnu/libbsd.so.0.11.5
7f93c4fa1000-7f93c4fa2000 r--p 00014000 fd:00 793142                     /usr/lib/x86_64-linux-gnu/libbsd.so.0.11.5
7f93c4fa2000-7f93c4fa3000 rw-p 00015000 fd:00 793142                     /usr/lib/x86_64-linux-gnu/libbsd.so.0.11.5
7f93c4fa3000-7f93c4fa4000 rw-p 00000000 00:00 0 
7f93c4fa4000-7f93c4fa6000 r--p 00000000 fd:00 793110                     /usr/lib/x86_64-linux-gnu/libXdmcp.so.6.0.0
7f93c4fa6000-7f93c4fa8000 r-xp 00002000 fd:00 793110                     /usr/lib/x86_64-linux-gnu/libXdmcp.so.6.0.0
7f93c4fa8000-7f93c4faa000 r--p 00004000 fd:00 793110                     /usr/lib/x86_64-linux-gnu/libXdmcp.so.6.0.0
7f93c4faa000-7f93c4fab000 r--p 00005000 fd:00 793110                     /usr/lib/x86_64-linux-gnu/libXdmcp.so.6.0.0
7f93c4fab000-7f93c4fac000 rw-p 00006000 fd:00 793110                     /usr/lib/x86_64-linux-gnu/libXdmcp.so.6.0.0
7f93c4fac000-7f93c4fad000 r--p 00000000 fd:00 793109                     /usr/lib/x86_64-linux-gnu/libXau.so.6.0.0
7f93c4fad000-7f93c4faf000 r-xp 00001000 fd:00 793109                     /usr/lib/x86_64-linux-gnu/libXau.so.6.0.0
7f93c4faf000-7f93c4fb0000 r--p 00003000 fd:00 793109                     /usr/lib/x86_64-linux-gnu/libXau.so.6.0.0
7f93c4fb0000-7f93c4fb1000 r--p 00003000 fd:00 793109                     /usr/lib/x86_64-linux-gnu/libXau.so.6.0.0
7f93c4fb1000-7f93c4fb2000 rw-p 00004000 fd:00 793109                     /usr/lib/x86_64-linux-gnu/libXau.so.6.0.0
7f93c4fb2000-7f93c4fbd000 r--p 00000000 fd:00 793392                     /usr/lib/x86_64-linux-gnu/libxcb.so.1.1.0
7f93c4fbd000-7f93c4fd1000 r-xp 0000b000 fd:00 793392                     /usr/lib/x86_64-linux-gnu/libxcb.so.1.1.0
7f93c4fd1000-7f93c4fda000 r--p 0001f000 fd:00 793392                     /usr/lib/x86_64-linux-gnu/libxcb.so.1.1.0
7f93c4fda000-7f93c4fdb000 r--p 00027000 fd:00 793392                     /usr/lib/x86_64-linux-gnu/libxcb.so.1.1.0
7f93c4fdb000-7f93c4fdc000 rw-p 00028000 fd:00 793392                     /usr/lib/x86_64-linux-gnu/libxcb.so.1.1.0
7f93c4fdc000-7f93c4fe0000 ---p 00000000 00:00 0 
7f93c4fe0000-7f93c4ffe000 rw-p 00000000 00:00 0 
7f93c4ffe000-7f93c4fff000 ---p 00000000 00:00 0 
7f93c4fff000-7f93c5100000 rw-p 00000000 00:00 0 
7f93c5100000-7f93c5104000 ---p 00000000 00:00 0 
7f93c5104000-7f93c5200000 rw-p 00000000 00:00 0 
7f93c5200000-7f93c5204000 ---p 00000000 00:00 0 
7f93c5204000-7f93c5300000 rw-p 00000000 00:00 0 
7f93c5300000-7f93c5304000 ---p 00000000 00:00 0 
7f93c5304000-7f93c55d0000 rw-p 00000000 00:00 0 
7f93c55d0000-7f93c5800000 ---p 00000000 00:00 0 
7f93c5800000-7f93c58a0000 rw-p 00000000 00:00 0 
7f93c58a0000-7f93c5c00000 ---p 00000000 00:00 0 
7f93c5c00000-7f93c5c04000 ---p 00000000 00:00 0 
7f93c5c04000-7f93c5e00000 rw-p 00000000 00:00 0 
7f93c5e00000-7f93c5e04000 ---p 00000000 00:00 0 
7f93c5e04000-7f93c8000000 rw-p 00000000 00:00 0 
7f93c8000000-7f93c8021000 rw-p 00000000 00:00 0 
7f93c8021000-7f93cc000000 ---p 00000000 00:00 0 
7f93cc000000-7f93cc021000 rw-p 00000000 00:00 0 
7f93cc021000-7f93d0000000 ---p 00000000 00:00 0 
7f93d0000000-7f93d0021000 rw-p 00000000 00:00 0 
7f93d0021000-7f93d4000000 ---p 00000000 00:00 0 
7f93d4001000-7f93d4008000 r-xp 00000000 fd:00 665631                     /home/yst/.jdks/graalvm-ce-17/lib/libzip.so
7f93d4008000-7f93d4009000 ---p 00007000 fd:00 665631                     /home/yst/.jdks/graalvm-ce-17/lib/libzip.so
7f93d4009000-7f93d400a000 r--p 00007000 fd:00 665631                     /home/yst/.jdks/graalvm-ce-17/lib/libzip.so
7f93d400a000-7f93d400b000 rw-p 00008000 fd:00 665631                     /home/yst/.jdks/graalvm-ce-17/lib/libzip.so
7f93d400b000-7f93d403c000 rw-p 00000000 00:00 0 
7f93d403c000-7f93d4051000 r-xp 00000000 fd:00 665628                     /home/yst/.jdks/graalvm-ce-17/lib/libnet.so
7f93d4051000-7f93d4052000 ---p 00015000 fd:00 665628                     /home/yst/.jdks/graalvm-ce-17/lib/libnet.so
7f93d4052000-7f93d4053000 r--p 00015000 fd:00 665628                     /home/yst/.jdks/graalvm-ce-17/lib/libnet.so
7f93d4053000-7f93d4054000 rw-p 00016000 fd:00 665628                     /home/yst/.jdks/graalvm-ce-17/lib/libnet.so
7f93d4054000-7f93d4058000 ---p 00000000 00:00 0 
7f93d4058000-7f93d4154000 rw-p 00000000 00:00 0 
7f93d4154000-7f93d4158000 ---p 00000000 00:00 0 
7f93d4158000-7f93d4254000 rw-p 00000000 00:00 0 
7f93d4254000-7f93d4258000 ---p 00000000 00:00 0 
7f93d4258000-7f93d4354000 rw-p 00000000 00:00 0 
7f93d4354000-7f93d463d000 r--p 00000000 fd:00 786433                     /usr/lib/locale/locale-archive
7f93d463d000-7f93d4641000 ---p 00000000 00:00 0 
7f93d4641000-7f93d473d000 rw-p 00000000 00:00 0 
7f93d473d000-7f93d4741000 ---p 00000000 00:00 0 
7f93d4741000-7f93d483d000 rw-p 00000000 00:00 0 
7f93d483d000-7f93d483e000 ---p 00000000 00:00 0 
7f93d483e000-7f93d493f000 rw-p 00000000 00:00 0 
7f93d493f000-7f93d4a0d000 r-xp 00000000 fd:00 665692                     /home/yst/.jdks/graalvm-ce-17/lib/libjsvml.so
7f93d4a0d000-7f93d4a0e000 r--p 000cd000 fd:00 665692                     /home/yst/.jdks/graalvm-ce-17/lib/libjsvml.so
7f93d4a0e000-7f93d4a0f000 rw-p 000ce000 fd:00 665692                     /home/yst/.jdks/graalvm-ce-17/lib/libjsvml.so
7f93d4a0f000-7f93d4aeb000 rw-p 00000000 00:00 0 
7f93d4aeb000-7f93d4aec000 ---p 00000000 00:00 0 
7f93d4aec000-7f93d4bed000 rw-p 00000000 00:00 0 
7f93d4bed000-7f93d4bee000 ---p 00000000 00:00 0 
7f93d4bee000-7f93d54f7000 rw-p 00000000 00:00 0 
7f93d54f7000-7f93d54f8000 ---p 00000000 00:00 0 
7f93d54f8000-7f93d56f1000 rw-p 00000000 00:00 0 
7f93d56f1000-7f93d6549000 ---p 00000000 00:00 0 
7f93d6549000-7f93d6649000 rw-p 00000000 00:00 0 
7f93d6649000-7f93d74a1000 ---p 00000000 00:00 0 
7f93d74a1000-7f93d74a9000 rw-p 00000000 00:00 0 
7f93d74a9000-7f93d7719000 rwxp 00000000 00:00 0 
7f93d7719000-7f93de954000 ---p 00000000 00:00 0 
7f93de954000-7f93debc4000 rwxp 00000000 00:00 0 
7f93debc4000-7f93deffd000 ---p 00000000 00:00 0 
7f93deffd000-7f93df26d000 rwxp 00000000 00:00 0 
7f93df26d000-7f93e64a9000 ---p 00000000 00:00 0 
7f93e64a9000-7f93f0000000 r--s 00000000 fd:00 665619                     /home/yst/.jdks/graalvm-ce-17/lib/modules
7f93f0000000-7f93f022a000 rw-p 00000000 00:00 0 
7f93f022a000-7f93f4000000 ---p 00000000 00:00 0 
7f93f4001000-7f93f4008000 r--s 00000000 fd:00 922089                     /usr/lib/x86_64-linux-gnu/gconv/gconv-modules.cache
7f93f4008000-7f93f401b000 r-xp 00000000 fd:00 665629                     /home/yst/.jdks/graalvm-ce-17/lib/libnio.so
7f93f401b000-7f93f401c000 r--p 00012000 fd:00 665629                     /home/yst/.jdks/graalvm-ce-17/lib/libnio.so
7f93f401c000-7f93f401d000 rw-p 00013000 fd:00 665629                     /home/yst/.jdks/graalvm-ce-17/lib/libnio.so
7f93f401d000-7f93f408f000 rw-p 00000000 00:00 0 
7f93f408f000-7f93f4090000 ---p 00000000 00:00 0 
7f93f4090000-7f93f4191000 rw-p 00000000 00:00 0 
7f93f4191000-7f93f4192000 ---p 00000000 00:00 0 
7f93f4192000-7f93f42f2000 rw-p 00000000 00:00 0 
7f93f42f2000-7f93f44bd000 ---p 00000000 00:00 0 
7f93f44bd000-7f93f44dd000 rw-p 00000000 00:00 0 
7f93f44dd000-7f93f46a8000 ---p 00000000 00:00 0 
7f93f46a8000-7f93f46c8000 rw-p 00000000 00:00 0 
7f93f46c8000-7f93f4893000 ---p 00000000 00:00 0 
7f93f4893000-7f93f50a1000 rw-p 00000000 00:00 0 
7f93f50a1000-7f93f5186000 ---p 00000000 00:00 0 
7f93f5186000-7f93f518b000 rw-p 00000000 00:00 0 
7f93f518b000-7f93f5270000 ---p 00000000 00:00 0 
7f93f5270000-7f93f5275000 rw-p 00000000 00:00 0 
7f93f5275000-7f93f527e000 ---p 00000000 00:00 0 
7f93f527e000-7f93f52a2000 r-xp 00000000 fd:00 665624                     /home/yst/.jdks/graalvm-ce-17/lib/libjava.so
7f93f52a2000-7f93f52a3000 ---p 00024000 fd:00 665624                     /home/yst/.jdks/graalvm-ce-17/lib/libjava.so
7f93f52a3000-7f93f52a4000 r--p 00024000 fd:00 665624                     /home/yst/.jdks/graalvm-ce-17/lib/libjava.so
7f93f52a4000-7f93f52a5000 rw-p 00025000 fd:00 665624                     /home/yst/.jdks/graalvm-ce-17/lib/libjava.so
7f93f52a5000-7f93f52a6000 rw-p 00000000 00:00 0 
7f93f52a6000-7f93f52ae000 rw-s 00000000 fd:00 269408                     /tmp/hsperfdata_yst/44483
7f93f52ae000-7f93f52c9000 r-xp 00000000 fd:00 665625                     /home/yst/.jdks/graalvm-ce-17/lib/libjimage.so
7f93f52c9000-7f93f52ca000 ---p 0001b000 fd:00 665625                     /home/yst/.jdks/graalvm-ce-17/lib/libjimage.so
7f93f52ca000-7f93f52cc000 r--p 0001b000 fd:00 665625                     /home/yst/.jdks/graalvm-ce-17/lib/libjimage.so
7f93f52cc000-7f93f52cd000 rw-p 0001d000 fd:00 665625                     /home/yst/.jdks/graalvm-ce-17/lib/libjimage.so
7f93f52cd000-7f93f52d1000 ---p 00000000 00:00 0 
7f93f52d1000-7f93f53cd000 rw-p 00000000 00:00 0 
7f93f53cd000-7f93f53db000 r--p 00000000 fd:00 793254                     /usr/lib/x86_64-linux-gnu/libm.so.6
7f93f53db000-7f93f5457000 r-xp 0000e000 fd:00 793254                     /usr/lib/x86_64-linux-gnu/libm.so.6
7f93f5457000-7f93f54b2000 r--p 0008a000 fd:00 793254                     /usr/lib/x86_64-linux-gnu/libm.so.6
7f93f54b2000-7f93f54b3000 r--p 000e4000 fd:00 793254                     /usr/lib/x86_64-linux-gnu/libm.so.6
7f93f54b3000-7f93f54b4000 rw-p 000e5000 fd:00 793254                     /usr/lib/x86_64-linux-gnu/libm.so.6
7f93f54b4000-7f93f54b5000 r--p 00000000 fd:00 793332                     /usr/lib/x86_64-linux-gnu/librt.so.1
7f93f54b5000-7f93f54b6000 r-xp 00001000 fd:00 793332                     /usr/lib/x86_64-linux-gnu/librt.so.1
7f93f54b6000-7f93f54b7000 r--p 00002000 fd:00 793332                     /usr/lib/x86_64-linux-gnu/librt.so.1
7f93f54b7000-7f93f54b8000 r--p 00002000 fd:00 793332                     /usr/lib/x86_64-linux-gnu/librt.so.1
7f93f54b8000-7f93f54b9000 rw-p 00003000 fd:00 793332                     /usr/lib/x86_64-linux-gnu/librt.so.1
7f93f54b9000-7f93f65d1000 r-xp 00000000 fd:00 665707                     /home/yst/.jdks/graalvm-ce-17/lib/server/libjvm.so
7f93f65d1000-7f93f65d2000 ---p 01118000 fd:00 665707                     /home/yst/.jdks/graalvm-ce-17/lib/server/libjvm.so
7f93f65d2000-7f93f6687000 r--p 01118000 fd:00 665707                     /home/yst/.jdks/graalvm-ce-17/lib/server/libjvm.so
7f93f6687000-7f93f66bb000 rw-p 011cd000 fd:00 665707                     /home/yst/.jdks/graalvm-ce-17/lib/server/libjvm.so
7f93f66bb000-7f93f6718000 rw-p 00000000 00:00 0 
7f93f6718000-7f93f6740000 r--p 00000000 fd:00 793144                     /usr/lib/x86_64-linux-gnu/libc.so.6
7f93f6740000-7f93f68d5000 r-xp 00028000 fd:00 793144                     /usr/lib/x86_64-linux-gnu/libc.so.6
7f93f68d5000-7f93f692d000 r--p 001bd000 fd:00 793144                     /usr/lib/x86_64-linux-gnu/libc.so.6
7f93f692d000-7f93f6931000 r--p 00214000 fd:00 793144                     /usr/lib/x86_64-linux-gnu/libc.so.6
7f93f6931000-7f93f6933000 rw-p 00218000 fd:00 793144                     /usr/lib/x86_64-linux-gnu/libc.so.6
7f93f6933000-7f93f6940000 rw-p 00000000 00:00 0 
7f93f6940000-7f93f6941000 r--p 00000000 fd:00 793163                     /usr/lib/x86_64-linux-gnu/libdl.so.2
7f93f6941000-7f93f6942000 r-xp 00001000 fd:00 793163                     /usr/lib/x86_64-linux-gnu/libdl.so.2
7f93f6942000-7f93f6943000 r--p 00002000 fd:00 793163                     /usr/lib/x86_64-linux-gnu/libdl.so.2
7f93f6943000-7f93f6944000 r--p 00002000 fd:00 793163                     /usr/lib/x86_64-linux-gnu/libdl.so.2
7f93f6944000-7f93f6945000 rw-p 00003000 fd:00 793163                     /usr/lib/x86_64-linux-gnu/libdl.so.2
7f93f6945000-7f93f6946000 r--p 00000000 fd:00 793327                     /usr/lib/x86_64-linux-gnu/libpthread.so.0
7f93f6946000-7f93f6947000 r-xp 00001000 fd:00 793327                     /usr/lib/x86_64-linux-gnu/libpthread.so.0
7f93f6947000-7f93f6948000 r--p 00002000 fd:00 793327                     /usr/lib/x86_64-linux-gnu/libpthread.so.0
7f93f6948000-7f93f6949000 r--p 00002000 fd:00 793327                     /usr/lib/x86_64-linux-gnu/libpthread.so.0
7f93f6949000-7f93f694a000 rw-p 00003000 fd:00 793327                     /usr/lib/x86_64-linux-gnu/libpthread.so.0
7f93f694a000-7f93f6958000 r-xp 00000000 fd:00 665626                     /home/yst/.jdks/graalvm-ce-17/lib/libjli.so
7f93f6958000-7f93f6959000 ---p 0000e000 fd:00 665626                     /home/yst/.jdks/graalvm-ce-17/lib/libjli.so
7f93f6959000-7f93f695a000 r--p 0000e000 fd:00 665626                     /home/yst/.jdks/graalvm-ce-17/lib/libjli.so
7f93f695a000-7f93f695b000 rw-p 0000f000 fd:00 665626                     /home/yst/.jdks/graalvm-ce-17/lib/libjli.so
7f93f695b000-7f93f695d000 r--p 00000000 fd:00 786979                     /usr/lib/x86_64-linux-gnu/libz.so.1.2.11
7f93f695d000-7f93f696e000 r-xp 00002000 fd:00 786979                     /usr/lib/x86_64-linux-gnu/libz.so.1.2.11
7f93f696e000-7f93f6974000 r--p 00013000 fd:00 786979                     /usr/lib/x86_64-linux-gnu/libz.so.1.2.11
7f93f6974000-7f93f6975000 ---p 00019000 fd:00 786979                     /usr/lib/x86_64-linux-gnu/libz.so.1.2.11
7f93f6975000-7f93f6976000 r--p 00019000 fd:00 786979                     /usr/lib/x86_64-linux-gnu/libz.so.1.2.11
7f93f6976000-7f93f6977000 rw-p 0001a000 fd:00 786979                     /usr/lib/x86_64-linux-gnu/libz.so.1.2.11
7f93f697c000-7f93f697d000 ---p 00000000 00:00 0 
7f93f697d000-7f93f697e000 r--p 00000000 00:00 0 
7f93f697e000-7f93f6980000 rw-p 00000000 00:00 0 
7f93f6980000-7f93f6982000 r--p 00000000 fd:00 793105                     /usr/lib/x86_64-linux-gnu/ld-linux-x86-64.so.2
7f93f6982000-7f93f69ac000 r-xp 00002000 fd:00 793105                     /usr/lib/x86_64-linux-gnu/ld-linux-x86-64.so.2
7f93f69ac000-7f93f69b7000 r--p 0002c000 fd:00 793105                     /usr/lib/x86_64-linux-gnu/ld-linux-x86-64.so.2
7f93f69b7000-7f93f69b8000 ---p 00000000 00:00 0 
7f93f69b8000-7f93f69ba000 r--p 00037000 fd:00 793105                     /usr/lib/x86_64-linux-gnu/ld-linux-x86-64.so.2
7f93f69ba000-7f93f69bc000 rw-p 00039000 fd:00 793105                     /usr/lib/x86_64-linux-gnu/ld-linux-x86-64.so.2
7ffd309e9000-7ffd30a0a000 rw-p 00000000 00:00 0                          [stack]
7ffd30a95000-7ffd30a99000 r--p 00000000 00:00 0                          [vvar]
7ffd30a99000-7ffd30a9b000 r-xp 00000000 00:00 0                          [vdso]
ffffffffff600000-ffffffffff601000 --xp 00000000 00:00 0                  [vsyscall]


VM Arguments:
jvm_args: -XX:ThreadPriorityPolicy=1 -XX:+UnlockExperimentalVMOptions -XX:+EnableJVMCIProduct -XX:JVMCIThreadsPerNativeLibraryRuntime=1 -XX:-UnlockExperimentalVMOptions -Dfile.encoding=UTF-8 -Duser.country=US -Duser.language=en -Duser.variant 
java_command: cf.thdisstudio.afioaos.compositor.Main
java_class_path (initial): /home/yst/IdeaProjects/WindowManager/build/classes/java/main:/home/yst/IdeaProjects/WindowManager/build/resources/main:/home/yst/.gradle/caches/modules-2/files-2.1/net.java.dev.jna/jna-platform/5.13.0/88e9a306715e9379f3122415ef4ae759a352640d/jna-platform-5.13.0.jar:/home/yst/.gradle/caches/modules-2/files-2.1/net.java.dev.jna/jna/5.13.0/1200e7ebeedbe0d10062093f32925a912020e747/jna-5.13.0.jar
Launcher Type: SUN_STANDARD

[Global flags]
     intx CICompilerCount                          = 4                                         {product} {ergonomic}
     uint ConcGCThreads                            = 2                                         {product} {ergonomic}
     bool EnableJVMCIProduct                       = true                                {JVMCI product} {jimage}
     uint G1ConcRefinementThreads                  = 8                                         {product} {ergonomic}
   size_t G1HeapRegionSize                         = 1048576                                   {product} {ergonomic}
    uintx GCDrainStackTargetSize                   = 64                                        {product} {ergonomic}
   size_t InitialHeapSize                          = 65011712                                  {product} {ergonomic}
     uint JVMCIThreadsPerNativeLibraryRuntime      = 1                                   {JVMCI product} {jimage}
   size_t MarkStackSize                            = 4194304                                   {product} {ergonomic}
   size_t MaxHeapSize                              = 1029701632                                {product} {ergonomic}
   size_t MaxNewSize                               = 617611264                                 {product} {ergonomic}
   size_t MinHeapDeltaBytes                        = 1048576                                   {product} {ergonomic}
   size_t MinHeapSize                              = 8388608                                   {product} {ergonomic}
    uintx NonNMethodCodeHeapSize                   = 6979620                                {pd product} {ergonomic}
    uintx NonProfiledCodeHeapSize                  = 122339310                              {pd product} {ergonomic}
    uintx ProfiledCodeHeapSize                     = 122339310                              {pd product} {ergonomic}
    uintx ReservedCodeCacheSize                    = 251658240                              {pd product} {ergonomic}
     bool SegmentedCodeCache                       = true                                      {product} {ergonomic}
   size_t SoftMaxHeapSize                          = 1029701632                             {manageable} {ergonomic}
     intx ThreadPriorityPolicy                     = 1                                         {product} {jimage}
     bool UseCompressedClassPointers               = true                           {product lp64_product} {ergonomic}
     bool UseCompressedOops                        = true                           {product lp64_product} {ergonomic}
     bool UseG1GC                                  = true                                      {product} {ergonomic}

Logging:
Log output configuration:
 #0: stdout all=warning uptime,level,tags
 #1: stderr all=off uptime,level,tags

Environment Variables:
PATH=/usr/local/sbin:/usr/local/bin:/usr/sbin:/usr/bin:/sbin:/bin:/usr/games:/usr/local/games:/snap/bin
SHELL=/bin/bash
LANG=en_US.UTF-8
TERM=vt100

Signal Handlers:
   SIGSEGV: crash_handler in libjvm.so, mask=11100100010111111101111111111110, flags=SA_RESTART|SA_SIGINFO
    SIGBUS: crash_handler in libjvm.so, mask=11100100010111111101111111111110, flags=SA_RESTART|SA_SIGINFO
    SIGFPE: crash_handler in libjvm.so, mask=11100100010111111101111111111110, flags=SA_RESTART|SA_SIGINFO
   SIGPIPE: IsolateEnterStub_IgnoreSIGPIPEStartupHook_noopSignalHandler_e7f927579b58c552540f032273d7664341ccbaa6_76208cad888c6e1fb3760e66784fb81a9ad004e5 in libjvmcicompiler.so, mask=00000000000000000000000000000000, flags=SA_RESTART
  *** Handler was modified!
  *** Expected: javaSignalHandler in libjvm.so, mask=11100100110111111111111111111110, flags=SA_RESTART|SA_SIGINFO
   SIGXFSZ: javaSignalHandler in libjvm.so, mask=11100100010111111101111111111110, flags=SA_RESTART|SA_SIGINFO
    SIGILL: crash_handler in libjvm.so, mask=11100100010111111101111111111110, flags=SA_RESTART|SA_SIGINFO
   SIGUSR2: SR_handler in libjvm.so, mask=00100000000000000000000000000000, flags=SA_RESTART|SA_SIGINFO
    SIGHUP: SIG_IGN, mask=00000000000000000000000000000000, flags=none
    SIGINT: UserHandler in libjvm.so, mask=11100100010111111101111111111110, flags=SA_RESTART|SA_SIGINFO
   SIGTERM: UserHandler in libjvm.so, mask=11100100010111111101111111111110, flags=SA_RESTART|SA_SIGINFO
   SIGQUIT: UserHandler in libjvm.so, mask=11100100010111111101111111111110, flags=SA_RESTART|SA_SIGINFO
   SIGTRAP: crash_handler in libjvm.so, mask=11100100010111111101111111111110, flags=SA_RESTART|SA_SIGINFO


---------------  S Y S T E M  ---------------

OS:
DISTRIB_ID=Ubuntu
DISTRIB_RELEASE=22.04
DISTRIB_CODENAME=jammy
DISTRIB_DESCRIPTION="Ubuntu 22.04.1 LTS"
uname: Linux 5.15.0-58-generic #64-Ubuntu SMP Thu Jan 5 11:43:13 UTC 2023 x86_64
OS uptime: 0 days 4:47 hours
libc: glibc 2.35 NPTL 2.35 
rlimit (soft/hard): STACK 8192k/infinity , CORE 0k/infinity , NPROC 15246/15246 , NOFILE 1048576/1048576 , AS infinity/infinity , CPU infinity/infinity , DATA infinity/infinity , FSIZE infinity/infinity , MEMLOCK 502096k/502096k
load average: 0.41 0.40 0.44

/proc/meminfo:
MemTotal:        4016768 kB
MemFree:          104116 kB
MemAvailable:      93360 kB
Buffers:            4512 kB
Cached:           175432 kB
SwapCached:        22924 kB
Active:          1257760 kB
Inactive:        2434948 kB
Active(anon):    1178412 kB
Inactive(anon):  2344248 kB
Active(file):      79348 kB
Inactive(file):    90700 kB
Unevictable:       27876 kB
Mlocked:           27876 kB
SwapTotal:       4018172 kB
SwapFree:        3039400 kB
Dirty:                40 kB
Writeback:             0 kB
AnonPages:       3528392 kB
Mapped:           102488 kB
Shmem:               904 kB
KReclaimable:      43468 kB
Slab:              91976 kB
SReclaimable:      43468 kB
SUnreclaim:        48508 kB
KernelStack:        7632 kB
PageTables:        16952 kB
NFS_Unstable:          0 kB
Bounce:                0 kB
WritebackTmp:          0 kB
CommitLimit:     6026556 kB
Committed_AS:    4791816 kB
VmallocTotal:   34359738367 kB
VmallocUsed:       38048 kB
VmallocChunk:          0 kB
Percpu:             4800 kB
HardwareCorrupted:     0 kB
AnonHugePages:         0 kB
ShmemHugePages:        0 kB
ShmemPmdMapped:        0 kB
FileHugePages:         0 kB
FilePmdMapped:         0 kB
HugePages_Total:       0
HugePages_Free:        0
HugePages_Rsvd:        0
HugePages_Surp:        0
Hugepagesize:       2048 kB
Hugetlb:               0 kB
DirectMap4k:      178112 kB
DirectMap2M:     4016128 kB

/sys/kernel/mm/transparent_hugepage/enabled: always [madvise] never
/sys/kernel/mm/transparent_hugepage/defrag (defrag/compaction efforts parameter): always defer defer+madvise [madvise] never

Process Memory:
Virtual Size: 4020236K (peak: 4076696K)
Resident Set Size: 101760K (peak: 101760K) (anon: 56020K, file: 45740K, shmem: 0K)
Swapped out: 0K
C-Heap outstanding allocations: 28679K, retained: 2348K
glibc malloc tunables: (default)

/proc/sys/kernel/threads-max (system-wide limit on the number of threads): 30493
/proc/sys/vm/max_map_count (maximum number of memory map areas a process may have): 65530
/proc/sys/kernel/pid_max (system-wide limit on number of process identifiers): 4194304

container (cgroup) information:
container_type: cgroupv2
cpu_cpuset_cpus: not supported
cpu_memory_nodes: not supported
active_processor_count: 8
cpu_quota: not supported
cpu_period: not supported
cpu_shares: not supported
memory_limit_in_bytes: unlimited
memory_and_swap_limit_in_bytes: unlimited
memory_soft_limit_in_bytes: unlimited
memory_usage_in_bytes: 3631016 k
memory_max_usage_in_bytes: not supported
memory_swap_current_in_bytes: 934608 k
memory_swap_max_limit_in_bytes: unlimited
maximum number of tasks: unlimited
current number of tasks: 272

KVM virtualization detected
Steal ticks since vm start: 0
Steal ticks percentage since vm start:  0.000

CPU: total 8 (initial active 8) (8 cores per cpu, 8 threads per core) family 23 model 8 stepping 2 microcode 0x0, cx8, cmov, fxsr, ht, mmx, 3dnowpref, sse, sse2, sse3, ssse3, sse4a, sse4.1, sse4.2, popcnt, lzcnt, tsc, tscinvbit, avx, avx2, aes, clmul, bmi1, bmi2, vzeroupper, clflush, clflushopt, hv
CPU Model and flags from /proc/cpuinfo:
model name	: AMD Ryzen 7 2700X Eight-Core Processor
flags		: fpu vme de pse tsc msr pae mce cx8 apic sep mtrr pge mca cmov pat pse36 clflush mmx fxsr sse sse2 ht syscall nx mmxext fxsr_opt rdtscp lm constant_tsc rep_good nopl nonstop_tsc cpuid extd_apicid tsc_known_freq pni pclmulqdq ssse3 cx16 sse4_1 sse4_2 x2apic movbe popcnt aes xsave avx rdrand hypervisor lahf_lm cmp_legacy cr8_legacy abm sse4a misalignsse 3dnowprefetch ssbd vmmcall fsgsbase bmi1 avx2 bmi2 rdseed clflushopt arat

Online cpus: 0-7
Offline cpus: 
BIOS frequency limitation: <Not Available>
Frequency switch latency (ns): <Not Available>
Available cpu frequencies: <Not Available>
Current governor: <Not Available>
Core performance/turbo boost: <Not Available>

Memory: 4k page, physical 4016768k(104116k free), swap 4018172k(3039400k free)
Page Sizes: 4k

vm_info: OpenJDK 64-Bit Server VM (17.0.6+10-jvmci-22.3-b13) for linux-amd64 JRE (17.0.6+10-jvmci-22.3-b13), built on Jan 18 2023 21:35:33 by "buildslave" with gcc 10.3.0

END.
